Running SLURM prolog script on gold55.cluster.local
===============================================================================
Job started on Tue Nov 12 12:17:30 GMT 2024
Job ID          : 6772954
Job name        : train_dpp_10v1_tarmac.sh
WorkDir         : /mainfs/home/jabn1n20/CTDComm/baselines
Command         : /mainfs/home/jabn1n20/CTDComm/baselines/dec_scripts/train_dpp_10v1_tarmac.sh
Partition       : serial
Num hosts       : 1
Num cores       : 8
Num of tasks    : 8
Hosts allocated : gold55
Job Output Follows ...
===============================================================================
Namespace(action_scale=1.0, advantages_per_action=False, alpha=0.99, batch_size=500, cave=False, comm_action_one=False, comm_init='uniform', comm_mask_zero=False, comm_mode='avg', comm_passes=1, comm_range=0, commnet=1, continuous=False, dec_tarmac=False, detach_gap=10, dim=20, dim_actions=2, directed=False, display=False, entr=0.01, env_name='dec_predator_prey', env_seed=1, epoch_size=10, eps=1e-06, first_gat_normalize=False, first_graph_complete=False, gacomm=False, gamma=0.99, gat_encoder_normalize=False, gat_encoder_out_size=64, gat_hid_size=64, gat_num_heads=1, gat_num_heads_out=1, ge_num_heads=4, hard_attn=1, hid_size=128, ic3net=True, learn_second_graph=False, learning_prey=False, load='', lrate=0.0007, magic=False, max_steps=80, mean_ratio=0, message_augment=False, message_decoder=False, message_encoder=False, mode='mixed', moving_prey=False, naction_heads=[5, 2], nactions='1', nagents=10, nenemies=1, nfriendly=10, normalize_rewards=False, nprocesses=16, num_actions=[5, 2], num_epochs=250, num_inputs=3636, plot=False, plot_env='main', plot_port='8097', qk_hid_size=16, random=False, recurrent=True, rnn_type='LSTM', save=True, save_adjacency=False, save_every=25, second_gat_normalize=False, second_graph_complete=False, seed=1, self_loop_type1=2, self_loop_type2=2, share_weights=False, stay=True, tarcomm=True, tau=1.0, use_gat_encoder=False, v_augment=False, value_coeff=0.01, value_hid_size=128, vision=1)
====================================================================================================
Model log:

TarCommNetMLP(
  (heads): ModuleList(
    (0): Linear(in_features=128, out_features=5, bias=True)
    (1): Linear(in_features=128, out_features=2, bias=True)
  )
  (encoder): Linear(in_features=3636, out_features=128, bias=True)
  (hidd_encoder): Linear(in_features=128, out_features=128, bias=True)
  (f_module): LSTMCell(128, 128)
  (C_modules): ModuleList(
    (0): Linear(in_features=128, out_features=128, bias=True)
  )
  (tanh): Tanh()
  (value_head): Linear(in_features=128, out_features=1, bias=True)
  (state2query): Linear(in_features=128, out_features=16, bias=True)
  (state2key): Linear(in_features=128, out_features=16, bias=True)
  (state2value): Linear(in_features=128, out_features=128, bias=True)
)
====================================================================================================

batch:  0
batch:  1
batch:  2
batch:  3
batch:  4
batch:  5
batch:  6
batch:  7
batch:  8
batch:  9
Epoch 1
Episode: 1120
Reward: [-3.89 -3.9  -3.89 -3.9  -3.87 -3.83 -3.85 -3.9  -3.9  -3.92]
Time: 146.43s
Success: 0.0000
Steps-Taken: 80.00
Comm-Action: [0.48 0.48 0.48 0.48 0.48 0.48 0.48 0.48 0.48 0.48]
batch:  0
batch:  1
batch:  2
batch:  3
batch:  4
batch:  5
batch:  6
batch:  7
batch:  8
batch:  9
Epoch 2
Episode: 2240
Reward: [-3.88 -3.88 -3.89 -3.87 -3.86 -3.86 -3.87 -3.87 -3.89 -3.87]
Time: 138.65s
Success: 0.0000
Steps-Taken: 80.00
Comm-Action: [0.43 0.43 0.43 0.43 0.43 0.43 0.43 0.43 0.43 0.43]
batch:  0
batch:  1
batch:  2
batch:  3
batch:  4
batch:  5
batch:  6
batch:  7
batch:  8
batch:  9
Epoch 3
Episode: 3360
Reward: [-3.88 -3.86 -3.87 -3.87 -3.86 -3.85 -3.87 -3.89 -3.9  -3.87]
Time: 139.93s
Success: 0.0000
Steps-Taken: 80.00
Comm-Action: [0.45 0.45 0.45 0.45 0.45 0.45 0.45 0.45 0.45 0.45]
batch:  0
batch:  1
batch:  2
batch:  3
batch:  4
batch:  5
batch:  6
batch:  7
batch:  8
batch:  9
Epoch 4
Episode: 4480
Reward: [-3.85 -3.84 -3.87 -3.86 -3.86 -3.9  -3.87 -3.89 -3.88 -3.89]
Time: 147.88s
Success: 0.0000
Steps-Taken: 80.00
Comm-Action: [0.47 0.46 0.47 0.47 0.47 0.47 0.47 0.47 0.47 0.47]
batch:  0
batch:  1
batch:  2
batch:  3
batch:  4
batch:  5
batch:  6
batch:  7
batch:  8
batch:  9
Epoch 5
Episode: 5600
Reward: [-3.88 -3.88 -3.85 -3.89 -3.86 -3.87 -3.87 -3.89 -3.9  -3.84]
Time: 143.39s
Success: 0.0000
Steps-Taken: 80.00
Comm-Action: [0.52 0.52 0.52 0.52 0.52 0.52 0.52 0.52 0.52 0.52]
batch:  0
batch:  1
batch:  2
batch:  3
batch:  4
batch:  5
batch:  6
batch:  7
batch:  8
batch:  9
Epoch 6
Episode: 6720
Reward: [-3.88 -3.9  -3.84 -3.85 -3.84 -3.87 -3.89 -3.87 -3.82 -3.88]
Time: 140.14s
Success: 0.0000
Steps-Taken: 80.00
Comm-Action: [0.51 0.51 0.51 0.51 0.51 0.51 0.51 0.51 0.51 0.51]
batch:  0
batch:  1
batch:  2
batch:  3
batch:  4
batch:  5
batch:  6
batch:  7
batch:  8
batch:  9
Epoch 7
Episode: 7840
Reward: [-3.9  -3.86 -3.89 -3.88 -3.88 -3.88 -3.88 -3.86 -3.87 -3.85]
Time: 137.54s
Success: 0.0000
Steps-Taken: 80.00
Comm-Action: [0.53 0.53 0.53 0.53 0.53 0.53 0.53 0.53 0.53 0.53]
batch:  0
batch:  1
batch:  2
batch:  3
batch:  4
batch:  5
batch:  6
batch:  7
batch:  8
batch:  9
Epoch 8
Episode: 8960
Reward: [-3.87 -3.84 -3.89 -3.88 -3.83 -3.87 -3.87 -3.84 -3.87 -3.89]
Time: 142.53s
Success: 0.0000
Steps-Taken: 80.00
Comm-Action: [0.48 0.47 0.47 0.48 0.48 0.48 0.48 0.48 0.48 0.47]
batch:  0
batch:  1
batch:  2
batch:  3
batch:  4
batch:  5
batch:  6
batch:  7
batch:  8
batch:  9
Epoch 9
Episode: 10080
Reward: [-3.85 -3.89 -3.82 -3.84 -3.86 -3.87 -3.87 -3.87 -3.84 -3.89]
Time: 143.58s
Success: 0.0000
Steps-Taken: 80.00
Comm-Action: [0.46 0.46 0.46 0.46 0.46 0.46 0.46 0.46 0.46 0.46]
batch:  0
batch:  1
batch:  2
batch:  3
batch:  4
batch:  5
batch:  6
batch:  7
batch:  8
batch:  9
Epoch 10
Episode: 11200
Reward: [-3.83 -3.86 -3.83 -3.85 -3.86 -3.85 -3.84 -3.86 -3.85 -3.84]
Time: 141.33s
Success: 0.0000
Steps-Taken: 80.00
Comm-Action: [0.49 0.49 0.49 0.49 0.49 0.49 0.49 0.49 0.49 0.49]
batch:  0
batch:  1
batch:  2
batch:  3
batch:  4
batch:  5
batch:  6
batch:  7
batch:  8
batch:  9
Epoch 11
Episode: 12320
Reward: [-3.88 -3.85 -3.82 -3.83 -3.87 -3.9  -3.88 -3.85 -3.85 -3.88]
Time: 138.88s
Success: 0.0000
Steps-Taken: 80.00
Comm-Action: [0.48 0.48 0.47 0.47 0.48 0.48 0.47 0.48 0.47 0.48]
batch:  0
batch:  1
batch:  2
batch:  3
batch:  4
batch:  5
batch:  6
batch:  7
batch:  8
batch:  9
Epoch 12
Episode: 13440
Reward: [-3.86 -3.89 -3.78 -3.85 -3.88 -3.89 -3.84 -3.87 -3.9  -3.86]
Time: 139.48s
Success: 0.0000
Steps-Taken: 80.00
Comm-Action: [0.5  0.5  0.5  0.5  0.5  0.5  0.5  0.5  0.49 0.5 ]
batch:  0
batch:  1
batch:  2
batch:  3
batch:  4
batch:  5
batch:  6
batch:  7
batch:  8
batch:  9
Epoch 13
Episode: 14560
Reward: [-3.85 -3.84 -3.85 -3.89 -3.86 -3.85 -3.86 -3.82 -3.85 -3.83]
Time: 140.52s
Success: 0.0000
Steps-Taken: 80.00
Comm-Action: [0.5  0.5  0.51 0.5  0.5  0.51 0.51 0.51 0.51 0.5 ]
batch:  0
batch:  1
batch:  2
batch:  3
batch:  4
batch:  5
batch:  6
batch:  7
batch:  8
batch:  9
Epoch 14
Episode: 15680
Reward: [-3.82 -3.83 -3.84 -3.88 -3.81 -3.82 -3.81 -3.86 -3.81 -3.8 ]
Time: 143.40s
Success: 0.0000
Steps-Taken: 80.00
Comm-Action: [0.52 0.52 0.52 0.52 0.52 0.52 0.52 0.52 0.52 0.52]
batch:  0
batch:  1
batch:  2
batch:  3
batch:  4
batch:  5
batch:  6
batch:  7
batch:  8
batch:  9
Epoch 15
Episode: 16800
Reward: [-3.85 -3.81 -3.81 -3.85 -3.83 -3.84 -3.76 -3.82 -3.8  -3.82]
Time: 136.46s
Success: 0.0000
Steps-Taken: 80.00
Comm-Action: [0.52 0.52 0.53 0.52 0.52 0.52 0.52 0.52 0.52 0.52]
batch:  0
batch:  1
batch:  2
batch:  3
batch:  4
batch:  5
batch:  6
batch:  7
batch:  8
batch:  9
Epoch 16
Episode: 17920
Reward: [-3.85 -3.86 -3.81 -3.81 -3.78 -3.83 -3.82 -3.85 -3.82 -3.82]
Time: 140.65s
Success: 0.0000
Steps-Taken: 80.00
Comm-Action: [0.52 0.52 0.52 0.52 0.52 0.52 0.52 0.52 0.52 0.52]
batch:  0
batch:  1
batch:  2
batch:  3
batch:  4
batch:  5
batch:  6
batch:  7
batch:  8
batch:  9
Epoch 17
Episode: 19040
Reward: [-3.76 -3.82 -3.82 -3.8  -3.81 -3.8  -3.79 -3.8  -3.78 -3.84]
Time: 141.66s
Success: 0.0000
Steps-Taken: 80.00
Comm-Action: [0.49 0.5  0.5  0.5  0.49 0.5  0.5  0.49 0.5  0.5 ]
batch:  0
batch:  1
batch:  2
batch:  3
batch:  4
batch:  5
batch:  6
batch:  7
batch:  8
batch:  9
Epoch 18
Episode: 20160
Reward: [-3.78 -3.75 -3.8  -3.83 -3.78 -3.78 -3.76 -3.76 -3.77 -3.81]
Time: 139.93s
Success: 0.0000
Steps-Taken: 80.00
Comm-Action: [0.51 0.51 0.5  0.51 0.5  0.51 0.5  0.5  0.5  0.5 ]
batch:  0
batch:  1
batch:  2
batch:  3
batch:  4
batch:  5
batch:  6
batch:  7
batch:  8
batch:  9
Epoch 19
Episode: 21280
Reward: [-3.72 -3.76 -3.76 -3.8  -3.76 -3.81 -3.82 -3.77 -3.79 -3.74]
Time: 137.70s
Success: 0.0000
Steps-Taken: 80.00
Comm-Action: [0.48 0.48 0.48 0.48 0.48 0.48 0.48 0.48 0.48 0.48]
batch:  0
batch:  1
batch:  2
batch:  3
batch:  4
batch:  5
batch:  6
batch:  7
batch:  8
batch:  9
Epoch 20
Episode: 22400
Reward: [-3.66 -3.76 -3.72 -3.76 -3.76 -3.74 -3.76 -3.76 -3.76 -3.75]
Time: 143.97s
Success: 0.0000
Steps-Taken: 80.00
Comm-Action: [0.47 0.47 0.47 0.47 0.48 0.47 0.47 0.47 0.47 0.48]
batch:  0
batch:  1
batch:  2
batch:  3
batch:  4
batch:  5
batch:  6
batch:  7
batch:  8
batch:  9
Epoch 21
Episode: 23520
Reward: [-3.62 -3.71 -3.72 -3.68 -3.73 -3.75 -3.65 -3.69 -3.76 -3.7 ]
Time: 138.60s
Success: 0.0000
Steps-Taken: 80.00
Comm-Action: [0.48 0.48 0.48 0.48 0.48 0.48 0.48 0.48 0.48 0.48]
batch:  0
batch:  1
batch:  2
batch:  3
batch:  4
batch:  5
batch:  6
batch:  7
batch:  8
batch:  9
Epoch 22
Episode: 24640
Reward: [-3.67 -3.69 -3.7  -3.72 -3.69 -3.71 -3.69 -3.67 -3.66 -3.71]
Time: 138.58s
Success: 0.0000
Steps-Taken: 80.00
Comm-Action: [0.46 0.46 0.46 0.46 0.46 0.46 0.46 0.46 0.46 0.46]
batch:  0
batch:  1
batch:  2
batch:  3
batch:  4
batch:  5
batch:  6
batch:  7
batch:  8
batch:  9
Epoch 23
Episode: 25760
Reward: [-3.63 -3.65 -3.64 -3.65 -3.6  -3.63 -3.61 -3.63 -3.63 -3.67]
Time: 146.34s
Success: 0.0009
Steps-Taken: 80.00
Comm-Action: [0.49 0.48 0.48 0.49 0.49 0.49 0.48 0.48 0.48 0.48]
batch:  0
batch:  1
batch:  2
batch:  3
batch:  4
batch:  5
batch:  6
batch:  7
batch:  8
batch:  9
Epoch 24
Episode: 26880
Reward: [-3.6  -3.6  -3.62 -3.6  -3.63 -3.57 -3.6  -3.59 -3.6  -3.6 ]
Time: 142.17s
Success: 0.0009
Steps-Taken: 80.00
Comm-Action: [0.48 0.48 0.48 0.48 0.48 0.48 0.48 0.48 0.48 0.48]
batch:  0
batch:  1
batch:  2
batch:  3
batch:  4
batch:  5
batch:  6
batch:  7
batch:  8
batch:  9
Epoch 25
Episode: 28000
Reward: [-3.63 -3.59 -3.57 -3.59 -3.56 -3.53 -3.57 -3.61 -3.59 -3.56]
Time: 145.08s
Success: 0.0000
Steps-Taken: 80.00
Comm-Action: [0.5 0.5 0.5 0.5 0.5 0.5 0.5 0.5 0.5 0.5]
batch:  0
batch:  1
batch:  2
batch:  3
batch:  4
batch:  5
batch:  6
batch:  7
batch:  8
batch:  9
Epoch 26
Episode: 29120
Reward: [-3.55 -3.6  -3.57 -3.61 -3.54 -3.55 -3.57 -3.64 -3.53 -3.58]
Time: 138.78s
Success: 0.0054
Steps-Taken: 79.91
Comm-Action: [0.5  0.49 0.49 0.49 0.49 0.49 0.49 0.49 0.5  0.49]
batch:  0
batch:  1
batch:  2
batch:  3
batch:  4
batch:  5
batch:  6
batch:  7
batch:  8
batch:  9
Epoch 27
Episode: 30240
Reward: [-3.53 -3.58 -3.53 -3.56 -3.57 -3.56 -3.59 -3.61 -3.57 -3.57]
Time: 140.74s
Success: 0.0000
Steps-Taken: 80.00
Comm-Action: [0.49 0.49 0.49 0.49 0.49 0.49 0.49 0.49 0.49 0.49]
batch:  0
batch:  1
batch:  2
batch:  3
batch:  4
batch:  5
batch:  6
batch:  7
batch:  8
batch:  9
Epoch 28
Episode: 31360
Reward: [-3.56 -3.55 -3.62 -3.57 -3.61 -3.61 -3.58 -3.55 -3.63 -3.59]
Time: 142.55s
Success: 0.0018
Steps-Taken: 79.97
Comm-Action: [0.51 0.51 0.51 0.51 0.51 0.51 0.51 0.51 0.51 0.51]
batch:  0
batch:  1
batch:  2
batch:  3
batch:  4
batch:  5
batch:  6
batch:  7
batch:  8
batch:  9
Epoch 29
Episode: 32480
Reward: [-3.6  -3.61 -3.57 -3.54 -3.53 -3.55 -3.53 -3.51 -3.52 -3.51]
Time: 135.24s
Success: 0.0018
Steps-Taken: 79.95
Comm-Action: [0.51 0.52 0.51 0.52 0.52 0.52 0.51 0.52 0.51 0.52]
batch:  0
batch:  1
batch:  2
batch:  3
batch:  4
batch:  5
batch:  6
batch:  7
batch:  8
batch:  9
Epoch 30
Episode: 33600
Reward: [-3.47 -3.46 -3.47 -3.53 -3.5  -3.45 -3.48 -3.5  -3.49 -3.56]
Time: 141.42s
Success: 0.0009
Steps-Taken: 79.99
Comm-Action: [0.49 0.49 0.49 0.49 0.49 0.49 0.49 0.49 0.49 0.49]
batch:  0
batch:  1
batch:  2
batch:  3
batch:  4
batch:  5
batch:  6
batch:  7
batch:  8
batch:  9
Epoch 31
Episode: 34720
Reward: [-3.55 -3.46 -3.48 -3.47 -3.51 -3.5  -3.46 -3.53 -3.48 -3.53]
Time: 139.76s
Success: 0.0018
Steps-Taken: 79.98
Comm-Action: [0.49 0.48 0.49 0.49 0.49 0.49 0.49 0.48 0.48 0.49]
batch:  0
batch:  1
batch:  2
batch:  3
batch:  4
batch:  5
batch:  6
batch:  7
batch:  8
batch:  9
Epoch 32
Episode: 35840
Reward: [-3.43 -3.53 -3.45 -3.49 -3.49 -3.56 -3.47 -3.52 -3.44 -3.47]
Time: 137.00s
Success: 0.0018
Steps-Taken: 79.98
Comm-Action: [0.5  0.5  0.5  0.5  0.5  0.51 0.51 0.51 0.5  0.51]
batch:  0
batch:  1
batch:  2
batch:  3
batch:  4
batch:  5
batch:  6
batch:  7
batch:  8
batch:  9
Epoch 33
Episode: 36960
Reward: [-3.48 -3.38 -3.44 -3.39 -3.5  -3.51 -3.45 -3.49 -3.46 -3.47]
Time: 139.51s
Success: 0.0027
Steps-Taken: 79.99
Comm-Action: [0.51 0.51 0.51 0.51 0.51 0.51 0.51 0.51 0.51 0.51]
batch:  0
batch:  1
batch:  2
batch:  3
batch:  4
batch:  5
batch:  6
batch:  7
batch:  8
batch:  9
Epoch 34
Episode: 38080
Reward: [-3.42 -3.44 -3.41 -3.48 -3.36 -3.47 -3.43 -3.41 -3.46 -3.44]
Time: 140.82s
Success: 0.0063
Steps-Taken: 79.95
Comm-Action: [0.52 0.52 0.52 0.51 0.51 0.52 0.51 0.52 0.51 0.52]
batch:  0
batch:  1
batch:  2
batch:  3
batch:  4
batch:  5
batch:  6
batch:  7
batch:  8
batch:  9
Epoch 35
Episode: 39200
Reward: [-3.4  -3.46 -3.42 -3.48 -3.39 -3.46 -3.39 -3.43 -3.44 -3.41]
Time: 141.26s
Success: 0.0089
Steps-Taken: 79.82
Comm-Action: [0.49 0.49 0.49 0.5  0.49 0.5  0.49 0.5  0.5  0.5 ]
batch:  0
batch:  1
batch:  2
batch:  3
batch:  4
batch:  5
batch:  6
batch:  7
batch:  8
batch:  9
Epoch 36
Episode: 40320
Reward: [-3.37 -3.43 -3.37 -3.43 -3.36 -3.44 -3.36 -3.39 -3.38 -3.4 ]
Time: 142.68s
Success: 0.0080
Steps-Taken: 79.93
Comm-Action: [0.46 0.46 0.47 0.47 0.47 0.46 0.47 0.46 0.46 0.47]
batch:  0
batch:  1
batch:  2
batch:  3
batch:  4
batch:  5
batch:  6
batch:  7
batch:  8
batch:  9
Epoch 37
Episode: 41440
Reward: [-3.33 -3.41 -3.37 -3.34 -3.35 -3.37 -3.34 -3.41 -3.39 -3.39]
Time: 141.78s
Success: 0.0036
Steps-Taken: 79.96
Comm-Action: [0.47 0.47 0.47 0.48 0.47 0.48 0.48 0.48 0.47 0.47]
batch:  0
batch:  1
batch:  2
batch:  3
batch:  4
batch:  5
batch:  6
batch:  7
batch:  8
batch:  9
Epoch 38
Episode: 42560
Reward: [-3.34 -3.36 -3.36 -3.28 -3.38 -3.37 -3.36 -3.32 -3.3  -3.37]
Time: 139.38s
Success: 0.0071
Steps-Taken: 79.92
Comm-Action: [0.49 0.49 0.5  0.49 0.49 0.49 0.49 0.49 0.49 0.49]
batch:  0
batch:  1
batch:  2
batch:  3
batch:  4
batch:  5
batch:  6
batch:  7
batch:  8
batch:  9
Epoch 39
Episode: 43680
Reward: [-3.34 -3.34 -3.39 -3.37 -3.31 -3.36 -3.38 -3.34 -3.37 -3.4 ]
Time: 139.52s
Success: 0.0125
Steps-Taken: 79.80
Comm-Action: [0.5  0.5  0.5  0.5  0.5  0.5  0.5  0.5  0.5  0.51]
batch:  0
batch:  1
batch:  2
batch:  3
batch:  4
batch:  5
batch:  6
batch:  7
batch:  8
batch:  9
Epoch 40
Episode: 44800
Reward: [-3.3  -3.28 -3.22 -3.22 -3.28 -3.24 -3.31 -3.26 -3.28 -3.28]
Time: 139.85s
Success: 0.0241
Steps-Taken: 79.62
Comm-Action: [0.48 0.48 0.49 0.48 0.48 0.49 0.48 0.49 0.48 0.48]
batch:  0
batch:  1
batch:  2
batch:  3
batch:  4
batch:  5
batch:  6
batch:  7
batch:  8
batch:  9
Epoch 41
Episode: 45920
Reward: [-3.24 -3.26 -3.29 -3.29 -3.22 -3.25 -3.32 -3.26 -3.34 -3.32]
Time: 142.24s
Success: 0.0196
Steps-Taken: 79.69
Comm-Action: [0.5 0.5 0.5 0.5 0.5 0.5 0.5 0.5 0.5 0.5]
batch:  0
batch:  1
batch:  2
batch:  3
batch:  4
batch:  5
batch:  6
batch:  7
batch:  8
batch:  9
Epoch 42
Episode: 47040
Reward: [-3.26 -3.27 -3.28 -3.31 -3.3  -3.32 -3.34 -3.26 -3.28 -3.27]
Time: 145.31s
Success: 0.0241
Steps-Taken: 79.64
Comm-Action: [0.51 0.51 0.51 0.51 0.51 0.51 0.51 0.51 0.51 0.51]
batch:  0
batch:  1
batch:  2
batch:  3
batch:  4
batch:  5
batch:  6
batch:  7
batch:  8
batch:  9
Epoch 43
Episode: 48160
Reward: [-3.27 -3.3  -3.26 -3.24 -3.24 -3.27 -3.21 -3.29 -3.26 -3.24]
Time: 139.35s
Success: 0.0232
Steps-Taken: 79.66
Comm-Action: [0.5 0.5 0.5 0.5 0.5 0.5 0.5 0.5 0.5 0.5]
batch:  0
batch:  1
batch:  2
batch:  3
batch:  4
batch:  5
batch:  6
batch:  7
batch:  8
batch:  9
Epoch 44
Episode: 49281
Reward: [-3.19 -3.18 -3.21 -3.16 -3.23 -3.15 -3.23 -3.14 -3.15 -3.18]
Time: 141.06s
Success: 0.0482
Steps-Taken: 79.10
Comm-Action: [0.51 0.51 0.51 0.51 0.51 0.51 0.51 0.51 0.51 0.5 ]
batch:  0
batch:  1
batch:  2
batch:  3
batch:  4
batch:  5
batch:  6
batch:  7
batch:  8
batch:  9
Epoch 45
Episode: 50403
Reward: [-3.16 -3.19 -3.11 -3.18 -3.16 -3.16 -3.17 -3.13 -3.19 -3.2 ]
Time: 135.71s
Success: 0.0606
Steps-Taken: 78.92
Comm-Action: [0.47 0.47 0.48 0.47 0.47 0.47 0.47 0.47 0.47 0.47]
batch:  0
batch:  1
batch:  2
batch:  3
batch:  4
batch:  5
batch:  6
batch:  7
batch:  8
batch:  9
Epoch 46
Episode: 51524
Reward: [-3.15 -3.16 -3.05 -3.1  -3.08 -3.05 -3.1  -3.13 -3.09 -3.12]
Time: 134.67s
Success: 0.0740
Steps-Taken: 78.56
Comm-Action: [0.48 0.47 0.48 0.48 0.48 0.48 0.47 0.48 0.48 0.48]
batch:  0
batch:  1
batch:  2
batch:  3
batch:  4
batch:  5
batch:  6
batch:  7
batch:  8
batch:  9
Epoch 47
Episode: 52647
Reward: [-3.12 -3.15 -3.13 -3.16 -3.1  -3.13 -3.15 -3.12 -3.17 -3.12]
Time: 136.53s
Success: 0.1024
Steps-Taken: 78.08
Comm-Action: [0.48 0.48 0.48 0.48 0.48 0.48 0.48 0.48 0.48 0.48]
batch:  0
batch:  1
batch:  2
batch:  3
batch:  4
batch:  5
batch:  6
batch:  7
batch:  8
batch:  9
Epoch 48
Episode: 53771
Reward: [-3.09 -3.08 -3.09 -3.06 -3.14 -3.09 -3.04 -3.14 -3.06 -3.07]
Time: 139.67s
Success: 0.0899
Steps-Taken: 78.34
Comm-Action: [0.49 0.49 0.49 0.49 0.49 0.49 0.49 0.49 0.49 0.49]
batch:  0
batch:  1
batch:  2
batch:  3
batch:  4
batch:  5
batch:  6
batch:  7
batch:  8
batch:  9
Epoch 49
Episode: 54899
Reward: [-2.99 -3.01 -3.04 -3.03 -3.03 -3.05 -3.   -2.97 -3.06 -3.06]
Time: 139.88s
Success: 0.1418
Steps-Taken: 77.42
Comm-Action: [0.48 0.48 0.48 0.48 0.48 0.48 0.48 0.48 0.48 0.48]
batch:  0
batch:  1
batch:  2
batch:  3
batch:  4
batch:  5
batch:  6
batch:  7
batch:  8
batch:  9
Epoch 50
Episode: 56041
Reward: [-2.99 -2.94 -2.94 -3.01 -2.96 -2.93 -2.92 -2.96 -2.97 -2.92]
Time: 139.05s
Success: 0.1786
Steps-Taken: 76.20
Comm-Action: [0.49 0.49 0.49 0.5  0.5  0.49 0.5  0.49 0.49 0.5 ]
batch:  0
batch:  1
batch:  2
batch:  3
batch:  4
batch:  5
batch:  6
batch:  7
batch:  8
batch:  9
Epoch 51
Episode: 57199
Reward: [-2.92 -2.88 -2.82 -2.94 -2.86 -2.9  -2.86 -2.93 -2.9  -2.91]
Time: 131.26s
Success: 0.2271
Steps-Taken: 74.72
Comm-Action: [0.5 0.5 0.5 0.5 0.5 0.5 0.5 0.5 0.5 0.5]
batch:  0
batch:  1
batch:  2
batch:  3
batch:  4
batch:  5
batch:  6
batch:  7
batch:  8
batch:  9
Epoch 52
Episode: 58364
Reward: [-2.89 -2.91 -2.88 -2.91 -2.94 -2.89 -2.89 -2.86 -2.92 -2.9 ]
Time: 136.48s
Success: 0.2292
Steps-Taken: 74.25
Comm-Action: [0.48 0.48 0.48 0.48 0.48 0.47 0.48 0.48 0.48 0.48]
batch:  0
batch:  1
batch:  2
batch:  3
batch:  4
batch:  5
batch:  6
batch:  7
batch:  8
batch:  9
Epoch 53
Episode: 59551
Reward: [-2.82 -2.86 -2.84 -2.79 -2.89 -2.87 -2.82 -2.86 -2.87 -2.83]
Time: 133.09s
Success: 0.2932
Steps-Taken: 72.20
Comm-Action: [0.48 0.48 0.48 0.48 0.47 0.48 0.47 0.48 0.48 0.48]
batch:  0
batch:  1
batch:  2
batch:  3
batch:  4
batch:  5
batch:  6
batch:  7
batch:  8
batch:  9
Epoch 54
Episode: 60718
Reward: [-2.92 -2.91 -2.94 -2.94 -2.9  -2.92 -2.94 -2.95 -2.9  -2.91]
Time: 132.15s
Success: 0.2605
Steps-Taken: 73.49
Comm-Action: [0.54 0.54 0.53 0.53 0.54 0.54 0.54 0.53 0.53 0.53]
batch:  0
batch:  1
batch:  2
batch:  3
batch:  4
batch:  5
batch:  6
batch:  7
batch:  8
batch:  9
Epoch 55
Episode: 61913
Reward: [-2.81 -2.78 -2.8  -2.81 -2.85 -2.84 -2.8  -2.81 -2.76 -2.81]
Time: 132.21s
Success: 0.3247
Steps-Taken: 71.67
Comm-Action: [0.5 0.5 0.5 0.5 0.5 0.5 0.5 0.5 0.5 0.5]
batch:  0
batch:  1
batch:  2
batch:  3
batch:  4
batch:  5
batch:  6
batch:  7
batch:  8
batch:  9
Epoch 56
Episode: 63146
Reward: [-2.73 -2.73 -2.78 -2.75 -2.71 -2.72 -2.73 -2.71 -2.73 -2.77]
Time: 128.77s
Success: 0.3633
Steps-Taken: 69.64
Comm-Action: [0.5  0.5  0.5  0.49 0.5  0.49 0.49 0.49 0.5  0.5 ]
batch:  0
batch:  1
batch:  2
batch:  3
batch:  4
batch:  5
batch:  6
batch:  7
batch:  8
batch:  9
Epoch 57
Episode: 64388
Reward: [-2.72 -2.67 -2.73 -2.72 -2.75 -2.73 -2.69 -2.71 -2.67 -2.74]
Time: 128.35s
Success: 0.3849
Steps-Taken: 69.12
Comm-Action: [0.52 0.52 0.52 0.52 0.52 0.52 0.52 0.52 0.52 0.52]
batch:  0
batch:  1
batch:  2
batch:  3
batch:  4
batch:  5
batch:  6
batch:  7
batch:  8
batch:  9
Epoch 58
Episode: 65682
Reward: [-2.6  -2.58 -2.59 -2.61 -2.61 -2.58 -2.64 -2.59 -2.62 -2.58]
Time: 135.82s
Success: 0.4320
Steps-Taken: 66.40
Comm-Action: [0.52 0.52 0.53 0.52 0.52 0.52 0.52 0.52 0.52 0.52]
batch:  0
batch:  1
batch:  2
batch:  3
batch:  4
batch:  5
batch:  6
batch:  7
batch:  8
batch:  9
Epoch 59
Episode: 66992
Reward: [-2.65 -2.66 -2.66 -2.63 -2.64 -2.68 -2.64 -2.67 -2.67 -2.65]
Time: 140.53s
Success: 0.4527
Steps-Taken: 65.42
Comm-Action: [0.49 0.49 0.49 0.49 0.49 0.49 0.49 0.49 0.49 0.49]
batch:  0
batch:  1
batch:  2
batch:  3
batch:  4
batch:  5
batch:  6
batch:  7
batch:  8
batch:  9
Epoch 60
Episode: 68331
Reward: [-2.58 -2.6  -2.61 -2.59 -2.58 -2.62 -2.59 -2.58 -2.57 -2.58]
Time: 132.17s
Success: 0.4765
Steps-Taken: 63.97
Comm-Action: [0.5 0.5 0.5 0.5 0.5 0.5 0.5 0.5 0.5 0.5]
batch:  0
batch:  1
batch:  2
batch:  3
batch:  4
batch:  5
batch:  6
batch:  7
batch:  8
batch:  9
Epoch 61
Episode: 69682
Reward: [-2.55 -2.55 -2.55 -2.55 -2.54 -2.55 -2.54 -2.56 -2.58 -2.57]
Time: 129.93s
Success: 0.4959
Steps-Taken: 63.01
Comm-Action: [0.49 0.49 0.49 0.49 0.49 0.49 0.49 0.49 0.49 0.49]
batch:  0
batch:  1
batch:  2
batch:  3
batch:  4
batch:  5
batch:  6
batch:  7
batch:  8
batch:  9
Epoch 62
Episode: 71138
Reward: [-2.45 -2.45 -2.42 -2.43 -2.43 -2.42 -2.44 -2.44 -2.42 -2.45]
Time: 132.75s
Success: 0.5632
Steps-Taken: 58.60
Comm-Action: [0.5 0.5 0.5 0.5 0.5 0.5 0.5 0.5 0.5 0.5]
batch:  0
batch:  1
batch:  2
batch:  3
batch:  4
batch:  5
batch:  6
batch:  7
batch:  8
batch:  9
Epoch 63
Episode: 72601
Reward: [-2.32 -2.35 -2.34 -2.38 -2.35 -2.33 -2.34 -2.36 -2.36 -2.37]
Time: 133.42s
Success: 0.5742
Steps-Taken: 57.93
Comm-Action: [0.51 0.5  0.51 0.5  0.51 0.5  0.51 0.51 0.5  0.51]
batch:  0
batch:  1
batch:  2
batch:  3
batch:  4
batch:  5
batch:  6
batch:  7
batch:  8
batch:  9
Epoch 64
Episode: 74072
Reward: [-2.43 -2.41 -2.39 -2.41 -2.4  -2.43 -2.42 -2.43 -2.44 -2.41]
Time: 137.08s
Success: 0.5540
Steps-Taken: 57.99
Comm-Action: [0.53 0.53 0.53 0.53 0.53 0.53 0.53 0.53 0.53 0.53]
batch:  0
batch:  1
batch:  2
batch:  3
batch:  4
batch:  5
batch:  6
batch:  7
batch:  8
batch:  9
Epoch 65
Episode: 75537
Reward: [-2.44 -2.44 -2.44 -2.44 -2.44 -2.45 -2.45 -2.44 -2.44 -2.43]
Time: 130.18s
Success: 0.5324
Steps-Taken: 58.17
Comm-Action: [0.53 0.53 0.53 0.53 0.53 0.53 0.53 0.53 0.54 0.53]
batch:  0
batch:  1
batch:  2
batch:  3
batch:  4
batch:  5
batch:  6
batch:  7
batch:  8
batch:  9
Epoch 66
Episode: 77005
Reward: [-2.31 -2.34 -2.34 -2.34 -2.33 -2.33 -2.29 -2.32 -2.3  -2.32]
Time: 131.09s
Success: 0.5613
Steps-Taken: 58.10
Comm-Action: [0.52 0.51 0.52 0.52 0.52 0.52 0.52 0.52 0.51 0.51]
batch:  0
batch:  1
batch:  2
batch:  3
batch:  4
batch:  5
batch:  6
batch:  7
batch:  8
batch:  9
Epoch 67
Episode: 78475
Reward: [-2.43 -2.45 -2.44 -2.45 -2.44 -2.44 -2.45 -2.44 -2.44 -2.42]
Time: 137.73s
Success: 0.5517
Steps-Taken: 57.91
Comm-Action: [0.52 0.51 0.52 0.52 0.52 0.52 0.52 0.52 0.52 0.52]
batch:  0
batch:  1
batch:  2
batch:  3
batch:  4
batch:  5
batch:  6
batch:  7
batch:  8
batch:  9
Epoch 68
Episode: 79986
Reward: [-2.39 -2.37 -2.35 -2.38 -2.37 -2.39 -2.39 -2.38 -2.37 -2.38]
Time: 139.46s
Success: 0.5877
Steps-Taken: 56.41
Comm-Action: [0.5  0.5  0.49 0.5  0.5  0.5  0.5  0.49 0.5  0.5 ]
batch:  0
batch:  1
batch:  2
batch:  3
batch:  4
batch:  5
batch:  6
batch:  7
batch:  8
batch:  9
Epoch 69
Episode: 81486
Reward: [-2.34 -2.36 -2.36 -2.36 -2.34 -2.36 -2.37 -2.37 -2.37 -2.36]
Time: 148.94s
Success: 0.5880
Steps-Taken: 56.73
Comm-Action: [0.49 0.49 0.49 0.49 0.49 0.49 0.49 0.49 0.49 0.49]
batch:  0
batch:  1
batch:  2
batch:  3
batch:  4
batch:  5
batch:  6
batch:  7
batch:  8
batch:  9
Epoch 70
Episode: 83032
Reward: [-2.34 -2.35 -2.36 -2.35 -2.35 -2.33 -2.34 -2.33 -2.34 -2.34]
Time: 153.31s
Success: 0.5899
Steps-Taken: 54.94
Comm-Action: [0.48 0.48 0.48 0.48 0.48 0.48 0.48 0.48 0.49 0.48]
batch:  0
batch:  1
batch:  2
batch:  3
batch:  4
batch:  5
batch:  6
batch:  7
batch:  8
batch:  9
Epoch 71
Episode: 84565
Reward: [-2.37 -2.35 -2.38 -2.36 -2.36 -2.37 -2.35 -2.37 -2.36 -2.35]
Time: 151.40s
Success: 0.5982
Steps-Taken: 55.34
Comm-Action: [0.51 0.52 0.52 0.52 0.52 0.52 0.52 0.52 0.52 0.52]
batch:  0
batch:  1
batch:  2
batch:  3
batch:  4
batch:  5
batch:  6
batch:  7
batch:  8
batch:  9
Epoch 72
Episode: 86152
Reward: [-2.29 -2.27 -2.3  -2.28 -2.28 -2.29 -2.3  -2.29 -2.29 -2.26]
Time: 151.09s
Success: 0.6049
Steps-Taken: 53.81
Comm-Action: [0.52 0.52 0.52 0.52 0.52 0.52 0.52 0.53 0.53 0.53]
batch:  0
batch:  1
batch:  2
batch:  3
batch:  4
batch:  5
batch:  6
batch:  7
batch:  8
batch:  9
Epoch 73
Episode: 87716
Reward: [-2.35 -2.35 -2.35 -2.35 -2.35 -2.35 -2.34 -2.38 -2.33 -2.35]
Time: 145.18s
Success: 0.5735
Steps-Taken: 54.63
Comm-Action: [0.48 0.49 0.48 0.48 0.49 0.49 0.49 0.49 0.48 0.49]
batch:  0
batch:  1
batch:  2
batch:  3
batch:  4
batch:  5
batch:  6
batch:  7
batch:  8
batch:  9
Epoch 74
Episode: 89330
Reward: [-2.27 -2.25 -2.26 -2.26 -2.24 -2.27 -2.26 -2.26 -2.25 -2.24]
Time: 149.80s
Success: 0.6326
Steps-Taken: 52.63
Comm-Action: [0.52 0.52 0.52 0.52 0.52 0.52 0.52 0.52 0.52 0.52]
batch:  0
batch:  1
batch:  2
batch:  3
batch:  4
batch:  5
batch:  6
batch:  7
batch:  8
batch:  9
Epoch 75
Episode: 90928
Reward: [-2.32 -2.32 -2.31 -2.32 -2.32 -2.31 -2.33 -2.32 -2.31 -2.3 ]
Time: 152.24s
Success: 0.6208
Steps-Taken: 53.60
Comm-Action: [0.52 0.52 0.53 0.52 0.52 0.52 0.53 0.52 0.52 0.53]
batch:  0
batch:  1
batch:  2
batch:  3
batch:  4
batch:  5
batch:  6
batch:  7
batch:  8
batch:  9
Epoch 76
Episode: 92557
Reward: [-2.27 -2.24 -2.24 -2.26 -2.24 -2.24 -2.26 -2.26 -2.25 -2.25]
Time: 157.66s
Success: 0.6268
Steps-Taken: 52.27
Comm-Action: [0.5 0.5 0.5 0.5 0.5 0.5 0.5 0.5 0.5 0.5]
batch:  0
batch:  1
batch:  2
batch:  3
batch:  4
batch:  5
batch:  6
batch:  7
batch:  8
batch:  9
Epoch 77
Episode: 94190
Reward: [-2.24 -2.22 -2.23 -2.24 -2.23 -2.23 -2.22 -2.24 -2.23 -2.22]
Time: 160.64s
Success: 0.6277
Steps-Taken: 51.79
Comm-Action: [0.51 0.5  0.51 0.51 0.51 0.51 0.51 0.51 0.51 0.51]
batch:  0
batch:  1
batch:  2
batch:  3
batch:  4
batch:  5
batch:  6
batch:  7
batch:  8
batch:  9
Epoch 78
Episode: 95843
Reward: [-2.24 -2.22 -2.22 -2.21 -2.23 -2.22 -2.25 -2.22 -2.24 -2.21]
Time: 149.52s
Success: 0.6334
Steps-Taken: 51.43
Comm-Action: [0.53 0.52 0.52 0.52 0.53 0.52 0.53 0.53 0.52 0.52]
batch:  0
batch:  1
batch:  2
batch:  3
batch:  4
batch:  5
batch:  6
batch:  7
batch:  8
batch:  9
Epoch 79
Episode: 97527
Reward: [-2.14 -2.14 -2.15 -2.14 -2.13 -2.14 -2.14 -2.14 -2.14 -2.13]
Time: 146.78s
Success: 0.6496
Steps-Taken: 50.48
Comm-Action: [0.53 0.52 0.53 0.53 0.52 0.52 0.53 0.53 0.53 0.53]
batch:  0
batch:  1
batch:  2
batch:  3
batch:  4
batch:  5
batch:  6
batch:  7
batch:  8
batch:  9
Epoch 80
Episode: 99098
Reward: [-2.24 -2.23 -2.26 -2.24 -2.25 -2.24 -2.25 -2.24 -2.26 -2.24]
Time: 152.75s
Success: 0.6073
Steps-Taken: 54.04
Comm-Action: [0.5  0.5  0.51 0.51 0.51 0.51 0.5  0.51 0.5  0.51]
batch:  0
batch:  1
batch:  2
batch:  3
batch:  4
batch:  5
batch:  6
batch:  7
batch:  8
batch:  9
Epoch 81
Episode: 100682
Reward: [-2.29 -2.3  -2.29 -2.29 -2.31 -2.31 -2.3  -2.31 -2.29 -2.29]
Time: 149.85s
Success: 0.6370
Steps-Taken: 53.71
Comm-Action: [0.52 0.52 0.52 0.52 0.52 0.52 0.52 0.52 0.52 0.52]
batch:  0
batch:  1
batch:  2
batch:  3
batch:  4
batch:  5
batch:  6
batch:  7
batch:  8
batch:  9
Epoch 82
Episode: 102349
Reward: [-2.17 -2.18 -2.19 -2.19 -2.18 -2.19 -2.17 -2.19 -2.19 -2.19]
Time: 152.25s
Success: 0.6551
Steps-Taken: 50.90
Comm-Action: [0.49 0.49 0.49 0.49 0.49 0.49 0.49 0.49 0.49 0.49]
batch:  0
batch:  1
batch:  2
batch:  3
batch:  4
batch:  5
batch:  6
batch:  7
batch:  8
batch:  9
Epoch 83
Episode: 104006
Reward: [-2.2  -2.19 -2.19 -2.19 -2.2  -2.21 -2.19 -2.2  -2.2  -2.2 ]
Time: 149.77s
Success: 0.6403
Steps-Taken: 50.99
Comm-Action: [0.47 0.48 0.48 0.48 0.47 0.47 0.47 0.47 0.48 0.48]
batch:  0
batch:  1
batch:  2
batch:  3
batch:  4
batch:  5
batch:  6
batch:  7
batch:  8
batch:  9
Epoch 84
Episode: 105674
Reward: [-2.19 -2.2  -2.2  -2.19 -2.2  -2.2  -2.19 -2.2  -2.2  -2.19]
Time: 151.13s
Success: 0.6559
Steps-Taken: 51.06
Comm-Action: [0.48 0.48 0.48 0.48 0.48 0.48 0.48 0.48 0.48 0.48]
batch:  0
batch:  1
batch:  2
batch:  3
batch:  4
batch:  5
batch:  6
batch:  7
batch:  8
batch:  9
Epoch 85
Episode: 107351
Reward: [-2.21 -2.23 -2.23 -2.23 -2.23 -2.21 -2.22 -2.23 -2.2  -2.22]
Time: 163.75s
Success: 0.6464
Steps-Taken: 51.06
Comm-Action: [0.48 0.48 0.48 0.48 0.48 0.48 0.48 0.48 0.48 0.48]
batch:  0
batch:  1
batch:  2
batch:  3
batch:  4
batch:  5
batch:  6
batch:  7
batch:  8
batch:  9
Epoch 86
Episode: 109088
Reward: [-2.11 -2.11 -2.12 -2.13 -2.12 -2.12 -2.12 -2.12 -2.13 -2.13]
Time: 166.16s
Success: 0.6684
Steps-Taken: 49.08
Comm-Action: [0.48 0.48 0.48 0.48 0.48 0.48 0.48 0.48 0.48 0.48]
batch:  0
batch:  1
batch:  2
batch:  3
batch:  4
batch:  5
batch:  6
batch:  7
batch:  8
batch:  9
Epoch 87
Episode: 110777
Reward: [-2.19 -2.2  -2.2  -2.19 -2.19 -2.18 -2.19 -2.18 -2.19 -2.2 ]
Time: 152.64s
Success: 0.6430
Steps-Taken: 50.42
Comm-Action: [0.5  0.5  0.5  0.5  0.5  0.51 0.5  0.5  0.51 0.5 ]
batch:  0
batch:  1
batch:  2
batch:  3
batch:  4
batch:  5
batch:  6
batch:  7
batch:  8
batch:  9
Epoch 88
Episode: 112475
Reward: [-2.16 -2.16 -2.15 -2.14 -2.15 -2.16 -2.16 -2.15 -2.16 -2.15]
Time: 152.10s
Success: 0.6508
Steps-Taken: 49.85
Comm-Action: [0.51 0.5  0.5  0.51 0.51 0.51 0.51 0.51 0.5  0.51]
batch:  0
batch:  1
batch:  2
batch:  3
batch:  4
batch:  5
batch:  6
batch:  7
batch:  8
batch:  9
Epoch 89
Episode: 114199
Reward: [-2.14 -2.15 -2.14 -2.14 -2.14 -2.14 -2.14 -2.13 -2.13 -2.15]
Time: 149.83s
Success: 0.6659
Steps-Taken: 49.41
Comm-Action: [0.49 0.49 0.49 0.49 0.49 0.49 0.49 0.49 0.49 0.5 ]
batch:  0
batch:  1
batch:  2
batch:  3
batch:  4
batch:  5
batch:  6
batch:  7
batch:  8
batch:  9
Epoch 90
Episode: 115894
Reward: [-2.16 -2.16 -2.15 -2.18 -2.16 -2.15 -2.16 -2.15 -2.15 -2.16]
Time: 154.89s
Success: 0.6649
Steps-Taken: 49.83
Comm-Action: [0.49 0.49 0.48 0.48 0.48 0.49 0.48 0.48 0.48 0.48]
batch:  0
batch:  1
batch:  2
batch:  3
batch:  4
batch:  5
batch:  6
batch:  7
batch:  8
batch:  9
Epoch 91
Episode: 117532
Reward: [-2.14 -2.16 -2.13 -2.15 -2.16 -2.15 -2.16 -2.13 -2.15 -2.13]
Time: 153.68s
Success: 0.6343
Steps-Taken: 51.62
Comm-Action: [0.48 0.48 0.48 0.48 0.48 0.49 0.48 0.48 0.48 0.48]
batch:  0
batch:  1
batch:  2
batch:  3
batch:  4
batch:  5
batch:  6
batch:  7
batch:  8
batch:  9
Epoch 92
Episode: 119204
Reward: [-2.15 -2.15 -2.15 -2.16 -2.16 -2.16 -2.17 -2.15 -2.16 -2.15]
Time: 157.94s
Success: 0.6842
Steps-Taken: 50.69
Comm-Action: [0.5 0.5 0.5 0.5 0.5 0.5 0.5 0.5 0.5 0.5]
batch:  0
batch:  1
batch:  2
batch:  3
batch:  4
batch:  5
batch:  6
batch:  7
batch:  8
batch:  9
Epoch 93
Episode: 120888
Reward: [-2.15 -2.14 -2.16 -2.15 -2.16 -2.14 -2.16 -2.15 -2.16 -2.14]
Time: 150.12s
Success: 0.6829
Steps-Taken: 50.34
Comm-Action: [0.5 0.5 0.5 0.5 0.5 0.5 0.5 0.5 0.5 0.5]
batch:  0
batch:  1
batch:  2
batch:  3
batch:  4
batch:  5
batch:  6
batch:  7
batch:  8
batch:  9
Epoch 94
Episode: 122559
Reward: [-2.18 -2.18 -2.19 -2.2  -2.19 -2.19 -2.19 -2.17 -2.18 -2.19]
Time: 147.90s
Success: 0.6655
Steps-Taken: 50.67
Comm-Action: [0.51 0.51 0.51 0.52 0.52 0.51 0.52 0.52 0.51 0.51]
batch:  0
batch:  1
batch:  2
batch:  3
batch:  4
batch:  5
batch:  6
batch:  7
batch:  8
batch:  9
Epoch 95
Episode: 124228
Reward: [-2.2  -2.18 -2.19 -2.18 -2.19 -2.18 -2.19 -2.19 -2.2  -2.2 ]
Time: 158.68s
Success: 0.6699
Steps-Taken: 50.76
Comm-Action: [0.48 0.48 0.48 0.48 0.47 0.48 0.48 0.48 0.48 0.48]
batch:  0
batch:  1
batch:  2
batch:  3
batch:  4
batch:  5
batch:  6
batch:  7
batch:  8
batch:  9
Epoch 96
Episode: 125973
Reward: [-2.09 -2.09 -2.09 -2.09 -2.09 -2.09 -2.1  -2.09 -2.1  -2.09]
Time: 162.41s
Success: 0.6946
Steps-Taken: 48.76
Comm-Action: [0.49 0.49 0.49 0.5  0.49 0.49 0.49 0.49 0.49 0.49]
batch:  0
batch:  1
batch:  2
batch:  3
batch:  4
batch:  5
batch:  6
batch:  7
batch:  8
batch:  9
Epoch 97
Episode: 127689
Reward: [-2.13 -2.13 -2.12 -2.13 -2.12 -2.15 -2.12 -2.12 -2.14 -2.14]
Time: 152.70s
Success: 0.6847
Steps-Taken: 49.67
Comm-Action: [0.49 0.49 0.49 0.49 0.49 0.49 0.49 0.49 0.49 0.49]
batch:  0
batch:  1
batch:  2
batch:  3
batch:  4
batch:  5
batch:  6
batch:  7
batch:  8
batch:  9
Epoch 98
Episode: 129414
Reward: [-2.12 -2.1  -2.11 -2.1  -2.09 -2.1  -2.1  -2.1  -2.11 -2.12]
Time: 152.57s
Success: 0.6870
Steps-Taken: 49.10
Comm-Action: [0.49 0.5  0.49 0.49 0.49 0.5  0.49 0.49 0.49 0.49]
batch:  0
batch:  1
batch:  2
batch:  3
batch:  4
batch:  5
batch:  6
batch:  7
batch:  8
batch:  9
Epoch 99
Episode: 131129
Reward: [-2.13 -2.14 -2.13 -2.16 -2.15 -2.14 -2.14 -2.15 -2.14 -2.16]
Time: 145.50s
Success: 0.6501
Steps-Taken: 49.33
Comm-Action: [0.48 0.48 0.48 0.48 0.48 0.48 0.49 0.48 0.48 0.48]
batch:  0
batch:  1
batch:  2
batch:  3
batch:  4
batch:  5
batch:  6
batch:  7
batch:  8
batch:  9
Epoch 100
Episode: 132895
Reward: [-2.07 -2.08 -2.07 -2.07 -2.06 -2.07 -2.08 -2.07 -2.07 -2.07]
Time: 156.31s
Success: 0.6806
Steps-Taken: 48.09
Comm-Action: [0.49 0.5  0.49 0.5  0.5  0.5  0.49 0.5  0.5  0.5 ]
batch:  0
batch:  1
batch:  2
batch:  3
batch:  4
batch:  5
batch:  6
batch:  7
batch:  8
batch:  9
Epoch 101
Episode: 134667
Reward: [-2.02 -2.03 -2.02 -2.02 -2.03 -2.02 -2.02 -2.02 -2.03 -2.04]
Time: 155.07s
Success: 0.7167
Steps-Taken: 47.62
Comm-Action: [0.52 0.52 0.51 0.51 0.52 0.52 0.52 0.52 0.52 0.52]
batch:  0
batch:  1
batch:  2
batch:  3
batch:  4
batch:  5
batch:  6
batch:  7
batch:  8
batch:  9
Epoch 102
Episode: 136415
Reward: [-2.08 -2.07 -2.07 -2.08 -2.08 -2.07 -2.08 -2.08 -2.07 -2.07]
Time: 156.25s
Success: 0.6882
Steps-Taken: 48.42
Comm-Action: [0.53 0.53 0.53 0.53 0.53 0.53 0.52 0.53 0.53 0.53]
batch:  0
batch:  1
batch:  2
batch:  3
batch:  4
batch:  5
batch:  6
batch:  7
batch:  8
batch:  9
Epoch 103
Episode: 138113
Reward: [-2.08 -2.1  -2.09 -2.1  -2.08 -2.09 -2.09 -2.1  -2.07 -2.09]
Time: 152.87s
Success: 0.6802
Steps-Taken: 49.98
Comm-Action: [0.52 0.52 0.52 0.52 0.52 0.52 0.52 0.52 0.52 0.52]
batch:  0
batch:  1
batch:  2
batch:  3
batch:  4
batch:  5
batch:  6
batch:  7
batch:  8
batch:  9
Epoch 104
Episode: 139798
Reward: [-2.21 -2.21 -2.21 -2.2  -2.2  -2.2  -2.21 -2.2  -2.2  -2.21]
Time: 157.55s
Success: 0.6380
Steps-Taken: 50.64
Comm-Action: [0.52 0.52 0.52 0.52 0.51 0.52 0.52 0.52 0.52 0.52]
batch:  0
batch:  1
batch:  2
batch:  3
batch:  4
batch:  5
batch:  6
batch:  7
batch:  8
batch:  9
Epoch 105
Episode: 141462
Reward: [-2.24 -2.24 -2.23 -2.23 -2.22 -2.24 -2.24 -2.24 -2.23 -2.24]
Time: 152.17s
Success: 0.6220
Steps-Taken: 51.28
Comm-Action: [0.52 0.52 0.52 0.52 0.52 0.52 0.52 0.52 0.52 0.52]
batch:  0
batch:  1
batch:  2
batch:  3
batch:  4
batch:  5
batch:  6
batch:  7
batch:  8
batch:  9
Epoch 106
Episode: 143114
Reward: [-2.18 -2.19 -2.18 -2.2  -2.19 -2.19 -2.19 -2.19 -2.19 -2.18]
Time: 152.18s
Success: 0.6634
Steps-Taken: 51.13
Comm-Action: [0.52 0.51 0.52 0.52 0.52 0.52 0.52 0.52 0.52 0.51]
batch:  0
batch:  1
batch:  2
batch:  3
batch:  4
batch:  5
batch:  6
batch:  7
batch:  8
batch:  9
Epoch 107
Episode: 144852
Reward: [-2.13 -2.13 -2.13 -2.12 -2.13 -2.11 -2.1  -2.12 -2.11 -2.12]
Time: 163.21s
Success: 0.6738
Steps-Taken: 49.10
Comm-Action: [0.52 0.52 0.52 0.52 0.52 0.52 0.52 0.52 0.52 0.52]
batch:  0
batch:  1
batch:  2
batch:  3
batch:  4
batch:  5
batch:  6
batch:  7
batch:  8
batch:  9
Epoch 108
Episode: 146570
Reward: [-2.12 -2.1  -2.11 -2.1  -2.11 -2.11 -2.11 -2.1  -2.1  -2.1 ]
Time: 158.60s
Success: 0.6892
Steps-Taken: 49.17
Comm-Action: [0.52 0.51 0.52 0.51 0.51 0.52 0.51 0.51 0.51 0.51]
batch:  0
batch:  1
batch:  2
batch:  3
batch:  4
batch:  5
batch:  6
batch:  7
batch:  8
batch:  9
Epoch 109
Episode: 148330
Reward: [-2.03 -2.04 -2.03 -2.03 -2.03 -2.03 -2.06 -2.03 -2.05 -2.06]
Time: 167.29s
Success: 0.7040
Steps-Taken: 48.09
Comm-Action: [0.51 0.5  0.51 0.51 0.51 0.51 0.51 0.51 0.51 0.51]
batch:  0
batch:  1
batch:  2
batch:  3
batch:  4
batch:  5
batch:  6
batch:  7
batch:  8
batch:  9
Epoch 110
Episode: 150091
Reward: [-2.04 -2.03 -2.04 -2.03 -2.03 -2.04 -2.03 -2.03 -2.05 -2.04]
Time: 161.78s
Success: 0.7371
Steps-Taken: 48.31
Comm-Action: [0.53 0.53 0.53 0.53 0.53 0.53 0.53 0.53 0.53 0.53]
batch:  0
batch:  1
batch:  2
batch:  3
batch:  4
batch:  5
batch:  6
batch:  7
batch:  8
batch:  9
Epoch 111
Episode: 151866
Reward: [-2.01 -2.02 -2.01 -2.02 -2.02 -2.01 -2.02 -2.01 -2.01 -2.02]
Time: 153.69s
Success: 0.7279
Steps-Taken: 47.52
Comm-Action: [0.54 0.54 0.54 0.54 0.53 0.53 0.54 0.53 0.54 0.54]
batch:  0
batch:  1
batch:  2
batch:  3
batch:  4
batch:  5
batch:  6
batch:  7
batch:  8
batch:  9
Epoch 112
Episode: 153639
Reward: [-2.06 -2.05 -2.04 -2.04 -2.05 -2.05 -2.04 -2.04 -2.04 -2.04]
Time: 157.51s
Success: 0.7078
Steps-Taken: 47.78
Comm-Action: [0.53 0.53 0.53 0.53 0.53 0.53 0.53 0.53 0.53 0.53]
batch:  0
batch:  1
batch:  2
batch:  3
batch:  4
batch:  5
batch:  6
batch:  7
batch:  8
batch:  9
Epoch 113
Episode: 155407
Reward: [-2.03 -2.03 -2.04 -2.02 -2.02 -2.03 -2.03 -2.03 -2.02 -2.03]
Time: 153.53s
Success: 0.7257
Steps-Taken: 47.74
Comm-Action: [0.51 0.51 0.51 0.5  0.51 0.51 0.51 0.51 0.5  0.51]
batch:  0
batch:  1
batch:  2
batch:  3
batch:  4
batch:  5
batch:  6
batch:  7
batch:  8
batch:  9
Epoch 114
Episode: 157185
Reward: [-2.   -1.98 -1.98 -1.98 -1.98 -1.99 -1.98 -2.   -1.99 -2.  ]
Time: 153.03s
Success: 0.7508
Steps-Taken: 47.33
Comm-Action: [0.5 0.5 0.5 0.5 0.5 0.5 0.5 0.5 0.5 0.5]
batch:  0
batch:  1
batch:  2
batch:  3
batch:  4
batch:  5
batch:  6
batch:  7
batch:  8
batch:  9
Epoch 115
Episode: 158985
Reward: [-2.   -1.99 -1.99 -1.99 -1.99 -1.99 -1.98 -1.99 -1.99 -1.99]
Time: 157.30s
Success: 0.7339
Steps-Taken: 47.05
Comm-Action: [0.5  0.5  0.5  0.51 0.5  0.51 0.51 0.5  0.51 0.5 ]
batch:  0
batch:  1
batch:  2
batch:  3
batch:  4
batch:  5
batch:  6
batch:  7
batch:  8
batch:  9
Epoch 116
Episode: 160733
Reward: [-2.08 -2.08 -2.07 -2.07 -2.06 -2.07 -2.08 -2.07 -2.08 -2.08]
Time: 157.93s
Success: 0.7317
Steps-Taken: 48.65
Comm-Action: [0.52 0.52 0.52 0.52 0.52 0.52 0.52 0.52 0.52 0.52]
batch:  0
batch:  1
batch:  2
batch:  3
batch:  4
batch:  5
batch:  6
batch:  7
batch:  8
batch:  9
Epoch 117
Episode: 162524
Reward: [-2.   -2.   -1.99 -2.   -1.98 -2.   -2.   -2.   -2.   -1.98]
Time: 160.67s
Success: 0.7476
Steps-Taken: 47.28
Comm-Action: [0.52 0.52 0.52 0.52 0.52 0.52 0.52 0.52 0.52 0.52]
batch:  0
batch:  1
batch:  2
batch:  3
batch:  4
batch:  5
batch:  6
batch:  7
batch:  8
batch:  9
Epoch 118
Episode: 164341
Reward: [-1.98 -1.99 -1.99 -1.99 -1.99 -1.99 -2.   -1.98 -2.   -1.99]
Time: 161.13s
Success: 0.7303
Steps-Taken: 46.75
Comm-Action: [0.52 0.52 0.52 0.52 0.52 0.52 0.52 0.52 0.52 0.52]
batch:  0
batch:  1
batch:  2
batch:  3
batch:  4
batch:  5
batch:  6
batch:  7
batch:  8
batch:  9
Epoch 119
Episode: 166154
Reward: [-1.98 -1.99 -1.99 -1.98 -1.99 -1.98 -1.98 -1.98 -1.98 -1.99]
Time: 159.62s
Success: 0.7457
Steps-Taken: 46.82
Comm-Action: [0.52 0.52 0.52 0.52 0.52 0.52 0.52 0.52 0.52 0.52]
batch:  0
batch:  1
batch:  2
batch:  3
batch:  4
batch:  5
batch:  6
batch:  7
batch:  8
batch:  9
Epoch 120
Episode: 167933
Reward: [-2.06 -2.04 -2.03 -2.05 -2.04 -2.04 -2.05 -2.04 -2.03 -2.04]
Time: 156.92s
Success: 0.7167
Steps-Taken: 47.66
Comm-Action: [0.5 0.5 0.5 0.5 0.5 0.5 0.5 0.5 0.5 0.5]
batch:  0
batch:  1
batch:  2
batch:  3
batch:  4
batch:  5
batch:  6
batch:  7
batch:  8
batch:  9
Epoch 121
Episode: 169765
Reward: [-1.96 -1.96 -1.98 -1.98 -1.97 -1.97 -1.98 -1.97 -1.98 -1.97]
Time: 154.22s
Success: 0.7238
Steps-Taken: 46.26
Comm-Action: [0.49 0.49 0.49 0.49 0.5  0.49 0.49 0.49 0.49 0.49]
batch:  0
batch:  1
batch:  2
batch:  3
batch:  4
batch:  5
batch:  6
batch:  7
batch:  8
batch:  9
Epoch 122
Episode: 171554
Reward: [-2.03 -2.02 -2.02 -2.03 -2.02 -2.02 -2.01 -2.03 -2.02 -2.01]
Time: 158.68s
Success: 0.7267
Steps-Taken: 47.44
Comm-Action: [0.49 0.49 0.49 0.49 0.49 0.49 0.49 0.48 0.49 0.49]
batch:  0
batch:  1
batch:  2
batch:  3
batch:  4
batch:  5
batch:  6
batch:  7
batch:  8
batch:  9
Epoch 123
Episode: 173330
Reward: [-2.01 -2.01 -2.01 -2.03 -2.02 -2.02 -2.03 -2.01 -2.01 -2.02]
Time: 163.05s
Success: 0.7348
Steps-Taken: 47.66
Comm-Action: [0.5  0.49 0.5  0.5  0.5  0.5  0.5  0.49 0.49 0.5 ]
batch:  0
batch:  1
batch:  2
batch:  3
batch:  4
batch:  5
batch:  6
batch:  7
batch:  8
batch:  9
Epoch 124
Episode: 175169
Reward: [-1.97 -1.97 -1.96 -1.97 -1.96 -1.96 -1.96 -1.96 -1.98 -1.98]
Time: 169.33s
Success: 0.7227
Steps-Taken: 46.26
Comm-Action: [0.48 0.48 0.48 0.48 0.48 0.48 0.48 0.48 0.48 0.48]
batch:  0
batch:  1
batch:  2
batch:  3
batch:  4
batch:  5
batch:  6
batch:  7
batch:  8
batch:  9
Epoch 125
Episode: 176986
Reward: [-2.   -2.01 -2.01 -2.   -2.01 -2.   -2.01 -2.   -1.99 -2.  ]
Time: 157.98s
Success: 0.7199
Steps-Taken: 46.81
Comm-Action: [0.5  0.5  0.5  0.49 0.5  0.49 0.49 0.5  0.49 0.49]
batch:  0
batch:  1
batch:  2
batch:  3
batch:  4
batch:  5
batch:  6
batch:  7
batch:  8
batch:  9
Epoch 126
Episode: 178622
Reward: [-2.02 -2.03 -2.02 -2.04 -2.03 -2.04 -2.04 -2.04 -2.04 -2.05]
Time: 151.72s
Success: 0.6510
Steps-Taken: 51.94
Comm-Action: [0.51 0.51 0.51 0.51 0.51 0.51 0.51 0.51 0.51 0.51]
batch:  0
batch:  1
batch:  2
batch:  3
batch:  4
batch:  5
batch:  6
batch:  7
batch:  8
batch:  9
Epoch 127
Episode: 180357
Reward: [-1.96 -1.95 -1.96 -1.95 -1.96 -1.95 -1.95 -1.95 -1.97 -1.95]
Time: 147.61s
Success: 0.7337
Steps-Taken: 48.60
Comm-Action: [0.49 0.49 0.49 0.49 0.49 0.5  0.49 0.49 0.49 0.5 ]
batch:  0
batch:  1
batch:  2
batch:  3
batch:  4
batch:  5
batch:  6
batch:  7
batch:  8
batch:  9
Epoch 128
Episode: 182156
Reward: [-1.98 -1.99 -1.98 -1.97 -1.98 -1.98 -1.97 -1.97 -1.98 -1.98]
Time: 169.06s
Success: 0.7315
Steps-Taken: 47.08
Comm-Action: [0.49 0.49 0.48 0.49 0.48 0.49 0.49 0.49 0.49 0.49]
batch:  0
batch:  1
batch:  2
batch:  3
batch:  4
batch:  5
batch:  6
batch:  7
batch:  8
batch:  9
Epoch 129
Episode: 183981
Reward: [-1.93 -1.94 -1.94 -1.93 -1.93 -1.94 -1.93 -1.94 -1.93 -1.93]
Time: 163.64s
Success: 0.7589
Steps-Taken: 46.32
Comm-Action: [0.48 0.49 0.48 0.49 0.49 0.48 0.48 0.49 0.49 0.49]
batch:  0
batch:  1
batch:  2
batch:  3
batch:  4
batch:  5
batch:  6
batch:  7
batch:  8
batch:  9
Epoch 130
Episode: 185794
Reward: [-1.97 -1.97 -1.97 -1.96 -1.97 -1.98 -1.96 -1.96 -1.97 -1.96]
Time: 161.94s
Success: 0.7314
Steps-Taken: 46.49
Comm-Action: [0.48 0.48 0.48 0.48 0.48 0.48 0.48 0.48 0.48 0.48]
batch:  0
batch:  1
batch:  2
batch:  3
batch:  4
batch:  5
batch:  6
batch:  7
batch:  8
batch:  9
Epoch 131
Episode: 187580
Reward: [-2.   -1.99 -1.99 -1.99 -1.99 -1.98 -1.98 -1.99 -2.   -1.99]
Time: 177.32s
Success: 0.7514
Steps-Taken: 47.41
Comm-Action: [0.49 0.48 0.49 0.49 0.48 0.49 0.48 0.48 0.49 0.49]
batch:  0
batch:  1
batch:  2
batch:  3
batch:  4
batch:  5
batch:  6
batch:  7
batch:  8
batch:  9
Epoch 132
Episode: 189387
Reward: [-1.97 -1.99 -1.99 -1.98 -1.98 -1.98 -1.99 -1.99 -1.98 -1.99]
Time: 165.93s
Success: 0.7471
Steps-Taken: 46.93
Comm-Action: [0.5  0.5  0.5  0.49 0.5  0.5  0.5  0.5  0.5  0.5 ]
batch:  0
batch:  1
batch:  2
batch:  3
batch:  4
batch:  5
batch:  6
batch:  7
batch:  8
batch:  9
Epoch 133
Episode: 191235
Reward: [-1.95 -1.93 -1.93 -1.94 -1.95 -1.94 -1.93 -1.95 -1.93 -1.95]
Time: 170.96s
Success: 0.7332
Steps-Taken: 45.65
Comm-Action: [0.5  0.51 0.51 0.51 0.51 0.5  0.5  0.51 0.51 0.51]
batch:  0
batch:  1
batch:  2
batch:  3
batch:  4
batch:  5
batch:  6
batch:  7
batch:  8
batch:  9
Epoch 134
Episode: 193066
Reward: [-2.01 -2.01 -2.01 -2.01 -2.01 -2.   -2.   -2.   -2.01 -2.01]
Time: 172.80s
Success: 0.6810
Steps-Taken: 46.16
Comm-Action: [0.51 0.51 0.51 0.51 0.51 0.51 0.51 0.51 0.51 0.51]
batch:  0
batch:  1
batch:  2
batch:  3
batch:  4
batch:  5
batch:  6
batch:  7
batch:  8
batch:  9
Epoch 135
Episode: 194869
Reward: [-2.02 -2.03 -2.01 -2.02 -2.02 -2.04 -2.02 -2.04 -2.03 -2.02]
Time: 168.37s
Success: 0.6839
Steps-Taken: 46.98
Comm-Action: [0.51 0.51 0.51 0.51 0.51 0.51 0.51 0.51 0.51 0.51]
batch:  0
batch:  1
batch:  2
batch:  3
batch:  4
batch:  5
batch:  6
batch:  7
batch:  8
batch:  9
Epoch 136
Episode: 196656
Reward: [-1.99 -1.99 -2.   -2.   -1.99 -1.99 -2.   -1.99 -2.   -2.  ]
Time: 158.85s
Success: 0.7252
Steps-Taken: 47.27
Comm-Action: [0.5  0.49 0.5  0.5  0.49 0.5  0.5  0.5  0.5  0.5 ]
batch:  0
batch:  1
batch:  2
batch:  3
batch:  4
batch:  5
batch:  6
batch:  7
batch:  8
batch:  9
Epoch 137
Episode: 198498
Reward: [-1.94 -1.94 -1.94 -1.94 -1.93 -1.93 -1.95 -1.94 -1.93 -1.94]
Time: 172.00s
Success: 0.7514
Steps-Taken: 46.04
Comm-Action: [0.53 0.52 0.53 0.53 0.52 0.52 0.53 0.53 0.52 0.52]
batch:  0
batch:  1
batch:  2
batch:  3
batch:  4
batch:  5
batch:  6
batch:  7
batch:  8
batch:  9
Epoch 138
Episode: 200316
Reward: [-1.95 -1.95 -1.95 -1.95 -1.96 -1.95 -1.95 -1.95 -1.95 -1.95]
Time: 172.47s
Success: 0.7574
Steps-Taken: 46.41
Comm-Action: [0.51 0.51 0.51 0.51 0.51 0.51 0.51 0.51 0.51 0.51]
batch:  0
batch:  1
batch:  2
batch:  3
batch:  4
batch:  5
batch:  6
batch:  7
batch:  8
batch:  9
Epoch 139
Episode: 202198
Reward: [-1.9  -1.89 -1.9  -1.9  -1.91 -1.89 -1.89 -1.9  -1.91 -1.9 ]
Time: 163.89s
Success: 0.7386
Steps-Taken: 44.85
Comm-Action: [0.47 0.47 0.47 0.48 0.48 0.48 0.48 0.48 0.48 0.48]
batch:  0
batch:  1
batch:  2
batch:  3
batch:  4
batch:  5
batch:  6
batch:  7
batch:  8
batch:  9
Epoch 140
Episode: 204080
Reward: [-1.85 -1.84 -1.86 -1.85 -1.86 -1.86 -1.84 -1.85 -1.86 -1.85]
Time: 161.09s
Success: 0.7811
Steps-Taken: 44.89
Comm-Action: [0.48 0.48 0.47 0.47 0.47 0.47 0.47 0.47 0.47 0.47]
batch:  0
batch:  1
batch:  2
batch:  3
batch:  4
batch:  5
batch:  6
batch:  7
batch:  8
batch:  9
Epoch 141
Episode: 205974
Reward: [-1.86 -1.85 -1.86 -1.86 -1.85 -1.86 -1.86 -1.85 -1.85 -1.86]
Time: 158.50s
Success: 0.7788
Steps-Taken: 44.66
Comm-Action: [0.48 0.48 0.48 0.48 0.48 0.48 0.48 0.48 0.48 0.48]
batch:  0
batch:  1
batch:  2
batch:  3
batch:  4
batch:  5
batch:  6
batch:  7
batch:  8
batch:  9
Epoch 142
Episode: 207849
Reward: [-1.86 -1.87 -1.86 -1.87 -1.86 -1.86 -1.86 -1.86 -1.87 -1.86]
Time: 165.71s
Success: 0.7888
Steps-Taken: 45.09
Comm-Action: [0.49 0.49 0.48 0.48 0.48 0.49 0.48 0.48 0.49 0.49]
batch:  0
batch:  1
batch:  2
batch:  3
batch:  4
batch:  5
batch:  6
batch:  7
batch:  8
batch:  9
Epoch 143
Episode: 209698
Reward: [-1.93 -1.93 -1.92 -1.93 -1.93 -1.93 -1.94 -1.93 -1.92 -1.93]
Time: 159.09s
Success: 0.7377
Steps-Taken: 45.76
Comm-Action: [0.5  0.5  0.5  0.5  0.5  0.5  0.51 0.5  0.5  0.5 ]
batch:  0
batch:  1
batch:  2
batch:  3
batch:  4
batch:  5
batch:  6
batch:  7
batch:  8
batch:  9
Epoch 144
Episode: 211609
Reward: [-1.85 -1.85 -1.85 -1.85 -1.85 -1.85 -1.84 -1.85 -1.86 -1.86]
Time: 163.05s
Success: 0.7687
Steps-Taken: 44.30
Comm-Action: [0.53 0.53 0.53 0.53 0.53 0.52 0.53 0.53 0.53 0.53]
batch:  0
batch:  1
batch:  2
batch:  3
batch:  4
batch:  5
batch:  6
batch:  7
batch:  8
batch:  9
Epoch 145
Episode: 213500
Reward: [-1.83 -1.83 -1.85 -1.82 -1.84 -1.83 -1.84 -1.83 -1.84 -1.84]
Time: 170.08s
Success: 0.7869
Steps-Taken: 44.65
Comm-Action: [0.51 0.51 0.51 0.51 0.51 0.51 0.51 0.51 0.51 0.51]
batch:  0
batch:  1
batch:  2
batch:  3
batch:  4
batch:  5
batch:  6
batch:  7
batch:  8
batch:  9
Epoch 146
Episode: 215360
Reward: [-1.88 -1.89 -1.89 -1.88 -1.88 -1.88 -1.89 -1.87 -1.87 -1.89]
Time: 162.09s
Success: 0.7871
Steps-Taken: 45.48
Comm-Action: [0.51 0.51 0.52 0.51 0.51 0.51 0.51 0.51 0.51 0.51]
batch:  0
batch:  1
batch:  2
batch:  3
batch:  4
batch:  5
batch:  6
batch:  7
batch:  8
batch:  9
Epoch 147
Episode: 217246
Reward: [-1.89 -1.88 -1.87 -1.88 -1.88 -1.87 -1.88 -1.89 -1.88 -1.89]
Time: 159.35s
Success: 0.7704
Steps-Taken: 44.99
Comm-Action: [0.5 0.5 0.5 0.5 0.5 0.5 0.5 0.5 0.5 0.5]
batch:  0
batch:  1
batch:  2
batch:  3
batch:  4
batch:  5
batch:  6
batch:  7
batch:  8
batch:  9
Epoch 148
Episode: 219148
Reward: [-1.84 -1.83 -1.83 -1.83 -1.83 -1.84 -1.85 -1.82 -1.84 -1.82]
Time: 165.27s
Success: 0.7871
Steps-Taken: 44.35
Comm-Action: [0.51 0.51 0.51 0.51 0.51 0.51 0.5  0.5  0.51 0.51]
batch:  0
batch:  1
batch:  2
batch:  3
batch:  4
batch:  5
batch:  6
batch:  7
batch:  8
batch:  9
Epoch 149
Episode: 221061
Reward: [-1.79 -1.79 -1.78 -1.8  -1.8  -1.78 -1.81 -1.79 -1.8  -1.8 ]
Time: 155.14s
Success: 0.8118
Steps-Taken: 44.18
Comm-Action: [0.52 0.52 0.52 0.52 0.51 0.52 0.51 0.51 0.52 0.51]
batch:  0
batch:  1
batch:  2
batch:  3
batch:  4
batch:  5
batch:  6
batch:  7
batch:  8
batch:  9
Epoch 150
Episode: 223000
Reward: [-1.78 -1.77 -1.78 -1.77 -1.77 -1.77 -1.78 -1.76 -1.78 -1.77]
Time: 174.45s
Success: 0.8112
Steps-Taken: 43.72
Comm-Action: [0.49 0.49 0.49 0.49 0.49 0.49 0.49 0.49 0.49 0.49]
batch:  0
batch:  1
batch:  2
batch:  3
batch:  4
batch:  5
batch:  6
batch:  7
batch:  8
batch:  9
Epoch 151
Episode: 224873
Reward: [-1.83 -1.82 -1.84 -1.83 -1.83 -1.82 -1.85 -1.83 -1.83 -1.84]
Time: 201.43s
Success: 0.8153
Steps-Taken: 44.98
Comm-Action: [0.49 0.5  0.5  0.5  0.5  0.49 0.49 0.49 0.5  0.5 ]
batch:  0
batch:  1
batch:  2
batch:  3
batch:  4
batch:  5
batch:  6
batch:  7
batch:  8
batch:  9
Epoch 152
Episode: 226804
Reward: [-1.74 -1.74 -1.76 -1.74 -1.74 -1.74 -1.74 -1.74 -1.76 -1.74]
Time: 159.92s
Success: 0.8426
Steps-Taken: 43.56
Comm-Action: [0.52 0.52 0.52 0.52 0.52 0.52 0.51 0.52 0.52 0.52]
batch:  0
batch:  1
batch:  2
batch:  3
batch:  4
batch:  5
batch:  6
batch:  7
batch:  8
batch:  9
Epoch 153
Episode: 228718
Reward: [-1.81 -1.81 -1.81 -1.8  -1.81 -1.82 -1.8  -1.8  -1.81 -1.81]
Time: 165.64s
Success: 0.7983
Steps-Taken: 43.98
Comm-Action: [0.52 0.51 0.51 0.51 0.52 0.51 0.52 0.51 0.52 0.52]
batch:  0
batch:  1
batch:  2
batch:  3
batch:  4
batch:  5
batch:  6
batch:  7
batch:  8
batch:  9
Epoch 154
Episode: 230353
Reward: [-2.01 -2.02 -2.01 -2.01 -2.01 -2.03 -2.02 -1.99 -2.   -2.01]
Time: 163.93s
Success: 0.6667
Steps-Taken: 51.92
Comm-Action: [0.49 0.49 0.49 0.49 0.49 0.49 0.49 0.49 0.49 0.49]
batch:  0
batch:  1
batch:  2
batch:  3
batch:  4
batch:  5
batch:  6
batch:  7
batch:  8
batch:  9
Epoch 155
Episode: 232243
Reward: [-1.78 -1.77 -1.78 -1.77 -1.78 -1.77 -1.78 -1.78 -1.77 -1.76]
Time: 164.02s
Success: 0.8190
Steps-Taken: 44.55
Comm-Action: [0.45 0.45 0.45 0.45 0.45 0.46 0.45 0.46 0.45 0.45]
batch:  0
batch:  1
batch:  2
batch:  3
batch:  4
batch:  5
batch:  6
batch:  7
batch:  8
batch:  9
Epoch 156
Episode: 234111
Reward: [-1.83 -1.84 -1.84 -1.84 -1.84 -1.83 -1.84 -1.83 -1.82 -1.83]
Time: 155.49s
Success: 0.8084
Steps-Taken: 45.17
Comm-Action: [0.47 0.47 0.47 0.47 0.47 0.47 0.47 0.46 0.46 0.47]
batch:  0
batch:  1
batch:  2
batch:  3
batch:  4
batch:  5
batch:  6
batch:  7
batch:  8
batch:  9
Epoch 157
Episode: 236018
Reward: [-1.78 -1.79 -1.79 -1.79 -1.79 -1.79 -1.79 -1.78 -1.78 -1.77]
Time: 163.76s
Success: 0.8280
Steps-Taken: 44.10
Comm-Action: [0.48 0.48 0.48 0.48 0.48 0.48 0.48 0.49 0.48 0.48]
batch:  0
batch:  1
batch:  2
batch:  3
batch:  4
batch:  5
batch:  6
batch:  7
batch:  8
batch:  9
Epoch 158
Episode: 237955
Reward: [-1.76 -1.76 -1.76 -1.74 -1.76 -1.75 -1.76 -1.76 -1.76 -1.77]
Time: 160.18s
Success: 0.8327
Steps-Taken: 43.46
Comm-Action: [0.5  0.51 0.5  0.51 0.5  0.5  0.5  0.5  0.5  0.5 ]
batch:  0
batch:  1
batch:  2
batch:  3
batch:  4
batch:  5
batch:  6
batch:  7
batch:  8
batch:  9
Epoch 159
Episode: 239923
Reward: [-1.73 -1.73 -1.72 -1.73 -1.72 -1.72 -1.73 -1.73 -1.73 -1.73]
Time: 155.89s
Success: 0.8369
Steps-Taken: 42.87
Comm-Action: [0.51 0.51 0.51 0.51 0.51 0.51 0.51 0.51 0.51 0.51]
batch:  0
batch:  1
batch:  2
batch:  3
batch:  4
batch:  5
batch:  6
batch:  7
batch:  8
batch:  9
Epoch 160
Episode: 241834
Reward: [-1.81 -1.77 -1.78 -1.79 -1.78 -1.78 -1.79 -1.79 -1.79 -1.79]
Time: 176.11s
Success: 0.8336
Steps-Taken: 44.15
Comm-Action: [0.51 0.51 0.51 0.51 0.51 0.51 0.51 0.51 0.51 0.51]
batch:  0
batch:  1
batch:  2
batch:  3
batch:  4
batch:  5
batch:  6
batch:  7
batch:  8
batch:  9
Epoch 161
Episode: 243761
Reward: [-1.78 -1.79 -1.78 -1.77 -1.79 -1.77 -1.78 -1.78 -1.78 -1.78]
Time: 155.74s
Success: 0.8121
Steps-Taken: 43.60
Comm-Action: [0.51 0.51 0.51 0.51 0.51 0.51 0.51 0.51 0.51 0.51]
batch:  0
batch:  1
batch:  2
batch:  3
batch:  4
batch:  5
batch:  6
batch:  7
batch:  8
batch:  9
Epoch 162
Episode: 245676
Reward: [-1.78 -1.77 -1.76 -1.77 -1.76 -1.76 -1.77 -1.77 -1.77 -1.79]
Time: 156.40s
Success: 0.8209
Steps-Taken: 43.81
Comm-Action: [0.5  0.5  0.51 0.5  0.5  0.51 0.51 0.5  0.5  0.5 ]
batch:  0
batch:  1
batch:  2
batch:  3
batch:  4
batch:  5
batch:  6
batch:  7
batch:  8
batch:  9
Epoch 163
Episode: 247550
Reward: [-1.87 -1.87 -1.86 -1.86 -1.87 -1.87 -1.86 -1.86 -1.87 -1.87]
Time: 168.86s
Success: 0.7876
Steps-Taken: 45.23
Comm-Action: [0.49 0.49 0.49 0.49 0.49 0.49 0.49 0.49 0.49 0.49]
batch:  0
batch:  1
batch:  2
batch:  3
batch:  4
batch:  5
batch:  6
batch:  7
batch:  8
batch:  9
Epoch 164
Episode: 249480
Reward: [-1.75 -1.76 -1.76 -1.76 -1.76 -1.76 -1.75 -1.76 -1.75 -1.76]
Time: 154.61s
Success: 0.8290
Steps-Taken: 43.57
Comm-Action: [0.49 0.49 0.49 0.5  0.49 0.49 0.49 0.49 0.49 0.49]
batch:  0
batch:  1
batch:  2
batch:  3
batch:  4
batch:  5
batch:  6
batch:  7
batch:  8
batch:  9
Epoch 165
Episode: 251382
Reward: [-1.81 -1.81 -1.82 -1.81 -1.8  -1.8  -1.8  -1.79 -1.81 -1.81]
Time: 165.83s
Success: 0.8107
Steps-Taken: 44.15
Comm-Action: [0.51 0.51 0.51 0.51 0.51 0.51 0.51 0.51 0.51 0.51]
batch:  0
batch:  1
batch:  2
batch:  3
batch:  4
batch:  5
batch:  6
batch:  7
batch:  8
batch:  9
Epoch 166
Episode: 253357
Reward: [-1.72 -1.71 -1.71 -1.71 -1.72 -1.72 -1.72 -1.73 -1.72 -1.71]
Time: 166.06s
Success: 0.8390
Steps-Taken: 42.66
Comm-Action: [0.51 0.51 0.51 0.51 0.51 0.51 0.51 0.51 0.51 0.51]
batch:  0
batch:  1
batch:  2
batch:  3
batch:  4
batch:  5
batch:  6
batch:  7
batch:  8
batch:  9
Epoch 167
Episode: 255305
Reward: [-1.76 -1.76 -1.77 -1.77 -1.77 -1.77 -1.77 -1.77 -1.77 -1.77]
Time: 160.01s
Success: 0.8060
Steps-Taken: 43.45
Comm-Action: [0.51 0.51 0.51 0.51 0.51 0.51 0.51 0.52 0.51 0.51]
batch:  0
batch:  1
batch:  2
batch:  3
batch:  4
batch:  5
batch:  6
batch:  7
batch:  8
batch:  9
Epoch 168
Episode: 257224
Reward: [-1.78 -1.78 -1.78 -1.77 -1.77 -1.76 -1.78 -1.78 -1.78 -1.78]
Time: 153.76s
Success: 0.8286
Steps-Taken: 43.98
Comm-Action: [0.5  0.5  0.5  0.5  0.51 0.5  0.5  0.5  0.5  0.5 ]
batch:  0
batch:  1
batch:  2
batch:  3
batch:  4
batch:  5
batch:  6
batch:  7
batch:  8
batch:  9
Epoch 169
Episode: 259185
Reward: [-1.75 -1.75 -1.76 -1.75 -1.76 -1.74 -1.75 -1.75 -1.74 -1.73]
Time: 158.91s
Success: 0.8174
Steps-Taken: 43.06
Comm-Action: [0.49 0.49 0.49 0.49 0.49 0.49 0.49 0.49 0.49 0.49]
batch:  0
batch:  1
batch:  2
batch:  3
batch:  4
batch:  5
batch:  6
batch:  7
batch:  8
batch:  9
Epoch 170
Episode: 261115
Reward: [-1.79 -1.81 -1.8  -1.8  -1.8  -1.8  -1.79 -1.81 -1.8  -1.79]
Time: 157.15s
Success: 0.7964
Steps-Taken: 43.75
Comm-Action: [0.51 0.51 0.51 0.51 0.51 0.51 0.51 0.51 0.51 0.51]
batch:  0
batch:  1
batch:  2
batch:  3
batch:  4
batch:  5
batch:  6
batch:  7
batch:  8
batch:  9
Epoch 171
Episode: 263069
Reward: [-1.73 -1.73 -1.72 -1.74 -1.74 -1.72 -1.73 -1.73 -1.73 -1.74]
Time: 156.60s
Success: 0.8291
Steps-Taken: 43.08
Comm-Action: [0.5  0.51 0.5  0.51 0.51 0.5  0.51 0.51 0.51 0.5 ]
batch:  0
batch:  1
batch:  2
batch:  3
batch:  4
batch:  5
batch:  6
batch:  7
batch:  8
batch:  9
Epoch 172
Episode: 265011
Reward: [-1.75 -1.74 -1.75 -1.74 -1.73 -1.73 -1.75 -1.75 -1.74 -1.74]
Time: 153.63s
Success: 0.8481
Steps-Taken: 43.57
Comm-Action: [0.51 0.51 0.51 0.51 0.51 0.51 0.51 0.51 0.51 0.51]
batch:  0
batch:  1
batch:  2
batch:  3
batch:  4
batch:  5
batch:  6
batch:  7
batch:  8
batch:  9
Epoch 173
Episode: 266921
Reward: [-1.78 -1.78 -1.79 -1.79 -1.79 -1.8  -1.79 -1.8  -1.79 -1.8 ]
Time: 168.17s
Success: 0.8262
Steps-Taken: 44.20
Comm-Action: [0.51 0.51 0.51 0.51 0.51 0.51 0.51 0.51 0.51 0.51]
batch:  0
batch:  1
batch:  2
batch:  3
batch:  4
batch:  5
batch:  6
batch:  7
batch:  8
batch:  9
Epoch 174
Episode: 268872
Reward: [-1.71 -1.71 -1.71 -1.71 -1.71 -1.71 -1.7  -1.71 -1.71 -1.71]
Time: 157.49s
Success: 0.8560
Steps-Taken: 43.00
Comm-Action: [0.51 0.51 0.51 0.5  0.51 0.51 0.51 0.51 0.51 0.5 ]
batch:  0
batch:  1
batch:  2
batch:  3
batch:  4
batch:  5
batch:  6
batch:  7
batch:  8
batch:  9
Epoch 175
Episode: 270803
Reward: [-1.75 -1.76 -1.76 -1.75 -1.75 -1.76 -1.75 -1.75 -1.75 -1.75]
Time: 151.69s
Success: 0.8389
Steps-Taken: 43.77
Comm-Action: [0.52 0.52 0.52 0.52 0.52 0.52 0.52 0.52 0.52 0.52]
batch:  0
batch:  1
batch:  2
batch:  3
batch:  4
batch:  5
batch:  6
batch:  7
batch:  8
batch:  9
Epoch 176
Episode: 272750
Reward: [-1.73 -1.74 -1.75 -1.74 -1.74 -1.73 -1.73 -1.73 -1.73 -1.74]
Time: 147.63s
Success: 0.8449
Steps-Taken: 43.31
Comm-Action: [0.51 0.51 0.51 0.51 0.51 0.51 0.51 0.51 0.51 0.51]
batch:  0
batch:  1
batch:  2
batch:  3
batch:  4
batch:  5
batch:  6
batch:  7
batch:  8
batch:  9
Epoch 177
Episode: 274634
Reward: [-1.84 -1.84 -1.84 -1.84 -1.84 -1.85 -1.85 -1.86 -1.84 -1.84]
Time: 148.66s
Success: 0.7893
Steps-Taken: 44.63
Comm-Action: [0.5 0.5 0.5 0.5 0.5 0.5 0.5 0.5 0.5 0.5]
batch:  0
batch:  1
batch:  2
batch:  3
batch:  4
batch:  5
batch:  6
batch:  7
batch:  8
batch:  9
Epoch 178
Episode: 276535
Reward: [-1.79 -1.78 -1.78 -1.78 -1.78 -1.78 -1.78 -1.79 -1.77 -1.8 ]
Time: 154.05s
Success: 0.8233
Steps-Taken: 44.23
Comm-Action: [0.5 0.5 0.5 0.5 0.5 0.5 0.5 0.5 0.5 0.5]
batch:  0
batch:  1
batch:  2
batch:  3
batch:  4
batch:  5
batch:  6
batch:  7
batch:  8
batch:  9
Epoch 179
Episode: 278481
Reward: [-1.73 -1.75 -1.76 -1.75 -1.74 -1.74 -1.76 -1.74 -1.74 -1.75]
Time: 162.32s
Success: 0.8350
Steps-Taken: 43.32
Comm-Action: [0.51 0.51 0.51 0.52 0.51 0.51 0.51 0.52 0.52 0.51]
batch:  0
batch:  1
batch:  2
batch:  3
batch:  4
batch:  5
batch:  6
batch:  7
batch:  8
batch:  9
Epoch 180
Episode: 280424
Reward: [-1.75 -1.74 -1.74 -1.74 -1.74 -1.73 -1.75 -1.74 -1.74 -1.75]
Time: 161.71s
Success: 0.8327
Steps-Taken: 43.23
Comm-Action: [0.51 0.51 0.51 0.51 0.51 0.51 0.51 0.51 0.51 0.51]
batch:  0
batch:  1
batch:  2
batch:  3
batch:  4
batch:  5
batch:  6
batch:  7
batch:  8
batch:  9
Epoch 181
Episode: 282361
Reward: [-1.76 -1.76 -1.75 -1.77 -1.77 -1.77 -1.76 -1.76 -1.77 -1.75]
Time: 168.85s
Success: 0.8245
Steps-Taken: 43.49
Comm-Action: [0.51 0.51 0.51 0.51 0.51 0.51 0.51 0.51 0.5  0.51]
batch:  0
batch:  1
batch:  2
batch:  3
batch:  4
batch:  5
batch:  6
batch:  7
batch:  8
batch:  9
Epoch 182
Episode: 284281
Reward: [-1.84 -1.84 -1.84 -1.85 -1.84 -1.84 -1.85 -1.84 -1.85 -1.83]
Time: 151.72s
Success: 0.7781
Steps-Taken: 44.40
Comm-Action: [0.49 0.49 0.49 0.49 0.5  0.49 0.49 0.49 0.5  0.49]
batch:  0
batch:  1
batch:  2
batch:  3
batch:  4
batch:  5
batch:  6
batch:  7
batch:  8
batch:  9
Epoch 183
Episode: 286252
Reward: [-1.72 -1.72 -1.73 -1.72 -1.72 -1.72 -1.72 -1.72 -1.73 -1.73]
Time: 154.21s
Success: 0.8361
Steps-Taken: 42.86
Comm-Action: [0.49 0.49 0.49 0.49 0.49 0.49 0.49 0.49 0.49 0.49]
batch:  0
batch:  1
batch:  2
batch:  3
batch:  4
batch:  5
batch:  6
batch:  7
batch:  8
batch:  9
Epoch 184
Episode: 288227
Reward: [-1.72 -1.72 -1.73 -1.73 -1.72 -1.72 -1.73 -1.72 -1.72 -1.73]
Time: 148.09s
Success: 0.8309
Steps-Taken: 42.86
Comm-Action: [0.5 0.5 0.5 0.5 0.5 0.5 0.5 0.5 0.5 0.5]
batch:  0
batch:  1
batch:  2
batch:  3
batch:  4
batch:  5
batch:  6
batch:  7
batch:  8
batch:  9
Epoch 185
Episode: 290160
Reward: [-1.79 -1.79 -1.79 -1.8  -1.79 -1.78 -1.78 -1.8  -1.79 -1.79]
Time: 158.81s
Success: 0.8065
Steps-Taken: 43.68
Comm-Action: [0.5 0.5 0.5 0.5 0.5 0.5 0.5 0.5 0.5 0.5]
batch:  0
batch:  1
batch:  2
batch:  3
batch:  4
batch:  5
batch:  6
batch:  7
batch:  8
batch:  9
Epoch 186
Episode: 291723
Reward: [-2.11 -2.14 -2.1  -2.1  -2.08 -2.12 -2.08 -2.09 -2.09 -2.13]
Time: 154.60s
Success: 0.6129
Steps-Taken: 54.58
Comm-Action: [0.52 0.52 0.52 0.52 0.52 0.52 0.52 0.52 0.52 0.52]
batch:  0
batch:  1
batch:  2
batch:  3
batch:  4
batch:  5
batch:  6
batch:  7
batch:  8
batch:  9
Epoch 187
Episode: 293539
Reward: [-1.85 -1.88 -1.87 -1.86 -1.87 -1.85 -1.87 -1.87 -1.87 -1.88]
Time: 154.85s
Success: 0.7968
Steps-Taken: 46.30
Comm-Action: [0.5 0.5 0.5 0.5 0.5 0.5 0.5 0.5 0.5 0.5]
batch:  0
batch:  1
batch:  2
batch:  3
batch:  4
batch:  5
batch:  6
batch:  7
batch:  8
batch:  9
Epoch 188
Episode: 295444
Reward: [-1.79 -1.78 -1.8  -1.79 -1.8  -1.79 -1.79 -1.79 -1.79 -1.8 ]
Time: 152.56s
Success: 0.8021
Steps-Taken: 44.43
Comm-Action: [0.5  0.5  0.5  0.5  0.5  0.5  0.49 0.5  0.49 0.5 ]
batch:  0
batch:  1
batch:  2
batch:  3
batch:  4
batch:  5
batch:  6
batch:  7
batch:  8
batch:  9
Epoch 189
Episode: 297379
Reward: [-1.74 -1.72 -1.73 -1.73 -1.73 -1.74 -1.74 -1.73 -1.73 -1.73]
Time: 150.66s
Success: 0.8326
Steps-Taken: 43.51
Comm-Action: [0.5  0.51 0.5  0.5  0.5  0.5  0.5  0.5  0.51 0.5 ]
batch:  0
batch:  1
batch:  2
batch:  3
batch:  4
batch:  5
batch:  6
batch:  7
batch:  8
batch:  9
Epoch 190
Episode: 299199
Reward: [-2.01 -2.   -2.02 -2.01 -2.   -2.01 -2.   -2.01 -1.99 -2.  ]
Time: 152.04s
Success: 0.7104
Steps-Taken: 46.66
Comm-Action: [0.51 0.51 0.51 0.51 0.51 0.51 0.51 0.51 0.51 0.51]
batch:  0
batch:  1
batch:  2
batch:  3
batch:  4
batch:  5
batch:  6
batch:  7
batch:  8
batch:  9
Epoch 191
Episode: 300933
Reward: [-2.18 -2.18 -2.17 -2.17 -2.16 -2.17 -2.18 -2.17 -2.18 -2.19]
Time: 164.13s
Success: 0.6107
Steps-Taken: 49.06
Comm-Action: [0.54 0.55 0.54 0.54 0.54 0.54 0.54 0.55 0.54 0.55]
batch:  0
batch:  1
batch:  2
batch:  3
batch:  4
batch:  5
batch:  6
batch:  7
batch:  8
batch:  9
Epoch 192
Episode: 302638
Reward: [-2.22 -2.22 -2.22 -2.21 -2.21 -2.22 -2.21 -2.2  -2.21 -2.23]
Time: 164.16s
Success: 0.6100
Steps-Taken: 49.79
Comm-Action: [0.49 0.49 0.49 0.49 0.49 0.49 0.49 0.49 0.49 0.49]
batch:  0
batch:  1
batch:  2
batch:  3
batch:  4
batch:  5
batch:  6
batch:  7
batch:  8
batch:  9
Epoch 193
Episode: 304447
Reward: [-1.97 -1.96 -1.97 -1.98 -1.96 -1.97 -1.98 -1.96 -1.97 -1.97]
Time: 160.14s
Success: 0.7258
Steps-Taken: 46.62
Comm-Action: [0.49 0.48 0.49 0.48 0.49 0.49 0.49 0.49 0.49 0.49]
batch:  0
batch:  1
batch:  2
batch:  3
batch:  4
batch:  5
batch:  6
batch:  7
batch:  8
batch:  9
Epoch 194
Episode: 306311
Reward: [-1.86 -1.87 -1.88 -1.87 -1.88 -1.87 -1.88 -1.89 -1.88 -1.89]
Time: 163.11s
Success: 0.7902
Steps-Taken: 45.30
Comm-Action: [0.5  0.49 0.49 0.49 0.49 0.5  0.49 0.5  0.5  0.5 ]
batch:  0
batch:  1
batch:  2
batch:  3
batch:  4
batch:  5
batch:  6
batch:  7
batch:  8
batch:  9
Epoch 195
Episode: 308179
Reward: [-1.89 -1.88 -1.88 -1.88 -1.89 -1.89 -1.9  -1.89 -1.9  -1.9 ]
Time: 161.32s
Success: 0.7500
Steps-Taken: 45.04
Comm-Action: [0.5  0.5  0.49 0.5  0.5  0.5  0.5  0.49 0.49 0.5 ]
batch:  0
batch:  1
batch:  2
batch:  3
batch:  4
batch:  5
batch:  6
batch:  7
batch:  8
batch:  9
Epoch 196
Episode: 310039
Reward: [-1.93 -1.93 -1.93 -1.93 -1.92 -1.92 -1.92 -1.93 -1.92 -1.92]
Time: 150.88s
Success: 0.7505
Steps-Taken: 45.61
Comm-Action: [0.5  0.51 0.51 0.51 0.51 0.51 0.51 0.51 0.5  0.51]
batch:  0
batch:  1
batch:  2
batch:  3
batch:  4
batch:  5
batch:  6
batch:  7
batch:  8
batch:  9
Epoch 197
Episode: 311991
Reward: [-1.77 -1.76 -1.76 -1.76 -1.76 -1.77 -1.75 -1.76 -1.75 -1.76]
Time: 156.79s
Success: 0.8069
Steps-Taken: 43.28
Comm-Action: [0.51 0.51 0.51 0.51 0.51 0.51 0.51 0.51 0.51 0.51]
batch:  0
batch:  1
batch:  2
batch:  3
batch:  4
batch:  5
batch:  6
batch:  7
batch:  8
batch:  9
Epoch 198
Episode: 313891
Reward: [-1.81 -1.8  -1.81 -1.81 -1.81 -1.83 -1.81 -1.8  -1.81 -1.8 ]
Time: 165.85s
Success: 0.8232
Steps-Taken: 44.20
Comm-Action: [0.51 0.51 0.51 0.51 0.51 0.51 0.51 0.51 0.51 0.51]
batch:  0
batch:  1
batch:  2
batch:  3
batch:  4
batch:  5
batch:  6
batch:  7
batch:  8
batch:  9
Epoch 199
Episode: 315793
Reward: [-1.82 -1.82 -1.81 -1.82 -1.82 -1.83 -1.82 -1.82 -1.82 -1.83]
Time: 161.20s
Success: 0.8128
Steps-Taken: 44.43
Comm-Action: [0.5 0.5 0.5 0.5 0.5 0.5 0.5 0.5 0.5 0.5]
batch:  0
batch:  1
batch:  2
batch:  3
batch:  4
batch:  5
batch:  6
batch:  7
batch:  8
batch:  9
Epoch 200
Episode: 317732
Reward: [-1.79 -1.81 -1.8  -1.8  -1.8  -1.79 -1.8  -1.8  -1.8  -1.79]
Time: 153.67s
Success: 0.8112
Steps-Taken: 43.60
Comm-Action: [0.49 0.5  0.49 0.49 0.49 0.49 0.49 0.49 0.49 0.49]
batch:  0
batch:  1
batch:  2
batch:  3
batch:  4
batch:  5
batch:  6
batch:  7
batch:  8
batch:  9
Epoch 201
Episode: 319670
Reward: [-1.8  -1.8  -1.81 -1.8  -1.8  -1.79 -1.8  -1.81 -1.79 -1.79]
Time: 161.22s
Success: 0.8055
Steps-Taken: 43.41
Comm-Action: [0.49 0.48 0.49 0.49 0.49 0.49 0.49 0.49 0.49 0.49]
batch:  0
batch:  1
batch:  2
batch:  3
batch:  4
batch:  5
batch:  6
batch:  7
batch:  8
batch:  9
Epoch 202
Episode: 321522
Reward: [-1.91 -1.92 -1.91 -1.9  -1.91 -1.92 -1.91 -1.91 -1.91 -1.92]
Time: 147.24s
Success: 0.7759
Steps-Taken: 45.45
Comm-Action: [0.5 0.5 0.5 0.5 0.5 0.5 0.5 0.5 0.5 0.5]
batch:  0
batch:  1
batch:  2
batch:  3
batch:  4
batch:  5
batch:  6
batch:  7
batch:  8
batch:  9
Epoch 203
Episode: 323436
Reward: [-1.85 -1.84 -1.83 -1.84 -1.84 -1.84 -1.85 -1.85 -1.84 -1.84]
Time: 161.82s
Success: 0.7915
Steps-Taken: 44.09
Comm-Action: [0.51 0.51 0.51 0.51 0.51 0.51 0.51 0.51 0.51 0.51]
batch:  0
batch:  1
batch:  2
batch:  3
batch:  4
batch:  5
batch:  6
batch:  7
batch:  8
batch:  9
Epoch 204
Episode: 325390
Reward: [-1.81 -1.81 -1.81 -1.82 -1.82 -1.82 -1.81 -1.82 -1.82 -1.81]
Time: 157.27s
Success: 0.7876
Steps-Taken: 43.50
Comm-Action: [0.51 0.51 0.51 0.51 0.51 0.51 0.51 0.51 0.51 0.51]
batch:  0
batch:  1
batch:  2
batch:  3
batch:  4
batch:  5
batch:  6
batch:  7
batch:  8
batch:  9
Epoch 205
Episode: 327340
Reward: [-1.79 -1.81 -1.8  -1.8  -1.8  -1.79 -1.79 -1.79 -1.78 -1.8 ]
Time: 155.99s
Success: 0.7862
Steps-Taken: 42.99
Comm-Action: [0.5 0.5 0.5 0.5 0.5 0.5 0.5 0.5 0.5 0.5]
batch:  0
batch:  1
batch:  2
batch:  3
batch:  4
batch:  5
batch:  6
batch:  7
batch:  8
batch:  9
Epoch 206
Episode: 329370
Reward: [-1.67 -1.68 -1.68 -1.67 -1.68 -1.68 -1.66 -1.68 -1.68 -1.67]
Time: 159.70s
Success: 0.8650
Steps-Taken: 41.45
Comm-Action: [0.49 0.5  0.49 0.49 0.49 0.49 0.49 0.49 0.49 0.49]
batch:  0
batch:  1
batch:  2
batch:  3
batch:  4
batch:  5
batch:  6
batch:  7
batch:  8
batch:  9
Epoch 207
Episode: 331317
Reward: [-1.79 -1.77 -1.78 -1.79 -1.79 -1.79 -1.78 -1.78 -1.78 -1.78]
Time: 160.35s
Success: 0.8264
Steps-Taken: 43.20
Comm-Action: [0.51 0.5  0.51 0.51 0.51 0.51 0.51 0.51 0.51 0.51]
batch:  0
batch:  1
batch:  2
batch:  3
batch:  4
batch:  5
batch:  6
batch:  7
batch:  8
batch:  9
Epoch 208
Episode: 333285
Reward: [-1.77 -1.76 -1.77 -1.77 -1.78 -1.77 -1.77 -1.76 -1.77 -1.77]
Time: 151.86s
Success: 0.8135
Steps-Taken: 42.97
Comm-Action: [0.51 0.51 0.51 0.51 0.51 0.51 0.51 0.51 0.51 0.51]
batch:  0
batch:  1
batch:  2
batch:  3
batch:  4
batch:  5
batch:  6
batch:  7
batch:  8
batch:  9
Epoch 209
Episode: 335301
Reward: [-1.67 -1.67 -1.68 -1.66 -1.68 -1.67 -1.68 -1.67 -1.67 -1.68]
Time: 165.02s
Success: 0.8403
Steps-Taken: 41.79
Comm-Action: [0.52 0.52 0.52 0.51 0.52 0.52 0.52 0.52 0.52 0.52]
batch:  0
batch:  1
batch:  2
batch:  3
batch:  4
batch:  5
batch:  6
batch:  7
batch:  8
batch:  9
Epoch 210
Episode: 337282
Reward: [-1.74 -1.74 -1.73 -1.73 -1.74 -1.73 -1.72 -1.72 -1.72 -1.72]
Time: 153.34s
Success: 0.8041
Steps-Taken: 42.46
Comm-Action: [0.51 0.52 0.52 0.51 0.51 0.52 0.52 0.52 0.52 0.51]
batch:  0
batch:  1
batch:  2
batch:  3
batch:  4
batch:  5
batch:  6
batch:  7
batch:  8
batch:  9
Epoch 211
Episode: 339261
Reward: [-1.72 -1.72 -1.71 -1.71 -1.72 -1.71 -1.72 -1.72 -1.71 -1.72]
Time: 154.43s
Success: 0.8292
Steps-Taken: 42.63
Comm-Action: [0.5 0.5 0.5 0.5 0.5 0.5 0.5 0.5 0.5 0.5]
batch:  0
batch:  1
batch:  2
batch:  3
batch:  4
batch:  5
batch:  6
batch:  7
batch:  8
batch:  9
Epoch 212
Episode: 341226
Reward: [-1.73 -1.73 -1.73 -1.73 -1.74 -1.73 -1.73 -1.72 -1.74 -1.74]
Time: 149.67s
Success: 0.8356
Steps-Taken: 42.99
Comm-Action: [0.5  0.5  0.5  0.5  0.5  0.49 0.5  0.5  0.5  0.5 ]
batch:  0
batch:  1
batch:  2
batch:  3
batch:  4
batch:  5
batch:  6
batch:  7
batch:  8
batch:  9
Epoch 213
Episode: 343192
Reward: [-1.78 -1.77 -1.78 -1.77 -1.77 -1.78 -1.79 -1.78 -1.77 -1.79]
Time: 168.93s
Success: 0.7945
Steps-Taken: 42.98
Comm-Action: [0.52 0.52 0.51 0.51 0.52 0.52 0.51 0.51 0.52 0.51]
batch:  0
batch:  1
batch:  2
batch:  3
batch:  4
batch:  5
batch:  6
batch:  7
batch:  8
batch:  9
Epoch 214
Episode: 345158
Reward: [-1.74 -1.71 -1.72 -1.73 -1.73 -1.73 -1.73 -1.73 -1.73 -1.73]
Time: 157.42s
Success: 0.8174
Steps-Taken: 42.66
Comm-Action: [0.51 0.51 0.5  0.5  0.5  0.5  0.51 0.51 0.5  0.51]
batch:  0
batch:  1
batch:  2
batch:  3
batch:  4
batch:  5
batch:  6
batch:  7
batch:  8
batch:  9
Epoch 215
Episode: 347124
Reward: [-1.75 -1.74 -1.74 -1.73 -1.74 -1.73 -1.73 -1.74 -1.74 -1.73]
Time: 151.98s
Success: 0.8103
Steps-Taken: 42.74
Comm-Action: [0.5 0.5 0.5 0.5 0.5 0.5 0.5 0.5 0.5 0.5]
batch:  0
batch:  1
batch:  2
batch:  3
batch:  4
batch:  5
batch:  6
batch:  7
batch:  8
batch:  9
Epoch 216
Episode: 349102
Reward: [-1.74 -1.74 -1.74 -1.74 -1.74 -1.75 -1.74 -1.74 -1.73 -1.74]
Time: 170.13s
Success: 0.8180
Steps-Taken: 42.69
Comm-Action: [0.5  0.51 0.5  0.5  0.5  0.51 0.51 0.5  0.51 0.51]
batch:  0
batch:  1
batch:  2
batch:  3
batch:  4
batch:  5
batch:  6
batch:  7
batch:  8
batch:  9
Epoch 217
Episode: 351066
Reward: [-1.76 -1.75 -1.76 -1.75 -1.76 -1.75 -1.75 -1.75 -1.75 -1.76]
Time: 163.92s
Success: 0.8070
Steps-Taken: 42.90
Comm-Action: [0.51 0.51 0.51 0.51 0.51 0.51 0.51 0.51 0.51 0.51]
batch:  0
batch:  1
batch:  2
batch:  3
batch:  4
batch:  5
batch:  6
batch:  7
batch:  8
batch:  9
Epoch 218
Episode: 353003
Reward: [-1.8  -1.81 -1.8  -1.81 -1.81 -1.81 -1.81 -1.8  -1.79 -1.82]
Time: 156.18s
Success: 0.7899
Steps-Taken: 43.53
Comm-Action: [0.53 0.53 0.53 0.53 0.53 0.53 0.53 0.53 0.53 0.53]
batch:  0
batch:  1
batch:  2
batch:  3
batch:  4
batch:  5
batch:  6
batch:  7
batch:  8
batch:  9
Epoch 219
Episode: 354942
Reward: [-1.74 -1.76 -1.76 -1.77 -1.76 -1.77 -1.75 -1.75 -1.75 -1.75]
Time: 160.15s
Success: 0.8324
Steps-Taken: 43.48
Comm-Action: [0.52 0.52 0.53 0.52 0.52 0.52 0.52 0.52 0.52 0.52]
batch:  0
batch:  1
batch:  2
batch:  3
batch:  4
batch:  5
batch:  6
batch:  7
batch:  8
batch:  9
Epoch 220
Episode: 356923
Reward: [-1.74 -1.73 -1.73 -1.74 -1.74 -1.73 -1.74 -1.73 -1.75 -1.73]
Time: 156.73s
Success: 0.8157
Steps-Taken: 42.61
Comm-Action: [0.52 0.52 0.52 0.52 0.52 0.52 0.52 0.52 0.52 0.52]
batch:  0
batch:  1
batch:  2
batch:  3
batch:  4
batch:  5
batch:  6
batch:  7
batch:  8
batch:  9
Epoch 221
Episode: 358883
Reward: [-1.78 -1.79 -1.78 -1.78 -1.78 -1.79 -1.78 -1.8  -1.78 -1.78]
Time: 158.82s
Success: 0.7954
Steps-Taken: 43.05
Comm-Action: [0.53 0.53 0.54 0.53 0.53 0.53 0.53 0.53 0.53 0.53]
batch:  0
batch:  1
batch:  2
batch:  3
batch:  4
batch:  5
batch:  6
batch:  7
batch:  8
batch:  9
Epoch 222
Episode: 360830
Reward: [-1.79 -1.78 -1.78 -1.78 -1.79 -1.78 -1.77 -1.79 -1.77 -1.78]
Time: 150.15s
Success: 0.7822
Steps-Taken: 43.01
Comm-Action: [0.53 0.53 0.53 0.53 0.52 0.53 0.53 0.53 0.53 0.53]
batch:  0
batch:  1
batch:  2
batch:  3
batch:  4
batch:  5
batch:  6
batch:  7
batch:  8
batch:  9
Epoch 223
Episode: 362843
Reward: [-1.74 -1.72 -1.74 -1.73 -1.74 -1.73 -1.73 -1.74 -1.73 -1.74]
Time: 162.45s
Success: 0.8102
Steps-Taken: 42.16
Comm-Action: [0.52 0.52 0.52 0.52 0.51 0.51 0.52 0.52 0.51 0.52]
batch:  0
batch:  1
batch:  2
batch:  3
batch:  4
batch:  5
batch:  6
batch:  7
batch:  8
batch:  9
Epoch 224
Episode: 364806
Reward: [-1.72 -1.73 -1.73 -1.72 -1.72 -1.73 -1.72 -1.73 -1.73 -1.72]
Time: 154.80s
Success: 0.8309
Steps-Taken: 42.82
Comm-Action: [0.51 0.5  0.5  0.51 0.51 0.51 0.51 0.5  0.5  0.5 ]
batch:  0
batch:  1
batch:  2
batch:  3
batch:  4
batch:  5
batch:  6
batch:  7
batch:  8
batch:  9
Epoch 225
Episode: 366801
Reward: [-1.71 -1.7  -1.71 -1.7  -1.7  -1.7  -1.7  -1.7  -1.7  -1.71]
Time: 160.67s
Success: 0.8271
Steps-Taken: 42.30
Comm-Action: [0.49 0.49 0.49 0.5  0.49 0.49 0.5  0.49 0.49 0.49]
batch:  0
batch:  1
batch:  2
batch:  3
batch:  4
batch:  5
batch:  6
batch:  7
batch:  8
batch:  9
Epoch 226
Episode: 368772
Reward: [-1.69 -1.69 -1.68 -1.68 -1.68 -1.71 -1.7  -1.68 -1.7  -1.7 ]
Time: 161.62s
Success: 0.8503
Steps-Taken: 42.46
Comm-Action: [0.49 0.49 0.49 0.49 0.49 0.49 0.49 0.49 0.49 0.49]
batch:  0
batch:  1
batch:  2
batch:  3
batch:  4
batch:  5
batch:  6
batch:  7
batch:  8
batch:  9
Epoch 227
Episode: 370760
Reward: [-1.68 -1.67 -1.68 -1.67 -1.67 -1.68 -1.67 -1.69 -1.69 -1.69]
Time: 159.84s
Success: 0.8581
Steps-Taken: 42.21
Comm-Action: [0.48 0.48 0.48 0.49 0.48 0.48 0.48 0.48 0.49 0.49]
batch:  0
batch:  1
batch:  2
batch:  3
batch:  4
batch:  5
batch:  6
batch:  7
batch:  8
batch:  9
Epoch 228
Episode: 372761
Reward: [-1.67 -1.68 -1.67 -1.67 -1.67 -1.68 -1.67 -1.67 -1.67 -1.67]
Time: 145.28s
Success: 0.8506
Steps-Taken: 41.98
Comm-Action: [0.49 0.49 0.49 0.49 0.49 0.49 0.49 0.49 0.49 0.49]
batch:  0
batch:  1
batch:  2
batch:  3
batch:  4
batch:  5
batch:  6
batch:  7
batch:  8
batch:  9
Epoch 229
Episode: 374766
Reward: [-1.67 -1.69 -1.67 -1.68 -1.68 -1.69 -1.68 -1.69 -1.69 -1.69]
Time: 152.12s
Success: 0.8439
Steps-Taken: 42.06
Comm-Action: [0.51 0.51 0.51 0.51 0.51 0.51 0.51 0.51 0.51 0.51]
batch:  0
batch:  1
batch:  2
batch:  3
batch:  4
batch:  5
batch:  6
batch:  7
batch:  8
batch:  9
Epoch 230
Episode: 376742
Reward: [-1.71 -1.71 -1.69 -1.7  -1.72 -1.72 -1.72 -1.7  -1.71 -1.7 ]
Time: 150.80s
Success: 0.8411
Steps-Taken: 42.79
Comm-Action: [0.51 0.51 0.51 0.51 0.51 0.51 0.51 0.51 0.51 0.51]
batch:  0
batch:  1
batch:  2
batch:  3
batch:  4
batch:  5
batch:  6
batch:  7
batch:  8
batch:  9
Epoch 231
Episode: 378812
Reward: [-1.61 -1.61 -1.61 -1.61 -1.6  -1.61 -1.6  -1.61 -1.6  -1.61]
Time: 148.63s
Success: 0.8700
Steps-Taken: 40.73
Comm-Action: [0.5  0.51 0.5  0.51 0.5  0.51 0.51 0.5  0.51 0.51]
batch:  0
batch:  1
batch:  2
batch:  3
batch:  4
batch:  5
batch:  6
batch:  7
batch:  8
batch:  9
Epoch 232
Episode: 380836
Reward: [-1.68 -1.66 -1.67 -1.67 -1.67 -1.67 -1.67 -1.68 -1.67 -1.67]
Time: 163.81s
Success: 0.8449
Steps-Taken: 41.67
Comm-Action: [0.51 0.51 0.51 0.51 0.51 0.51 0.51 0.51 0.51 0.51]
batch:  0
batch:  1
batch:  2
batch:  3
batch:  4
batch:  5
batch:  6
batch:  7
batch:  8
batch:  9
Epoch 233
Episode: 382872
Reward: [-1.64 -1.64 -1.64 -1.65 -1.63 -1.64 -1.64 -1.63 -1.64 -1.64]
Time: 157.76s
Success: 0.8585
Steps-Taken: 41.34
Comm-Action: [0.52 0.51 0.51 0.51 0.52 0.52 0.51 0.51 0.51 0.52]
batch:  0
batch:  1
batch:  2
batch:  3
batch:  4
batch:  5
batch:  6
batch:  7
batch:  8
batch:  9
Epoch 234
Episode: 384874
Reward: [-1.68 -1.68 -1.68 -1.67 -1.68 -1.68 -1.67 -1.67 -1.68 -1.67]
Time: 153.71s
Success: 0.8427
Steps-Taken: 41.92
Comm-Action: [0.51 0.51 0.51 0.51 0.51 0.51 0.51 0.51 0.51 0.51]
batch:  0
batch:  1
batch:  2
batch:  3
batch:  4
batch:  5
batch:  6
batch:  7
batch:  8
batch:  9
Epoch 235
Episode: 386915
Reward: [-1.65 -1.64 -1.64 -1.64 -1.63 -1.63 -1.64 -1.64 -1.64 -1.64]
Time: 153.56s
Success: 0.8589
Steps-Taken: 41.35
Comm-Action: [0.51 0.51 0.51 0.5  0.51 0.5  0.51 0.51 0.51 0.51]
batch:  0
batch:  1
batch:  2
batch:  3
batch:  4
batch:  5
batch:  6
batch:  7
batch:  8
batch:  9
Epoch 236
Episode: 388943
Reward: [-1.67 -1.67 -1.67 -1.66 -1.67 -1.68 -1.68 -1.66 -1.68 -1.67]
Time: 147.52s
Success: 0.8447
Steps-Taken: 41.65
Comm-Action: [0.51 0.51 0.51 0.51 0.5  0.51 0.51 0.51 0.51 0.51]
batch:  0
batch:  1
batch:  2
batch:  3
batch:  4
batch:  5
batch:  6
batch:  7
batch:  8
batch:  9
Epoch 237
Episode: 390940
Reward: [-1.69 -1.69 -1.68 -1.68 -1.68 -1.68 -1.69 -1.69 -1.69 -1.68]
Time: 154.09s
Success: 0.8378
Steps-Taken: 42.10
Comm-Action: [0.51 0.51 0.51 0.51 0.51 0.51 0.51 0.51 0.51 0.51]
batch:  0
batch:  1
batch:  2
batch:  3
batch:  4
batch:  5
batch:  6
batch:  7
batch:  8
batch:  9
Epoch 238
Episode: 392937
Reward: [-1.7  -1.68 -1.69 -1.69 -1.7  -1.71 -1.69 -1.7  -1.7  -1.7 ]
Time: 143.51s
Success: 0.8322
Steps-Taken: 42.07
Comm-Action: [0.49 0.49 0.49 0.49 0.49 0.49 0.49 0.49 0.49 0.49]
batch:  0
batch:  1
batch:  2
batch:  3
batch:  4
batch:  5
batch:  6
batch:  7
batch:  8
batch:  9
Epoch 239
Episode: 394951
Reward: [-1.68 -1.66 -1.67 -1.68 -1.66 -1.65 -1.67 -1.67 -1.66 -1.67]
Time: 155.88s
Success: 0.8466
Steps-Taken: 41.97
Comm-Action: [0.48 0.49 0.49 0.49 0.49 0.49 0.49 0.49 0.49 0.49]
batch:  0
batch:  1
batch:  2
batch:  3
batch:  4
batch:  5
batch:  6
batch:  7
batch:  8
batch:  9
Epoch 240
Episode: 396981
Reward: [-1.63 -1.62 -1.63 -1.63 -1.62 -1.63 -1.63 -1.63 -1.63 -1.64]
Time: 146.81s
Success: 0.8601
Steps-Taken: 41.25
Comm-Action: [0.51 0.51 0.51 0.51 0.51 0.51 0.51 0.51 0.51 0.51]
batch:  0
batch:  1
batch:  2
batch:  3
batch:  4
batch:  5
batch:  6
batch:  7
batch:  8
batch:  9
Epoch 241
Episode: 399008
Reward: [-1.65 -1.65 -1.64 -1.65 -1.65 -1.64 -1.64 -1.64 -1.64 -1.65]
Time: 151.83s
Success: 0.8559
Steps-Taken: 41.37
Comm-Action: [0.53 0.53 0.53 0.53 0.53 0.53 0.53 0.53 0.53 0.53]
batch:  0
batch:  1
batch:  2
batch:  3
batch:  4
batch:  5
batch:  6
batch:  7
batch:  8
batch:  9
Epoch 242
Episode: 401099
Reward: [-1.57 -1.56 -1.57 -1.57 -1.59 -1.57 -1.57 -1.58 -1.57 -1.57]
Time: 147.85s
Success: 0.8828
Steps-Taken: 40.15
Comm-Action: [0.51 0.51 0.51 0.52 0.51 0.52 0.52 0.51 0.52 0.52]
batch:  0
batch:  1
batch:  2
batch:  3
batch:  4
batch:  5
batch:  6
batch:  7
batch:  8
batch:  9
Epoch 243
Episode: 403136
Reward: [-1.63 -1.63 -1.63 -1.64 -1.62 -1.63 -1.63 -1.64 -1.64 -1.63]
Time: 147.61s
Success: 0.8748
Steps-Taken: 41.15
Comm-Action: [0.51 0.51 0.51 0.51 0.51 0.51 0.51 0.51 0.51 0.51]
batch:  0
batch:  1
batch:  2
batch:  3
batch:  4
batch:  5
batch:  6
batch:  7
batch:  8
batch:  9
Epoch 244
Episode: 405165
Reward: [-1.65 -1.66 -1.66 -1.66 -1.65 -1.66 -1.65 -1.66 -1.65 -1.65]
Time: 151.95s
Success: 0.8546
Steps-Taken: 41.39
Comm-Action: [0.5  0.5  0.5  0.51 0.51 0.5  0.5  0.5  0.5  0.5 ]
batch:  0
batch:  1
batch:  2
batch:  3
batch:  4
batch:  5
batch:  6
batch:  7
batch:  8
batch:  9
Epoch 245
Episode: 407197
Reward: [-1.62 -1.63 -1.61 -1.63 -1.63 -1.62 -1.62 -1.63 -1.63 -1.62]
Time: 155.76s
Success: 0.8794
Steps-Taken: 41.41
Comm-Action: [0.51 0.51 0.51 0.51 0.51 0.51 0.51 0.51 0.51 0.51]
batch:  0
batch:  1
batch:  2
batch:  3
batch:  4
batch:  5
batch:  6
batch:  7
batch:  8
batch:  9
Epoch 246
Episode: 409228
Reward: [-1.65 -1.65 -1.64 -1.65 -1.64 -1.65 -1.65 -1.66 -1.66 -1.68]
Time: 151.43s
Success: 0.8557
Steps-Taken: 41.69
Comm-Action: [0.51 0.51 0.51 0.51 0.51 0.51 0.51 0.51 0.51 0.51]
batch:  0
batch:  1
batch:  2
batch:  3
batch:  4
batch:  5
batch:  6
batch:  7
batch:  8
batch:  9
Epoch 247
Episode: 411251
Reward: [-1.64 -1.64 -1.64 -1.65 -1.65 -1.65 -1.65 -1.66 -1.63 -1.64]
Time: 156.31s
Success: 0.8611
Steps-Taken: 41.57
Comm-Action: [0.5 0.5 0.5 0.5 0.5 0.5 0.5 0.5 0.5 0.5]
batch:  0
batch:  1
batch:  2
batch:  3
batch:  4
batch:  5
batch:  6
batch:  7
batch:  8
batch:  9
Epoch 248
Episode: 413331
Reward: [-1.57 -1.59 -1.58 -1.58 -1.59 -1.58 -1.59 -1.58 -1.59 -1.58]
Time: 160.58s
Success: 0.8808
Steps-Taken: 40.42
Comm-Action: [0.51 0.51 0.5  0.51 0.5  0.51 0.5  0.51 0.51 0.51]
batch:  0
batch:  1
batch:  2
batch:  3
batch:  4
batch:  5
batch:  6
batch:  7
batch:  8
batch:  9
Epoch 249
Episode: 415437
Reward: [-1.57 -1.56 -1.57 -1.56 -1.57 -1.57 -1.57 -1.58 -1.57 -1.57]
Time: 164.36s
Success: 0.8879
Steps-Taken: 40.04
Comm-Action: [0.5  0.5  0.5  0.5  0.5  0.5  0.5  0.5  0.5  0.49]
batch:  0
batch:  1
batch:  2
batch:  3
batch:  4
batch:  5
batch:  6
batch:  7
batch:  8
batch:  9
Epoch 250
Episode: 417507
Reward: [-1.62 -1.63 -1.63 -1.63 -1.63 -1.62 -1.63 -1.63 -1.62 -1.62]
Time: 155.86s
Success: 0.8676
Steps-Taken: 40.75
Comm-Action: [0.48 0.48 0.48 0.48 0.48 0.49 0.48 0.49 0.49 0.48]
==============================================================================
Running epilogue script on gold55.

Submit time  : 2024-11-12T12:17:26
Start time   : 2024-11-12T12:17:30
End time     : 2024-11-12T22:53:52
Elapsed time : 10:36:22 (Timelimit=2-12:00:00)

Job ID: 6772954
Cluster: i5
User/Group: jabn1n20/fp
State: COMPLETED (exit code 0)
Nodes: 1
Cores per node: 8
CPU Utilized: 09:05:04
CPU Efficiency: 10.71% of 3-12:50:56 core-walltime
Job Wall-clock time: 10:36:22
Memory Utilized: 11.01 GB
Memory Efficiency: 5.97% of 184.57 GB

