Running SLURM prolog script on gold60.cluster.local
===============================================================================
Job started on Mon Oct 14 10:30:59 BST 2024
Job ID          : 6641794
Job name        : train_dpp_10v1_tarmac.sh
WorkDir         : /mainfs/home/jabn1n20/CTDComm/baselines
Command         : /mainfs/home/jabn1n20/CTDComm/baselines/dec_scripts/train_dpp_10v1_tarmac.sh
Partition       : serial
Num hosts       : 1
Num cores       : 8
Num of tasks    : 8
Hosts allocated : gold60
Job Output Follows ...
===============================================================================
Namespace(action_scale=1.0, advantages_per_action=False, alpha=0.97, batch_size=500, cave=False, comm_action_one=False, comm_init='uniform', comm_mask_zero=False, comm_mode='avg', comm_passes=1, comm_range=0, commnet=1, continuous=False, dec_tarmac=False, detach_gap=10, dim=20, dim_actions=2, directed=False, display=False, entr=0, env_name='dec_predator_prey', env_seed=1, epoch_size=10, eps=1e-06, first_gat_normalize=False, first_graph_complete=False, gacomm=False, gamma=1.0, gat_encoder_normalize=False, gat_encoder_out_size=64, gat_hid_size=64, gat_num_heads=1, gat_num_heads_out=1, ge_num_heads=4, hard_attn=1, hid_size=128, ic3net=True, learn_second_graph=False, learning_prey=False, load='', lrate=0.001, magic=False, max_steps=80, mean_ratio=0, message_decoder=False, message_encoder=False, mode='mixed', moving_prey=False, naction_heads=[5, 2], nactions='1', nagents=10, nenemies=1, nfriendly=10, normalize_rewards=False, nprocesses=16, num_actions=[5, 2], num_epochs=250, num_inputs=3636, plot=False, plot_env='main', plot_port='8097', qk_hid_size=16, random=False, recurrent=True, rnn_type='LSTM', save=True, save_adjacency=False, save_every=25, second_gat_normalize=False, second_graph_complete=False, seed=1, self_loop_type1=2, self_loop_type2=2, share_weights=False, stay=True, tarcomm=True, tau=1.0, use_gat_encoder=False, value_coeff=0.01, value_hid_size=128, vision=1)
====================================================================================================
Model log:

TarCommNetMLP(
  (heads): ModuleList(
    (0): Linear(in_features=128, out_features=5, bias=True)
    (1): Linear(in_features=128, out_features=2, bias=True)
  )
  (encoder): Linear(in_features=3636, out_features=128, bias=True)
  (hidd_encoder): Linear(in_features=128, out_features=128, bias=True)
  (f_module): LSTMCell(128, 128)
  (C_modules): ModuleList(
    (0): Linear(in_features=128, out_features=128, bias=True)
  )
  (tanh): Tanh()
  (value_head): Linear(in_features=128, out_features=1, bias=True)
  (state2query): Linear(in_features=128, out_features=16, bias=True)
  (state2key): Linear(in_features=128, out_features=16, bias=True)
  (state2value): Linear(in_features=128, out_features=128, bias=True)
)
====================================================================================================

batch:  0
batch:  1
batch:  2
batch:  3
batch:  4
batch:  5
batch:  6
batch:  7
batch:  8
batch:  9
Epoch 1
Episode: 1120
Reward: [-3.87 -3.9  -3.88 -3.89 -3.88 -3.87 -3.87 -3.9  -3.88 -3.87]
Time: 236.62s
Success: 0.0000
Steps-Taken: 80.00
Comm-Action: [0.61 0.61 0.61 0.62 0.61 0.62 0.61 0.61 0.61 0.61]
batch:  0
batch:  1
batch:  2
batch:  3
batch:  4
batch:  5
batch:  6
batch:  7
batch:  8
batch:  9
Epoch 2
Episode: 2240
Reward: [-3.88 -3.94 -3.89 -3.88 -3.92 -3.88 -3.88 -3.88 -3.9  -3.88]
Time: 240.22s
Success: 0.0000
Steps-Taken: 80.00
Comm-Action: [0.67 0.67 0.67 0.67 0.67 0.67 0.67 0.67 0.67 0.67]
batch:  0
batch:  1
batch:  2
batch:  3
batch:  4
batch:  5
batch:  6
batch:  7
batch:  8
batch:  9
Epoch 3
Episode: 3360
Reward: [-3.9  -3.88 -3.9  -3.93 -3.9  -3.91 -3.9  -3.92 -3.89 -3.89]
Time: 235.43s
Success: 0.0000
Steps-Taken: 80.00
Comm-Action: [0.52 0.52 0.53 0.52 0.52 0.52 0.52 0.52 0.52 0.53]
batch:  0
batch:  1
batch:  2
batch:  3
batch:  4
batch:  5
batch:  6
batch:  7
batch:  8
batch:  9
Epoch 4
Episode: 4480
Reward: [-3.88 -3.9  -3.88 -3.91 -3.89 -3.91 -3.89 -3.92 -3.89 -3.9 ]
Time: 239.03s
Success: 0.0000
Steps-Taken: 80.00
Comm-Action: [0.52 0.52 0.52 0.52 0.52 0.52 0.52 0.52 0.52 0.52]
batch:  0
batch:  1
batch:  2
batch:  3
batch:  4
batch:  5
batch:  6
batch:  7
batch:  8
batch:  9
Epoch 5
Episode: 5600
Reward: [-3.86 -3.93 -3.89 -3.91 -3.88 -3.91 -3.88 -3.89 -3.9  -3.87]
Time: 227.84s
Success: 0.0000
Steps-Taken: 80.00
Comm-Action: [0.51 0.52 0.51 0.52 0.51 0.51 0.52 0.52 0.52 0.51]
batch:  0
batch:  1
batch:  2
batch:  3
batch:  4
batch:  5
batch:  6
batch:  7
batch:  8
batch:  9
Epoch 6
Episode: 6720
Reward: [-3.84 -3.87 -3.86 -3.84 -3.84 -3.86 -3.88 -3.86 -3.88 -3.86]
Time: 230.43s
Success: 0.0009
Steps-Taken: 80.00
Comm-Action: [0.54 0.54 0.55 0.54 0.55 0.54 0.54 0.55 0.54 0.55]
batch:  0
batch:  1
batch:  2
batch:  3
batch:  4
batch:  5
batch:  6
batch:  7
batch:  8
batch:  9
Epoch 7
Episode: 7840
Reward: [-3.89 -3.87 -3.86 -3.84 -3.88 -3.87 -3.85 -3.87 -3.82 -3.83]
Time: 236.31s
Success: 0.0000
Steps-Taken: 80.00
Comm-Action: [0.5 0.5 0.5 0.5 0.5 0.5 0.5 0.5 0.5 0.5]
batch:  0
batch:  1
batch:  2
batch:  3
batch:  4
batch:  5
batch:  6
batch:  7
batch:  8
batch:  9
Epoch 8
Episode: 8960
Reward: [-3.9  -3.86 -3.89 -3.87 -3.84 -3.89 -3.89 -3.81 -3.88 -3.88]
Time: 232.28s
Success: 0.0000
Steps-Taken: 80.00
Comm-Action: [0.45 0.45 0.45 0.45 0.45 0.45 0.45 0.45 0.45 0.45]
batch:  0
batch:  1
batch:  2
batch:  3
batch:  4
batch:  5
batch:  6
batch:  7
batch:  8
batch:  9
Epoch 9
Episode: 10080
Reward: [-3.85 -3.87 -3.82 -3.85 -3.86 -3.9  -3.87 -3.88 -3.87 -3.9 ]
Time: 238.85s
Success: 0.0000
Steps-Taken: 80.00
Comm-Action: [0.45 0.45 0.45 0.45 0.45 0.45 0.45 0.45 0.45 0.45]
batch:  0
batch:  1
batch:  2
batch:  3
batch:  4
batch:  5
batch:  6
batch:  7
batch:  8
batch:  9
Epoch 10
Episode: 11200
Reward: [-3.88 -3.86 -3.85 -3.85 -3.89 -3.84 -3.85 -3.89 -3.87 -3.85]
Time: 222.64s
Success: 0.0000
Steps-Taken: 80.00
Comm-Action: [0.42 0.43 0.42 0.43 0.43 0.43 0.43 0.43 0.43 0.43]
batch:  0
batch:  1
batch:  2
batch:  3
batch:  4
batch:  5
batch:  6
batch:  7
batch:  8
batch:  9
Epoch 11
Episode: 12320
Reward: [-3.84 -3.86 -3.85 -3.86 -3.85 -3.86 -3.81 -3.85 -3.86 -3.84]
Time: 230.56s
Success: 0.0000
Steps-Taken: 80.00
Comm-Action: [0.44 0.44 0.44 0.44 0.44 0.44 0.44 0.44 0.44 0.44]
batch:  0
batch:  1
batch:  2
batch:  3
batch:  4
batch:  5
batch:  6
batch:  7
batch:  8
batch:  9
Epoch 12
Episode: 13440
Reward: [-3.84 -3.87 -3.86 -3.87 -3.85 -3.88 -3.87 -3.82 -3.82 -3.86]
Time: 245.73s
Success: 0.0000
Steps-Taken: 80.00
Comm-Action: [0.39 0.39 0.39 0.39 0.39 0.39 0.39 0.39 0.38 0.39]
batch:  0
batch:  1
batch:  2
batch:  3
batch:  4
batch:  5
batch:  6
batch:  7
batch:  8
batch:  9
Epoch 13
Episode: 14560
Reward: [-3.82 -3.81 -3.8  -3.88 -3.83 -3.86 -3.81 -3.8  -3.8  -3.8 ]
Time: 226.49s
Success: 0.0000
Steps-Taken: 80.00
Comm-Action: [0.44 0.44 0.44 0.44 0.44 0.44 0.45 0.45 0.45 0.44]
batch:  0
batch:  1
batch:  2
batch:  3
batch:  4
batch:  5
batch:  6
batch:  7
batch:  8
batch:  9
Epoch 14
Episode: 15680
Reward: [-3.84 -3.84 -3.85 -3.85 -3.84 -3.81 -3.85 -3.82 -3.81 -3.8 ]
Time: 233.90s
Success: 0.0009
Steps-Taken: 80.00
Comm-Action: [0.39 0.39 0.39 0.39 0.39 0.39 0.39 0.39 0.39 0.39]
batch:  0
batch:  1
batch:  2
batch:  3
batch:  4
batch:  5
batch:  6
batch:  7
batch:  8
batch:  9
Epoch 15
Episode: 16800
Reward: [-3.8  -3.83 -3.81 -3.82 -3.82 -3.85 -3.8  -3.81 -3.84 -3.83]
Time: 228.58s
Success: 0.0000
Steps-Taken: 80.00
Comm-Action: [0.42 0.42 0.42 0.42 0.42 0.42 0.42 0.42 0.42 0.41]
batch:  0
batch:  1
batch:  2
batch:  3
batch:  4
batch:  5
batch:  6
batch:  7
batch:  8
batch:  9
Epoch 16
Episode: 17920
Reward: [-3.82 -3.84 -3.82 -3.81 -3.82 -3.83 -3.84 -3.81 -3.79 -3.83]
Time: 222.65s
Success: 0.0000
Steps-Taken: 80.00
Comm-Action: [0.43 0.43 0.44 0.43 0.43 0.43 0.43 0.43 0.43 0.44]
batch:  0
batch:  1
batch:  2
batch:  3
batch:  4
batch:  5
batch:  6
batch:  7
batch:  8
batch:  9
Epoch 17
Episode: 19040
Reward: [-3.84 -3.83 -3.8  -3.82 -3.8  -3.78 -3.82 -3.8  -3.84 -3.83]
Time: 224.01s
Success: 0.0009
Steps-Taken: 80.00
Comm-Action: [0.44 0.44 0.44 0.44 0.44 0.44 0.44 0.44 0.44 0.44]
batch:  0
batch:  1
batch:  2
batch:  3
batch:  4
batch:  5
batch:  6
batch:  7
batch:  8
batch:  9
Epoch 18
Episode: 20160
Reward: [-3.84 -3.79 -3.84 -3.82 -3.82 -3.84 -3.8  -3.81 -3.85 -3.87]
Time: 225.20s
Success: 0.0009
Steps-Taken: 80.00
Comm-Action: [0.55 0.55 0.54 0.55 0.54 0.55 0.54 0.55 0.55 0.55]
batch:  0
batch:  1
batch:  2
batch:  3
batch:  4
batch:  5
batch:  6
batch:  7
batch:  8
batch:  9
Epoch 19
Episode: 21280
Reward: [-3.8  -3.8  -3.81 -3.82 -3.77 -3.82 -3.84 -3.81 -3.86 -3.77]
Time: 234.06s
Success: 0.0000
Steps-Taken: 80.00
Comm-Action: [0.62 0.62 0.62 0.62 0.62 0.62 0.62 0.62 0.62 0.62]
batch:  0
batch:  1
batch:  2
batch:  3
batch:  4
batch:  5
batch:  6
batch:  7
batch:  8
batch:  9
Epoch 20
Episode: 22400
Reward: [-3.77 -3.82 -3.83 -3.79 -3.8  -3.84 -3.79 -3.81 -3.81 -3.84]
Time: 222.73s
Success: 0.0000
Steps-Taken: 80.00
Comm-Action: [0.63 0.63 0.63 0.63 0.63 0.63 0.63 0.63 0.63 0.63]
batch:  0
batch:  1
batch:  2
batch:  3
batch:  4
batch:  5
batch:  6
batch:  7
batch:  8
batch:  9
Epoch 21
Episode: 23520
Reward: [-3.76 -3.8  -3.78 -3.8  -3.75 -3.8  -3.77 -3.78 -3.79 -3.79]
Time: 224.01s
Success: 0.0009
Steps-Taken: 80.00
Comm-Action: [0.7 0.7 0.7 0.7 0.7 0.7 0.7 0.7 0.7 0.7]
batch:  0
batch:  1
batch:  2
batch:  3
batch:  4
batch:  5
batch:  6
batch:  7
batch:  8
batch:  9
Epoch 22
Episode: 24640
Reward: [-3.82 -3.85 -3.76 -3.77 -3.81 -3.81 -3.82 -3.84 -3.8  -3.8 ]
Time: 231.65s
Success: 0.0000
Steps-Taken: 80.00
Comm-Action: [0.71 0.71 0.71 0.71 0.71 0.71 0.71 0.71 0.71 0.71]
batch:  0
batch:  1
batch:  2
batch:  3
batch:  4
batch:  5
batch:  6
batch:  7
batch:  8
batch:  9
Epoch 23
Episode: 25760
Reward: [-3.8  -3.77 -3.78 -3.8  -3.75 -3.81 -3.8  -3.79 -3.82 -3.79]
Time: 233.32s
Success: 0.0018
Steps-Taken: 79.98
Comm-Action: [0.68 0.68 0.69 0.68 0.68 0.68 0.68 0.68 0.68 0.68]
batch:  0
batch:  1
batch:  2
batch:  3
batch:  4
batch:  5
batch:  6
batch:  7
batch:  8
batch:  9
Epoch 24
Episode: 26880
Reward: [-3.8  -3.73 -3.8  -3.75 -3.77 -3.73 -3.79 -3.8  -3.81 -3.8 ]
Time: 230.40s
Success: 0.0009
Steps-Taken: 79.99
Comm-Action: [0.71 0.71 0.71 0.71 0.71 0.71 0.71 0.71 0.71 0.71]
batch:  0
batch:  1
batch:  2
batch:  3
batch:  4
batch:  5
batch:  6
batch:  7
batch:  8
batch:  9
Epoch 25
Episode: 28000
Reward: [-3.79 -3.78 -3.77 -3.81 -3.81 -3.78 -3.78 -3.78 -3.78 -3.77]
Time: 226.03s
Success: 0.0000
Steps-Taken: 80.00
Comm-Action: [0.71 0.71 0.71 0.71 0.71 0.71 0.71 0.71 0.71 0.71]
batch:  0
batch:  1
batch:  2
batch:  3
batch:  4
batch:  5
batch:  6
batch:  7
batch:  8
batch:  9
Epoch 26
Episode: 29120
Reward: [-3.77 -3.83 -3.8  -3.78 -3.79 -3.81 -3.84 -3.81 -3.79 -3.79]
Time: 221.96s
Success: 0.0000
Steps-Taken: 80.00
Comm-Action: [0.76 0.76 0.76 0.76 0.76 0.76 0.76 0.76 0.76 0.76]
batch:  0
batch:  1
batch:  2
batch:  3
batch:  4
batch:  5
batch:  6
batch:  7
batch:  8
batch:  9
Epoch 27
Episode: 30240
Reward: [-3.76 -3.79 -3.8  -3.81 -3.79 -3.81 -3.77 -3.78 -3.78 -3.76]
Time: 216.91s
Success: 0.0009
Steps-Taken: 79.98
Comm-Action: [0.74 0.74 0.74 0.74 0.74 0.75 0.74 0.74 0.74 0.74]
batch:  0
batch:  1
batch:  2
batch:  3
batch:  4
batch:  5
batch:  6
batch:  7
batch:  8
batch:  9
Epoch 28
Episode: 31360
Reward: [-3.78 -3.74 -3.77 -3.78 -3.78 -3.82 -3.74 -3.71 -3.8  -3.74]
Time: 216.86s
Success: 0.0000
Steps-Taken: 80.00
Comm-Action: [0.74 0.75 0.75 0.75 0.75 0.75 0.75 0.75 0.75 0.74]
batch:  0
batch:  1
batch:  2
batch:  3
batch:  4
batch:  5
batch:  6
batch:  7
batch:  8
batch:  9
Epoch 29
Episode: 32480
Reward: [-3.77 -3.78 -3.8  -3.8  -3.79 -3.74 -3.78 -3.75 -3.72 -3.74]
Time: 215.41s
Success: 0.0000
Steps-Taken: 80.00
Comm-Action: [0.73 0.73 0.73 0.73 0.73 0.73 0.73 0.74 0.73 0.73]
batch:  0
batch:  1
batch:  2
batch:  3
batch:  4
batch:  5
batch:  6
batch:  7
batch:  8
batch:  9
Epoch 30
Episode: 33600
Reward: [-3.74 -3.74 -3.76 -3.78 -3.79 -3.76 -3.78 -3.8  -3.78 -3.76]
Time: 210.87s
Success: 0.0000
Steps-Taken: 80.00
Comm-Action: [0.76 0.77 0.77 0.77 0.77 0.77 0.77 0.77 0.77 0.76]
batch:  0
batch:  1
batch:  2
batch:  3
batch:  4
batch:  5
batch:  6
batch:  7
batch:  8
batch:  9
Epoch 31
Episode: 34720
Reward: [-3.73 -3.81 -3.81 -3.8  -3.77 -3.76 -3.8  -3.78 -3.75 -3.76]
Time: 213.92s
Success: 0.0000
Steps-Taken: 80.00
Comm-Action: [0.77 0.77 0.77 0.77 0.77 0.77 0.77 0.77 0.77 0.77]
batch:  0
batch:  1
batch:  2
batch:  3
batch:  4
batch:  5
batch:  6
batch:  7
batch:  8
batch:  9
Epoch 32
Episode: 35840
Reward: [-3.77 -3.76 -3.79 -3.74 -3.77 -3.76 -3.79 -3.77 -3.77 -3.78]
Time: 214.48s
Success: 0.0000
Steps-Taken: 80.00
Comm-Action: [0.74 0.75 0.74 0.74 0.75 0.74 0.74 0.75 0.74 0.75]
batch:  0
batch:  1
batch:  2
batch:  3
batch:  4
batch:  5
batch:  6
batch:  7
batch:  8
batch:  9
Epoch 33
Episode: 36960
Reward: [-3.75 -3.78 -3.78 -3.72 -3.77 -3.75 -3.72 -3.73 -3.77 -3.68]
Time: 212.87s
Success: 0.0000
Steps-Taken: 80.00
Comm-Action: [0.7 0.7 0.7 0.7 0.7 0.7 0.7 0.7 0.7 0.7]
batch:  0
batch:  1
batch:  2
batch:  3
batch:  4
batch:  5
batch:  6
batch:  7
batch:  8
batch:  9
Epoch 34
Episode: 38080
Reward: [-3.72 -3.7  -3.79 -3.73 -3.74 -3.76 -3.72 -3.73 -3.68 -3.76]
Time: 210.30s
Success: 0.0000
Steps-Taken: 80.00
Comm-Action: [0.71 0.71 0.71 0.71 0.71 0.71 0.71 0.71 0.71 0.71]
batch:  0
batch:  1
batch:  2
batch:  3
batch:  4
batch:  5
batch:  6
batch:  7
batch:  8
batch:  9
Epoch 35
Episode: 39200
Reward: [-3.71 -3.79 -3.72 -3.78 -3.75 -3.76 -3.75 -3.76 -3.78 -3.76]
Time: 212.18s
Success: 0.0000
Steps-Taken: 80.00
Comm-Action: [0.76 0.76 0.76 0.76 0.76 0.76 0.75 0.76 0.76 0.76]
batch:  0
batch:  1
batch:  2
batch:  3
batch:  4
batch:  5
batch:  6
batch:  7
batch:  8
batch:  9
Epoch 36
Episode: 40320
Reward: [-3.78 -3.76 -3.76 -3.73 -3.71 -3.68 -3.71 -3.74 -3.75 -3.74]
Time: 208.98s
Success: 0.0000
Steps-Taken: 80.00
Comm-Action: [0.74 0.74 0.74 0.74 0.74 0.74 0.74 0.74 0.74 0.74]
batch:  0
batch:  1
batch:  2
batch:  3
batch:  4
batch:  5
batch:  6
batch:  7
batch:  8
batch:  9
Epoch 37
Episode: 41440
Reward: [-3.71 -3.66 -3.73 -3.74 -3.72 -3.68 -3.71 -3.69 -3.74 -3.71]
Time: 211.54s
Success: 0.0000
Steps-Taken: 80.00
Comm-Action: [0.71 0.71 0.71 0.71 0.71 0.71 0.71 0.71 0.71 0.71]
batch:  0
batch:  1
batch:  2
batch:  3
batch:  4
batch:  5
batch:  6
batch:  7
batch:  8
batch:  9
Epoch 38
Episode: 42560
Reward: [-3.73 -3.74 -3.65 -3.7  -3.71 -3.68 -3.69 -3.72 -3.67 -3.74]
Time: 210.23s
Success: 0.0018
Steps-Taken: 79.98
Comm-Action: [0.64 0.64 0.64 0.64 0.64 0.64 0.64 0.64 0.64 0.64]
batch:  0
batch:  1
batch:  2
batch:  3
batch:  4
batch:  5
batch:  6
batch:  7
batch:  8
batch:  9
Epoch 39
Episode: 43680
Reward: [-3.67 -3.71 -3.7  -3.71 -3.69 -3.71 -3.71 -3.67 -3.73 -3.76]
Time: 209.91s
Success: 0.0018
Steps-Taken: 79.97
Comm-Action: [0.59 0.59 0.59 0.59 0.59 0.59 0.59 0.59 0.59 0.6 ]
batch:  0
batch:  1
batch:  2
batch:  3
batch:  4
batch:  5
batch:  6
batch:  7
batch:  8
batch:  9
Epoch 40
Episode: 44800
Reward: [-3.74 -3.71 -3.72 -3.7  -3.72 -3.73 -3.7  -3.73 -3.74 -3.74]
Time: 208.52s
Success: 0.0063
Steps-Taken: 79.86
Comm-Action: [0.64 0.63 0.64 0.63 0.63 0.64 0.63 0.64 0.64 0.64]
batch:  0
batch:  1
batch:  2
batch:  3
batch:  4
batch:  5
batch:  6
batch:  7
batch:  8
batch:  9
Epoch 41
Episode: 45920
Reward: [-3.66 -3.66 -3.69 -3.68 -3.66 -3.65 -3.69 -3.64 -3.69 -3.72]
Time: 207.94s
Success: 0.0009
Steps-Taken: 79.99
Comm-Action: [0.67 0.67 0.67 0.66 0.67 0.67 0.67 0.67 0.67 0.67]
batch:  0
batch:  1
batch:  2
batch:  3
batch:  4
batch:  5
batch:  6
batch:  7
batch:  8
batch:  9
Epoch 42
Episode: 47040
Reward: [-3.61 -3.65 -3.64 -3.67 -3.64 -3.65 -3.62 -3.64 -3.67 -3.65]
Time: 202.64s
Success: 0.0036
Steps-Taken: 79.91
Comm-Action: [0.63 0.63 0.63 0.63 0.63 0.63 0.63 0.63 0.64 0.63]
batch:  0
batch:  1
batch:  2
batch:  3
batch:  4
batch:  5
batch:  6
batch:  7
batch:  8
batch:  9
Epoch 43
Episode: 48160
Reward: [-3.6  -3.64 -3.63 -3.63 -3.57 -3.66 -3.62 -3.65 -3.62 -3.66]
Time: 207.02s
Success: 0.0107
Steps-Taken: 79.79
Comm-Action: [0.6  0.6  0.59 0.6  0.6  0.6  0.59 0.59 0.6  0.6 ]
batch:  0
batch:  1
batch:  2
batch:  3
batch:  4
batch:  5
batch:  6
batch:  7
batch:  8
batch:  9
Epoch 44
Episode: 49280
Reward: [-3.72 -3.7  -3.7  -3.73 -3.7  -3.73 -3.77 -3.7  -3.69 -3.71]
Time: 204.60s
Success: 0.0045
Steps-Taken: 79.93
Comm-Action: [0.51 0.51 0.51 0.51 0.51 0.51 0.51 0.51 0.51 0.51]
batch:  0
batch:  1
batch:  2
batch:  3
batch:  4
batch:  5
batch:  6
batch:  7
batch:  8
batch:  9
Epoch 45
Episode: 50400
Reward: [-3.66 -3.62 -3.65 -3.69 -3.59 -3.7  -3.66 -3.69 -3.65 -3.66]
Time: 203.89s
Success: 0.0018
Steps-Taken: 79.98
Comm-Action: [0.55 0.55 0.55 0.55 0.55 0.55 0.55 0.55 0.55 0.55]
batch:  0
batch:  1
batch:  2
batch:  3
batch:  4
batch:  5
batch:  6
batch:  7
batch:  8
batch:  9
Epoch 46
Episode: 51520
Reward: [-3.68 -3.73 -3.7  -3.73 -3.68 -3.72 -3.75 -3.71 -3.76 -3.69]
Time: 204.49s
Success: 0.0179
Steps-Taken: 79.61
Comm-Action: [0.58 0.57 0.57 0.57 0.57 0.57 0.57 0.57 0.57 0.57]
batch:  0
batch:  1
batch:  2
batch:  3
batch:  4
batch:  5
batch:  6
batch:  7
batch:  8
batch:  9
Epoch 47
Episode: 52640
Reward: [-3.66 -3.73 -3.7  -3.67 -3.7  -3.74 -3.67 -3.65 -3.69 -3.66]
Time: 203.98s
Success: 0.0187
Steps-Taken: 79.57
Comm-Action: [0.56 0.56 0.56 0.56 0.56 0.56 0.55 0.55 0.55 0.56]
batch:  0
batch:  1
batch:  2
batch:  3
batch:  4
batch:  5
batch:  6
batch:  7
batch:  8
batch:  9
Epoch 48
Episode: 53760
Reward: [-3.63 -3.61 -3.61 -3.6  -3.59 -3.56 -3.65 -3.64 -3.63 -3.61]
Time: 202.95s
Success: 0.0187
Steps-Taken: 79.55
Comm-Action: [0.53 0.53 0.53 0.53 0.53 0.53 0.53 0.53 0.53 0.53]
batch:  0
batch:  1
batch:  2
batch:  3
batch:  4
batch:  5
batch:  6
batch:  7
batch:  8
batch:  9
Epoch 49
Episode: 54880
Reward: [-3.64 -3.64 -3.68 -3.65 -3.66 -3.63 -3.68 -3.66 -3.67 -3.68]
Time: 202.85s
Success: 0.0036
Steps-Taken: 79.90
Comm-Action: [0.47 0.47 0.47 0.47 0.47 0.46 0.46 0.46 0.47 0.47]
batch:  0
batch:  1
batch:  2
batch:  3
batch:  4
batch:  5
batch:  6
batch:  7
batch:  8
batch:  9
Epoch 50
Episode: 56000
Reward: [-3.57 -3.56 -3.59 -3.57 -3.59 -3.57 -3.55 -3.61 -3.56 -3.54]
Time: 201.84s
Success: 0.0080
Steps-Taken: 79.88
Comm-Action: [0.45 0.45 0.45 0.45 0.45 0.45 0.45 0.45 0.45 0.45]
batch:  0
batch:  1
batch:  2
batch:  3
batch:  4
batch:  5
batch:  6
batch:  7
batch:  8
batch:  9
Epoch 51
Episode: 57120
Reward: [-3.57 -3.56 -3.61 -3.54 -3.56 -3.52 -3.53 -3.59 -3.55 -3.54]
Time: 199.95s
Success: 0.0098
Steps-Taken: 79.70
Comm-Action: [0.46 0.46 0.46 0.46 0.46 0.46 0.46 0.46 0.46 0.46]
batch:  0
batch:  1
batch:  2
batch:  3
batch:  4
batch:  5
batch:  6
batch:  7
batch:  8
batch:  9
Epoch 52
Episode: 58241
Reward: [-3.61 -3.57 -3.54 -3.52 -3.56 -3.55 -3.59 -3.53 -3.58 -3.59]
Time: 200.99s
Success: 0.0241
Steps-Taken: 79.44
Comm-Action: [0.48 0.48 0.48 0.48 0.48 0.48 0.49 0.49 0.49 0.48]
batch:  0
batch:  1
batch:  2
batch:  3
batch:  4
batch:  5
batch:  6
batch:  7
batch:  8
batch:  9
Epoch 53
Episode: 59361
Reward: [-3.53 -3.53 -3.5  -3.53 -3.49 -3.5  -3.55 -3.52 -3.55 -3.55]
Time: 198.84s
Success: 0.0107
Steps-Taken: 79.68
Comm-Action: [0.46 0.46 0.46 0.46 0.46 0.46 0.46 0.46 0.46 0.46]
batch:  0
batch:  1
batch:  2
batch:  3
batch:  4
batch:  5
batch:  6
batch:  7
batch:  8
batch:  9
Epoch 54
Episode: 60481
Reward: [-3.63 -3.58 -3.58 -3.58 -3.54 -3.56 -3.58 -3.61 -3.56 -3.58]
Time: 199.55s
Success: 0.0286
Steps-Taken: 79.30
Comm-Action: [0.51 0.51 0.51 0.5  0.51 0.5  0.5  0.51 0.51 0.5 ]
batch:  0
batch:  1
batch:  2
batch:  3
batch:  4
batch:  5
batch:  6
batch:  7
batch:  8
batch:  9
Epoch 55
Episode: 61601
Reward: [-3.55 -3.56 -3.5  -3.51 -3.58 -3.55 -3.51 -3.54 -3.58 -3.53]
Time: 201.06s
Success: 0.0205
Steps-Taken: 79.60
Comm-Action: [0.53 0.53 0.53 0.53 0.53 0.53 0.53 0.53 0.53 0.53]
batch:  0
batch:  1
batch:  2
batch:  3
batch:  4
batch:  5
batch:  6
batch:  7
batch:  8
batch:  9
Epoch 56
Episode: 62721
Reward: [-3.53 -3.56 -3.54 -3.55 -3.53 -3.59 -3.51 -3.56 -3.54 -3.5 ]
Time: 200.92s
Success: 0.0161
Steps-Taken: 79.71
Comm-Action: [0.6 0.6 0.6 0.6 0.6 0.6 0.6 0.6 0.6 0.6]
batch:  0
batch:  1
batch:  2
batch:  3
batch:  4
batch:  5
batch:  6
batch:  7
batch:  8
batch:  9
Epoch 57
Episode: 63843
Reward: [-3.47 -3.5  -3.5  -3.53 -3.49 -3.52 -3.49 -3.51 -3.52 -3.5 ]
Time: 201.55s
Success: 0.0410
Steps-Taken: 79.22
Comm-Action: [0.52 0.52 0.52 0.52 0.52 0.52 0.52 0.52 0.52 0.52]
batch:  0
batch:  1
batch:  2
batch:  3
batch:  4
batch:  5
batch:  6
batch:  7
batch:  8
batch:  9
Epoch 58
Episode: 64963
Reward: [-3.5  -3.48 -3.46 -3.5  -3.52 -3.52 -3.53 -3.45 -3.47 -3.51]
Time: 201.42s
Success: 0.0277
Steps-Taken: 79.38
Comm-Action: [0.51 0.51 0.52 0.52 0.51 0.51 0.52 0.52 0.52 0.51]
batch:  0
batch:  1
batch:  2
batch:  3
batch:  4
batch:  5
batch:  6
batch:  7
batch:  8
batch:  9
Epoch 59
Episode: 66083
Reward: [-3.56 -3.5  -3.52 -3.53 -3.55 -3.53 -3.52 -3.5  -3.5  -3.51]
Time: 200.59s
Success: 0.0232
Steps-Taken: 79.58
Comm-Action: [0.53 0.53 0.53 0.53 0.54 0.53 0.54 0.54 0.54 0.53]
batch:  0
batch:  1
batch:  2
batch:  3
batch:  4
batch:  5
batch:  6
batch:  7
batch:  8
batch:  9
Epoch 60
Episode: 67203
Reward: [-3.52 -3.5  -3.49 -3.45 -3.42 -3.47 -3.44 -3.46 -3.47 -3.49]
Time: 201.50s
Success: 0.0259
Steps-Taken: 79.49
Comm-Action: [0.43 0.44 0.44 0.44 0.44 0.44 0.44 0.43 0.44 0.44]
batch:  0
batch:  1
batch:  2
batch:  3
batch:  4
batch:  5
batch:  6
batch:  7
batch:  8
batch:  9
Epoch 61
Episode: 68324
Reward: [-3.54 -3.62 -3.64 -3.57 -3.59 -3.59 -3.56 -3.59 -3.53 -3.58]
Time: 202.98s
Success: 0.0285
Steps-Taken: 79.42
Comm-Action: [0.45 0.45 0.45 0.45 0.45 0.45 0.45 0.45 0.45 0.45]
batch:  0
batch:  1
batch:  2
batch:  3
batch:  4
batch:  5
batch:  6
batch:  7
batch:  8
batch:  9
Epoch 62
Episode: 69446
Reward: [-3.49 -3.47 -3.5  -3.54 -3.49 -3.52 -3.51 -3.53 -3.5  -3.51]
Time: 199.00s
Success: 0.0526
Steps-Taken: 78.93
Comm-Action: [0.39 0.4  0.39 0.39 0.39 0.39 0.4  0.39 0.4  0.39]
batch:  0
batch:  1
batch:  2
batch:  3
batch:  4
batch:  5
batch:  6
batch:  7
batch:  8
batch:  9
Epoch 63
Episode: 70566
Reward: [-3.49 -3.38 -3.46 -3.47 -3.51 -3.45 -3.51 -3.41 -3.47 -3.48]
Time: 201.28s
Success: 0.0384
Steps-Taken: 79.27
Comm-Action: [0.42 0.42 0.42 0.42 0.42 0.42 0.42 0.42 0.42 0.42]
batch:  0
batch:  1
batch:  2
batch:  3
batch:  4
batch:  5
batch:  6
batch:  7
batch:  8
batch:  9
Epoch 64
Episode: 71689
Reward: [-3.62 -3.57 -3.55 -3.59 -3.64 -3.6  -3.64 -3.67 -3.62 -3.59]
Time: 197.84s
Success: 0.0481
Steps-Taken: 79.02
Comm-Action: [0.34 0.34 0.34 0.34 0.34 0.34 0.34 0.34 0.34 0.34]
batch:  0
batch:  1
batch:  2
batch:  3
batch:  4
batch:  5
batch:  6
batch:  7
batch:  8
batch:  9
Epoch 65
Episode: 72810
Reward: [-3.49 -3.48 -3.57 -3.49 -3.49 -3.49 -3.5  -3.47 -3.5  -3.48]
Time: 203.39s
Success: 0.0446
Steps-Taken: 79.05
Comm-Action: [0.35 0.34 0.34 0.34 0.34 0.34 0.35 0.34 0.34 0.35]
batch:  0
batch:  1
batch:  2
batch:  3
batch:  4
batch:  5
batch:  6
batch:  7
batch:  8
batch:  9
Epoch 66
Episode: 73932
Reward: [-3.42 -3.44 -3.45 -3.48 -3.45 -3.48 -3.46 -3.43 -3.49 -3.45]
Time: 201.73s
Success: 0.0303
Steps-Taken: 79.28
Comm-Action: [0.29 0.29 0.29 0.29 0.29 0.29 0.29 0.29 0.29 0.29]
batch:  0
batch:  1
batch:  2
batch:  3
batch:  4
batch:  5
batch:  6
batch:  7
batch:  8
batch:  9
Epoch 67
Episode: 75052
Reward: [-3.34 -3.39 -3.42 -3.34 -3.38 -3.41 -3.4  -3.38 -3.39 -3.36]
Time: 198.93s
Success: 0.0420
Steps-Taken: 79.05
Comm-Action: [0.26 0.26 0.26 0.26 0.26 0.26 0.26 0.26 0.26 0.26]
batch:  0
batch:  1
batch:  2
batch:  3
batch:  4
batch:  5
batch:  6
batch:  7
batch:  8
batch:  9
Epoch 68
Episode: 76172
Reward: [-3.44 -3.4  -3.4  -3.44 -3.34 -3.41 -3.42 -3.39 -3.44 -3.34]
Time: 199.80s
Success: 0.0402
Steps-Taken: 79.19
Comm-Action: [0.23 0.24 0.24 0.23 0.24 0.23 0.23 0.23 0.23 0.23]
batch:  0
batch:  1
batch:  2
batch:  3
batch:  4
batch:  5
batch:  6
batch:  7
batch:  8
batch:  9
Epoch 69
Episode: 77295
Reward: [-3.33 -3.36 -3.39 -3.37 -3.34 -3.33 -3.35 -3.33 -3.35 -3.31]
Time: 200.58s
Success: 0.0419
Steps-Taken: 79.11
Comm-Action: [0.22 0.22 0.22 0.22 0.22 0.22 0.22 0.22 0.22 0.22]
batch:  0
batch:  1
batch:  2
batch:  3
batch:  4
batch:  5
batch:  6
batch:  7
batch:  8
batch:  9
Epoch 70
Episode: 78415
Reward: [-3.43 -3.38 -3.41 -3.42 -3.41 -3.42 -3.44 -3.39 -3.42 -3.37]
Time: 197.07s
Success: 0.0357
Steps-Taken: 79.32
Comm-Action: [0.24 0.25 0.25 0.25 0.24 0.25 0.24 0.25 0.24 0.25]
batch:  0
batch:  1
batch:  2
batch:  3
batch:  4
batch:  5
batch:  6
batch:  7
batch:  8
batch:  9
Epoch 71
Episode: 79535
Reward: [-3.39 -3.4  -3.31 -3.35 -3.42 -3.4  -3.38 -3.37 -3.37 -3.35]
Time: 198.88s
Success: 0.0304
Steps-Taken: 79.39
Comm-Action: [0.28 0.28 0.28 0.28 0.28 0.28 0.28 0.28 0.28 0.28]
batch:  0
batch:  1
batch:  2
batch:  3
batch:  4
batch:  5
batch:  6
batch:  7
batch:  8
batch:  9
Epoch 72
Episode: 80655
Reward: [-3.33 -3.4  -3.31 -3.39 -3.39 -3.32 -3.3  -3.37 -3.31 -3.39]
Time: 199.90s
Success: 0.0527
Steps-Taken: 78.95
Comm-Action: [0.29 0.29 0.28 0.28 0.29 0.29 0.29 0.29 0.28 0.29]
batch:  0
batch:  1
batch:  2
batch:  3
batch:  4
batch:  5
batch:  6
batch:  7
batch:  8
batch:  9
Epoch 73
Episode: 81778
Reward: [-3.33 -3.31 -3.29 -3.35 -3.31 -3.3  -3.37 -3.29 -3.31 -3.33]
Time: 196.09s
Success: 0.0668
Steps-Taken: 78.41
Comm-Action: [0.28 0.28 0.28 0.28 0.28 0.28 0.28 0.28 0.28 0.28]
batch:  0
batch:  1
batch:  2
batch:  3
batch:  4
batch:  5
batch:  6
batch:  7
batch:  8
batch:  9
Epoch 74
Episode: 82903
Reward: [-3.3  -3.35 -3.32 -3.33 -3.33 -3.33 -3.33 -3.28 -3.34 -3.32]
Time: 198.92s
Success: 0.0827
Steps-Taken: 78.06
Comm-Action: [0.27 0.27 0.27 0.27 0.27 0.27 0.27 0.27 0.27 0.27]
batch:  0
batch:  1
batch:  2
batch:  3
batch:  4
batch:  5
batch:  6
batch:  7
batch:  8
batch:  9
Epoch 75
Episode: 84030
Reward: [-3.4  -3.35 -3.39 -3.38 -3.39 -3.38 -3.35 -3.33 -3.35 -3.36]
Time: 200.21s
Success: 0.0745
Steps-Taken: 78.15
Comm-Action: [0.18 0.18 0.18 0.18 0.18 0.18 0.18 0.19 0.18 0.18]
batch:  0
batch:  1
batch:  2
batch:  3
batch:  4
batch:  5
batch:  6
batch:  7
batch:  8
batch:  9
Epoch 76
Episode: 85159
Reward: [-3.38 -3.39 -3.38 -3.44 -3.37 -3.41 -3.39 -3.42 -3.38 -3.38]
Time: 196.39s
Success: 0.0921
Steps-Taken: 78.00
Comm-Action: [0.15 0.15 0.15 0.16 0.16 0.15 0.15 0.15 0.15 0.15]
batch:  0
batch:  1
batch:  2
batch:  3
batch:  4
batch:  5
batch:  6
batch:  7
batch:  8
batch:  9
Epoch 77
Episode: 86279
Reward: [-3.32 -3.3  -3.32 -3.41 -3.34 -3.34 -3.33 -3.34 -3.33 -3.32]
Time: 200.49s
Success: 0.0277
Steps-Taken: 79.46
Comm-Action: [0.18 0.18 0.17 0.17 0.17 0.17 0.18 0.17 0.18 0.17]
batch:  0
batch:  1
batch:  2
batch:  3
batch:  4
batch:  5
batch:  6
batch:  7
batch:  8
batch:  9
Epoch 78
Episode: 87399
Reward: [-3.25 -3.34 -3.28 -3.36 -3.34 -3.31 -3.31 -3.36 -3.32 -3.31]
Time: 198.80s
Success: 0.0321
Steps-Taken: 79.35
Comm-Action: [0.16 0.15 0.16 0.15 0.15 0.16 0.16 0.15 0.15 0.15]
batch:  0
batch:  1
batch:  2
batch:  3
batch:  4
batch:  5
batch:  6
batch:  7
batch:  8
batch:  9
Epoch 79
Episode: 88521
Reward: [-3.38 -3.37 -3.44 -3.37 -3.37 -3.43 -3.36 -3.37 -3.41 -3.42]
Time: 197.85s
Success: 0.0526
Steps-Taken: 79.01
Comm-Action: [0.14 0.14 0.14 0.14 0.14 0.14 0.14 0.14 0.14 0.14]
batch:  0
batch:  1
batch:  2
batch:  3
batch:  4
batch:  5
batch:  6
batch:  7
batch:  8
batch:  9
Epoch 80
Episode: 89644
Reward: [-3.34 -3.29 -3.32 -3.34 -3.29 -3.32 -3.3  -3.31 -3.36 -3.31]
Time: 199.63s
Success: 0.0401
Steps-Taken: 79.27
Comm-Action: [0.13 0.13 0.13 0.13 0.14 0.13 0.14 0.14 0.13 0.14]
batch:  0
batch:  1
batch:  2
batch:  3
batch:  4
batch:  5
batch:  6
batch:  7
batch:  8
batch:  9
Epoch 81
Episode: 90764
Reward: [-3.39 -3.35 -3.38 -3.4  -3.36 -3.34 -3.42 -3.42 -3.33 -3.37]
Time: 198.08s
Success: 0.0384
Steps-Taken: 79.25
Comm-Action: [0.13 0.13 0.13 0.13 0.13 0.13 0.12 0.13 0.13 0.13]
batch:  0
batch:  1
batch:  2
batch:  3
batch:  4
batch:  5
batch:  6
batch:  7
batch:  8
batch:  9
Epoch 82
Episode: 91886
Reward: [-3.3  -3.33 -3.33 -3.34 -3.25 -3.34 -3.34 -3.31 -3.3  -3.3 ]
Time: 201.26s
Success: 0.0392
Steps-Taken: 79.25
Comm-Action: [0.13 0.12 0.12 0.12 0.12 0.12 0.12 0.12 0.12 0.12]
batch:  0
batch:  1
batch:  2
batch:  3
batch:  4
batch:  5
batch:  6
batch:  7
batch:  8
batch:  9
Epoch 83
Episode: 93006
Reward: [-3.39 -3.29 -3.3  -3.38 -3.29 -3.32 -3.35 -3.34 -3.37 -3.41]
Time: 206.29s
Success: 0.0312
Steps-Taken: 79.44
Comm-Action: [0.13 0.14 0.14 0.13 0.14 0.14 0.13 0.13 0.13 0.13]
batch:  0
batch:  1
batch:  2
batch:  3
batch:  4
batch:  5
batch:  6
batch:  7
batch:  8
batch:  9
Epoch 84
Episode: 94128
Reward: [-3.27 -3.31 -3.35 -3.27 -3.3  -3.3  -3.28 -3.29 -3.3  -3.26]
Time: 201.42s
Success: 0.0553
Steps-Taken: 79.02
Comm-Action: [0.14 0.14 0.14 0.14 0.14 0.14 0.14 0.14 0.14 0.14]
batch:  0
batch:  1
batch:  2
batch:  3
batch:  4
batch:  5
batch:  6
batch:  7
batch:  8
batch:  9
Epoch 85
Episode: 95249
Reward: [-3.31 -3.23 -3.3  -3.37 -3.32 -3.3  -3.34 -3.34 -3.28 -3.25]
Time: 199.25s
Success: 0.0375
Steps-Taken: 79.25
Comm-Action: [0.13 0.13 0.13 0.13 0.13 0.13 0.13 0.13 0.13 0.13]
batch:  0
batch:  1
batch:  2
batch:  3
batch:  4
batch:  5
batch:  6
batch:  7
batch:  8
batch:  9
Epoch 86
Episode: 96369
Reward: [-3.41 -3.38 -3.4  -3.32 -3.37 -3.3  -3.29 -3.33 -3.4  -3.4 ]
Time: 200.71s
Success: 0.0098
Steps-Taken: 79.79
Comm-Action: [0.1  0.1  0.1  0.11 0.11 0.11 0.11 0.11 0.11 0.1 ]
batch:  0
batch:  1
batch:  2
batch:  3
batch:  4
batch:  5
batch:  6
batch:  7
batch:  8
batch:  9
Epoch 87
Episode: 97489
Reward: [-3.3  -3.31 -3.3  -3.28 -3.22 -3.31 -3.3  -3.3  -3.29 -3.3 ]
Time: 200.09s
Success: 0.0214
Steps-Taken: 79.51
Comm-Action: [0.12 0.12 0.12 0.12 0.12 0.12 0.12 0.12 0.12 0.12]
batch:  0
batch:  1
batch:  2
batch:  3
batch:  4
batch:  5
batch:  6
batch:  7
batch:  8
batch:  9
Epoch 88
Episode: 98609
Reward: [-3.21 -3.3  -3.32 -3.19 -3.23 -3.25 -3.3  -3.27 -3.28 -3.16]
Time: 197.51s
Success: 0.0446
Steps-Taken: 79.04
Comm-Action: [0.11 0.11 0.11 0.11 0.11 0.11 0.11 0.11 0.11 0.11]
batch:  0
batch:  1
batch:  2
batch:  3
batch:  4
batch:  5
batch:  6
batch:  7
batch:  8
batch:  9
Epoch 89
Episode: 99729
Reward: [-3.34 -3.4  -3.39 -3.4  -3.32 -3.34 -3.4  -3.38 -3.42 -3.32]
Time: 199.82s
Success: 0.0241
Steps-Taken: 79.54
Comm-Action: [0.09 0.09 0.09 0.09 0.09 0.09 0.09 0.09 0.09 0.09]
batch:  0
batch:  1
batch:  2
batch:  3
batch:  4
batch:  5
batch:  6
batch:  7
batch:  8
batch:  9
Epoch 90
Episode: 100850
Reward: [-3.29 -3.25 -3.31 -3.3  -3.34 -3.27 -3.32 -3.3  -3.26 -3.32]
Time: 199.80s
Success: 0.0580
Steps-Taken: 78.92
Comm-Action: [0.1 0.1 0.1 0.1 0.1 0.1 0.1 0.1 0.1 0.1]
batch:  0
batch:  1
batch:  2
batch:  3
batch:  4
batch:  5
batch:  6
batch:  7
batch:  8
batch:  9
Epoch 91
Episode: 101972
Reward: [-3.36 -3.37 -3.36 -3.33 -3.34 -3.33 -3.41 -3.35 -3.31 -3.31]
Time: 198.50s
Success: 0.0642
Steps-Taken: 78.82
Comm-Action: [0.13 0.13 0.13 0.14 0.13 0.13 0.13 0.13 0.13 0.13]
batch:  0
batch:  1
batch:  2
batch:  3
batch:  4
batch:  5
batch:  6
batch:  7
batch:  8
batch:  9
Epoch 92
Episode: 103096
Reward: [-3.29 -3.24 -3.27 -3.22 -3.28 -3.31 -3.31 -3.35 -3.29 -3.29]
Time: 197.44s
Success: 0.0747
Steps-Taken: 78.61
Comm-Action: [0.13 0.13 0.13 0.13 0.13 0.13 0.13 0.13 0.13 0.13]
batch:  0
batch:  1
batch:  2
batch:  3
batch:  4
batch:  5
batch:  6
batch:  7
batch:  8
batch:  9
Epoch 93
Episode: 104216
Reward: [-3.22 -3.29 -3.24 -3.26 -3.27 -3.21 -3.25 -3.34 -3.26 -3.21]
Time: 199.16s
Success: 0.0268
Steps-Taken: 79.64
Comm-Action: [0.12 0.11 0.11 0.11 0.11 0.12 0.12 0.11 0.12 0.11]
batch:  0
batch:  1
batch:  2
batch:  3
batch:  4
batch:  5
batch:  6
batch:  7
batch:  8
batch:  9
Epoch 94
Episode: 105336
Reward: [-3.2  -3.23 -3.27 -3.19 -3.24 -3.26 -3.26 -3.23 -3.32 -3.22]
Time: 199.89s
Success: 0.0268
Steps-Taken: 79.62
Comm-Action: [0.1 0.1 0.1 0.1 0.1 0.1 0.1 0.1 0.1 0.1]
batch:  0
batch:  1
batch:  2
batch:  3
batch:  4
batch:  5
batch:  6
batch:  7
batch:  8
batch:  9
Epoch 95
Episode: 106456
Reward: [-3.24 -3.25 -3.28 -3.27 -3.3  -3.24 -3.37 -3.32 -3.23 -3.27]
Time: 224.88s
Success: 0.0259
Steps-Taken: 79.59
Comm-Action: [0.11 0.11 0.11 0.11 0.11 0.11 0.11 0.11 0.11 0.11]
batch:  0
batch:  1
batch:  2
batch:  3
batch:  4
batch:  5
batch:  6
batch:  7
batch:  8
batch:  9
Epoch 96
Episode: 107576
Reward: [-3.12 -3.26 -3.22 -3.25 -3.25 -3.19 -3.24 -3.21 -3.22 -3.22]
Time: 209.62s
Success: 0.0277
Steps-Taken: 79.58
Comm-Action: [0.12 0.12 0.11 0.11 0.11 0.12 0.11 0.11 0.12 0.11]
batch:  0
batch:  1
batch:  2
batch:  3
batch:  4
batch:  5
batch:  6
batch:  7
batch:  8
batch:  9
Epoch 97
Episode: 108697
Reward: [-3.14 -3.14 -3.15 -3.19 -3.16 -3.18 -3.23 -3.15 -3.15 -3.17]
Time: 211.99s
Success: 0.0419
Steps-Taken: 79.27
Comm-Action: [0.09 0.09 0.09 0.09 0.09 0.09 0.09 0.09 0.09 0.1 ]
batch:  0
batch:  1
batch:  2
batch:  3
batch:  4
batch:  5
batch:  6
batch:  7
batch:  8
batch:  9
Epoch 98
Episode: 109817
Reward: [-3.2  -3.23 -3.24 -3.19 -3.21 -3.17 -3.16 -3.17 -3.17 -3.26]
Time: 215.66s
Success: 0.0420
Steps-Taken: 79.38
Comm-Action: [0.1 0.1 0.1 0.1 0.1 0.1 0.1 0.1 0.1 0.1]
batch:  0
batch:  1
batch:  2
batch:  3
batch:  4
batch:  5
batch:  6
batch:  7
batch:  8
batch:  9
Epoch 99
Episode: 110937
Reward: [-3.2  -3.29 -3.27 -3.2  -3.3  -3.26 -3.23 -3.26 -3.21 -3.23]
Time: 201.25s
Success: 0.0357
Steps-Taken: 79.40
Comm-Action: [0.1 0.1 0.1 0.1 0.1 0.1 0.1 0.1 0.1 0.1]
batch:  0
batch:  1
batch:  2
batch:  3
batch:  4
batch:  5
batch:  6
batch:  7
batch:  8
batch:  9
Epoch 100
Episode: 112058
Reward: [-3.21 -3.28 -3.29 -3.19 -3.2  -3.21 -3.22 -3.19 -3.21 -3.2 ]
Time: 219.30s
Success: 0.0580
Steps-Taken: 78.83
Comm-Action: [0.1  0.09 0.09 0.1  0.1  0.1  0.1  0.1  0.1  0.1 ]
batch:  0
batch:  1
batch:  2
batch:  3
batch:  4
batch:  5
batch:  6
batch:  7
batch:  8
batch:  9
Epoch 101
Episode: 113180
Reward: [-3.22 -3.23 -3.27 -3.29 -3.23 -3.22 -3.2  -3.3  -3.22 -3.21]
Time: 216.51s
Success: 0.0731
Steps-Taken: 78.48
Comm-Action: [0.1  0.1  0.1  0.09 0.1  0.1  0.1  0.09 0.1  0.1 ]
batch:  0
batch:  1
batch:  2
batch:  3
batch:  4
batch:  5
batch:  6
batch:  7
batch:  8
batch:  9
Epoch 102
Episode: 114300
Reward: [-3.23 -3.22 -3.24 -3.19 -3.26 -3.18 -3.24 -3.21 -3.21 -3.24]
Time: 216.39s
Success: 0.0768
Steps-Taken: 78.70
Comm-Action: [0.11 0.11 0.11 0.11 0.11 0.11 0.11 0.11 0.11 0.11]
batch:  0
batch:  1
batch:  2
batch:  3
batch:  4
batch:  5
batch:  6
batch:  7
batch:  8
batch:  9
Epoch 103
Episode: 115420
Reward: [-3.21 -3.15 -3.19 -3.14 -3.21 -3.18 -3.25 -3.27 -3.21 -3.23]
Time: 212.73s
Success: 0.0455
Steps-Taken: 79.34
Comm-Action: [0.1  0.11 0.1  0.1  0.1  0.1  0.1  0.1  0.1  0.1 ]
batch:  0
batch:  1
batch:  2
batch:  3
batch:  4
batch:  5
batch:  6
batch:  7
batch:  8
batch:  9
Epoch 104
Episode: 116541
Reward: [-3.18 -3.19 -3.19 -3.18 -3.16 -3.19 -3.18 -3.2  -3.17 -3.2 ]
Time: 205.72s
Success: 0.0464
Steps-Taken: 79.24
Comm-Action: [0.09 0.09 0.09 0.09 0.09 0.09 0.09 0.09 0.09 0.09]
batch:  0
batch:  1
batch:  2
batch:  3
batch:  4
batch:  5
batch:  6
batch:  7
batch:  8
batch:  9
Epoch 105
Episode: 117662
Reward: [-3.15 -3.17 -3.1  -3.18 -3.21 -3.18 -3.15 -3.18 -3.14 -3.12]
Time: 215.75s
Success: 0.0535
Steps-Taken: 78.99
Comm-Action: [0.09 0.09 0.1  0.09 0.09 0.09 0.09 0.09 0.09 0.1 ]
batch:  0
batch:  1
batch:  2
batch:  3
batch:  4
batch:  5
batch:  6
batch:  7
batch:  8
batch:  9
Epoch 106
Episode: 118785
Reward: [-3.22 -3.18 -3.14 -3.18 -3.19 -3.16 -3.16 -3.22 -3.21 -3.11]
Time: 207.54s
Success: 0.0561
Steps-Taken: 78.95
Comm-Action: [0.09 0.09 0.09 0.09 0.09 0.09 0.09 0.09 0.09 0.09]
batch:  0
batch:  1
batch:  2
batch:  3
batch:  4
batch:  5
batch:  6
batch:  7
batch:  8
batch:  9
Epoch 107
Episode: 119905
Reward: [-3.16 -3.19 -3.18 -3.15 -3.22 -3.13 -3.12 -3.15 -3.23 -3.21]
Time: 213.75s
Success: 0.0679
Steps-Taken: 78.74
Comm-Action: [0.09 0.09 0.09 0.09 0.09 0.1  0.09 0.09 0.09 0.09]
batch:  0
batch:  1
batch:  2
batch:  3
batch:  4
batch:  5
batch:  6
batch:  7
batch:  8
batch:  9
Epoch 108
Episode: 121027
Reward: [-3.17 -3.2  -3.2  -3.2  -3.23 -3.14 -3.13 -3.22 -3.17 -3.19]
Time: 211.34s
Success: 0.0472
Steps-Taken: 79.03
Comm-Action: [0.11 0.11 0.11 0.11 0.11 0.11 0.11 0.11 0.11 0.11]
batch:  0
batch:  1
batch:  2
batch:  3
batch:  4
batch:  5
batch:  6
batch:  7
batch:  8
batch:  9
Epoch 109
Episode: 122155
Reward: [-3.14 -3.23 -3.21 -3.21 -3.17 -3.17 -3.23 -3.15 -3.13 -3.19]
Time: 203.87s
Success: 0.0816
Steps-Taken: 78.16
Comm-Action: [0.09 0.09 0.09 0.09 0.1  0.09 0.09 0.09 0.09 0.09]
batch:  0
batch:  1
batch:  2
batch:  3
batch:  4
batch:  5
batch:  6
batch:  7
batch:  8
batch:  9
Epoch 110
Episode: 123285
Reward: [-3.14 -3.15 -3.21 -3.13 -3.23 -3.13 -3.18 -3.16 -3.24 -3.14]
Time: 214.56s
Success: 0.1062
Steps-Taken: 77.51
Comm-Action: [0.1  0.1  0.09 0.1  0.1  0.1  0.09 0.1  0.09 0.1 ]
batch:  0
batch:  1
batch:  2
batch:  3
batch:  4
batch:  5
batch:  6
batch:  7
batch:  8
batch:  9
Epoch 111
Episode: 124409
Reward: [-3.13 -3.26 -3.11 -3.21 -3.15 -3.21 -3.22 -3.17 -3.18 -3.19]
Time: 208.64s
Success: 0.0765
Steps-Taken: 78.51
Comm-Action: [0.12 0.11 0.12 0.11 0.12 0.11 0.11 0.12 0.12 0.12]
batch:  0
batch:  1
batch:  2
batch:  3
batch:  4
batch:  5
batch:  6
batch:  7
batch:  8
batch:  9
Epoch 112
Episode: 125529
Reward: [-3.26 -3.26 -3.22 -3.33 -3.26 -3.27 -3.29 -3.27 -3.28 -3.26]
Time: 213.06s
Success: 0.0402
Steps-Taken: 79.20
Comm-Action: [0.11 0.12 0.12 0.11 0.11 0.12 0.11 0.11 0.12 0.11]
batch:  0
batch:  1
batch:  2
batch:  3
batch:  4
batch:  5
batch:  6
batch:  7
batch:  8
batch:  9
Epoch 113
Episode: 126649
Reward: [-3.17 -3.17 -3.24 -3.16 -3.18 -3.19 -3.23 -3.15 -3.19 -3.23]
Time: 208.71s
Success: 0.0616
Steps-Taken: 78.84
Comm-Action: [0.15 0.14 0.14 0.14 0.14 0.14 0.14 0.15 0.14 0.14]
batch:  0
batch:  1
batch:  2
batch:  3
batch:  4
batch:  5
batch:  6
batch:  7
batch:  8
batch:  9
Epoch 114
Episode: 127770
Reward: [-3.21 -3.2  -3.2  -3.21 -3.22 -3.22 -3.19 -3.17 -3.26 -3.22]
Time: 207.01s
Success: 0.0767
Steps-Taken: 78.62
Comm-Action: [0.16 0.16 0.16 0.16 0.15 0.15 0.16 0.16 0.15 0.15]
batch:  0
batch:  1
batch:  2
batch:  3
batch:  4
batch:  5
batch:  6
batch:  7
batch:  8
batch:  9
Epoch 115
Episode: 128892
Reward: [-3.27 -3.19 -3.24 -3.19 -3.21 -3.19 -3.19 -3.17 -3.25 -3.23]
Time: 207.12s
Success: 0.0570
Steps-Taken: 78.91
Comm-Action: [0.15 0.15 0.15 0.15 0.16 0.15 0.15 0.16 0.15 0.15]
batch:  0
batch:  1
batch:  2
batch:  3
batch:  4
batch:  5
batch:  6
batch:  7
batch:  8
batch:  9
Epoch 116
Episode: 130017
Reward: [-3.18 -3.19 -3.19 -3.25 -3.19 -3.16 -3.2  -3.23 -3.16 -3.19]
Time: 203.12s
Success: 0.0853
Steps-Taken: 78.23
Comm-Action: [0.13 0.13 0.13 0.13 0.13 0.13 0.13 0.13 0.13 0.13]
batch:  0
batch:  1
batch:  2
batch:  3
batch:  4
batch:  5
batch:  6
batch:  7
batch:  8
batch:  9
Epoch 117
Episode: 131141
Reward: [-3.21 -3.2  -3.13 -3.18 -3.16 -3.16 -3.23 -3.19 -3.16 -3.15]
Time: 201.82s
Success: 0.0792
Steps-Taken: 78.15
Comm-Action: [0.11 0.12 0.12 0.12 0.12 0.12 0.11 0.12 0.12 0.12]
batch:  0
batch:  1
batch:  2
batch:  3
batch:  4
batch:  5
batch:  6
batch:  7
batch:  8
batch:  9
Epoch 118
Episode: 132266
Reward: [-3.12 -3.16 -3.2  -3.14 -3.2  -3.19 -3.23 -3.23 -3.21 -3.19]
Time: 203.39s
Success: 0.0649
Steps-Taken: 78.68
Comm-Action: [0.11 0.11 0.11 0.11 0.1  0.1  0.1  0.1  0.1  0.1 ]
batch:  0
batch:  1
batch:  2
batch:  3
batch:  4
batch:  5
batch:  6
batch:  7
batch:  8
batch:  9
Epoch 119
Episode: 133387
Reward: [-3.09 -3.15 -3.15 -3.12 -3.11 -3.16 -3.22 -3.13 -3.18 -3.19]
Time: 202.24s
Success: 0.0696
Steps-Taken: 78.81
Comm-Action: [0.13 0.12 0.12 0.13 0.13 0.12 0.12 0.12 0.13 0.12]
batch:  0
batch:  1
batch:  2
batch:  3
batch:  4
batch:  5
batch:  6
batch:  7
batch:  8
batch:  9
Epoch 120
Episode: 134509
Reward: [-3.14 -3.13 -3.08 -3.1  -3.08 -3.13 -3.13 -3.08 -3.13 -3.17]
Time: 203.38s
Success: 0.0713
Steps-Taken: 78.69
Comm-Action: [0.13 0.12 0.13 0.13 0.13 0.13 0.13 0.13 0.13 0.12]
batch:  0
batch:  1
batch:  2
batch:  3
batch:  4
batch:  5
batch:  6
batch:  7
batch:  8
batch:  9
Epoch 121
Episode: 135630
Reward: [-3.13 -3.12 -3.12 -3.12 -3.12 -3.12 -3.16 -3.1  -3.17 -3.17]
Time: 204.61s
Success: 0.0714
Steps-Taken: 78.76
Comm-Action: [0.14 0.14 0.14 0.14 0.14 0.14 0.14 0.14 0.14 0.14]
batch:  0
batch:  1
batch:  2
batch:  3
batch:  4
batch:  5
batch:  6
batch:  7
batch:  8
batch:  9
Epoch 122
Episode: 136750
Reward: [-3.11 -3.14 -3.06 -3.15 -3.16 -3.15 -3.11 -3.15 -3.13 -3.13]
Time: 200.15s
Success: 0.0911
Steps-Taken: 78.64
Comm-Action: [0.13 0.13 0.14 0.13 0.13 0.13 0.13 0.13 0.13 0.13]
batch:  0
batch:  1
batch:  2
batch:  3
batch:  4
batch:  5
batch:  6
batch:  7
batch:  8
batch:  9
Epoch 123
Episode: 137871
Reward: [-3.12 -3.12 -3.18 -3.2  -3.15 -3.17 -3.2  -3.21 -3.14 -3.18]
Time: 203.52s
Success: 0.0705
Steps-Taken: 78.82
Comm-Action: [0.13 0.13 0.12 0.12 0.13 0.12 0.12 0.12 0.12 0.13]
batch:  0
batch:  1
batch:  2
batch:  3
batch:  4
batch:  5
batch:  6
batch:  7
batch:  8
batch:  9
Epoch 124
Episode: 138991
Reward: [-3.12 -3.11 -3.13 -3.15 -3.17 -3.06 -3.17 -3.16 -3.13 -3.12]
Time: 203.01s
Success: 0.0518
Steps-Taken: 79.13
Comm-Action: [0.12 0.12 0.12 0.12 0.12 0.13 0.12 0.12 0.12 0.12]
batch:  0
batch:  1
batch:  2
batch:  3
batch:  4
batch:  5
batch:  6
batch:  7
batch:  8
batch:  9
Epoch 125
Episode: 140113
Reward: [-3.21 -3.21 -3.17 -3.24 -3.22 -3.22 -3.2  -3.26 -3.27 -3.18]
Time: 205.89s
Success: 0.0499
Steps-Taken: 79.02
Comm-Action: [0.12 0.12 0.12 0.11 0.11 0.11 0.11 0.11 0.11 0.12]
batch:  0
batch:  1
batch:  2
batch:  3
batch:  4
batch:  5
batch:  6
batch:  7
batch:  8
batch:  9
Epoch 126
Episode: 141233
Reward: [-3.33 -3.25 -3.24 -3.29 -3.26 -3.31 -3.31 -3.29 -3.25 -3.25]
Time: 206.27s
Success: 0.0464
Steps-Taken: 79.16
Comm-Action: [0.12 0.12 0.12 0.12 0.12 0.12 0.12 0.12 0.12 0.12]
batch:  0
batch:  1
batch:  2
batch:  3
batch:  4
batch:  5
batch:  6
batch:  7
batch:  8
batch:  9
Epoch 127
Episode: 142354
Reward: [-3.38 -3.37 -3.26 -3.4  -3.35 -3.37 -3.32 -3.36 -3.37 -3.38]
Time: 204.62s
Success: 0.0357
Steps-Taken: 79.07
Comm-Action: [0.11 0.11 0.11 0.11 0.11 0.11 0.11 0.11 0.11 0.11]
batch:  0
batch:  1
batch:  2
batch:  3
batch:  4
batch:  5
batch:  6
batch:  7
batch:  8
batch:  9
Epoch 128
Episode: 143476
Reward: [-3.38 -3.32 -3.37 -3.37 -3.34 -3.4  -3.36 -3.38 -3.4  -3.34]
Time: 204.59s
Success: 0.0401
Steps-Taken: 79.29
Comm-Action: [0.11 0.11 0.11 0.11 0.11 0.11 0.11 0.11 0.11 0.11]
batch:  0
batch:  1
batch:  2
batch:  3
batch:  4
batch:  5
batch:  6
batch:  7
batch:  8
batch:  9
Epoch 129
Episode: 144597
Reward: [-3.28 -3.34 -3.31 -3.29 -3.26 -3.24 -3.25 -3.24 -3.31 -3.26]
Time: 205.17s
Success: 0.0473
Steps-Taken: 79.17
Comm-Action: [0.11 0.11 0.11 0.11 0.11 0.11 0.11 0.11 0.11 0.11]
batch:  0
batch:  1
batch:  2
batch:  3
batch:  4
batch:  5
batch:  6
batch:  7
batch:  8
batch:  9
Epoch 130
Episode: 145718
Reward: [-3.25 -3.23 -3.28 -3.19 -3.24 -3.25 -3.22 -3.24 -3.21 -3.27]
Time: 203.29s
Success: 0.0312
Steps-Taken: 79.47
Comm-Action: [0.12 0.12 0.11 0.12 0.11 0.11 0.12 0.12 0.12 0.11]
batch:  0
batch:  1
batch:  2
batch:  3
batch:  4
batch:  5
batch:  6
batch:  7
batch:  8
batch:  9
Epoch 131
Episode: 146839
Reward: [-3.18 -3.17 -3.17 -3.17 -3.18 -3.11 -3.25 -3.19 -3.17 -3.15]
Time: 202.60s
Success: 0.0580
Steps-Taken: 78.99
Comm-Action: [0.11 0.11 0.11 0.11 0.11 0.11 0.11 0.11 0.11 0.11]
batch:  0
batch:  1
batch:  2
batch:  3
batch:  4
batch:  5
batch:  6
batch:  7
batch:  8
batch:  9
Epoch 132
Episode: 147964
Reward: [-3.11 -3.15 -3.19 -3.13 -3.19 -3.22 -3.21 -3.11 -3.22 -3.15]
Time: 201.50s
Success: 0.0880
Steps-Taken: 78.42
Comm-Action: [0.09 0.09 0.09 0.09 0.09 0.09 0.09 0.09 0.09 0.09]
batch:  0
batch:  1
batch:  2
batch:  3
batch:  4
batch:  5
batch:  6
batch:  7
batch:  8
batch:  9
Epoch 133
Episode: 149084
Reward: [-3.12 -3.13 -3.2  -3.12 -3.19 -3.21 -3.19 -3.17 -3.18 -3.22]
Time: 204.30s
Success: 0.0616
Steps-Taken: 78.95
Comm-Action: [0.1  0.09 0.09 0.1  0.09 0.09 0.09 0.1  0.09 0.09]
batch:  0
batch:  1
batch:  2
batch:  3
batch:  4
batch:  5
batch:  6
batch:  7
batch:  8
batch:  9
Epoch 134
Episode: 150204
Reward: [-3.2  -3.16 -3.19 -3.17 -3.27 -3.19 -3.13 -3.18 -3.2  -3.26]
Time: 203.10s
Success: 0.0491
Steps-Taken: 79.38
Comm-Action: [0.1  0.1  0.09 0.1  0.09 0.09 0.1  0.09 0.09 0.09]
batch:  0
batch:  1
batch:  2
batch:  3
batch:  4
batch:  5
batch:  6
batch:  7
batch:  8
batch:  9
Epoch 135
Episode: 151327
Reward: [-3.17 -3.15 -3.2  -3.15 -3.18 -3.16 -3.2  -3.19 -3.14 -3.14]
Time: 203.94s
Success: 0.0846
Steps-Taken: 78.74
Comm-Action: [0.11 0.11 0.1  0.11 0.1  0.11 0.11 0.1  0.11 0.11]
batch:  0
batch:  1
batch:  2
batch:  3
batch:  4
batch:  5
batch:  6
batch:  7
batch:  8
batch:  9
Epoch 136
Episode: 152455
Reward: [-3.37 -3.4  -3.37 -3.37 -3.37 -3.35 -3.38 -3.39 -3.36 -3.39]
Time: 204.90s
Success: 0.0851
Steps-Taken: 77.81
Comm-Action: [0.08 0.08 0.08 0.08 0.08 0.08 0.08 0.08 0.08 0.08]
batch:  0
batch:  1
batch:  2
batch:  3
batch:  4
batch:  5
batch:  6
batch:  7
batch:  8
batch:  9
Epoch 137
Episode: 153579
Reward: [-3.2  -3.21 -3.22 -3.23 -3.17 -3.24 -3.23 -3.24 -3.23 -3.27]
Time: 206.28s
Success: 0.0854
Steps-Taken: 78.19
Comm-Action: [0.09 0.09 0.09 0.09 0.09 0.09 0.09 0.09 0.09 0.09]
batch:  0
batch:  1
batch:  2
batch:  3
batch:  4
batch:  5
batch:  6
batch:  7
batch:  8
batch:  9
Epoch 138
Episode: 154705
Reward: [-3.2  -3.2  -3.23 -3.17 -3.21 -3.19 -3.24 -3.13 -3.18 -3.18]
Time: 204.40s
Success: 0.0950
Steps-Taken: 77.97
Comm-Action: [0.12 0.12 0.12 0.12 0.12 0.12 0.12 0.12 0.12 0.12]
batch:  0
batch:  1
batch:  2
batch:  3
batch:  4
batch:  5
batch:  6
batch:  7
batch:  8
batch:  9
Epoch 139
Episode: 155826
Reward: [-3.23 -3.28 -3.23 -3.2  -3.21 -3.16 -3.17 -3.15 -3.18 -3.17]
Time: 204.37s
Success: 0.0865
Steps-Taken: 78.33
Comm-Action: [0.15 0.15 0.15 0.15 0.15 0.15 0.15 0.15 0.15 0.15]
batch:  0
batch:  1
batch:  2
batch:  3
batch:  4
batch:  5
batch:  6
batch:  7
batch:  8
batch:  9
Epoch 140
Episode: 156946
Reward: [-3.25 -3.25 -3.22 -3.21 -3.2  -3.19 -3.3  -3.25 -3.23 -3.24]
Time: 204.79s
Success: 0.0536
Steps-Taken: 79.09
Comm-Action: [0.14 0.15 0.15 0.15 0.15 0.14 0.14 0.14 0.15 0.15]
batch:  0
batch:  1
batch:  2
batch:  3
batch:  4
batch:  5
batch:  6
batch:  7
batch:  8
batch:  9
Epoch 141
Episode: 158066
Reward: [-3.3  -3.31 -3.27 -3.21 -3.23 -3.26 -3.34 -3.28 -3.29 -3.25]
Time: 205.05s
Success: 0.0446
Steps-Taken: 79.29
Comm-Action: [0.15 0.15 0.15 0.15 0.15 0.15 0.15 0.15 0.15 0.15]
batch:  0
batch:  1
batch:  2
batch:  3
batch:  4
batch:  5
batch:  6
batch:  7
batch:  8
batch:  9
Epoch 142
Episode: 159187
Reward: [-3.34 -3.26 -3.25 -3.28 -3.26 -3.3  -3.28 -3.26 -3.27 -3.26]
Time: 204.85s
Success: 0.0500
Steps-Taken: 79.17
Comm-Action: [0.13 0.14 0.13 0.13 0.14 0.13 0.13 0.13 0.13 0.13]
batch:  0
batch:  1
batch:  2
batch:  3
batch:  4
batch:  5
batch:  6
batch:  7
batch:  8
batch:  9
Epoch 143
Episode: 160311
Reward: [-3.37 -3.39 -3.39 -3.35 -3.38 -3.38 -3.4  -3.38 -3.41 -3.33]
Time: 206.02s
Success: 0.0685
Steps-Taken: 78.49
Comm-Action: [0.12 0.12 0.11 0.12 0.12 0.11 0.11 0.11 0.11 0.12]
batch:  0
batch:  1
batch:  2
batch:  3
batch:  4
batch:  5
batch:  6
batch:  7
batch:  8
batch:  9
Epoch 144
Episode: 161431
Reward: [-3.23 -3.21 -3.22 -3.2  -3.22 -3.25 -3.23 -3.21 -3.28 -3.25]
Time: 201.51s
Success: 0.0714
Steps-Taken: 78.60
Comm-Action: [0.12 0.12 0.12 0.12 0.12 0.12 0.12 0.12 0.12 0.12]
batch:  0
batch:  1
batch:  2
batch:  3
batch:  4
batch:  5
batch:  6
batch:  7
batch:  8
batch:  9
Epoch 145
Episode: 162552
Reward: [-3.29 -3.27 -3.27 -3.2  -3.2  -3.24 -3.26 -3.27 -3.3  -3.2 ]
Time: 204.50s
Success: 0.0633
Steps-Taken: 78.74
Comm-Action: [0.12 0.12 0.12 0.12 0.12 0.12 0.12 0.12 0.12 0.12]
batch:  0
batch:  1
batch:  2
batch:  3
batch:  4
batch:  5
batch:  6
batch:  7
batch:  8
batch:  9
Epoch 146
Episode: 163674
Reward: [-3.16 -3.17 -3.17 -3.17 -3.16 -3.26 -3.14 -3.18 -3.17 -3.15]
Time: 201.68s
Success: 0.0597
Steps-Taken: 79.02
Comm-Action: [0.12 0.12 0.12 0.12 0.12 0.12 0.12 0.12 0.12 0.12]
batch:  0
batch:  1
batch:  2
batch:  3
batch:  4
batch:  5
batch:  6
batch:  7
batch:  8
batch:  9
Epoch 147
Episode: 164794
Reward: [-3.16 -3.24 -3.15 -3.16 -3.16 -3.1  -3.17 -3.18 -3.17 -3.17]
Time: 203.23s
Success: 0.0545
Steps-Taken: 79.18
Comm-Action: [0.12 0.12 0.12 0.12 0.12 0.13 0.12 0.12 0.12 0.12]
batch:  0
batch:  1
batch:  2
batch:  3
batch:  4
batch:  5
batch:  6
batch:  7
batch:  8
batch:  9
Epoch 148
Episode: 165915
Reward: [-3.13 -3.17 -3.15 -3.15 -3.12 -3.19 -3.19 -3.15 -3.19 -3.13]
Time: 205.82s
Success: 0.0473
Steps-Taken: 79.32
Comm-Action: [0.14 0.14 0.14 0.13 0.14 0.14 0.14 0.14 0.14 0.14]
batch:  0
batch:  1
batch:  2
batch:  3
batch:  4
batch:  5
batch:  6
batch:  7
batch:  8
batch:  9
Epoch 149
Episode: 167036
Reward: [-3.16 -3.16 -3.16 -3.21 -3.1  -3.17 -3.19 -3.18 -3.13 -3.13]
Time: 205.06s
Success: 0.0562
Steps-Taken: 79.21
Comm-Action: [0.14 0.14 0.14 0.14 0.14 0.14 0.14 0.14 0.14 0.14]
batch:  0
batch:  1
batch:  2
batch:  3
batch:  4
batch:  5
batch:  6
batch:  7
batch:  8
batch:  9
Epoch 150
Episode: 168157
Reward: [-3.19 -3.18 -3.2  -3.15 -3.15 -3.15 -3.18 -3.17 -3.17 -3.13]
Time: 204.47s
Success: 0.0428
Steps-Taken: 79.36
Comm-Action: [0.15 0.16 0.16 0.16 0.16 0.16 0.16 0.16 0.16 0.16]
batch:  0
batch:  1
batch:  2
batch:  3
batch:  4
batch:  5
batch:  6
batch:  7
batch:  8
batch:  9
Epoch 151
Episode: 169277
Reward: [-3.16 -3.13 -3.1  -3.1  -3.1  -3.1  -3.13 -3.08 -3.11 -3.12]
Time: 206.24s
Success: 0.0634
Steps-Taken: 79.12
Comm-Action: [0.15 0.15 0.15 0.15 0.15 0.15 0.15 0.14 0.15 0.15]
batch:  0
batch:  1
batch:  2
batch:  3
batch:  4
batch:  5
batch:  6
batch:  7
batch:  8
batch:  9
Epoch 152
Episode: 170398
Reward: [-3.17 -3.16 -3.21 -3.18 -3.19 -3.22 -3.21 -3.22 -3.17 -3.2 ]
Time: 203.92s
Success: 0.0696
Steps-Taken: 79.02
Comm-Action: [0.14 0.14 0.14 0.14 0.14 0.14 0.14 0.14 0.14 0.14]
batch:  0
batch:  1
batch:  2
batch:  3
batch:  4
batch:  5
batch:  6
batch:  7
batch:  8
batch:  9
Epoch 153
Episode: 171519
Reward: [-3.18 -3.16 -3.17 -3.16 -3.13 -3.15 -3.14 -3.15 -3.13 -3.14]
Time: 202.73s
Success: 0.0847
Steps-Taken: 78.60
Comm-Action: [0.13 0.13 0.13 0.13 0.13 0.13 0.13 0.13 0.13 0.13]
batch:  0
batch:  1
batch:  2
batch:  3
batch:  4
batch:  5
batch:  6
batch:  7
batch:  8
batch:  9
Epoch 154
Episode: 172641
Reward: [-3.18 -3.19 -3.16 -3.21 -3.14 -3.18 -3.24 -3.15 -3.16 -3.18]
Time: 202.39s
Success: 0.1087
Steps-Taken: 78.33
Comm-Action: [0.14 0.14 0.14 0.13 0.14 0.14 0.13 0.14 0.14 0.14]
batch:  0
batch:  1
batch:  2
batch:  3
batch:  4
batch:  5
batch:  6
batch:  7
batch:  8
batch:  9
Epoch 155
Episode: 173765
Reward: [-3.12 -3.14 -3.17 -3.15 -3.12 -3.03 -3.13 -3.08 -3.1  -3.14]
Time: 203.28s
Success: 0.1361
Steps-Taken: 77.83
Comm-Action: [0.13 0.13 0.13 0.13 0.13 0.14 0.13 0.14 0.13 0.13]
batch:  0
batch:  1
batch:  2
batch:  3
batch:  4
batch:  5
batch:  6
batch:  7
batch:  8
batch:  9
Epoch 156
Episode: 174886
Reward: [-3.14 -3.12 -3.13 -3.24 -3.22 -3.12 -3.16 -3.09 -3.16 -3.21]
Time: 202.99s
Success: 0.1062
Steps-Taken: 78.24
Comm-Action: [0.14 0.14 0.14 0.13 0.13 0.14 0.14 0.14 0.14 0.14]
batch:  0
batch:  1
batch:  2
batch:  3
batch:  4
batch:  5
batch:  6
batch:  7
batch:  8
batch:  9
Epoch 157
Episode: 176007
Reward: [-3.08 -3.15 -3.05 -3.04 -3.14 -3.1  -3.12 -3.06 -3.1  -3.1 ]
Time: 205.28s
Success: 0.1115
Steps-Taken: 78.21
Comm-Action: [0.17 0.17 0.17 0.17 0.17 0.17 0.17 0.17 0.17 0.17]
batch:  0
batch:  1
batch:  2
batch:  3
batch:  4
batch:  5
batch:  6
batch:  7
batch:  8
batch:  9
Epoch 158
Episode: 177127
Reward: [-3.2  -3.2  -3.25 -3.17 -3.17 -3.17 -3.16 -3.19 -3.16 -3.18]
Time: 205.22s
Success: 0.0661
Steps-Taken: 79.12
Comm-Action: [0.17 0.16 0.16 0.16 0.16 0.16 0.16 0.16 0.17 0.16]
batch:  0
batch:  1
batch:  2
batch:  3
batch:  4
batch:  5
batch:  6
batch:  7
batch:  8
batch:  9
Epoch 159
Episode: 178247
Reward: [-3.11 -3.08 -3.09 -3.12 -3.14 -3.1  -3.14 -3.14 -3.1  -3.12]
Time: 205.21s
Success: 0.0955
Steps-Taken: 78.70
Comm-Action: [0.17 0.18 0.18 0.18 0.18 0.18 0.18 0.18 0.18 0.18]
batch:  0
batch:  1
batch:  2
batch:  3
batch:  4
batch:  5
batch:  6
batch:  7
batch:  8
batch:  9
Epoch 160
Episode: 179367
Reward: [-3.16 -3.1  -3.14 -3.05 -3.13 -3.11 -3.11 -3.08 -3.12 -3.07]
Time: 201.30s
Success: 0.0875
Steps-Taken: 78.38
Comm-Action: [0.19 0.19 0.19 0.19 0.18 0.19 0.18 0.18 0.19 0.18]
batch:  0
batch:  1
batch:  2
batch:  3
batch:  4
batch:  5
batch:  6
batch:  7
batch:  8
batch:  9
Epoch 161
Episode: 180489
Reward: [-3.12 -3.2  -3.17 -3.17 -3.17 -3.18 -3.19 -3.13 -3.22 -3.2 ]
Time: 199.06s
Success: 0.0651
Steps-Taken: 79.08
Comm-Action: [0.16 0.16 0.16 0.16 0.16 0.16 0.16 0.16 0.16 0.16]
batch:  0
batch:  1
batch:  2
batch:  3
batch:  4
batch:  5
batch:  6
batch:  7
batch:  8
batch:  9
Epoch 162
Episode: 181612
Reward: [-3.19 -3.18 -3.17 -3.21 -3.22 -3.2  -3.21 -3.2  -3.16 -3.22]
Time: 199.95s
Success: 0.0784
Steps-Taken: 78.39
Comm-Action: [0.17 0.17 0.16 0.17 0.16 0.16 0.16 0.17 0.16 0.16]
batch:  0
batch:  1
batch:  2
batch:  3
batch:  4
batch:  5
batch:  6
batch:  7
batch:  8
batch:  9
Epoch 163
Episode: 182732
Reward: [-3.12 -3.07 -3.09 -3.03 -3.07 -3.06 -3.02 -3.07 -3.06 -3.08]
Time: 201.64s
Success: 0.0884
Steps-Taken: 78.66
Comm-Action: [0.17 0.17 0.17 0.17 0.17 0.17 0.17 0.17 0.17 0.17]
batch:  0
batch:  1
batch:  2
batch:  3
batch:  4
batch:  5
batch:  6
batch:  7
batch:  8
batch:  9
Epoch 164
Episode: 183855
Reward: [-3.08 -3.12 -3.12 -3.13 -3.11 -3.15 -3.12 -3.1  -3.11 -3.19]
Time: 196.05s
Success: 0.1024
Steps-Taken: 78.27
Comm-Action: [0.18 0.17 0.18 0.18 0.18 0.17 0.17 0.18 0.18 0.17]
batch:  0
batch:  1
batch:  2
batch:  3
batch:  4
batch:  5
batch:  6
batch:  7
batch:  8
batch:  9
Epoch 165
Episode: 184979
Reward: [-3.07 -3.09 -3.13 -3.02 -3.08 -3.09 -3.14 -3.08 -3.1  -3.1 ]
Time: 197.69s
Success: 0.1130
Steps-Taken: 78.10
Comm-Action: [0.17 0.16 0.17 0.17 0.16 0.16 0.16 0.17 0.17 0.16]
batch:  0
batch:  1
batch:  2
batch:  3
batch:  4
batch:  5
batch:  6
batch:  7
batch:  8
batch:  9
Epoch 166
Episode: 186099
Reward: [-3.25 -3.36 -3.28 -3.32 -3.26 -3.25 -3.3  -3.25 -3.32 -3.28]
Time: 199.40s
Success: 0.0563
Steps-Taken: 78.93
Comm-Action: [0.16 0.16 0.16 0.16 0.16 0.16 0.16 0.16 0.15 0.16]
batch:  0
batch:  1
batch:  2
batch:  3
batch:  4
batch:  5
batch:  6
batch:  7
batch:  8
batch:  9
Epoch 167
Episode: 187220
Reward: [-3.18 -3.19 -3.23 -3.14 -3.2  -3.13 -3.14 -3.22 -3.17 -3.2 ]
Time: 197.67s
Success: 0.0669
Steps-Taken: 78.96
Comm-Action: [0.14 0.14 0.14 0.14 0.14 0.14 0.14 0.14 0.14 0.14]
batch:  0
batch:  1
batch:  2
batch:  3
batch:  4
batch:  5
batch:  6
batch:  7
batch:  8
batch:  9
Epoch 168
Episode: 188344
Reward: [-3.2  -3.17 -3.16 -3.15 -3.18 -3.19 -3.16 -3.15 -3.17 -3.13]
Time: 198.89s
Success: 0.0703
Steps-Taken: 78.74
Comm-Action: [0.13 0.14 0.14 0.14 0.13 0.13 0.13 0.13 0.13 0.14]
batch:  0
batch:  1
batch:  2
batch:  3
batch:  4
batch:  5
batch:  6
batch:  7
batch:  8
batch:  9
Epoch 169
Episode: 189467
Reward: [-3.09 -3.16 -3.13 -3.04 -3.07 -3.09 -3.07 -3.16 -3.1  -3.11]
Time: 193.68s
Success: 0.0944
Steps-Taken: 78.25
Comm-Action: [0.14 0.14 0.14 0.14 0.14 0.14 0.14 0.14 0.14 0.14]
batch:  0
batch:  1
batch:  2
batch:  3
batch:  4
batch:  5
batch:  6
batch:  7
batch:  8
batch:  9
Epoch 170
Episode: 190587
Reward: [-3.16 -3.12 -3.11 -3.12 -3.1  -3.15 -3.12 -3.11 -3.16 -3.07]
Time: 196.99s
Success: 0.0946
Steps-Taken: 78.28
Comm-Action: [0.14 0.14 0.14 0.14 0.14 0.14 0.14 0.14 0.14 0.14]
batch:  0
batch:  1
batch:  2
batch:  3
batch:  4
batch:  5
batch:  6
batch:  7
batch:  8
batch:  9
Epoch 171
Episode: 191709
Reward: [-3.09 -3.15 -3.12 -3.1  -3.12 -3.06 -3.12 -3.13 -3.13 -3.08]
Time: 200.14s
Success: 0.1096
Steps-Taken: 78.30
Comm-Action: [0.17 0.16 0.17 0.17 0.17 0.17 0.17 0.17 0.17 0.17]
batch:  0
batch:  1
batch:  2
batch:  3
batch:  4
batch:  5
batch:  6
batch:  7
batch:  8
batch:  9
Epoch 172
Episode: 192830
Reward: [-3.07 -3.06 -3.09 -3.05 -3.09 -3.11 -3.07 -3.07 -3.1  -3.07]
Time: 198.87s
Success: 0.1026
Steps-Taken: 78.32
Comm-Action: [0.18 0.18 0.18 0.18 0.18 0.18 0.18 0.18 0.18 0.18]
batch:  0
batch:  1
batch:  2
batch:  3
batch:  4
batch:  5
batch:  6
batch:  7
batch:  8
batch:  9
Epoch 173
Episode: 193951
Reward: [-3.18 -3.18 -3.17 -3.15 -3.15 -3.14 -3.11 -3.1  -3.19 -3.1 ]
Time: 197.66s
Success: 0.0999
Steps-Taken: 78.16
Comm-Action: [0.18 0.17 0.18 0.17 0.18 0.18 0.18 0.18 0.17 0.17]
batch:  0
batch:  1
batch:  2
batch:  3
batch:  4
batch:  5
batch:  6
batch:  7
batch:  8
batch:  9
Epoch 174
Episode: 195071
Reward: [-3.14 -3.19 -3.14 -3.14 -3.14 -3.09 -3.13 -3.15 -3.16 -3.11]
Time: 199.43s
Success: 0.0821
Steps-Taken: 78.75
Comm-Action: [0.17 0.17 0.17 0.17 0.18 0.18 0.17 0.17 0.17 0.17]
batch:  0
batch:  1
batch:  2
batch:  3
batch:  4
batch:  5
batch:  6
batch:  7
batch:  8
batch:  9
Epoch 175
Episode: 196195
Reward: [-3.15 -3.12 -3.16 -3.17 -3.09 -3.13 -3.1  -3.16 -3.08 -3.11]
Time: 198.81s
Success: 0.0943
Steps-Taken: 78.50
Comm-Action: [0.18 0.18 0.18 0.18 0.18 0.18 0.18 0.18 0.18 0.18]
batch:  0
batch:  1
batch:  2
batch:  3
batch:  4
batch:  5
batch:  6
batch:  7
batch:  8
batch:  9
Epoch 176
Episode: 197316
Reward: [-3.15 -3.09 -3.05 -3.02 -3.09 -3.08 -3.03 -3.1  -3.06 -3.09]
Time: 197.34s
Success: 0.1070
Steps-Taken: 78.35
Comm-Action: [0.2 0.2 0.2 0.2 0.2 0.2 0.2 0.2 0.2 0.2]
batch:  0
batch:  1
batch:  2
batch:  3
batch:  4
batch:  5
batch:  6
batch:  7
batch:  8
batch:  9
Epoch 177
Episode: 198441
Reward: [-3.04 -3.04 -3.03 -3.03 -3.13 -3.02 -3.03 -3.1  -3.03 -3.05]
Time: 195.92s
Success: 0.1182
Steps-Taken: 77.85
Comm-Action: [0.25 0.25 0.26 0.26 0.25 0.25 0.25 0.25 0.25 0.25]
batch:  0
batch:  1
batch:  2
batch:  3
batch:  4
batch:  5
batch:  6
batch:  7
batch:  8
batch:  9
Epoch 178
Episode: 199561
Reward: [-3.05 -3.13 -3.14 -3.06 -3.12 -3.08 -3.14 -3.12 -3.12 -3.11]
Time: 195.76s
Success: 0.0911
Steps-Taken: 78.35
Comm-Action: [0.3  0.3  0.3  0.3  0.3  0.3  0.29 0.3  0.3  0.3 ]
batch:  0
batch:  1
batch:  2
batch:  3
batch:  4
batch:  5
batch:  6
batch:  7
batch:  8
batch:  9
Epoch 179
Episode: 200684
Reward: [-3.05 -3.05 -3.04 -3.03 -3.05 -3.06 -3.09 -3.03 -3.11 -3.05]
Time: 194.79s
Success: 0.1220
Steps-Taken: 77.84
Comm-Action: [0.3 0.3 0.3 0.3 0.3 0.3 0.3 0.3 0.3 0.3]
batch:  0
batch:  1
batch:  2
batch:  3
batch:  4
batch:  5
batch:  6
batch:  7
batch:  8
batch:  9
Epoch 180
Episode: 201806
Reward: [-3.05 -3.07 -3.01 -2.98 -3.   -3.01 -3.05 -3.03 -3.07 -2.99]
Time: 192.45s
Success: 0.1364
Steps-Taken: 77.76
Comm-Action: [0.31 0.31 0.31 0.31 0.31 0.31 0.31 0.31 0.31 0.31]
batch:  0
batch:  1
batch:  2
batch:  3
batch:  4
batch:  5
batch:  6
batch:  7
batch:  8
batch:  9
Epoch 181
Episode: 202931
Reward: [-3.01 -3.01 -3.08 -3.06 -3.05 -3.06 -3.1  -3.1  -3.09 -3.07]
Time: 195.61s
Success: 0.1484
Steps-Taken: 77.28
Comm-Action: [0.31 0.31 0.31 0.31 0.31 0.31 0.31 0.31 0.31 0.31]
batch:  0
batch:  1
batch:  2
batch:  3
batch:  4
batch:  5
batch:  6
batch:  7
batch:  8
batch:  9
Epoch 182
Episode: 204053
Reward: [-3.04 -3.05 -3.04 -3.05 -3.   -3.   -3.06 -3.08 -3.07 -2.99]
Time: 197.56s
Success: 0.1435
Steps-Taken: 77.68
Comm-Action: [0.31 0.31 0.32 0.31 0.31 0.31 0.31 0.31 0.31 0.31]
batch:  0
batch:  1
batch:  2
batch:  3
batch:  4
batch:  5
batch:  6
batch:  7
batch:  8
batch:  9
Epoch 183
Episode: 205178
Reward: [-3.07 -3.09 -3.08 -3.07 -3.06 -3.1  -3.06 -3.07 -3.12 -3.05]
Time: 194.78s
Success: 0.1164
Steps-Taken: 77.89
Comm-Action: [0.32 0.32 0.32 0.32 0.32 0.32 0.32 0.32 0.32 0.32]
batch:  0
batch:  1
batch:  2
batch:  3
batch:  4
batch:  5
batch:  6
batch:  7
batch:  8
batch:  9
Epoch 184
Episode: 206301
Reward: [-3.06 -3.06 -3.03 -3.11 -3.07 -3.01 -3.1  -3.09 -3.08 -3.08]
Time: 194.89s
Success: 0.1282
Steps-Taken: 77.95
Comm-Action: [0.28 0.28 0.28 0.27 0.28 0.28 0.27 0.28 0.28 0.28]
batch:  0
batch:  1
batch:  2
batch:  3
batch:  4
batch:  5
batch:  6
batch:  7
batch:  8
batch:  9
Epoch 185
Episode: 207424
Reward: [-2.97 -2.97 -2.96 -3.   -2.97 -3.03 -2.94 -3.02 -3.01 -2.99]
Time: 194.94s
Success: 0.1460
Steps-Taken: 77.47
Comm-Action: [0.29 0.29 0.29 0.29 0.29 0.29 0.29 0.29 0.29 0.29]
batch:  0
batch:  1
batch:  2
batch:  3
batch:  4
batch:  5
batch:  6
batch:  7
batch:  8
batch:  9
Epoch 186
Episode: 208553
Reward: [-3.   -2.99 -2.97 -3.06 -2.97 -2.98 -3.01 -3.06 -3.05 -3.02]
Time: 197.44s
Success: 0.1355
Steps-Taken: 77.40
Comm-Action: [0.3  0.3  0.3  0.3  0.3  0.3  0.3  0.3  0.3  0.29]
batch:  0
batch:  1
batch:  2
batch:  3
batch:  4
batch:  5
batch:  6
batch:  7
batch:  8
batch:  9
Epoch 187
Episode: 209673
Reward: [-3.1  -3.14 -3.09 -3.08 -3.11 -3.12 -3.04 -3.11 -3.07 -3.13]
Time: 195.59s
Success: 0.1259
Steps-Taken: 77.66
Comm-Action: [0.3 0.3 0.3 0.3 0.3 0.3 0.3 0.3 0.3 0.3]
batch:  0
batch:  1
batch:  2
batch:  3
batch:  4
batch:  5
batch:  6
batch:  7
batch:  8
batch:  9
Epoch 188
Episode: 210796
Reward: [-3.02 -3.06 -3.04 -3.1  -3.09 -3.1  -3.11 -3.05 -3.06 -3.08]
Time: 196.32s
Success: 0.1202
Steps-Taken: 78.06
Comm-Action: [0.3  0.3  0.3  0.29 0.3  0.3  0.29 0.3  0.3  0.29]
batch:  0
batch:  1
batch:  2
batch:  3
batch:  4
batch:  5
batch:  6
batch:  7
batch:  8
batch:  9
Epoch 189
Episode: 211919
Reward: [-3.23 -3.24 -3.26 -3.23 -3.25 -3.24 -3.22 -3.2  -3.24 -3.2 ]
Time: 197.95s
Success: 0.1006
Steps-Taken: 78.20
Comm-Action: [0.3  0.3  0.3  0.3  0.31 0.3  0.3  0.3  0.3  0.3 ]
batch:  0
batch:  1
batch:  2
batch:  3
batch:  4
batch:  5
batch:  6
batch:  7
batch:  8
batch:  9
Epoch 190
Episode: 213042
Reward: [-3.18 -3.12 -3.1  -3.11 -3.18 -3.14 -3.17 -3.16 -3.14 -3.13]
Time: 198.29s
Success: 0.1247
Steps-Taken: 77.61
Comm-Action: [0.29 0.29 0.3  0.3  0.29 0.3  0.29 0.29 0.29 0.3 ]
batch:  0
batch:  1
batch:  2
batch:  3
batch:  4
batch:  5
batch:  6
batch:  7
batch:  8
batch:  9
Epoch 191
Episode: 214166
Reward: [-3.13 -3.04 -3.05 -3.08 -3.06 -3.1  -3.09 -3.09 -3.02 -2.98]
Time: 198.55s
Success: 0.1246
Steps-Taken: 77.47
Comm-Action: [0.29 0.3  0.29 0.29 0.29 0.29 0.29 0.29 0.3  0.29]
batch:  0
batch:  1
batch:  2
batch:  3
batch:  4
batch:  5
batch:  6
batch:  7
batch:  8
batch:  9
Epoch 192
Episode: 215288
Reward: [-3.1  -3.08 -3.01 -3.07 -3.04 -3.07 -3.06 -3.07 -3.06 -3.06]
Time: 195.67s
Success: 0.1266
Steps-Taken: 77.52
Comm-Action: [0.31 0.31 0.31 0.3  0.31 0.31 0.31 0.31 0.31 0.3 ]
batch:  0
batch:  1
batch:  2
batch:  3
batch:  4
batch:  5
batch:  6
batch:  7
batch:  8
batch:  9
Epoch 193
Episode: 216415
Reward: [-3.06 -3.06 -3.07 -3.03 -3.03 -3.06 -3.05 -3.   -3.05 -3.11]
Time: 196.67s
Success: 0.1420
Steps-Taken: 77.60
Comm-Action: [0.28 0.28 0.28 0.28 0.28 0.28 0.28 0.27 0.28 0.28]
batch:  0
batch:  1
batch:  2
batch:  3
batch:  4
batch:  5
batch:  6
batch:  7
batch:  8
batch:  9
Epoch 194
Episode: 217542
Reward: [-3.04 -3.05 -3.05 -3.06 -3.06 -3.06 -3.1  -3.05 -3.05 -3.11]
Time: 196.05s
Success: 0.1508
Steps-Taken: 77.37
Comm-Action: [0.26 0.26 0.26 0.26 0.26 0.26 0.26 0.26 0.26 0.26]
batch:  0
batch:  1
batch:  2
batch:  3
batch:  4
batch:  5
batch:  6
batch:  7
batch:  8
batch:  9
Epoch 195
Episode: 218665
Reward: [-3.03 -2.99 -3.03 -2.95 -3.   -3.01 -3.02 -3.   -2.98 -3.03]
Time: 197.06s
Success: 0.1362
Steps-Taken: 77.77
Comm-Action: [0.25 0.25 0.25 0.26 0.25 0.25 0.25 0.26 0.26 0.26]
batch:  0
batch:  1
batch:  2
batch:  3
batch:  4
batch:  5
batch:  6
batch:  7
batch:  8
batch:  9
Epoch 196
Episode: 219789
Reward: [-2.99 -2.98 -3.02 -3.   -2.96 -2.98 -2.98 -2.95 -3.04 -2.97]
Time: 195.00s
Success: 0.1468
Steps-Taken: 77.60
Comm-Action: [0.27 0.27 0.27 0.27 0.27 0.27 0.27 0.27 0.27 0.27]
batch:  0
batch:  1
batch:  2
batch:  3
batch:  4
batch:  5
batch:  6
batch:  7
batch:  8
batch:  9
Epoch 197
Episode: 220919
Reward: [-3.11 -3.07 -3.14 -3.1  -3.13 -3.11 -3.16 -3.12 -3.14 -3.08]
Time: 194.55s
Success: 0.1283
Steps-Taken: 77.22
Comm-Action: [0.27 0.27 0.26 0.27 0.26 0.27 0.27 0.27 0.27 0.27]
batch:  0
batch:  1
batch:  2
batch:  3
batch:  4
batch:  5
batch:  6
batch:  7
batch:  8
batch:  9
Epoch 198
Episode: 222045
Reward: [-2.98 -2.99 -3.03 -2.98 -2.98 -2.95 -3.01 -2.98 -2.96 -2.98]
Time: 192.97s
Success: 0.1519
Steps-Taken: 77.18
Comm-Action: [0.23 0.23 0.23 0.23 0.23 0.23 0.23 0.23 0.23 0.23]
batch:  0
batch:  1
batch:  2
batch:  3
batch:  4
batch:  5
batch:  6
batch:  7
batch:  8
batch:  9
Epoch 199
Episode: 223176
Reward: [-2.96 -2.87 -2.98 -2.96 -3.01 -2.99 -2.99 -2.95 -2.94 -2.96]
Time: 196.20s
Success: 0.1592
Steps-Taken: 77.30
Comm-Action: [0.19 0.2  0.19 0.19 0.19 0.19 0.19 0.2  0.2  0.2 ]
batch:  0
batch:  1
batch:  2
batch:  3
batch:  4
batch:  5
batch:  6
batch:  7
batch:  8
batch:  9
Epoch 200
Episode: 224300
Reward: [-2.99 -2.95 -3.04 -2.96 -2.91 -3.02 -2.99 -2.98 -3.02 -2.98]
Time: 194.66s
Success: 0.1281
Steps-Taken: 77.85
Comm-Action: [0.19 0.19 0.19 0.19 0.19 0.19 0.19 0.19 0.19 0.19]
batch:  0
batch:  1
batch:  2
batch:  3
batch:  4
batch:  5
batch:  6
batch:  7
batch:  8
batch:  9
Epoch 201
Episode: 225426
Reward: [-2.99 -3.   -3.02 -2.94 -2.97 -2.98 -2.96 -2.96 -3.   -2.95]
Time: 195.52s
Success: 0.1403
Steps-Taken: 77.54
Comm-Action: [0.2  0.19 0.19 0.2  0.2  0.2  0.2  0.19 0.19 0.2 ]
batch:  0
batch:  1
batch:  2
batch:  3
batch:  4
batch:  5
batch:  6
batch:  7
batch:  8
batch:  9
Epoch 202
Episode: 226557
Reward: [-2.93 -2.95 -2.97 -2.94 -2.96 -2.95 -3.01 -3.03 -3.01 -2.98]
Time: 198.08s
Success: 0.1477
Steps-Taken: 77.49
Comm-Action: [0.2  0.19 0.2  0.2  0.2  0.2  0.2  0.19 0.2  0.2 ]
batch:  0
batch:  1
batch:  2
batch:  3
batch:  4
batch:  5
batch:  6
batch:  7
batch:  8
batch:  9
Epoch 203
Episode: 227679
Reward: [-3.01 -2.99 -3.01 -2.97 -3.02 -2.94 -2.96 -2.92 -2.94 -2.99]
Time: 197.14s
Success: 0.1346
Steps-Taken: 77.60
Comm-Action: [0.16 0.16 0.16 0.15 0.16 0.16 0.16 0.16 0.16 0.16]
batch:  0
batch:  1
batch:  2
batch:  3
batch:  4
batch:  5
batch:  6
batch:  7
batch:  8
batch:  9
Epoch 204
Episode: 228804
Reward: [-3.04 -3.01 -2.97 -2.99 -2.98 -3.02 -2.95 -2.94 -2.97 -2.99]
Time: 193.59s
Success: 0.1298
Steps-Taken: 77.54
Comm-Action: [0.16 0.16 0.17 0.16 0.16 0.16 0.16 0.17 0.16 0.16]
batch:  0
batch:  1
batch:  2
batch:  3
batch:  4
batch:  5
batch:  6
batch:  7
batch:  8
batch:  9
Epoch 205
Episode: 229935
Reward: [-3.02 -3.   -3.04 -2.99 -2.98 -3.06 -3.08 -2.99 -2.97 -3.07]
Time: 196.26s
Success: 0.1424
Steps-Taken: 77.32
Comm-Action: [0.18 0.18 0.18 0.18 0.18 0.18 0.18 0.18 0.18 0.18]
batch:  0
batch:  1
batch:  2
batch:  3
batch:  4
batch:  5
batch:  6
batch:  7
batch:  8
batch:  9
Epoch 206
Episode: 231057
Reward: [-3.13 -3.1  -3.11 -3.08 -3.11 -3.09 -3.08 -3.05 -3.11 -3.04]
Time: 196.15s
Success: 0.1114
Steps-Taken: 77.95
Comm-Action: [0.17 0.18 0.18 0.18 0.18 0.18 0.18 0.18 0.18 0.17]
batch:  0
batch:  1
batch:  2
batch:  3
batch:  4
batch:  5
batch:  6
batch:  7
batch:  8
batch:  9
Epoch 207
Episode: 232183
Reward: [-3.02 -3.05 -3.07 -3.02 -3.02 -3.08 -3.06 -3.06 -3.02 -3.01]
Time: 194.70s
Success: 0.1385
Steps-Taken: 77.41
Comm-Action: [0.16 0.16 0.16 0.16 0.15 0.15 0.16 0.16 0.16 0.16]
batch:  0
batch:  1
batch:  2
batch:  3
batch:  4
batch:  5
batch:  6
batch:  7
batch:  8
batch:  9
Epoch 208
Episode: 233311
Reward: [-3.03 -2.97 -3.03 -3.02 -3.04 -3.02 -3.05 -2.99 -2.99 -3.06]
Time: 194.61s
Success: 0.1312
Steps-Taken: 77.49
Comm-Action: [0.17 0.18 0.18 0.17 0.17 0.18 0.18 0.18 0.17 0.17]
batch:  0
batch:  1
batch:  2
batch:  3
batch:  4
batch:  5
batch:  6
batch:  7
batch:  8
batch:  9
Epoch 209
Episode: 234442
Reward: [-3.   -3.06 -2.99 -2.97 -3.04 -3.01 -3.09 -3.   -3.   -3.01]
Time: 193.02s
Success: 0.1362
Steps-Taken: 77.47
Comm-Action: [0.19 0.19 0.2  0.19 0.19 0.19 0.19 0.19 0.19 0.19]
batch:  0
batch:  1
batch:  2
batch:  3
batch:  4
batch:  5
batch:  6
batch:  7
batch:  8
batch:  9
Epoch 210
Episode: 235571
Reward: [-2.95 -2.98 -2.98 -3.02 -2.97 -3.04 -3.01 -2.99 -3.04 -3.02]
Time: 195.60s
Success: 0.1329
Steps-Taken: 77.30
Comm-Action: [0.2  0.19 0.2  0.2  0.2  0.2  0.2  0.2  0.19 0.2 ]
batch:  0
batch:  1
batch:  2
batch:  3
batch:  4
batch:  5
batch:  6
batch:  7
batch:  8
batch:  9
Epoch 211
Episode: 236697
Reward: [-2.96 -2.95 -3.04 -2.95 -2.99 -2.99 -2.93 -3.02 -2.99 -2.92]
Time: 197.26s
Success: 0.1474
Steps-Taken: 77.19
Comm-Action: [0.21 0.22 0.21 0.21 0.21 0.21 0.21 0.21 0.21 0.21]
batch:  0
batch:  1
batch:  2
batch:  3
batch:  4
batch:  5
batch:  6
batch:  7
batch:  8
batch:  9
Epoch 212
Episode: 237828
Reward: [-3.   -3.   -2.95 -3.01 -3.01 -3.01 -2.98 -3.05 -2.99 -3.05]
Time: 196.03s
Success: 0.1538
Steps-Taken: 77.02
Comm-Action: [0.23 0.23 0.23 0.23 0.23 0.23 0.22 0.22 0.23 0.23]
batch:  0
batch:  1
batch:  2
batch:  3
batch:  4
batch:  5
batch:  6
batch:  7
batch:  8
batch:  9
Epoch 213
Episode: 238955
Reward: [-3.01 -2.99 -2.98 -2.96 -2.94 -3.   -3.01 -3.04 -3.   -3.04]
Time: 199.33s
Success: 0.1482
Steps-Taken: 77.46
Comm-Action: [0.2 0.2 0.2 0.2 0.2 0.2 0.2 0.2 0.2 0.2]
batch:  0
batch:  1
batch:  2
batch:  3
batch:  4
batch:  5
batch:  6
batch:  7
batch:  8
batch:  9
Epoch 214
Episode: 240084
Reward: [-3.07 -3.03 -3.   -2.95 -2.98 -2.94 -3.   -3.01 -2.91 -3.01]
Time: 196.65s
Success: 0.1541
Steps-Taken: 76.98
Comm-Action: [0.21 0.21 0.21 0.21 0.21 0.21 0.21 0.21 0.21 0.21]
batch:  0
batch:  1
batch:  2
batch:  3
batch:  4
batch:  5
batch:  6
batch:  7
batch:  8
batch:  9
Epoch 215
Episode: 241214
Reward: [-2.94 -2.95 -3.   -3.02 -2.99 -2.98 -3.   -3.02 -3.01 -2.98]
Time: 199.87s
Success: 0.1168
Steps-Taken: 77.53
Comm-Action: [0.23 0.23 0.23 0.23 0.23 0.23 0.23 0.23 0.23 0.23]
batch:  0
batch:  1
batch:  2
batch:  3
batch:  4
batch:  5
batch:  6
batch:  7
batch:  8
batch:  9
Epoch 216
Episode: 242338
Reward: [-3.07 -3.02 -3.   -3.03 -3.06 -3.03 -3.07 -3.11 -3.1  -3.1 ]
Time: 199.02s
Success: 0.1192
Steps-Taken: 77.85
Comm-Action: [0.25 0.25 0.24 0.24 0.24 0.25 0.24 0.25 0.25 0.25]
batch:  0
batch:  1
batch:  2
batch:  3
batch:  4
batch:  5
batch:  6
batch:  7
batch:  8
batch:  9
Epoch 217
Episode: 243466
Reward: [-3.04 -3.03 -3.08 -3.05 -3.04 -3.02 -3.06 -3.   -2.96 -3.04]
Time: 193.31s
Success: 0.1135
Steps-Taken: 77.61
Comm-Action: [0.23 0.22 0.22 0.23 0.23 0.22 0.23 0.23 0.23 0.23]
batch:  0
batch:  1
batch:  2
batch:  3
batch:  4
batch:  5
batch:  6
batch:  7
batch:  8
batch:  9
Epoch 218
Episode: 244598
Reward: [-2.92 -2.98 -2.96 -2.95 -2.97 -2.98 -2.96 -2.97 -2.91 -2.98]
Time: 195.21s
Success: 0.1608
Steps-Taken: 76.42
Comm-Action: [0.22 0.22 0.22 0.22 0.21 0.22 0.22 0.22 0.22 0.22]
batch:  0
batch:  1
batch:  2
batch:  3
batch:  4
batch:  5
batch:  6
batch:  7
batch:  8
batch:  9
Epoch 219
Episode: 245722
Reward: [-2.99 -2.94 -3.11 -3.   -3.04 -3.02 -3.01 -3.04 -2.96 -3.  ]
Time: 194.09s
Success: 0.1343
Steps-Taken: 77.63
Comm-Action: [0.23 0.23 0.23 0.23 0.23 0.23 0.23 0.23 0.23 0.23]
batch:  0
batch:  1
batch:  2
batch:  3
batch:  4
batch:  5
batch:  6
batch:  7
batch:  8
batch:  9
Epoch 220
Episode: 246854
Reward: [-2.93 -2.99 -2.92 -2.99 -2.95 -2.94 -2.94 -3.   -2.96 -2.99]
Time: 194.88s
Success: 0.1617
Steps-Taken: 77.00
Comm-Action: [0.24 0.24 0.24 0.25 0.25 0.24 0.24 0.24 0.25 0.24]
batch:  0
batch:  1
batch:  2
batch:  3
batch:  4
batch:  5
batch:  6
batch:  7
batch:  8
batch:  9
Epoch 221
Episode: 247983
Reward: [-2.95 -3.03 -2.99 -3.04 -2.97 -3.   -2.96 -2.98 -2.99 -3.02]
Time: 196.48s
Success: 0.1479
Steps-Taken: 77.00
Comm-Action: [0.24 0.24 0.24 0.24 0.24 0.24 0.24 0.24 0.24 0.24]
batch:  0
batch:  1
batch:  2
batch:  3
batch:  4
batch:  5
batch:  6
batch:  7
batch:  8
batch:  9
Epoch 222
Episode: 249112
Reward: [-3.02 -2.96 -3.   -3.02 -2.95 -3.02 -2.96 -2.99 -3.01 -3.03]
Time: 190.65s
Success: 0.1585
Steps-Taken: 76.91
Comm-Action: [0.25 0.25 0.25 0.25 0.25 0.26 0.25 0.25 0.25 0.25]
batch:  0
batch:  1
batch:  2
batch:  3
batch:  4
batch:  5
batch:  6
batch:  7
batch:  8
batch:  9
Epoch 223
Episode: 250243
Reward: [-2.97 -2.96 -2.99 -2.94 -2.97 -2.98 -2.99 -3.   -2.99 -2.98]
Time: 197.30s
Success: 0.1636
Steps-Taken: 76.70
Comm-Action: [0.28 0.28 0.28 0.28 0.28 0.28 0.28 0.28 0.28 0.27]
batch:  0
batch:  1
batch:  2
batch:  3
batch:  4
batch:  5
batch:  6
batch:  7
batch:  8
batch:  9
Epoch 224
Episode: 251371
Reward: [-2.99 -3.08 -3.05 -3.05 -3.08 -3.02 -3.07 -2.98 -3.03 -3.04]
Time: 193.23s
Success: 0.1410
Steps-Taken: 77.41
Comm-Action: [0.29 0.29 0.29 0.29 0.29 0.29 0.29 0.29 0.29 0.3 ]
batch:  0
batch:  1
batch:  2
batch:  3
batch:  4
batch:  5
batch:  6
batch:  7
batch:  8
batch:  9
Epoch 225
Episode: 252496
Reward: [-2.98 -2.98 -2.97 -2.97 -3.01 -2.99 -2.99 -2.94 -2.94 -2.98]
Time: 195.83s
Success: 0.1431
Steps-Taken: 77.31
Comm-Action: [0.3  0.3  0.3  0.3  0.3  0.3  0.3  0.3  0.29 0.3 ]
batch:  0
batch:  1
batch:  2
batch:  3
batch:  4
batch:  5
batch:  6
batch:  7
batch:  8
batch:  9
Epoch 226
Episode: 253631
Reward: [-2.92 -2.98 -2.98 -2.93 -2.98 -2.94 -2.93 -2.93 -2.99 -2.94]
Time: 193.62s
Success: 0.1700
Steps-Taken: 76.75
Comm-Action: [0.29 0.28 0.29 0.28 0.28 0.29 0.29 0.29 0.28 0.28]
batch:  0
batch:  1
batch:  2
batch:  3
batch:  4
batch:  5
batch:  6
batch:  7
batch:  8
batch:  9
Epoch 227
Episode: 254761
Reward: [-2.95 -2.96 -2.94 -2.97 -2.97 -2.88 -2.97 -2.91 -2.91 -2.92]
Time: 192.13s
Success: 0.1655
Steps-Taken: 76.81
Comm-Action: [0.28 0.28 0.28 0.28 0.28 0.27 0.28 0.28 0.28 0.27]
batch:  0
batch:  1
batch:  2
batch:  3
batch:  4
batch:  5
batch:  6
batch:  7
batch:  8
batch:  9
Epoch 228
Episode: 255893
Reward: [-2.97 -2.99 -2.98 -2.95 -2.96 -2.95 -3.03 -2.97 -2.97 -2.93]
Time: 195.46s
Success: 0.1652
Steps-Taken: 76.94
Comm-Action: [0.31 0.31 0.3  0.3  0.3  0.3  0.31 0.31 0.31 0.31]
batch:  0
batch:  1
batch:  2
batch:  3
batch:  4
batch:  5
batch:  6
batch:  7
batch:  8
batch:  9
Epoch 229
Episode: 257030
Reward: [-2.88 -2.95 -2.96 -2.91 -2.88 -2.95 -2.83 -2.86 -2.92 -2.86]
Time: 189.51s
Success: 0.1891
Steps-Taken: 75.99
Comm-Action: [0.32 0.33 0.32 0.33 0.33 0.32 0.32 0.32 0.32 0.33]
batch:  0
batch:  1
batch:  2
batch:  3
batch:  4
batch:  5
batch:  6
batch:  7
batch:  8
batch:  9
Epoch 230
Episode: 258167
Reward: [-2.89 -3.   -2.92 -2.91 -2.92 -2.89 -3.01 -2.94 -2.93 -2.89]
Time: 193.59s
Success: 0.1917
Steps-Taken: 76.26
Comm-Action: [0.33 0.33 0.33 0.33 0.33 0.33 0.33 0.33 0.33 0.33]
batch:  0
batch:  1
batch:  2
batch:  3
batch:  4
batch:  5
batch:  6
batch:  7
batch:  8
batch:  9
Epoch 231
Episode: 259304
Reward: [-2.87 -2.91 -2.87 -2.91 -2.89 -2.92 -2.89 -2.92 -2.91 -2.94]
Time: 192.96s
Success: 0.1777
Steps-Taken: 76.49
Comm-Action: [0.32 0.33 0.33 0.33 0.33 0.33 0.33 0.33 0.33 0.33]
batch:  0
batch:  1
batch:  2
batch:  3
batch:  4
batch:  5
batch:  6
batch:  7
batch:  8
batch:  9
Epoch 232
Episode: 260436
Reward: [-2.99 -2.99 -2.99 -3.03 -2.98 -2.95 -2.93 -2.93 -3.02 -3.  ]
Time: 193.21s
Success: 0.1555
Steps-Taken: 76.66
Comm-Action: [0.33 0.33 0.33 0.32 0.33 0.32 0.33 0.33 0.33 0.32]
batch:  0
batch:  1
batch:  2
batch:  3
batch:  4
batch:  5
batch:  6
batch:  7
batch:  8
batch:  9
Epoch 233
Episode: 261562
Reward: [-3.05 -3.1  -3.08 -3.08 -3.11 -3.04 -3.07 -3.04 -3.07 -3.03]
Time: 194.34s
Success: 0.1199
Steps-Taken: 77.57
Comm-Action: [0.32 0.31 0.31 0.32 0.31 0.32 0.32 0.32 0.31 0.32]
batch:  0
batch:  1
batch:  2
batch:  3
batch:  4
batch:  5
batch:  6
batch:  7
batch:  8
batch:  9
Epoch 234
Episode: 262697
Reward: [-3.01 -3.01 -2.99 -2.97 -3.01 -3.   -3.   -2.97 -2.96 -2.97]
Time: 198.66s
Success: 0.1630
Steps-Taken: 76.71
Comm-Action: [0.33 0.33 0.33 0.33 0.33 0.33 0.33 0.32 0.33 0.33]
batch:  0
batch:  1
batch:  2
batch:  3
batch:  4
batch:  5
batch:  6
batch:  7
batch:  8
batch:  9
Epoch 235
Episode: 263835
Reward: [-2.94 -2.91 -2.92 -2.91 -2.9  -2.89 -2.9  -2.92 -2.87 -2.85]
Time: 195.89s
Success: 0.1942
Steps-Taken: 76.08
Comm-Action: [0.3 0.3 0.3 0.3 0.3 0.3 0.3 0.3 0.3 0.3]
batch:  0
batch:  1
batch:  2
batch:  3
batch:  4
batch:  5
batch:  6
batch:  7
batch:  8
batch:  9
Epoch 236
Episode: 264968
Reward: [-2.93 -2.97 -2.95 -2.95 -3.02 -2.96 -2.96 -2.97 -2.98 -2.97]
Time: 191.93s
Success: 0.1818
Steps-Taken: 76.54
Comm-Action: [0.26 0.26 0.26 0.26 0.26 0.26 0.26 0.26 0.26 0.26]
batch:  0
batch:  1
batch:  2
batch:  3
batch:  4
batch:  5
batch:  6
batch:  7
batch:  8
batch:  9
Epoch 237
Episode: 266100
Reward: [-3.02 -2.96 -2.97 -2.9  -2.91 -2.94 -2.91 -2.99 -2.99 -2.94]
Time: 191.49s
Success: 0.1776
Steps-Taken: 76.42
Comm-Action: [0.28 0.28 0.28 0.28 0.28 0.28 0.28 0.28 0.28 0.28]
batch:  0
batch:  1
batch:  2
batch:  3
batch:  4
batch:  5
batch:  6
batch:  7
batch:  8
batch:  9
Epoch 238
Episode: 267231
Reward: [-3.14 -3.14 -3.14 -3.09 -3.2  -3.16 -3.15 -3.14 -3.1  -3.15]
Time: 194.36s
Success: 0.1291
Steps-Taken: 76.99
Comm-Action: [0.3 0.3 0.3 0.3 0.3 0.3 0.3 0.3 0.3 0.3]
batch:  0
batch:  1
batch:  2
batch:  3
batch:  4
batch:  5
batch:  6
batch:  7
batch:  8
batch:  9
Epoch 239
Episode: 268354
Reward: [-2.97 -2.99 -2.94 -3.01 -2.99 -2.99 -3.01 -3.   -2.96 -3.01]
Time: 196.48s
Success: 0.1451
Steps-Taken: 77.16
Comm-Action: [0.29 0.29 0.29 0.29 0.29 0.29 0.29 0.29 0.29 0.29]
batch:  0
batch:  1
batch:  2
batch:  3
batch:  4
batch:  5
batch:  6
batch:  7
batch:  8
batch:  9
Epoch 240
Episode: 269490
Reward: [-2.97 -2.99 -3.02 -3.02 -2.95 -2.98 -2.96 -3.01 -2.99 -3.  ]
Time: 194.24s
Success: 0.1875
Steps-Taken: 76.14
Comm-Action: [0.31 0.31 0.31 0.31 0.31 0.31 0.3  0.31 0.31 0.31]
batch:  0
batch:  1
batch:  2
batch:  3
batch:  4
batch:  5
batch:  6
batch:  7
batch:  8
batch:  9
Epoch 241
Episode: 270633
Reward: [-2.96 -2.97 -2.94 -2.89 -2.94 -2.89 -2.96 -2.92 -2.94 -2.93]
Time: 195.12s
Success: 0.1776
Steps-Taken: 76.13
Comm-Action: [0.31 0.3  0.31 0.3  0.31 0.3  0.3  0.31 0.31 0.31]
batch:  0
batch:  1
batch:  2
batch:  3
batch:  4
batch:  5
batch:  6
batch:  7
batch:  8
batch:  9
Epoch 242
Episode: 271772
Reward: [-3.02 -2.97 -3.   -3.03 -2.95 -2.94 -2.95 -2.95 -2.97 -2.96]
Time: 195.57s
Success: 0.1580
Steps-Taken: 76.33
Comm-Action: [0.28 0.28 0.28 0.28 0.28 0.27 0.28 0.28 0.28 0.28]
batch:  0
batch:  1
batch:  2
batch:  3
batch:  4
batch:  5
batch:  6
batch:  7
batch:  8
batch:  9
Epoch 243
Episode: 272904
Reward: [-3.   -3.   -3.01 -2.92 -3.06 -3.01 -3.   -2.96 -3.08 -3.  ]
Time: 194.43s
Success: 0.1555
Steps-Taken: 76.34
Comm-Action: [0.32 0.31 0.32 0.31 0.32 0.32 0.32 0.32 0.32 0.32]
batch:  0
batch:  1
batch:  2
batch:  3
batch:  4
batch:  5
batch:  6
batch:  7
batch:  8
batch:  9
Epoch 244
Episode: 274044
Reward: [-3.   -3.01 -3.03 -3.02 -3.03 -2.99 -3.01 -3.02 -3.05 -3.02]
Time: 192.70s
Success: 0.1675
Steps-Taken: 76.25
Comm-Action: [0.33 0.33 0.33 0.33 0.33 0.33 0.33 0.33 0.33 0.33]
batch:  0
batch:  1
batch:  2
batch:  3
batch:  4
batch:  5
batch:  6
batch:  7
batch:  8
batch:  9
Epoch 245
Episode: 275173
Reward: [-3.11 -3.14 -3.09 -3.1  -3.11 -3.09 -3.13 -3.1  -3.12 -3.18]
Time: 192.83s
Success: 0.1293
Steps-Taken: 77.21
Comm-Action: [0.36 0.37 0.37 0.37 0.36 0.36 0.37 0.37 0.36 0.37]
batch:  0
batch:  1
batch:  2
batch:  3
batch:  4
batch:  5
batch:  6
batch:  7
batch:  8
batch:  9
Epoch 246
Episode: 276306
Reward: [-3.08 -3.05 -3.08 -3.01 -3.06 -2.99 -3.08 -3.01 -3.01 -3.04]
Time: 194.75s
Success: 0.1509
Steps-Taken: 76.88
Comm-Action: [0.37 0.36 0.36 0.36 0.36 0.36 0.36 0.36 0.36 0.36]
batch:  0
batch:  1
batch:  2
batch:  3
batch:  4
batch:  5
batch:  6
batch:  7
batch:  8
batch:  9
Epoch 247
Episode: 277447
Reward: [-3.   -3.08 -3.04 -3.05 -3.09 -3.06 -3.07 -3.05 -3.08 -3.04]
Time: 196.27s
Success: 0.1691
Steps-Taken: 75.97
Comm-Action: [0.38 0.38 0.38 0.38 0.39 0.38 0.39 0.39 0.38 0.38]
batch:  0
batch:  1
batch:  2
batch:  3
batch:  4
batch:  5
batch:  6
batch:  7
batch:  8
batch:  9
Epoch 248
Episode: 278576
Reward: [-3.44 -3.42 -3.43 -3.4  -3.46 -3.42 -3.49 -3.43 -3.4  -3.43]
Time: 203.35s
Success: 0.0965
Steps-Taken: 77.28
Comm-Action: [0.52 0.52 0.52 0.52 0.52 0.51 0.52 0.52 0.52 0.52]
batch:  0
batch:  1
batch:  2
batch:  3
batch:  4
batch:  5
batch:  6
batch:  7
batch:  8
batch:  9
Epoch 249
Episode: 279714
Reward: [-3.2  -3.18 -3.15 -3.15 -3.23 -3.17 -3.21 -3.16 -3.2  -3.16]
Time: 198.50s
Success: 0.0984
Steps-Taken: 77.64
Comm-Action: [0.36 0.36 0.36 0.36 0.36 0.36 0.36 0.37 0.36 0.36]
batch:  0
batch:  1
batch:  2
batch:  3
batch:  4
batch:  5
batch:  6
batch:  7
batch:  8
batch:  9
Epoch 250
Episode: 280841
Reward: [-3.24 -3.24 -3.24 -3.22 -3.25 -3.25 -3.25 -3.23 -3.24 -3.2 ]
Time: 197.96s
Success: 0.0914
Steps-Taken: 78.36
Comm-Action: [0.36 0.36 0.36 0.35 0.36 0.35 0.36 0.35 0.35 0.35]
==============================================================================
Running epilogue script on gold60.

Submit time  : 2024-10-14T10:30:58
Start time   : 2024-10-14T10:30:59
End time     : 2024-10-15T00:42:14
Elapsed time : 14:11:15 (Timelimit=2-12:00:00)

Job ID: 6641794
Cluster: i5
User/Group: jabn1n20/fp
State: COMPLETED (exit code 0)
Nodes: 1
Cores per node: 8
CPU Utilized: 06:35:47
CPU Efficiency: 5.81% of 4-17:30:00 core-walltime
Job Wall-clock time: 14:11:15
Memory Utilized: 11.21 GB
Memory Efficiency: 6.08% of 184.57 GB

