Running SLURM prolog script on gold54.cluster.local
===============================================================================
Job started on Mon Sep 23 15:54:49 BST 2024
Job ID          : 6581059
Job name        : train_dpp_5v1_dec_tarmac.sh
WorkDir         : /mainfs/home/jabn1n20/CTDComm/baselines
Command         : /mainfs/home/jabn1n20/CTDComm/baselines/dec_scripts/train_dpp_5v1_dec_tarmac.sh
Partition       : serial
Num hosts       : 1
Num cores       : 8
Num of tasks    : 8
Hosts allocated : gold54
Job Output Follows ...
===============================================================================
/tmp/slurmd/job6581059/slurm_script: line 15: activate: No such file or directory
Traceback (most recent call last):
  File "run_baselines.py", line 242, in <module>
    args.dim_actions = env.dim_actions + 1
AttributeError: 'PredatorPreyEnv' object has no attribute 'dim_actions'
==============================================================================
Running epilogue script on gold54.

Submit time  : 2024-09-23T15:54:06
Start time   : 2024-09-23T15:54:49
End time     : 2024-09-23T15:55:12
Elapsed time : 00:00:23 (Timelimit=2-12:00:00)

Job ID: 6581059
Cluster: i5
User/Group: jabn1n20/fp
State: FAILED (exit code 1)
Nodes: 1
Cores per node: 8
CPU Utilized: 00:00:02
CPU Efficiency: 1.09% of 00:03:04 core-walltime
Job Wall-clock time: 00:00:23
Memory Utilized: 2.41 MB
Memory Efficiency: 0.00% of 184.57 GB

