Running SLURM prolog script on gold52.cluster.local
===============================================================================
Job started on Sat Nov  9 20:45:58 GMT 2024
Job ID          : 6761533
Job name        : train_dpp_10v1_ctdcomm.sh
WorkDir         : /mainfs/home/jabn1n20/CTDComm/baselines
Command         : /mainfs/home/jabn1n20/CTDComm/baselines/dec_scripts/train_dpp_10v1_ctdcomm.sh
Partition       : serial
Num hosts       : 1
Num cores       : 8
Num of tasks    : 8
Hosts allocated : gold52
Job Output Follows ...
===============================================================================
Namespace(action_scale=1.0, advantages_per_action=False, alpha=0.99, batch_size=500, cave=False, comm_action_one=False, comm_init='uniform', comm_mask_zero=False, comm_mode='avg', comm_passes=2, comm_range=0, commnet=1, continuous=False, dec_tarmac=True, detach_gap=10, dim=20, dim_actions=2, directed=False, display=False, entr=0.01, env_name='dec_predator_prey', env_seed=1, epoch_size=10, eps=1e-06, first_gat_normalize=False, first_graph_complete=False, gacomm=False, gamma=0.99, gat_encoder_normalize=False, gat_encoder_out_size=64, gat_hid_size=64, gat_num_heads=1, gat_num_heads_out=1, ge_num_heads=4, hard_attn=1, hid_size=128, ic3net=True, learn_second_graph=False, learning_prey=False, load='', lrate=0.0007, magic=False, max_steps=80, mean_ratio=0, message_augment=True, message_decoder=False, message_encoder=False, mode='mixed', moving_prey=False, naction_heads=[5, 2], nactions='1', nagents=10, nenemies=1, nfriendly=10, normalize_rewards=False, nprocesses=16, num_actions=[5, 2], num_epochs=250, num_inputs=3636, plot=False, plot_env='main', plot_port='8097', qk_hid_size=16, random=False, recurrent=True, rnn_type='LSTM', save=True, save_adjacency=False, save_every=25, second_gat_normalize=False, second_graph_complete=False, seed=1, self_loop_type1=2, self_loop_type2=2, share_weights=False, stay=True, tarcomm=False, tau=1.0, use_gat_encoder=False, v_augment=False, value_coeff=0.01, value_hid_size=128, vision=1)
====================================================================================================
Model log:

DecTarMAC(
  (agents): ModuleList(
    (0): DecAgent(
      (encoder): Linear(in_features=3636, out_features=128, bias=True)
      (tanh): Tanh()
      (state2query): Linear(in_features=128, out_features=16, bias=True)
      (state2key): Linear(in_features=128, out_features=16, bias=True)
      (state2value): Linear(in_features=128, out_features=128, bias=True)
      (C_modules): ModuleList(
        (0): Linear(in_features=128, out_features=128, bias=True)
        (1): Linear(in_features=128, out_features=128, bias=True)
      )
      (f_module): LSTMCell(128, 128)
      (heads): ModuleList(
        (0): Linear(in_features=128, out_features=5, bias=True)
        (1): Linear(in_features=128, out_features=2, bias=True)
      )
    )
    (1): DecAgent(
      (encoder): Linear(in_features=3636, out_features=128, bias=True)
      (tanh): Tanh()
      (state2query): Linear(in_features=128, out_features=16, bias=True)
      (state2key): Linear(in_features=128, out_features=16, bias=True)
      (state2value): Linear(in_features=128, out_features=128, bias=True)
      (C_modules): ModuleList(
        (0): Linear(in_features=128, out_features=128, bias=True)
        (1): Linear(in_features=128, out_features=128, bias=True)
      )
      (f_module): LSTMCell(128, 128)
      (heads): ModuleList(
        (0): Linear(in_features=128, out_features=5, bias=True)
        (1): Linear(in_features=128, out_features=2, bias=True)
      )
    )
    (2): DecAgent(
      (encoder): Linear(in_features=3636, out_features=128, bias=True)
      (tanh): Tanh()
      (state2query): Linear(in_features=128, out_features=16, bias=True)
      (state2key): Linear(in_features=128, out_features=16, bias=True)
      (state2value): Linear(in_features=128, out_features=128, bias=True)
      (C_modules): ModuleList(
        (0): Linear(in_features=128, out_features=128, bias=True)
        (1): Linear(in_features=128, out_features=128, bias=True)
      )
      (f_module): LSTMCell(128, 128)
      (heads): ModuleList(
        (0): Linear(in_features=128, out_features=5, bias=True)
        (1): Linear(in_features=128, out_features=2, bias=True)
      )
    )
    (3): DecAgent(
      (encoder): Linear(in_features=3636, out_features=128, bias=True)
      (tanh): Tanh()
      (state2query): Linear(in_features=128, out_features=16, bias=True)
      (state2key): Linear(in_features=128, out_features=16, bias=True)
      (state2value): Linear(in_features=128, out_features=128, bias=True)
      (C_modules): ModuleList(
        (0): Linear(in_features=128, out_features=128, bias=True)
        (1): Linear(in_features=128, out_features=128, bias=True)
      )
      (f_module): LSTMCell(128, 128)
      (heads): ModuleList(
        (0): Linear(in_features=128, out_features=5, bias=True)
        (1): Linear(in_features=128, out_features=2, bias=True)
      )
    )
    (4): DecAgent(
      (encoder): Linear(in_features=3636, out_features=128, bias=True)
      (tanh): Tanh()
      (state2query): Linear(in_features=128, out_features=16, bias=True)
      (state2key): Linear(in_features=128, out_features=16, bias=True)
      (state2value): Linear(in_features=128, out_features=128, bias=True)
      (C_modules): ModuleList(
        (0): Linear(in_features=128, out_features=128, bias=True)
        (1): Linear(in_features=128, out_features=128, bias=True)
      )
      (f_module): LSTMCell(128, 128)
      (heads): ModuleList(
        (0): Linear(in_features=128, out_features=5, bias=True)
        (1): Linear(in_features=128, out_features=2, bias=True)
      )
    )
    (5): DecAgent(
      (encoder): Linear(in_features=3636, out_features=128, bias=True)
      (tanh): Tanh()
      (state2query): Linear(in_features=128, out_features=16, bias=True)
      (state2key): Linear(in_features=128, out_features=16, bias=True)
      (state2value): Linear(in_features=128, out_features=128, bias=True)
      (C_modules): ModuleList(
        (0): Linear(in_features=128, out_features=128, bias=True)
        (1): Linear(in_features=128, out_features=128, bias=True)
      )
      (f_module): LSTMCell(128, 128)
      (heads): ModuleList(
        (0): Linear(in_features=128, out_features=5, bias=True)
        (1): Linear(in_features=128, out_features=2, bias=True)
      )
    )
    (6): DecAgent(
      (encoder): Linear(in_features=3636, out_features=128, bias=True)
      (tanh): Tanh()
      (state2query): Linear(in_features=128, out_features=16, bias=True)
      (state2key): Linear(in_features=128, out_features=16, bias=True)
      (state2value): Linear(in_features=128, out_features=128, bias=True)
      (C_modules): ModuleList(
        (0): Linear(in_features=128, out_features=128, bias=True)
        (1): Linear(in_features=128, out_features=128, bias=True)
      )
      (f_module): LSTMCell(128, 128)
      (heads): ModuleList(
        (0): Linear(in_features=128, out_features=5, bias=True)
        (1): Linear(in_features=128, out_features=2, bias=True)
      )
    )
    (7): DecAgent(
      (encoder): Linear(in_features=3636, out_features=128, bias=True)
      (tanh): Tanh()
      (state2query): Linear(in_features=128, out_features=16, bias=True)
      (state2key): Linear(in_features=128, out_features=16, bias=True)
      (state2value): Linear(in_features=128, out_features=128, bias=True)
      (C_modules): ModuleList(
        (0): Linear(in_features=128, out_features=128, bias=True)
        (1): Linear(in_features=128, out_features=128, bias=True)
      )
      (f_module): LSTMCell(128, 128)
      (heads): ModuleList(
        (0): Linear(in_features=128, out_features=5, bias=True)
        (1): Linear(in_features=128, out_features=2, bias=True)
      )
    )
    (8): DecAgent(
      (encoder): Linear(in_features=3636, out_features=128, bias=True)
      (tanh): Tanh()
      (state2query): Linear(in_features=128, out_features=16, bias=True)
      (state2key): Linear(in_features=128, out_features=16, bias=True)
      (state2value): Linear(in_features=128, out_features=128, bias=True)
      (C_modules): ModuleList(
        (0): Linear(in_features=128, out_features=128, bias=True)
        (1): Linear(in_features=128, out_features=128, bias=True)
      )
      (f_module): LSTMCell(128, 128)
      (heads): ModuleList(
        (0): Linear(in_features=128, out_features=5, bias=True)
        (1): Linear(in_features=128, out_features=2, bias=True)
      )
    )
    (9): DecAgent(
      (encoder): Linear(in_features=3636, out_features=128, bias=True)
      (tanh): Tanh()
      (state2query): Linear(in_features=128, out_features=16, bias=True)
      (state2key): Linear(in_features=128, out_features=16, bias=True)
      (state2value): Linear(in_features=128, out_features=128, bias=True)
      (C_modules): ModuleList(
        (0): Linear(in_features=128, out_features=128, bias=True)
        (1): Linear(in_features=128, out_features=128, bias=True)
      )
      (f_module): LSTMCell(128, 128)
      (heads): ModuleList(
        (0): Linear(in_features=128, out_features=5, bias=True)
        (1): Linear(in_features=128, out_features=2, bias=True)
      )
    )
  )
  (value_head): Linear(in_features=256, out_features=1, bias=True)
)
====================================================================================================

batch:  0
batch:  1
batch:  2
batch:  3
batch:  4
batch:  5
batch:  6
batch:  7
batch:  8
batch:  9
Epoch 1
Episode: 1120
Reward: [-3.87 -3.88 -3.85 -3.91 -3.9  -3.84 -3.87 -3.88 -3.91 -3.85]
Time: 2041.49s
Success: 0.0000
Steps-Taken: 80.00
Comm-Action: [0.57 0.41 0.48 0.53 0.6  0.47 0.51 0.4  0.47 0.51]
batch:  0
batch:  1
batch:  2
batch:  3
batch:  4
batch:  5
batch:  6
batch:  7
batch:  8
batch:  9
Epoch 2
Episode: 2240
Reward: [-3.92 -3.88 -3.87 -3.89 -3.86 -3.88 -3.9  -3.87 -3.9  -3.85]
Time: 2154.03s
Success: 0.0000
Steps-Taken: 80.00
Comm-Action: [0.65 0.35 0.33 0.34 0.69 0.38 0.48 0.38 0.5  0.42]
batch:  0
batch:  1
batch:  2
batch:  3
batch:  4
batch:  5
batch:  6
batch:  7
batch:  8
batch:  9
Epoch 3
Episode: 3360
Reward: [-3.88 -3.91 -3.86 -3.87 -3.88 -3.91 -3.9  -3.89 -3.9  -3.87]
Time: 2188.52s
Success: 0.0000
Steps-Taken: 80.00
Comm-Action: [0.51 0.46 0.38 0.21 0.65 0.38 0.38 0.42 0.47 0.45]
batch:  0
batch:  1
batch:  2
batch:  3
batch:  4
batch:  5
batch:  6
batch:  7
batch:  8
batch:  9
Epoch 4
Episode: 4480
Reward: [-3.91 -3.85 -3.88 -3.87 -3.87 -3.89 -3.88 -3.86 -3.88 -3.85]
Time: 2078.45s
Success: 0.0000
Steps-Taken: 80.00
Comm-Action: [0.49 0.52 0.5  0.27 0.57 0.33 0.41 0.46 0.38 0.5 ]
batch:  0
batch:  1
batch:  2
batch:  3
batch:  4
batch:  5
batch:  6
batch:  7
batch:  8
batch:  9
Epoch 5
Episode: 5600
Reward: [-3.9  -3.87 -3.86 -3.85 -3.91 -3.87 -3.89 -3.87 -3.85 -3.89]
Time: 2075.77s
Success: 0.0000
Steps-Taken: 80.00
Comm-Action: [0.41 0.47 0.39 0.41 0.5  0.38 0.48 0.57 0.39 0.45]
batch:  0
batch:  1
batch:  2
batch:  3
batch:  4
batch:  5
batch:  6
batch:  7
batch:  8
batch:  9
Epoch 6
Episode: 6720
Reward: [-3.86 -3.85 -3.82 -3.87 -3.86 -3.89 -3.9  -3.88 -3.82 -3.9 ]
Time: 2145.54s
Success: 0.0000
Steps-Taken: 80.00
Comm-Action: [0.5  0.5  0.46 0.46 0.43 0.4  0.55 0.54 0.44 0.52]
batch:  0
batch:  1
batch:  2
batch:  3
batch:  4
batch:  5
batch:  6
batch:  7
batch:  8
batch:  9
Epoch 7
Episode: 7840
Reward: [-3.91 -3.89 -3.83 -3.91 -3.89 -3.88 -3.89 -3.88 -3.88 -3.85]
Time: 2037.46s
Success: 0.0000
Steps-Taken: 80.00
Comm-Action: [0.48 0.56 0.51 0.43 0.43 0.39 0.48 0.56 0.46 0.61]
batch:  0
batch:  1
batch:  2
batch:  3
batch:  4
batch:  5
batch:  6
batch:  7
batch:  8
batch:  9
Epoch 8
Episode: 8960
Reward: [-3.89 -3.87 -3.89 -3.87 -3.86 -3.85 -3.9  -3.83 -3.89 -3.87]
Time: 2056.97s
Success: 0.0000
Steps-Taken: 80.00
Comm-Action: [0.54 0.54 0.49 0.45 0.46 0.45 0.41 0.51 0.44 0.58]
batch:  0
batch:  1
batch:  2
batch:  3
batch:  4
batch:  5
batch:  6
batch:  7
batch:  8
batch:  9
Epoch 9
Episode: 10080
Reward: [-3.87 -3.87 -3.88 -3.85 -3.84 -3.86 -3.86 -3.86 -3.85 -3.85]
Time: 2204.58s
Success: 0.0000
Steps-Taken: 80.00
Comm-Action: [0.57 0.51 0.46 0.51 0.43 0.51 0.45 0.44 0.47 0.52]
batch:  0
batch:  1
batch:  2
batch:  3
batch:  4
batch:  5
batch:  6
batch:  7
batch:  8
batch:  9
Epoch 10
Episode: 11200
Reward: [-3.85 -3.87 -3.84 -3.85 -3.87 -3.84 -3.82 -3.87 -3.93 -3.87]
Time: 2193.93s
Success: 0.0000
Steps-Taken: 80.00
Comm-Action: [0.54 0.56 0.51 0.53 0.37 0.6  0.47 0.45 0.41 0.46]
batch:  0
batch:  1
batch:  2
batch:  3
batch:  4
batch:  5
batch:  6
batch:  7
batch:  8
batch:  9
Epoch 11
Episode: 12320
Reward: [-3.89 -3.89 -3.83 -3.85 -3.86 -3.91 -3.83 -3.85 -3.87 -3.87]
Time: 2104.41s
Success: 0.0000
Steps-Taken: 80.00
Comm-Action: [0.53 0.51 0.55 0.48 0.42 0.57 0.49 0.5  0.38 0.48]
batch:  0
batch:  1
batch:  2
batch:  3
batch:  4
batch:  5
batch:  6
batch:  7
batch:  8
batch:  9
Epoch 12
Episode: 13440
Reward: [-3.88 -3.89 -3.8  -3.86 -3.9  -3.85 -3.83 -3.84 -3.9  -3.91]
Time: 2079.16s
Success: 0.0000
Steps-Taken: 80.00
Comm-Action: [0.51 0.5  0.58 0.48 0.48 0.52 0.52 0.59 0.39 0.5 ]
batch:  0
batch:  1
batch:  2
batch:  3
batch:  4
batch:  5
batch:  6
batch:  7
batch:  8
batch:  9
Epoch 13
Episode: 14560
Reward: [-3.87 -3.87 -3.85 -3.89 -3.86 -3.88 -3.81 -3.82 -3.84 -3.83]
Time: 2195.93s
Success: 0.0000
Steps-Taken: 80.00
Comm-Action: [0.51 0.49 0.56 0.51 0.5  0.49 0.56 0.56 0.45 0.46]
batch:  0
batch:  1
batch:  2
batch:  3
batch:  4
batch:  5
batch:  6
batch:  7
batch:  8
batch:  9
Epoch 14
Episode: 15680
Reward: [-3.87 -3.85 -3.89 -3.86 -3.85 -3.86 -3.81 -3.88 -3.82 -3.84]
Time: 2150.90s
Success: 0.0000
Steps-Taken: 80.00
Comm-Action: [0.5  0.49 0.52 0.52 0.53 0.48 0.57 0.52 0.48 0.48]
batch:  0
batch:  1
batch:  2
batch:  3
batch:  4
batch:  5
batch:  6
batch:  7
batch:  8
batch:  9
Epoch 15
Episode: 16800
Reward: [-3.89 -3.87 -3.88 -3.86 -3.86 -3.86 -3.86 -3.83 -3.85 -3.86]
Time: 2190.14s
Success: 0.0000
Steps-Taken: 80.00
Comm-Action: [0.5  0.48 0.44 0.53 0.54 0.44 0.58 0.47 0.52 0.46]
batch:  0
batch:  1
batch:  2
batch:  3
batch:  4
batch:  5
batch:  6
batch:  7
batch:  8
batch:  9
Epoch 16
Episode: 17920
Reward: [-3.85 -3.87 -3.88 -3.85 -3.85 -3.85 -3.85 -3.86 -3.87 -3.86]
Time: 2110.72s
Success: 0.0000
Steps-Taken: 80.00
Comm-Action: [0.51 0.49 0.42 0.51 0.5  0.47 0.58 0.47 0.52 0.47]
batch:  0
batch:  1
batch:  2
batch:  3
batch:  4
batch:  5
batch:  6
batch:  7
batch:  8
batch:  9
Epoch 17
Episode: 19040
Reward: [-3.87 -3.88 -3.89 -3.86 -3.85 -3.84 -3.85 -3.86 -3.86 -3.86]
Time: 2076.86s
Success: 0.0000
Steps-Taken: 80.00
Comm-Action: [0.52 0.47 0.45 0.52 0.5  0.5  0.54 0.48 0.46 0.46]
batch:  0
batch:  1
batch:  2
batch:  3
batch:  4
batch:  5
batch:  6
batch:  7
batch:  8
batch:  9
Epoch 18
Episode: 20160
Reward: [-3.83 -3.86 -3.87 -3.86 -3.86 -3.84 -3.81 -3.84 -3.85 -3.87]
Time: 2054.78s
Success: 0.0000
Steps-Taken: 80.00
Comm-Action: [0.48 0.5  0.43 0.55 0.51 0.5  0.54 0.47 0.46 0.45]
batch:  0
batch:  1
batch:  2
batch:  3
batch:  4
batch:  5
batch:  6
batch:  7
batch:  8
batch:  9
Epoch 19
Episode: 21280
Reward: [-3.84 -3.84 -3.84 -3.85 -3.85 -3.86 -3.83 -3.86 -3.87 -3.83]
Time: 2054.76s
Success: 0.0000
Steps-Taken: 80.00
Comm-Action: [0.48 0.48 0.47 0.49 0.5  0.51 0.52 0.45 0.48 0.52]
batch:  0
batch:  1
batch:  2
batch:  3
batch:  4
batch:  5
batch:  6
batch:  7
batch:  8
batch:  9
Epoch 20
Episode: 22400
Reward: [-3.77 -3.85 -3.82 -3.85 -3.89 -3.85 -3.82 -3.85 -3.84 -3.82]
Time: 1916.02s
Success: 0.0000
Steps-Taken: 80.00
Comm-Action: [0.45 0.46 0.43 0.52 0.53 0.51 0.5  0.51 0.45 0.55]
batch:  0
batch:  1
batch:  2
batch:  3
batch:  4
batch:  5
batch:  6
batch:  7
batch:  8
batch:  9
Epoch 21
Episode: 23520
Reward: [-3.8  -3.83 -3.88 -3.84 -3.81 -3.85 -3.84 -3.88 -3.88 -3.87]
Time: 1977.80s
Success: 0.0000
Steps-Taken: 80.00
Comm-Action: [0.46 0.48 0.43 0.48 0.53 0.5  0.53 0.53 0.5  0.52]
batch:  0
batch:  1
batch:  2
batch:  3
batch:  4
batch:  5
batch:  6
batch:  7
batch:  8
batch:  9
Epoch 22
Episode: 24640
Reward: [-3.83 -3.85 -3.85 -3.86 -3.85 -3.86 -3.86 -3.83 -3.86 -3.82]
Time: 1874.56s
Success: 0.0000
Steps-Taken: 80.00
Comm-Action: [0.47 0.51 0.42 0.47 0.51 0.47 0.53 0.51 0.52 0.53]
batch:  0
batch:  1
batch:  2
batch:  3
batch:  4
batch:  5
batch:  6
batch:  7
batch:  8
batch:  9
Epoch 23
Episode: 25760
Reward: [-3.84 -3.82 -3.8  -3.84 -3.8  -3.82 -3.84 -3.83 -3.87 -3.88]
Time: 1853.63s
Success: 0.0000
Steps-Taken: 80.00
Comm-Action: [0.46 0.5  0.43 0.46 0.5  0.49 0.51 0.54 0.54 0.51]
batch:  0
batch:  1
batch:  2
batch:  3
batch:  4
batch:  5
batch:  6
batch:  7
batch:  8
batch:  9
Epoch 24
Episode: 26880
Reward: [-3.83 -3.84 -3.85 -3.83 -3.85 -3.84 -3.8  -3.83 -3.84 -3.84]
Time: 1714.80s
Success: 0.0000
Steps-Taken: 80.00
Comm-Action: [0.5  0.51 0.47 0.5  0.51 0.51 0.49 0.56 0.51 0.52]
batch:  0
batch:  1
batch:  2
batch:  3
batch:  4
batch:  5
batch:  6
batch:  7
batch:  8
batch:  9
Epoch 25
Episode: 28000
Reward: [-3.82 -3.82 -3.83 -3.81 -3.82 -3.82 -3.85 -3.85 -3.83 -3.81]
Time: 1711.88s
Success: 0.0000
Steps-Taken: 80.00
Comm-Action: [0.5  0.53 0.52 0.49 0.48 0.56 0.44 0.56 0.5  0.5 ]
batch:  0
batch:  1
batch:  2
batch:  3
batch:  4
batch:  5
batch:  6
batch:  7
batch:  8
batch:  9
Epoch 26
Episode: 29120
Reward: [-3.81 -3.87 -3.84 -3.79 -3.84 -3.88 -3.83 -3.87 -3.81 -3.86]
Time: 1702.99s
Success: 0.0000
Steps-Taken: 80.00
Comm-Action: [0.51 0.53 0.5  0.49 0.5  0.54 0.45 0.55 0.54 0.5 ]
batch:  0
batch:  1
batch:  2
batch:  3
batch:  4
batch:  5
batch:  6
batch:  7
batch:  8
batch:  9
Epoch 27
Episode: 30240
Reward: [-3.82 -3.83 -3.81 -3.79 -3.84 -3.86 -3.83 -3.85 -3.83 -3.81]
Time: 1713.74s
Success: 0.0000
Steps-Taken: 80.00
Comm-Action: [0.52 0.52 0.54 0.52 0.49 0.51 0.47 0.53 0.55 0.52]
batch:  0
batch:  1
batch:  2
batch:  3
batch:  4
batch:  5
batch:  6
batch:  7
batch:  8
batch:  9
Epoch 28
Episode: 31360
Reward: [-3.81 -3.83 -3.83 -3.82 -3.8  -3.88 -3.84 -3.84 -3.86 -3.8 ]
Time: 1459.63s
Success: 0.0000
Steps-Taken: 80.00
Comm-Action: [0.52 0.51 0.52 0.5  0.51 0.5  0.48 0.53 0.53 0.5 ]
batch:  0
batch:  1
batch:  2
batch:  3
batch:  4
batch:  5
batch:  6
batch:  7
batch:  8
batch:  9
Epoch 29
Episode: 32480
Reward: [-3.84 -3.83 -3.81 -3.78 -3.82 -3.84 -3.85 -3.84 -3.82 -3.77]
Time: 1379.52s
Success: 0.0000
Steps-Taken: 80.00
Comm-Action: [0.51 0.52 0.51 0.48 0.49 0.49 0.52 0.53 0.51 0.52]
batch:  0
batch:  1
batch:  2
batch:  3
batch:  4
batch:  5
batch:  6
batch:  7
batch:  8
batch:  9
Epoch 30
Episode: 33600
Reward: [-3.86 -3.79 -3.79 -3.87 -3.79 -3.82 -3.81 -3.84 -3.82 -3.81]
Time: 1371.36s
Success: 0.0000
Steps-Taken: 80.00
Comm-Action: [0.47 0.5  0.51 0.48 0.5  0.49 0.52 0.5  0.5  0.51]
batch:  0
batch:  1
batch:  2
batch:  3
batch:  4
batch:  5
batch:  6
batch:  7
batch:  8
batch:  9
Epoch 31
Episode: 34720
Reward: [-3.85 -3.82 -3.78 -3.76 -3.84 -3.82 -3.82 -3.88 -3.84 -3.82]
Time: 1358.53s
Success: 0.0000
Steps-Taken: 80.00
Comm-Action: [0.48 0.51 0.52 0.48 0.5  0.48 0.53 0.48 0.44 0.52]
batch:  0
batch:  1
batch:  2
batch:  3
batch:  4
batch:  5
batch:  6
batch:  7
batch:  8
batch:  9
Epoch 32
Episode: 35840
Reward: [-3.79 -3.79 -3.77 -3.76 -3.83 -3.83 -3.83 -3.85 -3.81 -3.81]
Time: 1377.59s
Success: 0.0000
Steps-Taken: 80.00
Comm-Action: [0.49 0.52 0.52 0.51 0.48 0.49 0.5  0.5  0.45 0.52]
batch:  0
batch:  1
batch:  2
batch:  3
batch:  4
batch:  5
batch:  6
batch:  7
batch:  8
batch:  9
Epoch 33
Episode: 36960
Reward: [-3.82 -3.76 -3.84 -3.76 -3.8  -3.82 -3.8  -3.85 -3.83 -3.74]
Time: 1419.10s
Success: 0.0000
Steps-Taken: 80.00
Comm-Action: [0.47 0.49 0.53 0.54 0.45 0.47 0.46 0.49 0.49 0.46]
batch:  0
batch:  1
batch:  2
batch:  3
batch:  4
batch:  5
batch:  6
batch:  7
batch:  8
batch:  9
Epoch 34
Episode: 38080
Reward: [-3.81 -3.85 -3.77 -3.83 -3.81 -3.88 -3.78 -3.84 -3.82 -3.77]
Time: 1445.47s
Success: 0.0000
Steps-Taken: 80.00
Comm-Action: [0.47 0.51 0.51 0.54 0.47 0.49 0.47 0.5  0.47 0.46]
batch:  0
batch:  1
batch:  2
batch:  3
batch:  4
batch:  5
batch:  6
batch:  7
batch:  8
batch:  9
Epoch 35
Episode: 39200
Reward: [-3.82 -3.82 -3.72 -3.82 -3.78 -3.83 -3.73 -3.84 -3.81 -3.82]
Time: 1468.22s
Success: 0.0000
Steps-Taken: 80.00
Comm-Action: [0.49 0.48 0.51 0.53 0.46 0.51 0.49 0.49 0.49 0.49]
batch:  0
batch:  1
batch:  2
batch:  3
batch:  4
batch:  5
batch:  6
batch:  7
batch:  8
batch:  9
Epoch 36
Episode: 40320
Reward: [-3.81 -3.78 -3.73 -3.79 -3.81 -3.83 -3.78 -3.83 -3.77 -3.78]
Time: 1456.11s
Success: 0.0000
Steps-Taken: 80.00
Comm-Action: [0.48 0.44 0.48 0.48 0.53 0.54 0.55 0.51 0.49 0.52]
batch:  0
batch:  1
batch:  2
batch:  3
batch:  4
batch:  5
batch:  6
batch:  7
batch:  8
batch:  9
Epoch 37
Episode: 41440
Reward: [-3.73 -3.8  -3.72 -3.8  -3.81 -3.79 -3.78 -3.83 -3.8  -3.76]
Time: 1499.72s
Success: 0.0000
Steps-Taken: 80.00
Comm-Action: [0.5  0.45 0.47 0.48 0.54 0.54 0.53 0.51 0.5  0.52]
batch:  0
batch:  1
batch:  2
batch:  3
batch:  4
batch:  5
batch:  6
batch:  7
batch:  8
batch:  9
Epoch 38
Episode: 42560
Reward: [-3.8  -3.79 -3.74 -3.73 -3.75 -3.77 -3.78 -3.79 -3.75 -3.79]
Time: 1494.76s
Success: 0.0000
Steps-Taken: 80.00
Comm-Action: [0.52 0.42 0.48 0.48 0.54 0.53 0.51 0.52 0.5  0.53]
batch:  0
batch:  1
batch:  2
batch:  3
batch:  4
batch:  5
batch:  6
batch:  7
batch:  8
batch:  9
Epoch 39
Episode: 43680
Reward: [-3.73 -3.8  -3.76 -3.7  -3.79 -3.78 -3.79 -3.75 -3.75 -3.79]
Time: 1495.51s
Success: 0.0000
Steps-Taken: 80.00
Comm-Action: [0.56 0.41 0.47 0.47 0.56 0.51 0.48 0.51 0.48 0.5 ]
batch:  0
batch:  1
batch:  2
batch:  3
batch:  4
batch:  5
batch:  6
batch:  7
batch:  8
batch:  9
Epoch 40
Episode: 44800
Reward: [-3.79 -3.78 -3.69 -3.66 -3.74 -3.75 -3.78 -3.84 -3.76 -3.73]
Time: 1467.82s
Success: 0.0000
Steps-Taken: 80.00
Comm-Action: [0.53 0.47 0.5  0.48 0.55 0.53 0.47 0.49 0.48 0.48]
batch:  0
batch:  1
batch:  2
batch:  3
batch:  4
batch:  5
batch:  6
batch:  7
batch:  8
batch:  9
Epoch 41
Episode: 45920
Reward: [-3.71 -3.76 -3.74 -3.71 -3.76 -3.77 -3.81 -3.81 -3.76 -3.74]
Time: 1475.14s
Success: 0.0000
Steps-Taken: 80.00
Comm-Action: [0.52 0.51 0.53 0.48 0.56 0.53 0.47 0.47 0.49 0.47]
batch:  0
batch:  1
batch:  2
batch:  3
batch:  4
batch:  5
batch:  6
batch:  7
batch:  8
batch:  9
Epoch 42
Episode: 47040
Reward: [-3.69 -3.73 -3.73 -3.75 -3.73 -3.78 -3.78 -3.76 -3.72 -3.72]
Time: 1443.03s
Success: 0.0000
Steps-Taken: 80.00
Comm-Action: [0.53 0.51 0.51 0.5  0.55 0.52 0.48 0.49 0.47 0.47]
batch:  0
batch:  1
batch:  2
batch:  3
batch:  4
batch:  5
batch:  6
batch:  7
batch:  8
batch:  9
Epoch 43
Episode: 48160
Reward: [-3.69 -3.75 -3.7  -3.68 -3.77 -3.76 -3.75 -3.79 -3.76 -3.7 ]
Time: 1440.70s
Success: 0.0000
Steps-Taken: 80.00
Comm-Action: [0.54 0.53 0.53 0.5  0.53 0.53 0.47 0.58 0.44 0.49]
batch:  0
batch:  1
batch:  2
batch:  3
batch:  4
batch:  5
batch:  6
batch:  7
batch:  8
batch:  9
Epoch 44
Episode: 49280
Reward: [-3.72 -3.74 -3.68 -3.68 -3.77 -3.74 -3.74 -3.75 -3.77 -3.65]
Time: 1437.30s
Success: 0.0000
Steps-Taken: 80.00
Comm-Action: [0.51 0.53 0.51 0.46 0.49 0.52 0.48 0.57 0.49 0.47]
batch:  0
batch:  1
batch:  2
batch:  3
batch:  4
batch:  5
batch:  6
batch:  7
batch:  8
batch:  9
Epoch 45
Episode: 50400
Reward: [-3.67 -3.67 -3.68 -3.72 -3.78 -3.7  -3.72 -3.74 -3.73 -3.67]
Time: 1449.23s
Success: 0.0000
Steps-Taken: 80.00
Comm-Action: [0.51 0.51 0.49 0.43 0.47 0.53 0.45 0.53 0.49 0.5 ]
batch:  0
batch:  1
batch:  2
batch:  3
batch:  4
batch:  5
batch:  6
batch:  7
batch:  8
batch:  9
Epoch 46
Episode: 51520
Reward: [-3.69 -3.69 -3.64 -3.68 -3.69 -3.74 -3.74 -3.79 -3.7  -3.69]
Time: 1395.05s
Success: 0.0000
Steps-Taken: 80.00
Comm-Action: [0.52 0.5  0.49 0.45 0.46 0.54 0.43 0.52 0.49 0.56]
batch:  0
batch:  1
batch:  2
batch:  3
batch:  4
batch:  5
batch:  6
batch:  7
batch:  8
batch:  9
Epoch 47
Episode: 52640
Reward: [-3.66 -3.68 -3.64 -3.72 -3.71 -3.71 -3.74 -3.75 -3.71 -3.7 ]
Time: 1432.50s
Success: 0.0000
Steps-Taken: 80.00
Comm-Action: [0.5  0.46 0.49 0.5  0.49 0.49 0.47 0.5  0.5  0.55]
batch:  0
batch:  1
batch:  2
batch:  3
batch:  4
batch:  5
batch:  6
batch:  7
batch:  8
batch:  9
Epoch 48
Episode: 53760
Reward: [-3.66 -3.69 -3.67 -3.64 -3.75 -3.63 -3.67 -3.75 -3.66 -3.71]
Time: 1490.39s
Success: 0.0000
Steps-Taken: 80.00
Comm-Action: [0.49 0.46 0.5  0.49 0.5  0.46 0.48 0.52 0.51 0.52]
batch:  0
batch:  1
batch:  2
batch:  3
batch:  4
batch:  5
batch:  6
batch:  7
batch:  8
batch:  9
Epoch 49
Episode: 54880
Reward: [-3.63 -3.63 -3.62 -3.64 -3.76 -3.68 -3.64 -3.77 -3.73 -3.68]
Time: 1510.32s
Success: 0.0000
Steps-Taken: 80.00
Comm-Action: [0.52 0.44 0.52 0.53 0.49 0.47 0.47 0.5  0.52 0.52]
batch:  0
batch:  1
batch:  2
batch:  3
batch:  4
batch:  5
batch:  6
batch:  7
batch:  8
batch:  9
Epoch 50
Episode: 56000
Reward: [-3.64 -3.6  -3.64 -3.68 -3.74 -3.71 -3.64 -3.72 -3.68 -3.65]
Time: 1507.71s
Success: 0.0000
Steps-Taken: 80.00
Comm-Action: [0.52 0.45 0.49 0.53 0.49 0.5  0.47 0.49 0.52 0.49]
batch:  0
batch:  1
batch:  2
batch:  3
batch:  4
batch:  5
batch:  6
batch:  7
batch:  8
batch:  9
Epoch 51
Episode: 57120
Reward: [-3.64 -3.62 -3.59 -3.66 -3.66 -3.64 -3.58 -3.73 -3.64 -3.7 ]
Time: 1516.27s
Success: 0.0000
Steps-Taken: 80.00
Comm-Action: [0.54 0.43 0.5  0.53 0.47 0.52 0.46 0.51 0.54 0.48]
batch:  0
batch:  1
batch:  2
batch:  3
batch:  4
batch:  5
batch:  6
batch:  7
batch:  8
batch:  9
Epoch 52
Episode: 58240
Reward: [-3.62 -3.61 -3.64 -3.67 -3.68 -3.63 -3.61 -3.68 -3.72 -3.68]
Time: 1542.45s
Success: 0.0000
Steps-Taken: 80.00
Comm-Action: [0.55 0.47 0.5  0.51 0.48 0.51 0.48 0.51 0.56 0.48]
batch:  0
batch:  1
batch:  2
batch:  3
batch:  4
batch:  5
batch:  6
batch:  7
batch:  8
batch:  9
Epoch 53
Episode: 59360
Reward: [-3.66 -3.62 -3.63 -3.62 -3.74 -3.66 -3.62 -3.7  -3.62 -3.63]
Time: 1592.58s
Success: 0.0000
Steps-Taken: 80.00
Comm-Action: [0.54 0.48 0.5  0.5  0.47 0.5  0.46 0.5  0.55 0.54]
batch:  0
batch:  1
batch:  2
batch:  3
batch:  4
batch:  5
batch:  6
batch:  7
batch:  8
batch:  9
Epoch 54
Episode: 60480
Reward: [-3.64 -3.58 -3.6  -3.6  -3.64 -3.69 -3.65 -3.72 -3.67 -3.65]
Time: 1575.35s
Success: 0.0000
Steps-Taken: 80.00
Comm-Action: [0.5  0.46 0.53 0.49 0.49 0.52 0.45 0.48 0.52 0.55]
batch:  0
batch:  1
batch:  2
batch:  3
batch:  4
batch:  5
batch:  6
batch:  7
batch:  8
batch:  9
Epoch 55
Episode: 61600
Reward: [-3.66 -3.62 -3.63 -3.68 -3.66 -3.67 -3.68 -3.66 -3.6  -3.66]
Time: 1591.51s
Success: 0.0000
Steps-Taken: 80.00
Comm-Action: [0.52 0.48 0.56 0.49 0.47 0.51 0.48 0.5  0.52 0.52]
batch:  0
batch:  1
batch:  2
batch:  3
batch:  4
batch:  5
batch:  6
batch:  7
batch:  8
batch:  9
Epoch 56
Episode: 62720
Reward: [-3.65 -3.61 -3.64 -3.65 -3.71 -3.64 -3.6  -3.66 -3.64 -3.66]
Time: 1607.99s
Success: 0.0000
Steps-Taken: 80.00
Comm-Action: [0.59 0.5  0.58 0.49 0.51 0.48 0.49 0.5  0.49 0.48]
batch:  0
batch:  1
batch:  2
batch:  3
batch:  4
batch:  5
batch:  6
batch:  7
batch:  8
batch:  9
Epoch 57
Episode: 63840
Reward: [-3.62 -3.61 -3.55 -3.64 -3.66 -3.63 -3.61 -3.6  -3.64 -3.69]
Time: 1623.33s
Success: 0.0000
Steps-Taken: 80.00
Comm-Action: [0.57 0.51 0.61 0.49 0.47 0.49 0.5  0.51 0.5  0.49]
batch:  0
batch:  1
batch:  2
batch:  3
batch:  4
batch:  5
batch:  6
batch:  7
batch:  8
batch:  9
Epoch 58
Episode: 64960
Reward: [-3.56 -3.66 -3.57 -3.69 -3.71 -3.65 -3.68 -3.61 -3.6  -3.61]
Time: 1621.64s
Success: 0.0000
Steps-Taken: 80.00
Comm-Action: [0.53 0.5  0.63 0.48 0.46 0.48 0.47 0.53 0.53 0.49]
batch:  0
batch:  1
batch:  2
batch:  3
batch:  4
batch:  5
batch:  6
batch:  7
batch:  8
batch:  9
Epoch 59
Episode: 66080
Reward: [-3.64 -3.63 -3.56 -3.7  -3.68 -3.67 -3.66 -3.68 -3.59 -3.67]
Time: 1637.84s
Success: 0.0000
Steps-Taken: 80.00
Comm-Action: [0.48 0.52 0.58 0.47 0.45 0.48 0.5  0.52 0.54 0.49]
batch:  0
batch:  1
batch:  2
batch:  3
batch:  4
batch:  5
batch:  6
batch:  7
batch:  8
batch:  9
Epoch 60
Episode: 67200
Reward: [-3.65 -3.56 -3.62 -3.63 -3.62 -3.68 -3.66 -3.66 -3.63 -3.63]
Time: 1567.42s
Success: 0.0000
Steps-Taken: 80.00
Comm-Action: [0.5  0.57 0.58 0.47 0.43 0.5  0.47 0.5  0.53 0.47]
batch:  0
batch:  1
batch:  2
batch:  3
batch:  4
batch:  5
batch:  6
batch:  7
batch:  8
batch:  9
Epoch 61
Episode: 68320
Reward: [-3.58 -3.6  -3.62 -3.69 -3.63 -3.72 -3.68 -3.75 -3.57 -3.6 ]
Time: 1584.38s
Success: 0.0000
Steps-Taken: 80.00
Comm-Action: [0.5  0.58 0.58 0.46 0.45 0.51 0.5  0.49 0.53 0.46]
batch:  0
batch:  1
batch:  2
batch:  3
batch:  4
batch:  5
batch:  6
batch:  7
batch:  8
batch:  9
Epoch 62
Episode: 69440
Reward: [-3.62 -3.56 -3.63 -3.57 -3.65 -3.61 -3.63 -3.6  -3.57 -3.58]
Time: 1618.52s
Success: 0.0000
Steps-Taken: 80.00
Comm-Action: [0.48 0.59 0.54 0.46 0.46 0.5  0.5  0.49 0.52 0.47]
batch:  0
batch:  1
batch:  2
batch:  3
batch:  4
batch:  5
batch:  6
batch:  7
batch:  8
batch:  9
Epoch 63
Episode: 70560
Reward: [-3.63 -3.57 -3.62 -3.58 -3.64 -3.64 -3.63 -3.65 -3.57 -3.61]
Time: 1624.22s
Success: 0.0000
Steps-Taken: 80.00
Comm-Action: [0.47 0.58 0.48 0.49 0.45 0.49 0.53 0.49 0.51 0.48]
batch:  0
batch:  1
batch:  2
batch:  3
batch:  4
batch:  5
batch:  6
batch:  7
batch:  8
batch:  9
Epoch 64
Episode: 71680
Reward: [-3.67 -3.52 -3.61 -3.59 -3.58 -3.58 -3.64 -3.63 -3.55 -3.58]
Time: 1666.25s
Success: 0.0000
Steps-Taken: 80.00
Comm-Action: [0.48 0.56 0.47 0.5  0.44 0.47 0.49 0.5  0.48 0.48]
batch:  0
batch:  1
batch:  2
batch:  3
batch:  4
batch:  5
batch:  6
batch:  7
batch:  8
batch:  9
Epoch 65
Episode: 72800
Reward: [-3.6  -3.55 -3.58 -3.52 -3.53 -3.63 -3.64 -3.68 -3.55 -3.58]
Time: 1695.80s
Success: 0.0000
Steps-Taken: 80.00
Comm-Action: [0.49 0.55 0.49 0.49 0.5  0.47 0.51 0.49 0.48 0.47]
batch:  0
batch:  1
batch:  2
batch:  3
batch:  4
batch:  5
batch:  6
batch:  7
batch:  8
batch:  9
Epoch 66
Episode: 73920
Reward: [-3.62 -3.54 -3.64 -3.52 -3.55 -3.65 -3.65 -3.66 -3.58 -3.55]
Time: 1654.15s
Success: 0.0000
Steps-Taken: 80.00
Comm-Action: [0.48 0.53 0.51 0.46 0.5  0.5  0.54 0.51 0.49 0.48]
batch:  0
batch:  1
batch:  2
batch:  3
batch:  4
batch:  5
batch:  6
batch:  7
batch:  8
batch:  9
Epoch 67
Episode: 75040
Reward: [-3.57 -3.53 -3.62 -3.54 -3.53 -3.65 -3.63 -3.64 -3.57 -3.53]
Time: 1679.66s
Success: 0.0000
Steps-Taken: 80.00
Comm-Action: [0.45 0.47 0.52 0.46 0.47 0.51 0.5  0.5  0.48 0.48]
batch:  0
batch:  1
batch:  2
batch:  3
batch:  4
batch:  5
batch:  6
batch:  7
batch:  8
batch:  9
Epoch 68
Episode: 76160
Reward: [-3.53 -3.53 -3.48 -3.56 -3.55 -3.61 -3.6  -3.62 -3.57 -3.46]
Time: 1693.52s
Success: 0.0000
Steps-Taken: 80.00
Comm-Action: [0.45 0.45 0.52 0.47 0.47 0.51 0.52 0.47 0.5  0.49]
batch:  0
batch:  1
batch:  2
batch:  3
batch:  4
batch:  5
batch:  6
batch:  7
batch:  8
batch:  9
Epoch 69
Episode: 77280
Reward: [-3.53 -3.56 -3.57 -3.49 -3.56 -3.6  -3.6  -3.55 -3.51 -3.53]
Time: 1711.29s
Success: 0.0000
Steps-Taken: 80.00
Comm-Action: [0.43 0.47 0.55 0.48 0.49 0.51 0.56 0.48 0.5  0.51]
batch:  0
batch:  1
batch:  2
batch:  3
batch:  4
batch:  5
batch:  6
batch:  7
batch:  8
batch:  9
Epoch 70
Episode: 78400
Reward: [-3.59 -3.58 -3.59 -3.52 -3.58 -3.62 -3.57 -3.66 -3.53 -3.59]
Time: 1738.62s
Success: 0.0000
Steps-Taken: 80.00
Comm-Action: [0.42 0.46 0.53 0.49 0.49 0.52 0.56 0.49 0.5  0.54]
batch:  0
batch:  1
batch:  2
batch:  3
batch:  4
batch:  5
batch:  6
batch:  7
batch:  8
batch:  9
Epoch 71
Episode: 79520
Reward: [-3.54 -3.56 -3.51 -3.5  -3.57 -3.54 -3.6  -3.61 -3.48 -3.53]
Time: 1760.65s
Success: 0.0000
Steps-Taken: 80.00
Comm-Action: [0.43 0.47 0.51 0.49 0.49 0.55 0.51 0.48 0.49 0.52]
batch:  0
batch:  1
batch:  2
batch:  3
batch:  4
batch:  5
batch:  6
batch:  7
batch:  8
batch:  9
Epoch 72
Episode: 80640
Reward: [-3.5  -3.55 -3.53 -3.51 -3.56 -3.55 -3.54 -3.59 -3.56 -3.52]
Time: 1760.03s
Success: 0.0000
Steps-Taken: 80.00
Comm-Action: [0.45 0.48 0.47 0.49 0.48 0.58 0.48 0.47 0.51 0.52]
batch:  0
batch:  1
batch:  2
batch:  3
batch:  4
batch:  5
batch:  6
batch:  7
batch:  8
batch:  9
Epoch 73
Episode: 81760
Reward: [-3.58 -3.57 -3.54 -3.45 -3.58 -3.49 -3.54 -3.53 -3.49 -3.56]
Time: 1756.96s
Success: 0.0000
Steps-Taken: 80.00
Comm-Action: [0.48 0.47 0.48 0.53 0.46 0.57 0.48 0.49 0.5  0.52]
batch:  0
batch:  1
batch:  2
batch:  3
batch:  4
batch:  5
batch:  6
batch:  7
batch:  8
batch:  9
Epoch 74
Episode: 82880
Reward: [-3.45 -3.6  -3.55 -3.52 -3.55 -3.48 -3.54 -3.54 -3.47 -3.52]
Time: 1783.20s
Success: 0.0000
Steps-Taken: 80.00
Comm-Action: [0.5  0.48 0.45 0.54 0.47 0.53 0.5  0.55 0.5  0.51]
batch:  0
batch:  1
batch:  2
batch:  3
batch:  4
batch:  5
batch:  6
batch:  7
batch:  8
batch:  9
Epoch 75
Episode: 84000
Reward: [-3.53 -3.55 -3.55 -3.52 -3.6  -3.57 -3.62 -3.67 -3.48 -3.58]
Time: 1773.04s
Success: 0.0000
Steps-Taken: 80.00
Comm-Action: [0.49 0.49 0.47 0.53 0.47 0.51 0.49 0.56 0.5  0.53]
batch:  0
batch:  1
batch:  2
batch:  3
batch:  4
batch:  5
batch:  6
batch:  7
batch:  8
batch:  9
Epoch 76
Episode: 85120
Reward: [-3.53 -3.56 -3.55 -3.47 -3.57 -3.51 -3.59 -3.62 -3.54 -3.59]
Time: 1778.97s
Success: 0.0000
Steps-Taken: 80.00
Comm-Action: [0.47 0.48 0.48 0.55 0.49 0.5  0.46 0.55 0.51 0.52]
batch:  0
batch:  1
batch:  2
batch:  3
batch:  4
batch:  5
batch:  6
batch:  7
batch:  8
batch:  9
Epoch 77
Episode: 86240
Reward: [-3.56 -3.54 -3.55 -3.41 -3.51 -3.38 -3.54 -3.68 -3.49 -3.55]
Time: 1764.49s
Success: 0.0000
Steps-Taken: 80.00
Comm-Action: [0.5  0.48 0.47 0.55 0.51 0.5  0.48 0.52 0.52 0.52]
batch:  0
batch:  1
batch:  2
batch:  3
batch:  4
batch:  5
batch:  6
batch:  7
batch:  8
batch:  9
Epoch 78
Episode: 87360
Reward: [-3.59 -3.49 -3.55 -3.46 -3.54 -3.52 -3.47 -3.62 -3.53 -3.53]
Time: 1760.76s
Success: 0.0000
Steps-Taken: 80.00
Comm-Action: [0.53 0.46 0.49 0.54 0.51 0.52 0.45 0.52 0.51 0.54]
batch:  0
batch:  1
batch:  2
batch:  3
batch:  4
batch:  5
batch:  6
batch:  7
batch:  8
batch:  9
Epoch 79
Episode: 88480
Reward: [-3.48 -3.54 -3.53 -3.49 -3.54 -3.52 -3.55 -3.66 -3.58 -3.54]
Time: 1771.00s
Success: 0.0000
Steps-Taken: 80.00
Comm-Action: [0.54 0.46 0.5  0.53 0.52 0.53 0.46 0.51 0.48 0.49]
batch:  0
batch:  1
batch:  2
batch:  3
batch:  4
batch:  5
batch:  6
batch:  7
batch:  8
batch:  9
Epoch 80
Episode: 89600
Reward: [-3.51 -3.54 -3.54 -3.54 -3.54 -3.51 -3.52 -3.56 -3.52 -3.53]
Time: 1733.97s
Success: 0.0000
Steps-Taken: 80.00
Comm-Action: [0.53 0.46 0.52 0.52 0.51 0.54 0.47 0.49 0.48 0.49]
batch:  0
batch:  1
batch:  2
batch:  3
batch:  4
batch:  5
batch:  6
batch:  7
batch:  8
batch:  9
Epoch 81
Episode: 90720
Reward: [-3.49 -3.56 -3.55 -3.61 -3.54 -3.52 -3.53 -3.65 -3.59 -3.53]
Time: 1725.04s
Success: 0.0000
Steps-Taken: 80.00
Comm-Action: [0.51 0.44 0.54 0.51 0.52 0.55 0.48 0.5  0.47 0.49]
batch:  0
batch:  1
batch:  2
batch:  3
batch:  4
batch:  5
batch:  6
batch:  7
batch:  8
batch:  9
Epoch 82
Episode: 91840
Reward: [-3.51 -3.48 -3.5  -3.55 -3.49 -3.52 -3.47 -3.53 -3.58 -3.5 ]
Time: 1742.19s
Success: 0.0000
Steps-Taken: 80.00
Comm-Action: [0.47 0.43 0.54 0.51 0.53 0.55 0.5  0.47 0.48 0.46]
batch:  0
batch:  1
batch:  2
batch:  3
batch:  4
batch:  5
batch:  6
batch:  7
batch:  8
batch:  9
Epoch 83
Episode: 92960
Reward: [-3.52 -3.52 -3.45 -3.57 -3.46 -3.49 -3.5  -3.56 -3.57 -3.54]
Time: 1745.63s
Success: 0.0000
Steps-Taken: 80.00
Comm-Action: [0.45 0.47 0.53 0.53 0.5  0.54 0.48 0.5  0.49 0.45]
batch:  0
batch:  1
batch:  2
batch:  3
batch:  4
batch:  5
batch:  6
batch:  7
batch:  8
batch:  9
Epoch 84
Episode: 94080
Reward: [-3.52 -3.48 -3.51 -3.59 -3.57 -3.57 -3.47 -3.5  -3.55 -3.48]
Time: 1899.01s
Success: 0.0000
Steps-Taken: 80.00
Comm-Action: [0.46 0.5  0.53 0.55 0.52 0.56 0.5  0.53 0.51 0.48]
batch:  0
batch:  1
batch:  2
batch:  3
batch:  4
batch:  5
batch:  6
batch:  7
batch:  8
batch:  9
Epoch 85
Episode: 95200
Reward: [-3.54 -3.48 -3.52 -3.59 -3.53 -3.55 -3.58 -3.58 -3.61 -3.5 ]
Time: 2014.66s
Success: 0.0000
Steps-Taken: 80.00
Comm-Action: [0.49 0.48 0.51 0.5  0.53 0.54 0.48 0.54 0.52 0.5 ]
batch:  0
batch:  1
batch:  2
batch:  3
batch:  4
batch:  5
batch:  6
batch:  7
batch:  8
batch:  9
Epoch 86
Episode: 96320
Reward: [-3.49 -3.49 -3.48 -3.52 -3.59 -3.56 -3.5  -3.58 -3.59 -3.52]
Time: 1986.17s
Success: 0.0000
Steps-Taken: 80.00
Comm-Action: [0.5  0.47 0.54 0.51 0.53 0.52 0.52 0.55 0.51 0.52]
batch:  0
batch:  1
batch:  2
batch:  3
batch:  4
batch:  5
batch:  6
batch:  7
batch:  8
batch:  9
Epoch 87
Episode: 97440
Reward: [-3.57 -3.55 -3.49 -3.6  -3.54 -3.54 -3.47 -3.57 -3.58 -3.51]
Time: 2014.29s
Success: 0.0000
Steps-Taken: 80.00
Comm-Action: [0.51 0.48 0.52 0.53 0.55 0.53 0.53 0.54 0.53 0.54]
batch:  0
batch:  1
batch:  2
batch:  3
batch:  4
batch:  5
batch:  6
batch:  7
batch:  8
batch:  9
Epoch 88
Episode: 98560
Reward: [-3.55 -3.55 -3.45 -3.56 -3.57 -3.54 -3.56 -3.56 -3.55 -3.49]
Time: 2037.12s
Success: 0.0000
Steps-Taken: 80.00
Comm-Action: [0.51 0.51 0.48 0.51 0.55 0.53 0.51 0.53 0.5  0.52]
batch:  0
batch:  1
batch:  2
batch:  3
batch:  4
batch:  5
batch:  6
batch:  7
batch:  8
batch:  9
Epoch 89
Episode: 99680
Reward: [-3.51 -3.56 -3.51 -3.6  -3.46 -3.56 -3.53 -3.53 -3.5  -3.45]
Time: 2022.11s
Success: 0.0000
Steps-Taken: 80.00
Comm-Action: [0.48 0.5  0.49 0.51 0.55 0.52 0.45 0.53 0.48 0.5 ]
batch:  0
batch:  1
batch:  2
batch:  3
batch:  4
batch:  5
batch:  6
batch:  7
batch:  8
batch:  9
Epoch 90
Episode: 100800
Reward: [-3.57 -3.56 -3.51 -3.48 -3.54 -3.54 -3.43 -3.58 -3.51 -3.47]
Time: 2022.18s
Success: 0.0000
Steps-Taken: 80.00
Comm-Action: [0.47 0.49 0.52 0.52 0.56 0.51 0.48 0.53 0.47 0.47]
batch:  0
batch:  1
batch:  2
batch:  3
batch:  4
batch:  5
batch:  6
batch:  7
batch:  8
batch:  9
Epoch 91
Episode: 101920
Reward: [-3.49 -3.52 -3.45 -3.51 -3.55 -3.49 -3.48 -3.53 -3.49 -3.42]
Time: 2012.26s
Success: 0.0000
Steps-Taken: 80.00
Comm-Action: [0.49 0.49 0.53 0.53 0.52 0.49 0.5  0.54 0.48 0.48]
batch:  0
batch:  1
batch:  2
batch:  3
batch:  4
batch:  5
batch:  6
batch:  7
batch:  8
batch:  9
Epoch 92
Episode: 103040
Reward: [-3.46 -3.44 -3.47 -3.43 -3.51 -3.52 -3.46 -3.52 -3.52 -3.44]
Time: 1987.40s
Success: 0.0000
Steps-Taken: 80.00
Comm-Action: [0.51 0.5  0.52 0.52 0.5  0.49 0.51 0.52 0.49 0.5 ]
batch:  0
batch:  1
batch:  2
batch:  3
batch:  4
batch:  5
batch:  6
batch:  7
batch:  8
batch:  9
Epoch 93
Episode: 104160
Reward: [-3.41 -3.43 -3.46 -3.49 -3.48 -3.47 -3.38 -3.55 -3.49 -3.41]
Time: 1794.82s
Success: 0.0000
Steps-Taken: 80.00
Comm-Action: [0.54 0.52 0.51 0.51 0.52 0.51 0.5  0.5  0.49 0.47]
batch:  0
batch:  1
batch:  2
batch:  3
batch:  4
batch:  5
batch:  6
batch:  7
batch:  8
batch:  9
Epoch 94
Episode: 105280
Reward: [-3.43 -3.47 -3.44 -3.48 -3.5  -3.48 -3.4  -3.54 -3.5  -3.45]
Time: 1773.82s
Success: 0.0000
Steps-Taken: 80.00
Comm-Action: [0.54 0.52 0.51 0.51 0.53 0.54 0.5  0.47 0.49 0.46]
batch:  0
batch:  1
batch:  2
batch:  3
batch:  4
batch:  5
batch:  6
batch:  7
batch:  8
batch:  9
Epoch 95
Episode: 106400
Reward: [-3.51 -3.49 -3.52 -3.52 -3.53 -3.47 -3.46 -3.63 -3.53 -3.45]
Time: 1734.49s
Success: 0.0000
Steps-Taken: 80.00
Comm-Action: [0.54 0.53 0.49 0.5  0.54 0.52 0.48 0.48 0.48 0.46]
batch:  0
batch:  1
batch:  2
batch:  3
batch:  4
batch:  5
batch:  6
batch:  7
batch:  8
batch:  9
Epoch 96
Episode: 107520
Reward: [-3.49 -3.51 -3.54 -3.52 -3.53 -3.45 -3.42 -3.54 -3.53 -3.41]
Time: 1730.03s
Success: 0.0000
Steps-Taken: 80.00
Comm-Action: [0.53 0.55 0.49 0.45 0.56 0.5  0.51 0.5  0.5  0.47]
batch:  0
batch:  1
batch:  2
batch:  3
batch:  4
batch:  5
batch:  6
batch:  7
batch:  8
batch:  9
Epoch 97
Episode: 108640
Reward: [-3.46 -3.53 -3.47 -3.55 -3.54 -3.5  -3.46 -3.52 -3.63 -3.5 ]
Time: 1911.84s
Success: 0.0000
Steps-Taken: 80.00
Comm-Action: [0.52 0.53 0.47 0.46 0.56 0.5  0.52 0.49 0.47 0.45]
batch:  0
batch:  1
batch:  2
batch:  3
batch:  4
batch:  5
batch:  6
batch:  7
batch:  8
batch:  9
Epoch 98
Episode: 109760
Reward: [-3.51 -3.5  -3.45 -3.54 -3.39 -3.49 -3.48 -3.5  -3.52 -3.44]
Time: 1853.48s
Success: 0.0000
Steps-Taken: 80.00
Comm-Action: [0.49 0.56 0.47 0.49 0.55 0.5  0.51 0.51 0.45 0.49]
batch:  0
batch:  1
batch:  2
batch:  3
batch:  4
batch:  5
batch:  6
batch:  7
batch:  8
batch:  9
Epoch 99
Episode: 110880
Reward: [-3.48 -3.52 -3.48 -3.54 -3.41 -3.52 -3.49 -3.55 -3.54 -3.5 ]
Time: 1516.09s
Success: 0.0000
Steps-Taken: 80.00
Comm-Action: [0.48 0.57 0.47 0.48 0.56 0.5  0.45 0.51 0.48 0.5 ]
batch:  0
batch:  1
batch:  2
batch:  3
batch:  4
batch:  5
batch:  6
batch:  7
batch:  8
batch:  9
Epoch 100
Episode: 112000
Reward: [-3.45 -3.44 -3.47 -3.46 -3.49 -3.51 -3.53 -3.57 -3.52 -3.45]
Time: 1419.63s
Success: 0.0000
Steps-Taken: 80.00
Comm-Action: [0.51 0.55 0.47 0.49 0.55 0.5  0.46 0.5  0.48 0.47]
batch:  0
batch:  1
batch:  2
batch:  3
batch:  4
batch:  5
batch:  6
batch:  7
batch:  8
batch:  9
Epoch 101
Episode: 113120
Reward: [-3.44 -3.5  -3.43 -3.49 -3.5  -3.48 -3.46 -3.52 -3.52 -3.46]
Time: 1446.41s
Success: 0.0000
Steps-Taken: 80.00
Comm-Action: [0.53 0.52 0.48 0.52 0.51 0.48 0.5  0.5  0.48 0.47]
batch:  0
batch:  1
batch:  2
batch:  3
batch:  4
batch:  5
batch:  6
batch:  7
batch:  8
batch:  9
Epoch 102
Episode: 114240
Reward: [-3.39 -3.46 -3.41 -3.53 -3.5  -3.5  -3.42 -3.54 -3.47 -3.44]
Time: 1421.31s
Success: 0.0000
Steps-Taken: 80.00
Comm-Action: [0.51 0.52 0.48 0.49 0.5  0.44 0.49 0.49 0.48 0.47]
batch:  0
batch:  1
batch:  2
batch:  3
batch:  4
batch:  5
batch:  6
batch:  7
batch:  8
batch:  9
Epoch 103
Episode: 115360
Reward: [-3.46 -3.39 -3.43 -3.48 -3.46 -3.5  -3.41 -3.45 -3.56 -3.4 ]
Time: 1404.80s
Success: 0.0000
Steps-Taken: 80.00
Comm-Action: [0.49 0.53 0.46 0.49 0.49 0.46 0.47 0.51 0.49 0.46]
batch:  0
batch:  1
batch:  2
batch:  3
batch:  4
batch:  5
batch:  6
batch:  7
batch:  8
batch:  9
Epoch 104
Episode: 116480
Reward: [-3.41 -3.47 -3.41 -3.47 -3.39 -3.49 -3.43 -3.44 -3.53 -3.4 ]
Time: 1431.94s
Success: 0.0000
Steps-Taken: 80.00
Comm-Action: [0.47 0.54 0.49 0.53 0.49 0.45 0.46 0.52 0.49 0.46]
batch:  0
batch:  1
batch:  2
batch:  3
batch:  4
batch:  5
batch:  6
batch:  7
batch:  8
batch:  9
Epoch 105
Episode: 117600
Reward: [-3.48 -3.48 -3.43 -3.51 -3.45 -3.51 -3.4  -3.49 -3.51 -3.46]
Time: 1456.05s
Success: 0.0000
Steps-Taken: 80.00
Comm-Action: [0.46 0.53 0.5  0.56 0.5  0.47 0.45 0.52 0.49 0.48]
batch:  0
batch:  1
batch:  2
batch:  3
batch:  4
batch:  5
batch:  6
batch:  7
batch:  8
batch:  9
Epoch 106
Episode: 118720
Reward: [-3.52 -3.47 -3.36 -3.49 -3.38 -3.53 -3.46 -3.43 -3.56 -3.33]
Time: 1431.21s
Success: 0.0000
Steps-Taken: 80.00
Comm-Action: [0.47 0.53 0.51 0.52 0.5  0.51 0.45 0.51 0.49 0.47]
batch:  0
batch:  1
batch:  2
batch:  3
batch:  4
batch:  5
batch:  6
batch:  7
batch:  8
batch:  9
Epoch 107
Episode: 119840
Reward: [-3.47 -3.46 -3.46 -3.46 -3.42 -3.48 -3.4  -3.49 -3.54 -3.38]
Time: 1455.94s
Success: 0.0000
Steps-Taken: 80.00
Comm-Action: [0.48 0.52 0.5  0.5  0.5  0.51 0.44 0.49 0.5  0.48]
batch:  0
batch:  1
batch:  2
batch:  3
batch:  4
batch:  5
batch:  6
batch:  7
batch:  8
batch:  9
Epoch 108
Episode: 120960
Reward: [-3.47 -3.44 -3.47 -3.53 -3.39 -3.36 -3.4  -3.53 -3.62 -3.4 ]
Time: 1402.60s
Success: 0.0000
Steps-Taken: 80.00
Comm-Action: [0.49 0.5  0.48 0.51 0.48 0.51 0.46 0.47 0.51 0.49]
batch:  0
batch:  1
batch:  2
batch:  3
batch:  4
batch:  5
batch:  6
batch:  7
batch:  8
batch:  9
Epoch 109
Episode: 122080
Reward: [-3.49 -3.53 -3.47 -3.54 -3.36 -3.44 -3.5  -3.53 -3.56 -3.35]
Time: 1424.90s
Success: 0.0000
Steps-Taken: 80.00
Comm-Action: [0.5  0.5  0.47 0.53 0.48 0.5  0.47 0.46 0.49 0.47]
batch:  0
batch:  1
batch:  2
batch:  3
batch:  4
batch:  5
batch:  6
batch:  7
batch:  8
batch:  9
Epoch 110
Episode: 123200
Reward: [-3.45 -3.43 -3.45 -3.54 -3.4  -3.48 -3.45 -3.5  -3.52 -3.37]
Time: 1462.93s
Success: 0.0000
Steps-Taken: 80.00
Comm-Action: [0.47 0.53 0.47 0.52 0.46 0.49 0.48 0.48 0.51 0.48]
batch:  0
batch:  1
batch:  2
batch:  3
batch:  4
batch:  5
batch:  6
batch:  7
batch:  8
batch:  9
Epoch 111
Episode: 124320
Reward: [-3.42 -3.51 -3.48 -3.51 -3.38 -3.53 -3.47 -3.46 -3.51 -3.34]
Time: 1482.07s
Success: 0.0000
Steps-Taken: 80.00
Comm-Action: [0.46 0.54 0.47 0.54 0.49 0.48 0.49 0.48 0.51 0.49]
batch:  0
batch:  1
batch:  2
batch:  3
batch:  4
batch:  5
batch:  6
batch:  7
batch:  8
batch:  9
Epoch 112
Episode: 125440
Reward: [-3.38 -3.39 -3.43 -3.48 -3.4  -3.47 -3.51 -3.52 -3.51 -3.37]
Time: 1465.86s
Success: 0.0000
Steps-Taken: 80.00
Comm-Action: [0.48 0.53 0.44 0.5  0.48 0.5  0.47 0.47 0.51 0.48]
batch:  0
batch:  1
batch:  2
batch:  3
batch:  4
batch:  5
batch:  6
batch:  7
batch:  8
batch:  9
Epoch 113
Episode: 126560
Reward: [-3.46 -3.39 -3.4  -3.47 -3.45 -3.47 -3.4  -3.45 -3.5  -3.34]
Time: 1463.43s
Success: 0.0000
Steps-Taken: 80.00
Comm-Action: [0.46 0.51 0.46 0.49 0.47 0.49 0.47 0.5  0.5  0.47]
batch:  0
batch:  1
batch:  2
batch:  3
batch:  4
batch:  5
batch:  6
batch:  7
batch:  8
batch:  9
Epoch 114
Episode: 127680
Reward: [-3.48 -3.43 -3.45 -3.44 -3.41 -3.44 -3.4  -3.42 -3.53 -3.36]
Time: 1464.63s
Success: 0.0000
Steps-Taken: 80.00
Comm-Action: [0.47 0.5  0.47 0.5  0.48 0.5  0.44 0.51 0.5  0.48]
batch:  0
batch:  1
batch:  2
batch:  3
batch:  4
batch:  5
batch:  6
batch:  7
batch:  8
batch:  9
Epoch 115
Episode: 128800
Reward: [-3.43 -3.38 -3.43 -3.35 -3.4  -3.4  -3.4  -3.45 -3.53 -3.4 ]
Time: 1479.01s
Success: 0.0000
Steps-Taken: 80.00
Comm-Action: [0.48 0.48 0.48 0.5  0.5  0.5  0.43 0.49 0.5  0.5 ]
batch:  0
batch:  1
batch:  2
batch:  3
batch:  4
batch:  5
batch:  6
batch:  7
batch:  8
batch:  9
Epoch 116
Episode: 129920
Reward: [-3.41 -3.39 -3.46 -3.36 -3.42 -3.37 -3.38 -3.48 -3.56 -3.36]
Time: 1477.14s
Success: 0.0000
Steps-Taken: 80.00
Comm-Action: [0.48 0.48 0.5  0.49 0.5  0.5  0.45 0.49 0.49 0.5 ]
batch:  0
batch:  1
batch:  2
batch:  3
batch:  4
batch:  5
batch:  6
batch:  7
batch:  8
batch:  9
Epoch 117
Episode: 131040
Reward: [-3.42 -3.36 -3.44 -3.41 -3.48 -3.39 -3.38 -3.51 -3.52 -3.42]
Time: 1457.84s
Success: 0.0000
Steps-Taken: 80.00
Comm-Action: [0.48 0.48 0.48 0.46 0.5  0.53 0.46 0.5  0.49 0.52]
batch:  0
batch:  1
batch:  2
batch:  3
batch:  4
batch:  5
batch:  6
batch:  7
batch:  8
batch:  9
Epoch 118
Episode: 132160
Reward: [-3.38 -3.3  -3.42 -3.38 -3.52 -3.47 -3.44 -3.46 -3.56 -3.33]
Time: 1478.08s
Success: 0.0000
Steps-Taken: 80.00
Comm-Action: [0.52 0.5  0.49 0.45 0.49 0.49 0.46 0.49 0.5  0.51]
batch:  0
batch:  1
batch:  2
batch:  3
batch:  4
batch:  5
batch:  6
batch:  7
batch:  8
batch:  9
Epoch 119
Episode: 133280
Reward: [-3.42 -3.43 -3.41 -3.45 -3.49 -3.59 -3.39 -3.43 -3.52 -3.27]
Time: 1454.09s
Success: 0.0000
Steps-Taken: 80.00
Comm-Action: [0.5  0.52 0.49 0.44 0.49 0.47 0.47 0.45 0.53 0.49]
batch:  0
batch:  1
batch:  2
batch:  3
batch:  4
batch:  5
batch:  6
batch:  7
batch:  8
batch:  9
Epoch 120
Episode: 134400
Reward: [-3.37 -3.34 -3.33 -3.38 -3.42 -3.57 -3.43 -3.39 -3.54 -3.26]
Time: 1432.65s
Success: 0.0000
Steps-Taken: 80.00
Comm-Action: [0.49 0.52 0.47 0.47 0.5  0.48 0.47 0.46 0.51 0.48]
batch:  0
batch:  1
batch:  2
batch:  3
batch:  4
batch:  5
batch:  6
batch:  7
batch:  8
batch:  9
Epoch 121
Episode: 135520
Reward: [-3.4  -3.35 -3.43 -3.39 -3.43 -3.6  -3.35 -3.5  -3.49 -3.32]
Time: 1432.41s
Success: 0.0000
Steps-Taken: 80.00
Comm-Action: [0.51 0.52 0.48 0.5  0.5  0.52 0.46 0.46 0.54 0.46]
batch:  0
batch:  1
batch:  2
batch:  3
batch:  4
batch:  5
batch:  6
batch:  7
batch:  8
batch:  9
Epoch 122
Episode: 136640
Reward: [-3.39 -3.34 -3.36 -3.38 -3.44 -3.56 -3.39 -3.49 -3.52 -3.32]
Time: 1432.85s
Success: 0.0000
Steps-Taken: 80.00
Comm-Action: [0.49 0.52 0.49 0.52 0.5  0.53 0.47 0.48 0.53 0.46]
batch:  0
batch:  1
batch:  2
batch:  3
batch:  4
batch:  5
batch:  6
batch:  7
batch:  8
batch:  9
Epoch 123
Episode: 137760
Reward: [-3.47 -3.31 -3.37 -3.36 -3.49 -3.52 -3.33 -3.4  -3.46 -3.33]
Time: 1499.89s
Success: 0.0000
Steps-Taken: 80.00
Comm-Action: [0.49 0.52 0.49 0.52 0.47 0.5  0.49 0.5  0.53 0.47]
batch:  0
batch:  1
batch:  2
batch:  3
batch:  4
batch:  5
batch:  6
batch:  7
batch:  8
batch:  9
Epoch 124
Episode: 138880
Reward: [-3.43 -3.39 -3.44 -3.36 -3.42 -3.47 -3.34 -3.4  -3.44 -3.37]
Time: 1540.26s
Success: 0.0000
Steps-Taken: 80.00
Comm-Action: [0.46 0.52 0.5  0.49 0.46 0.54 0.49 0.5  0.51 0.51]
batch:  0
batch:  1
batch:  2
batch:  3
batch:  4
batch:  5
batch:  6
batch:  7
batch:  8
batch:  9
Epoch 125
Episode: 140000
Reward: [-3.34 -3.43 -3.37 -3.32 -3.46 -3.56 -3.32 -3.29 -3.47 -3.36]
Time: 1567.90s
Success: 0.0000
Steps-Taken: 80.00
Comm-Action: [0.46 0.51 0.5  0.49 0.48 0.56 0.49 0.51 0.51 0.53]
batch:  0
batch:  1
batch:  2
batch:  3
batch:  4
batch:  5
batch:  6
batch:  7
batch:  8
batch:  9
Epoch 126
Episode: 141120
Reward: [-3.39 -3.42 -3.33 -3.33 -3.46 -3.53 -3.36 -3.37 -3.43 -3.31]
Time: 1580.06s
Success: 0.0000
Steps-Taken: 80.00
Comm-Action: [0.48 0.51 0.49 0.48 0.48 0.54 0.49 0.52 0.5  0.51]
batch:  0
batch:  1
batch:  2
batch:  3
batch:  4
batch:  5
batch:  6
batch:  7
batch:  8
batch:  9
Epoch 127
Episode: 142240
Reward: [-3.4  -3.43 -3.35 -3.35 -3.5  -3.51 -3.37 -3.34 -3.51 -3.41]
Time: 1591.41s
Success: 0.0000
Steps-Taken: 80.00
Comm-Action: [0.49 0.49 0.49 0.5  0.48 0.54 0.5  0.5  0.49 0.5 ]
batch:  0
batch:  1
batch:  2
batch:  3
batch:  4
batch:  5
batch:  6
batch:  7
slurmstepd-gold52: error: *** JOB 6761533 ON gold52 CANCELLED AT 2024-11-12T08:46:08 DUE TO TIME LIMIT ***
==============================================================================
Running epilogue script on gold52.

Submit time  : 2024-11-09T12:53:52
Start time   : 2024-11-09T20:45:58
End time     : 2024-11-12T08:46:08
Elapsed time : 2-12:00:10 (Timelimit=2-12:00:00)

Job ID: 6761533
Cluster: i5
User/Group: jabn1n20/fp
State: TIMEOUT (exit code 0)
Nodes: 1
Cores per node: 8
CPU Utilized: 00:00:01
CPU Efficiency: 0.00% of 20-00:01:20 core-walltime
Job Wall-clock time: 2-12:00:10
Memory Utilized: 28.31 GB
Memory Efficiency: 15.34% of 184.57 GB

