Running SLURM prolog script on swarmh1002
===============================================================================
Job started on Fri Nov 22 09:57:05 GMT 2024
Job ID          : 32531
Job name        : train_dpp_5v1_tarmac.sh
WorkDir         : /iridisfs/home/jabn1n20/CTDComm/baselines
Command         : /iridisfs/home/jabn1n20/CTDComm/baselines/iridisX_scripts/train_dpp_5v1_tarmac.sh
Partition       : swarm_h100
Num hosts       : 1
Num cores       : 2
Num of tasks    : 1
Hosts allocated : swarmh1002
Job Output Follows ...
===============================================================================
Traceback (most recent call last):
  File "/iridisfs/home/jabn1n20/CTDComm/baselines/run_baselines.py", line 9, in <module>
    import numpy as np
ModuleNotFoundError: No module named 'numpy'
==============================================================================
Running epilogue script on swarmh1002.

Submit time  : 2024-11-22T09:57:03
Start time   : 2024-11-22T09:57:04
End time     : 2024-11-22T09:57:09
Elapsed time : 00:00:05 (Timelimit=2-12:00:00)

Job ID: 32531
Cluster: iridis_x
User/Group: jabn1n20/
State: FAILED (exit code 1)
Nodes: 1
Cores per node: 2
CPU Utilized: 00:00:00
CPU Efficiency: 0.00% of 00:00:10 core-walltime
Job Wall-clock time: 00:00:05
Memory Utilized: 2.51 MB
Memory Efficiency: 0.01% of 18.82 GB
