Running SLURM prolog script on gold56.cluster.local
===============================================================================
Job started on Tue Oct  1 13:32:47 BST 2024
Job ID          : 6607908
Job name        : train_dpp_5v1_2prey_dec_tarmac.sh
WorkDir         : /mainfs/home/jabn1n20/CTDComm/baselines
Command         : /mainfs/home/jabn1n20/CTDComm/baselines/dec_scripts/train_dpp_5v1_2prey_dec_tarmac.sh
Partition       : serial
Num hosts       : 1
Num cores       : 8
Num of tasks    : 8
Hosts allocated : gold56
Job Output Follows ...
===============================================================================
Namespace(action_scale=1.0, advantages_per_action=False, alpha=0.99, batch_size=500, cave=False, comm_action_one=False, comm_init='uniform', comm_mask_zero=False, comm_mode='avg', comm_passes=1, comm_range=0, commnet=1, continuous=False, dec_tarmac=True, detach_gap=10, dim=10, dim_actions=2, directed=False, display=False, entr=0.01, env_name='dec_predator_prey', env_seed=1, epoch_size=10, eps=1e-06, first_gat_normalize=False, first_graph_complete=False, gacomm=False, gamma=0.99, gat_encoder_normalize=False, gat_encoder_out_size=64, gat_hid_size=64, gat_num_heads=1, gat_num_heads_out=1, ge_num_heads=4, hard_attn=1, hid_size=128, ic3net=True, learn_second_graph=False, learning_prey=False, load='', lrate=0.0007, magic=False, max_steps=40, mean_ratio=0, message_decoder=False, message_encoder=False, mode='mixed', moving_prey=False, naction_heads=[5, 2], nactions='1', nagents=5, nenemies=2, nfriendly=5, normalize_rewards=False, nprocesses=16, num_actions=[5, 2], num_epochs=500, num_inputs=936, plot=False, plot_env='main', plot_port='8097', qk_hid_size=16, random=False, recurrent=True, rnn_type='LSTM', save=True, save_adjacency=False, save_every=25, second_gat_normalize=False, second_graph_complete=False, seed=1, self_loop_type1=2, self_loop_type2=2, share_weights=False, stay=True, tarcomm=False, tau=1.0, use_gat_encoder=False, value_coeff=0.01, value_hid_size=128, vision=1)
====================================================================================================
Model log:

DecTarMAC(
  (agents): ModuleList(
    (0): DecAgent(
      (encoder): Linear(in_features=936, out_features=128, bias=True)
      (tanh): Tanh()
      (state2query): Linear(in_features=128, out_features=16, bias=True)
      (state2key): Linear(in_features=128, out_features=16, bias=True)
      (state2value): Linear(in_features=128, out_features=128, bias=True)
      (C_modules): ModuleList(
        (0): Linear(in_features=128, out_features=128, bias=True)
      )
      (f_module): LSTMCell(128, 128)
      (heads): ModuleList(
        (0): Linear(in_features=128, out_features=5, bias=True)
        (1): Linear(in_features=128, out_features=2, bias=True)
      )
    )
    (1): DecAgent(
      (encoder): Linear(in_features=936, out_features=128, bias=True)
      (tanh): Tanh()
      (state2query): Linear(in_features=128, out_features=16, bias=True)
      (state2key): Linear(in_features=128, out_features=16, bias=True)
      (state2value): Linear(in_features=128, out_features=128, bias=True)
      (C_modules): ModuleList(
        (0): Linear(in_features=128, out_features=128, bias=True)
      )
      (f_module): LSTMCell(128, 128)
      (heads): ModuleList(
        (0): Linear(in_features=128, out_features=5, bias=True)
        (1): Linear(in_features=128, out_features=2, bias=True)
      )
    )
    (2): DecAgent(
      (encoder): Linear(in_features=936, out_features=128, bias=True)
      (tanh): Tanh()
      (state2query): Linear(in_features=128, out_features=16, bias=True)
      (state2key): Linear(in_features=128, out_features=16, bias=True)
      (state2value): Linear(in_features=128, out_features=128, bias=True)
      (C_modules): ModuleList(
        (0): Linear(in_features=128, out_features=128, bias=True)
      )
      (f_module): LSTMCell(128, 128)
      (heads): ModuleList(
        (0): Linear(in_features=128, out_features=5, bias=True)
        (1): Linear(in_features=128, out_features=2, bias=True)
      )
    )
    (3): DecAgent(
      (encoder): Linear(in_features=936, out_features=128, bias=True)
      (tanh): Tanh()
      (state2query): Linear(in_features=128, out_features=16, bias=True)
      (state2key): Linear(in_features=128, out_features=16, bias=True)
      (state2value): Linear(in_features=128, out_features=128, bias=True)
      (C_modules): ModuleList(
        (0): Linear(in_features=128, out_features=128, bias=True)
      )
      (f_module): LSTMCell(128, 128)
      (heads): ModuleList(
        (0): Linear(in_features=128, out_features=5, bias=True)
        (1): Linear(in_features=128, out_features=2, bias=True)
      )
    )
    (4): DecAgent(
      (encoder): Linear(in_features=936, out_features=128, bias=True)
      (tanh): Tanh()
      (state2query): Linear(in_features=128, out_features=16, bias=True)
      (state2key): Linear(in_features=128, out_features=16, bias=True)
      (state2value): Linear(in_features=128, out_features=128, bias=True)
      (C_modules): ModuleList(
        (0): Linear(in_features=128, out_features=128, bias=True)
      )
      (f_module): LSTMCell(128, 128)
      (heads): ModuleList(
        (0): Linear(in_features=128, out_features=5, bias=True)
        (1): Linear(in_features=128, out_features=2, bias=True)
      )
    )
  )
  (value_head): Linear(in_features=128, out_features=1, bias=True)
)
====================================================================================================

batch:  0
batch:  1
batch:  2
batch:  3
batch:  4
batch:  5
batch:  6
batch:  7
batch:  8
batch:  9
Epoch 1
Episode: 2080
Reward: [-2.05 -2.05 -2.05 -2.05 -2.05]
Time: 212.14s
Success: 0.0005
Steps-Taken: 40.00
Comm-Action: [0.47 0.54 0.45 0.46 0.48]
batch:  0
batch:  1
batch:  2
batch:  3
batch:  4
batch:  5
batch:  6
batch:  7
batch:  8
batch:  9
Epoch 2
Episode: 4160
Reward: [-2.05 -2.05 -2.05 -2.05 -2.05]
Time: 213.34s
Success: 0.0000
Steps-Taken: 40.00
Comm-Action: [0.45 0.49 0.42 0.45 0.5 ]
batch:  0
batch:  1
batch:  2
batch:  3
batch:  4
batch:  5
batch:  6
batch:  7
batch:  8
batch:  9
Epoch 3
Episode: 6240
Reward: [-2.05 -2.05 -2.05 -2.05 -2.05]
Time: 212.59s
Success: 0.0000
Steps-Taken: 40.00
Comm-Action: [0.46 0.49 0.54 0.53 0.51]
batch:  0
batch:  1
batch:  2
batch:  3
batch:  4
batch:  5
batch:  6
batch:  7
batch:  8
batch:  9
Epoch 4
Episode: 8320
Reward: [-2.05 -2.05 -2.05 -2.05 -2.05]
Time: 213.96s
Success: 0.0000
Steps-Taken: 40.00
Comm-Action: [0.47 0.48 0.51 0.56 0.5 ]
batch:  0
batch:  1
batch:  2
batch:  3
batch:  4
batch:  5
batch:  6
batch:  7
batch:  8
batch:  9
Epoch 5
Episode: 10400
Reward: [-2.05 -2.05 -2.05 -2.05 -2.05]
Time: 214.91s
Success: 0.0000
Steps-Taken: 40.00
Comm-Action: [0.48 0.48 0.48 0.54 0.49]
batch:  0
batch:  1
batch:  2
batch:  3
batch:  4
batch:  5
batch:  6
batch:  7
batch:  8
batch:  9
Epoch 6
Episode: 12480
Reward: [-2.05 -2.05 -2.05 -2.05 -2.05]
Time: 218.84s
Success: 0.0005
Steps-Taken: 40.00
Comm-Action: [0.5  0.49 0.47 0.51 0.49]
batch:  0
batch:  1
batch:  2
batch:  3
batch:  4
batch:  5
batch:  6
batch:  7
batch:  8
batch:  9
Epoch 7
Episode: 14560
Reward: [-2.05 -2.05 -2.05 -2.05 -2.05]
Time: 216.68s
Success: 0.0005
Steps-Taken: 40.00
Comm-Action: [0.51 0.51 0.51 0.49 0.52]
batch:  0
batch:  1
batch:  2
batch:  3
batch:  4
batch:  5
batch:  6
batch:  7
batch:  8
batch:  9
Epoch 8
Episode: 16640
Reward: [-2.05 -2.05 -2.05 -2.05 -2.05]
Time: 217.01s
Success: 0.0000
Steps-Taken: 40.00
Comm-Action: [0.52 0.51 0.5  0.47 0.53]
batch:  0
batch:  1
batch:  2
batch:  3
batch:  4
batch:  5
batch:  6
batch:  7
batch:  8
batch:  9
Epoch 9
Episode: 18720
Reward: [-2.05 -2.05 -2.05 -2.05 -2.05]
Time: 215.45s
Success: 0.0000
Steps-Taken: 40.00
Comm-Action: [0.55 0.52 0.5  0.45 0.54]
batch:  0
batch:  1
batch:  2
batch:  3
batch:  4
batch:  5
batch:  6
batch:  7
batch:  8
batch:  9
Epoch 10
Episode: 20800
Reward: [-2.05 -2.05 -2.05 -2.05 -2.05]
Time: 215.91s
Success: 0.0005
Steps-Taken: 40.00
Comm-Action: [0.52 0.5  0.53 0.49 0.51]
batch:  0
batch:  1
batch:  2
batch:  3
batch:  4
batch:  5
batch:  6
batch:  7
batch:  8
batch:  9
Epoch 11
Episode: 22880
Reward: [-2.05 -2.05 -2.05 -2.05 -2.05]
Time: 212.71s
Success: 0.0000
Steps-Taken: 40.00
Comm-Action: [0.49 0.49 0.54 0.51 0.52]
batch:  0
batch:  1
batch:  2
batch:  3
batch:  4
batch:  5
batch:  6
batch:  7
batch:  8
batch:  9
Epoch 12
Episode: 24960
Reward: [-2.05 -2.05 -2.05 -2.05 -2.05]
Time: 213.46s
Success: 0.0005
Steps-Taken: 40.00
Comm-Action: [0.49 0.54 0.49 0.48 0.44]
batch:  0
batch:  1
batch:  2
batch:  3
batch:  4
batch:  5
batch:  6
batch:  7
batch:  8
batch:  9
Epoch 13
Episode: 27040
Reward: [-2.05 -2.05 -2.05 -2.05 -2.05]
Time: 215.08s
Success: 0.0000
Steps-Taken: 40.00
Comm-Action: [0.5  0.53 0.48 0.49 0.44]
batch:  0
batch:  1
batch:  2
batch:  3
batch:  4
batch:  5
batch:  6
batch:  7
batch:  8
batch:  9
Epoch 14
Episode: 29120
Reward: [-2.05 -2.05 -2.05 -2.05 -2.05]
Time: 217.57s
Success: 0.0010
Steps-Taken: 40.00
Comm-Action: [0.48 0.54 0.48 0.54 0.47]
batch:  0
batch:  1
batch:  2
batch:  3
batch:  4
batch:  5
batch:  6
batch:  7
batch:  8
batch:  9
Epoch 15
Episode: 31200
Reward: [-2.05 -2.05 -2.05 -2.05 -2.05]
Time: 214.84s
Success: 0.0005
Steps-Taken: 40.00
Comm-Action: [0.46 0.54 0.49 0.51 0.46]
batch:  0
batch:  1
batch:  2
batch:  3
batch:  4
batch:  5
batch:  6
batch:  7
batch:  8
batch:  9
Epoch 16
Episode: 33280
Reward: [-2.05 -2.05 -2.05 -2.05 -2.05]
Time: 216.61s
Success: 0.0000
Steps-Taken: 40.00
Comm-Action: [0.47 0.52 0.47 0.47 0.49]
batch:  0
batch:  1
batch:  2
batch:  3
batch:  4
batch:  5
batch:  6
batch:  7
batch:  8
batch:  9
Epoch 17
Episode: 35360
Reward: [-2.05 -2.05 -2.05 -2.05 -2.05]
Time: 220.78s
Success: 0.0000
Steps-Taken: 40.00
Comm-Action: [0.46 0.48 0.51 0.46 0.54]
batch:  0
batch:  1
batch:  2
batch:  3
batch:  4
batch:  5
batch:  6
batch:  7
batch:  8
batch:  9
Epoch 18
Episode: 37440
Reward: [-2.05 -2.05 -2.05 -2.05 -2.05]
Time: 219.81s
Success: 0.0000
Steps-Taken: 40.00
Comm-Action: [0.47 0.49 0.51 0.46 0.55]
batch:  0
batch:  1
batch:  2
batch:  3
batch:  4
batch:  5
batch:  6
batch:  7
batch:  8
batch:  9
Epoch 19
Episode: 39520
Reward: [-2.05 -2.05 -2.05 -2.05 -2.05]
Time: 210.34s
Success: 0.0000
Steps-Taken: 40.00
Comm-Action: [0.48 0.52 0.52 0.5  0.5 ]
batch:  0
batch:  1
batch:  2
batch:  3
batch:  4
batch:  5
batch:  6
batch:  7
batch:  8
batch:  9
Epoch 20
Episode: 41600
Reward: [-2.05 -2.05 -2.05 -2.05 -2.05]
Time: 211.01s
Success: 0.0005
Steps-Taken: 40.00
Comm-Action: [0.51 0.52 0.5  0.46 0.49]
batch:  0
batch:  1
batch:  2
batch:  3
batch:  4
batch:  5
batch:  6
batch:  7
batch:  8
batch:  9
Epoch 21
Episode: 43680
Reward: [-2.05 -2.05 -2.05 -2.05 -2.05]
Time: 212.13s
Success: 0.0005
Steps-Taken: 40.00
Comm-Action: [0.52 0.5  0.49 0.49 0.47]
batch:  0
batch:  1
batch:  2
batch:  3
batch:  4
batch:  5
batch:  6
batch:  7
batch:  8
batch:  9
Epoch 22
Episode: 45760
Reward: [-2.05 -2.05 -2.05 -2.05 -2.05]
Time: 209.39s
Success: 0.0000
Steps-Taken: 40.00
Comm-Action: [0.49 0.5  0.5  0.49 0.51]
batch:  0
batch:  1
batch:  2
batch:  3
batch:  4
batch:  5
batch:  6
batch:  7
batch:  8
batch:  9
Epoch 23
Episode: 47840
Reward: [-2.05 -2.05 -2.05 -2.05 -2.05]
Time: 207.21s
Success: 0.0000
Steps-Taken: 40.00
Comm-Action: [0.5  0.47 0.5  0.48 0.51]
batch:  0
batch:  1
batch:  2
batch:  3
batch:  4
batch:  5
batch:  6
batch:  7
batch:  8
batch:  9
Epoch 24
Episode: 49920
Reward: [-2.05 -2.05 -2.05 -2.05 -2.05]
Time: 207.50s
Success: 0.0005
Steps-Taken: 40.00
Comm-Action: [0.51 0.5  0.53 0.5  0.51]
batch:  0
batch:  1
batch:  2
batch:  3
batch:  4
batch:  5
batch:  6
batch:  7
batch:  8
batch:  9
Epoch 25
Episode: 52000
Reward: [-2.05 -2.05 -2.05 -2.05 -2.05]
Time: 220.50s
Success: 0.0000
Steps-Taken: 40.00
Comm-Action: [0.47 0.5  0.49 0.5  0.51]
batch:  0
batch:  1
batch:  2
batch:  3
batch:  4
batch:  5
batch:  6
batch:  7
batch:  8
batch:  9
Epoch 26
Episode: 54080
Reward: [-2.05 -2.05 -2.05 -2.05 -2.05]
Time: 224.87s
Success: 0.0000
Steps-Taken: 40.00
Comm-Action: [0.47 0.48 0.48 0.51 0.52]
batch:  0
batch:  1
batch:  2
batch:  3
batch:  4
batch:  5
batch:  6
batch:  7
batch:  8
batch:  9
Epoch 27
Episode: 56160
Reward: [-2.05 -2.05 -2.05 -2.05 -2.05]
Time: 223.32s
Success: 0.0014
Steps-Taken: 40.00
Comm-Action: [0.52 0.47 0.48 0.51 0.51]
batch:  0
batch:  1
batch:  2
batch:  3
batch:  4
batch:  5
batch:  6
batch:  7
batch:  8
batch:  9
Epoch 28
Episode: 58240
Reward: [-2.05 -2.05 -2.05 -2.05 -2.05]
Time: 210.25s
Success: 0.0005
Steps-Taken: 40.00
Comm-Action: [0.5  0.48 0.52 0.49 0.51]
batch:  0
batch:  1
batch:  2
batch:  3
batch:  4
batch:  5
batch:  6
batch:  7
batch:  8
batch:  9
Epoch 29
Episode: 60320
Reward: [-2.05 -2.05 -2.05 -2.05 -2.05]
Time: 207.64s
Success: 0.0010
Steps-Taken: 40.00
Comm-Action: [0.48 0.49 0.52 0.48 0.49]
batch:  0
batch:  1
batch:  2
batch:  3
batch:  4
batch:  5
batch:  6
batch:  7
batch:  8
batch:  9
Epoch 30
Episode: 62400
Reward: [-2.05 -2.05 -2.05 -2.05 -2.05]
Time: 206.58s
Success: 0.0000
Steps-Taken: 40.00
Comm-Action: [0.48 0.53 0.54 0.49 0.51]
batch:  0
batch:  1
batch:  2
batch:  3
batch:  4
batch:  5
batch:  6
batch:  7
batch:  8
batch:  9
Epoch 31
Episode: 64480
Reward: [-2.05 -2.05 -2.05 -2.05 -2.05]
Time: 205.01s
Success: 0.0000
Steps-Taken: 40.00
Comm-Action: [0.47 0.5  0.52 0.52 0.54]
batch:  0
batch:  1
batch:  2
batch:  3
batch:  4
batch:  5
batch:  6
batch:  7
batch:  8
batch:  9
Epoch 32
Episode: 66560
Reward: [-2.05 -2.05 -2.05 -2.05 -2.05]
Time: 205.98s
Success: 0.0005
Steps-Taken: 40.00
Comm-Action: [0.49 0.48 0.5  0.53 0.53]
batch:  0
batch:  1
batch:  2
batch:  3
batch:  4
batch:  5
batch:  6
batch:  7
batch:  8
batch:  9
Epoch 33
Episode: 68640
Reward: [-2.05 -2.05 -2.05 -2.05 -2.05]
Time: 205.96s
Success: 0.0000
Steps-Taken: 40.00
Comm-Action: [0.49 0.48 0.5  0.53 0.52]
batch:  0
batch:  1
batch:  2
batch:  3
batch:  4
batch:  5
batch:  6
batch:  7
batch:  8
batch:  9
Epoch 34
Episode: 70720
Reward: [-2.05 -2.05 -2.05 -2.05 -2.05]
Time: 205.34s
Success: 0.0000
Steps-Taken: 40.00
Comm-Action: [0.5  0.49 0.48 0.53 0.54]
batch:  0
batch:  1
batch:  2
batch:  3
batch:  4
batch:  5
batch:  6
batch:  7
batch:  8
batch:  9
Epoch 35
Episode: 72800
Reward: [-2.05 -2.05 -2.05 -2.05 -2.05]
Time: 226.35s
Success: 0.0000
Steps-Taken: 40.00
Comm-Action: [0.52 0.48 0.51 0.5  0.5 ]
batch:  0
batch:  1
batch:  2
batch:  3
batch:  4
batch:  5
batch:  6
batch:  7
batch:  8
batch:  9
Epoch 36
Episode: 74880
Reward: [-2.05 -2.05 -2.05 -2.05 -2.05]
Time: 234.11s
Success: 0.0005
Steps-Taken: 40.00
Comm-Action: [0.53 0.48 0.5  0.5  0.5 ]
batch:  0
batch:  1
batch:  2
batch:  3
batch:  4
batch:  5
batch:  6
batch:  7
batch:  8
batch:  9
Epoch 37
Episode: 76960
Reward: [-2.05 -2.05 -2.05 -2.05 -2.05]
Time: 230.82s
Success: 0.0000
Steps-Taken: 40.00
Comm-Action: [0.52 0.51 0.48 0.51 0.52]
batch:  0
batch:  1
batch:  2
batch:  3
batch:  4
batch:  5
batch:  6
batch:  7
batch:  8
batch:  9
Epoch 38
Episode: 79040
Reward: [-2.05 -2.05 -2.05 -2.05 -2.05]
Time: 227.11s
Success: 0.0000
Steps-Taken: 40.00
Comm-Action: [0.51 0.53 0.51 0.49 0.52]
batch:  0
batch:  1
batch:  2
batch:  3
batch:  4
batch:  5
batch:  6
batch:  7
batch:  8
batch:  9
Epoch 39
Episode: 81120
Reward: [-2.05 -2.05 -2.05 -2.05 -2.05]
Time: 218.86s
Success: 0.0005
Steps-Taken: 40.00
Comm-Action: [0.48 0.54 0.49 0.47 0.5 ]
batch:  0
batch:  1
batch:  2
batch:  3
batch:  4
batch:  5
batch:  6
batch:  7
batch:  8
batch:  9
Epoch 40
Episode: 83200
Reward: [-2.05 -2.05 -2.05 -2.05 -2.05]
Time: 238.16s
Success: 0.0000
Steps-Taken: 40.00
Comm-Action: [0.47 0.53 0.5  0.49 0.51]
batch:  0
batch:  1
batch:  2
batch:  3
batch:  4
batch:  5
batch:  6
batch:  7
batch:  8
batch:  9
Epoch 41
Episode: 85280
Reward: [-2.05 -2.05 -2.05 -2.05 -2.05]
Time: 234.04s
Success: 0.0000
Steps-Taken: 40.00
Comm-Action: [0.47 0.48 0.48 0.51 0.53]
batch:  0
batch:  1
batch:  2
batch:  3
batch:  4
batch:  5
batch:  6
batch:  7
batch:  8
batch:  9
Epoch 42
Episode: 87360
Reward: [-2.05 -2.05 -2.05 -2.05 -2.05]
Time: 243.11s
Success: 0.0000
Steps-Taken: 40.00
Comm-Action: [0.48 0.48 0.46 0.52 0.5 ]
batch:  0
batch:  1
batch:  2
batch:  3
batch:  4
batch:  5
batch:  6
batch:  7
batch:  8
batch:  9
Epoch 43
Episode: 89440
Reward: [-2.05 -2.05 -2.05 -2.05 -2.05]
Time: 232.68s
Success: 0.0000
Steps-Taken: 40.00
Comm-Action: [0.48 0.48 0.45 0.52 0.51]
batch:  0
batch:  1
batch:  2
batch:  3
batch:  4
batch:  5
batch:  6
batch:  7
batch:  8
batch:  9
Epoch 44
Episode: 91520
Reward: [-2.05 -2.05 -2.05 -2.05 -2.05]
Time: 226.21s
Success: 0.0000
Steps-Taken: 40.00
Comm-Action: [0.5  0.48 0.48 0.5  0.49]
batch:  0
batch:  1
batch:  2
batch:  3
batch:  4
batch:  5
batch:  6
batch:  7
batch:  8
batch:  9
Epoch 45
Episode: 93600
Reward: [-2.05 -2.05 -2.05 -2.05 -2.05]
Time: 228.32s
Success: 0.0010
Steps-Taken: 40.00
Comm-Action: [0.5  0.47 0.5  0.51 0.47]
batch:  0
batch:  1
batch:  2
batch:  3
batch:  4
batch:  5
batch:  6
batch:  7
batch:  8
batch:  9
Epoch 46
Episode: 95680
Reward: [-2.05 -2.05 -2.05 -2.05 -2.05]
Time: 221.98s
Success: 0.0005
Steps-Taken: 40.00
Comm-Action: [0.51 0.46 0.48 0.52 0.5 ]
batch:  0
batch:  1
batch:  2
batch:  3
batch:  4
batch:  5
batch:  6
batch:  7
batch:  8
batch:  9
Epoch 47
Episode: 97760
Reward: [-2.05 -2.05 -2.05 -2.05 -2.05]
Time: 209.24s
Success: 0.0000
Steps-Taken: 40.00
Comm-Action: [0.51 0.46 0.5  0.49 0.53]
batch:  0
batch:  1
batch:  2
batch:  3
batch:  4
batch:  5
batch:  6
batch:  7
batch:  8
batch:  9
Epoch 48
Episode: 99840
Reward: [-2.05 -2.05 -2.05 -2.05 -2.05]
Time: 208.17s
Success: 0.0000
Steps-Taken: 40.00
Comm-Action: [0.51 0.51 0.5  0.47 0.55]
batch:  0
batch:  1
batch:  2
batch:  3
batch:  4
batch:  5
batch:  6
batch:  7
batch:  8
batch:  9
Epoch 49
Episode: 101920
Reward: [-2.05 -2.05 -2.05 -2.05 -2.05]
Time: 207.00s
Success: 0.0005
Steps-Taken: 40.00
Comm-Action: [0.49 0.52 0.51 0.47 0.54]
batch:  0
batch:  1
batch:  2
batch:  3
batch:  4
batch:  5
batch:  6
batch:  7
batch:  8
batch:  9
Epoch 50
Episode: 104000
Reward: [-2.05 -2.05 -2.05 -2.05 -2.05]
Time: 207.63s
Success: 0.0000
Steps-Taken: 40.00
Comm-Action: [0.5  0.5  0.51 0.49 0.52]
batch:  0
batch:  1
batch:  2
batch:  3
batch:  4
batch:  5
batch:  6
batch:  7
batch:  8
batch:  9
Epoch 51
Episode: 106080
Reward: [-2.05 -2.05 -2.05 -2.05 -2.05]
Time: 205.73s
Success: 0.0000
Steps-Taken: 40.00
Comm-Action: [0.5  0.51 0.53 0.5  0.5 ]
batch:  0
batch:  1
batch:  2
batch:  3
batch:  4
batch:  5
batch:  6
batch:  7
batch:  8
batch:  9
Epoch 52
Episode: 108160
Reward: [-2.05 -2.05 -2.05 -2.05 -2.05]
Time: 207.46s
Success: 0.0000
Steps-Taken: 40.00
Comm-Action: [0.49 0.5  0.51 0.47 0.5 ]
batch:  0
batch:  1
batch:  2
batch:  3
batch:  4
batch:  5
batch:  6
batch:  7
batch:  8
batch:  9
Epoch 53
Episode: 110240
Reward: [-2.05 -2.05 -2.05 -2.05 -2.05]
Time: 206.84s
Success: 0.0000
Steps-Taken: 40.00
Comm-Action: [0.5  0.48 0.51 0.47 0.5 ]
batch:  0
batch:  1
batch:  2
batch:  3
batch:  4
batch:  5
batch:  6
batch:  7
batch:  8
batch:  9
Epoch 54
Episode: 112320
Reward: [-2.05 -2.05 -2.05 -2.05 -2.05]
Time: 206.62s
Success: 0.0000
Steps-Taken: 40.00
Comm-Action: [0.5  0.48 0.5  0.49 0.52]
batch:  0
batch:  1
batch:  2
batch:  3
batch:  4
batch:  5
batch:  6
batch:  7
batch:  8
batch:  9
Epoch 55
Episode: 114400
Reward: [-2.05 -2.05 -2.05 -2.05 -2.05]
Time: 204.08s
Success: 0.0000
Steps-Taken: 40.00
Comm-Action: [0.51 0.47 0.52 0.51 0.53]
batch:  0
batch:  1
batch:  2
batch:  3
batch:  4
batch:  5
batch:  6
batch:  7
batch:  8
batch:  9
Epoch 56
Episode: 116480
Reward: [-2.05 -2.05 -2.05 -2.05 -2.05]
Time: 204.90s
Success: 0.0000
Steps-Taken: 40.00
Comm-Action: [0.51 0.49 0.5  0.5  0.53]
batch:  0
batch:  1
batch:  2
batch:  3
batch:  4
batch:  5
batch:  6
batch:  7
batch:  8
batch:  9
Epoch 57
Episode: 118560
Reward: [-2.05 -2.05 -2.05 -2.05 -2.05]
Time: 206.50s
Success: 0.0000
Steps-Taken: 40.00
Comm-Action: [0.52 0.51 0.51 0.49 0.54]
batch:  0
batch:  1
batch:  2
batch:  3
batch:  4
batch:  5
batch:  6
batch:  7
batch:  8
batch:  9
Epoch 58
Episode: 120640
Reward: [-2.05 -2.05 -2.05 -2.05 -2.05]
Time: 205.08s
Success: 0.0005
Steps-Taken: 40.00
Comm-Action: [0.51 0.5  0.48 0.48 0.52]
batch:  0
batch:  1
batch:  2
batch:  3
batch:  4
batch:  5
batch:  6
batch:  7
batch:  8
batch:  9
Epoch 59
Episode: 122720
Reward: [-2.05 -2.05 -2.05 -2.05 -2.05]
Time: 203.39s
Success: 0.0005
Steps-Taken: 40.00
Comm-Action: [0.5  0.5  0.48 0.49 0.51]
batch:  0
batch:  1
batch:  2
batch:  3
batch:  4
batch:  5
batch:  6
batch:  7
batch:  8
batch:  9
Epoch 60
Episode: 124800
Reward: [-2.05 -2.05 -2.05 -2.05 -2.05]
Time: 202.68s
Success: 0.0005
Steps-Taken: 40.00
Comm-Action: [0.52 0.48 0.51 0.45 0.51]
batch:  0
batch:  1
batch:  2
batch:  3
batch:  4
batch:  5
batch:  6
batch:  7
batch:  8
batch:  9
Epoch 61
Episode: 126880
Reward: [-2.05 -2.05 -2.05 -2.05 -2.05]
Time: 204.14s
Success: 0.0000
Steps-Taken: 40.00
Comm-Action: [0.51 0.48 0.5  0.48 0.49]
batch:  0
batch:  1
batch:  2
batch:  3
batch:  4
batch:  5
batch:  6
batch:  7
batch:  8
batch:  9
Epoch 62
Episode: 128960
Reward: [-2.05 -2.05 -2.05 -2.05 -2.05]
Time: 202.50s
Success: 0.0000
Steps-Taken: 40.00
Comm-Action: [0.51 0.48 0.5  0.5  0.49]
batch:  0
batch:  1
batch:  2
batch:  3
batch:  4
batch:  5
batch:  6
batch:  7
batch:  8
batch:  9
Epoch 63
Episode: 131040
Reward: [-2.05 -2.05 -2.05 -2.05 -2.05]
Time: 201.81s
Success: 0.0005
Steps-Taken: 40.00
Comm-Action: [0.49 0.5  0.47 0.47 0.49]
batch:  0
batch:  1
batch:  2
batch:  3
batch:  4
batch:  5
batch:  6
batch:  7
batch:  8
batch:  9
Epoch 64
Episode: 133120
Reward: [-2.05 -2.05 -2.05 -2.05 -2.05]
Time: 201.49s
Success: 0.0005
Steps-Taken: 40.00
Comm-Action: [0.49 0.54 0.49 0.48 0.51]
batch:  0
batch:  1
batch:  2
batch:  3
batch:  4
batch:  5
batch:  6
batch:  7
batch:  8
batch:  9
Epoch 65
Episode: 135200
Reward: [-2.05 -2.05 -2.05 -2.05 -2.05]
Time: 199.17s
Success: 0.0000
Steps-Taken: 40.00
Comm-Action: [0.52 0.5  0.49 0.49 0.49]
batch:  0
batch:  1
batch:  2
batch:  3
batch:  4
batch:  5
batch:  6
batch:  7
batch:  8
batch:  9
Epoch 66
Episode: 137280
Reward: [-2.05 -2.05 -2.05 -2.05 -2.05]
Time: 200.41s
Success: 0.0000
Steps-Taken: 40.00
Comm-Action: [0.51 0.46 0.49 0.47 0.49]
batch:  0
batch:  1
batch:  2
batch:  3
batch:  4
batch:  5
batch:  6
batch:  7
batch:  8
batch:  9
Epoch 67
Episode: 139360
Reward: [-2.05 -2.05 -2.05 -2.05 -2.05]
Time: 202.23s
Success: 0.0000
Steps-Taken: 40.00
Comm-Action: [0.52 0.5  0.48 0.49 0.49]
batch:  0
batch:  1
batch:  2
batch:  3
batch:  4
batch:  5
batch:  6
batch:  7
batch:  8
batch:  9
Epoch 68
Episode: 141440
Reward: [-2.05 -2.05 -2.05 -2.05 -2.05]
Time: 198.94s
Success: 0.0005
Steps-Taken: 40.00
Comm-Action: [0.52 0.5  0.48 0.48 0.48]
batch:  0
batch:  1
batch:  2
batch:  3
batch:  4
batch:  5
batch:  6
batch:  7
batch:  8
batch:  9
Epoch 69
Episode: 143520
Reward: [-2.05 -2.05 -2.05 -2.05 -2.05]
Time: 199.37s
Success: 0.0000
Steps-Taken: 40.00
Comm-Action: [0.49 0.48 0.49 0.52 0.49]
batch:  0
batch:  1
batch:  2
batch:  3
batch:  4
batch:  5
batch:  6
batch:  7
batch:  8
batch:  9
Epoch 70
Episode: 145600
Reward: [-2.05 -2.05 -2.05 -2.05 -2.05]
Time: 197.40s
Success: 0.0000
Steps-Taken: 40.00
Comm-Action: [0.49 0.52 0.5  0.5  0.5 ]
batch:  0
batch:  1
batch:  2
batch:  3
batch:  4
batch:  5
batch:  6
batch:  7
batch:  8
batch:  9
Epoch 71
Episode: 147680
Reward: [-2.05 -2.05 -2.05 -2.05 -2.05]
Time: 199.80s
Success: 0.0005
Steps-Taken: 40.00
Comm-Action: [0.5  0.51 0.49 0.52 0.51]
batch:  0
batch:  1
batch:  2
batch:  3
batch:  4
batch:  5
batch:  6
batch:  7
batch:  8
batch:  9
Epoch 72
Episode: 149760
Reward: [-2.05 -2.05 -2.05 -2.05 -2.05]
Time: 198.65s
Success: 0.0000
Steps-Taken: 40.00
Comm-Action: [0.49 0.5  0.52 0.51 0.52]
batch:  0
slurmstepd-gold56: error: *** JOB 6607908 ON gold56 CANCELLED AT 2024-10-01T17:48:36 ***
==============================================================================
Running epilogue script on gold56.

Submit time  : 2024-10-01T13:32:23
Start time   : 2024-10-01T13:32:46
End time     : 2024-10-01T17:48:36
Elapsed time : 04:15:50 (Timelimit=2-12:00:00)

Job ID: 6607908
Cluster: i5
User/Group: jabn1n20/fp
State: CANCELLED (exit code 0)
Nodes: 1
Cores per node: 8
CPU Utilized: 00:00:01
CPU Efficiency: 0.00% of 1-10:06:40 core-walltime
Job Wall-clock time: 04:15:50
Memory Utilized: 8.14 GB
Memory Efficiency: 4.41% of 184.57 GB

