Running SLURM prolog script on gold51.cluster.local
===============================================================================
Job started on Sat Oct  5 12:10:25 BST 2024
Job ID          : 6617576
Job name        : train_dpp_10v1_learning_prey_dec_tarmac.sh
WorkDir         : /mainfs/home/jabn1n20/CTDComm/baselines
Command         : /mainfs/home/jabn1n20/CTDComm/baselines/dec_scripts/train_dpp_10v1_learning_prey_dec_tarmac.sh
Partition       : serial
Num hosts       : 1
Num cores       : 8
Num of tasks    : 8
Hosts allocated : gold51
Job Output Follows ...
===============================================================================
/mainfs/home/jabn1n20/CTDComm/envs/decentralised-envs/predator_prey/env/predator_prey.py:180: UserWarning: [33mWARN: You set prey to learn policies without allowing them to move. Ignoring this setting and allowing them to move, regardless.[0m
  "You set prey to learn policies without allowing them to move. Ignoring this setting and allowing them to move, regardless."
Namespace(action_scale=1.0, advantages_per_action=False, alpha=0.99, batch_size=500, cave=False, comm_action_one=False, comm_init='uniform', comm_mask_zero=False, comm_mode='avg', comm_passes=1, comm_range=0, commnet=1, continuous=False, dec_tarmac=True, detach_gap=10, dim=20, dim_actions=2, directed=False, display=False, entr=0.01, env_name='dec_predator_prey', env_seed=1, epoch_size=10, eps=1e-06, first_gat_normalize=False, first_graph_complete=False, gacomm=False, gamma=0.99, gat_encoder_normalize=False, gat_encoder_out_size=64, gat_hid_size=64, gat_num_heads=1, gat_num_heads_out=1, ge_num_heads=4, hard_attn=1, hid_size=128, ic3net=True, learn_second_graph=False, learning_prey=True, load='', lrate=0.0007, magic=False, max_steps=80, mean_ratio=0, message_decoder=False, message_encoder=False, mode='mixed', moving_prey=False, naction_heads=[5, 2], nactions='1', nagents=11, nenemies=1, nfriendly=10, normalize_rewards=False, nprocesses=16, num_actions=[5, 2], num_epochs=500, num_inputs=3636, plot=False, plot_env='main', plot_port='8097', qk_hid_size=16, random=False, recurrent=True, rnn_type='LSTM', save=True, save_adjacency=False, save_every=25, second_gat_normalize=False, second_graph_complete=False, seed=1, self_loop_type1=2, self_loop_type2=2, share_weights=False, stay=True, tarcomm=False, tau=1.0, use_gat_encoder=False, value_coeff=0.01, value_hid_size=128, vision=1)
====================================================================================================
Model log:

DecTarMAC(
  (agents): ModuleList(
    (0): DecAgent(
      (encoder): Linear(in_features=3636, out_features=128, bias=True)
      (tanh): Tanh()
      (state2query): Linear(in_features=128, out_features=16, bias=True)
      (state2key): Linear(in_features=128, out_features=16, bias=True)
      (state2value): Linear(in_features=128, out_features=128, bias=True)
      (C_modules): ModuleList(
        (0): Linear(in_features=128, out_features=128, bias=True)
      )
      (f_module): LSTMCell(128, 128)
      (heads): ModuleList(
        (0): Linear(in_features=128, out_features=5, bias=True)
        (1): Linear(in_features=128, out_features=2, bias=True)
      )
    )
    (1): DecAgent(
      (encoder): Linear(in_features=3636, out_features=128, bias=True)
      (tanh): Tanh()
      (state2query): Linear(in_features=128, out_features=16, bias=True)
      (state2key): Linear(in_features=128, out_features=16, bias=True)
      (state2value): Linear(in_features=128, out_features=128, bias=True)
      (C_modules): ModuleList(
        (0): Linear(in_features=128, out_features=128, bias=True)
      )
      (f_module): LSTMCell(128, 128)
      (heads): ModuleList(
        (0): Linear(in_features=128, out_features=5, bias=True)
        (1): Linear(in_features=128, out_features=2, bias=True)
      )
    )
    (2): DecAgent(
      (encoder): Linear(in_features=3636, out_features=128, bias=True)
      (tanh): Tanh()
      (state2query): Linear(in_features=128, out_features=16, bias=True)
      (state2key): Linear(in_features=128, out_features=16, bias=True)
      (state2value): Linear(in_features=128, out_features=128, bias=True)
      (C_modules): ModuleList(
        (0): Linear(in_features=128, out_features=128, bias=True)
      )
      (f_module): LSTMCell(128, 128)
      (heads): ModuleList(
        (0): Linear(in_features=128, out_features=5, bias=True)
        (1): Linear(in_features=128, out_features=2, bias=True)
      )
    )
    (3): DecAgent(
      (encoder): Linear(in_features=3636, out_features=128, bias=True)
      (tanh): Tanh()
      (state2query): Linear(in_features=128, out_features=16, bias=True)
      (state2key): Linear(in_features=128, out_features=16, bias=True)
      (state2value): Linear(in_features=128, out_features=128, bias=True)
      (C_modules): ModuleList(
        (0): Linear(in_features=128, out_features=128, bias=True)
      )
      (f_module): LSTMCell(128, 128)
      (heads): ModuleList(
        (0): Linear(in_features=128, out_features=5, bias=True)
        (1): Linear(in_features=128, out_features=2, bias=True)
      )
    )
    (4): DecAgent(
      (encoder): Linear(in_features=3636, out_features=128, bias=True)
      (tanh): Tanh()
      (state2query): Linear(in_features=128, out_features=16, bias=True)
      (state2key): Linear(in_features=128, out_features=16, bias=True)
      (state2value): Linear(in_features=128, out_features=128, bias=True)
      (C_modules): ModuleList(
        (0): Linear(in_features=128, out_features=128, bias=True)
      )
      (f_module): LSTMCell(128, 128)
      (heads): ModuleList(
        (0): Linear(in_features=128, out_features=5, bias=True)
        (1): Linear(in_features=128, out_features=2, bias=True)
      )
    )
    (5): DecAgent(
      (encoder): Linear(in_features=3636, out_features=128, bias=True)
      (tanh): Tanh()
      (state2query): Linear(in_features=128, out_features=16, bias=True)
      (state2key): Linear(in_features=128, out_features=16, bias=True)
      (state2value): Linear(in_features=128, out_features=128, bias=True)
      (C_modules): ModuleList(
        (0): Linear(in_features=128, out_features=128, bias=True)
      )
      (f_module): LSTMCell(128, 128)
      (heads): ModuleList(
        (0): Linear(in_features=128, out_features=5, bias=True)
        (1): Linear(in_features=128, out_features=2, bias=True)
      )
    )
    (6): DecAgent(
      (encoder): Linear(in_features=3636, out_features=128, bias=True)
      (tanh): Tanh()
      (state2query): Linear(in_features=128, out_features=16, bias=True)
      (state2key): Linear(in_features=128, out_features=16, bias=True)
      (state2value): Linear(in_features=128, out_features=128, bias=True)
      (C_modules): ModuleList(
        (0): Linear(in_features=128, out_features=128, bias=True)
      )
      (f_module): LSTMCell(128, 128)
      (heads): ModuleList(
        (0): Linear(in_features=128, out_features=5, bias=True)
        (1): Linear(in_features=128, out_features=2, bias=True)
      )
    )
    (7): DecAgent(
      (encoder): Linear(in_features=3636, out_features=128, bias=True)
      (tanh): Tanh()
      (state2query): Linear(in_features=128, out_features=16, bias=True)
      (state2key): Linear(in_features=128, out_features=16, bias=True)
      (state2value): Linear(in_features=128, out_features=128, bias=True)
      (C_modules): ModuleList(
        (0): Linear(in_features=128, out_features=128, bias=True)
      )
      (f_module): LSTMCell(128, 128)
      (heads): ModuleList(
        (0): Linear(in_features=128, out_features=5, bias=True)
        (1): Linear(in_features=128, out_features=2, bias=True)
      )
    )
    (8): DecAgent(
      (encoder): Linear(in_features=3636, out_features=128, bias=True)
      (tanh): Tanh()
      (state2query): Linear(in_features=128, out_features=16, bias=True)
      (state2key): Linear(in_features=128, out_features=16, bias=True)
      (state2value): Linear(in_features=128, out_features=128, bias=True)
      (C_modules): ModuleList(
        (0): Linear(in_features=128, out_features=128, bias=True)
      )
      (f_module): LSTMCell(128, 128)
      (heads): ModuleList(
        (0): Linear(in_features=128, out_features=5, bias=True)
        (1): Linear(in_features=128, out_features=2, bias=True)
      )
    )
    (9): DecAgent(
      (encoder): Linear(in_features=3636, out_features=128, bias=True)
      (tanh): Tanh()
      (state2query): Linear(in_features=128, out_features=16, bias=True)
      (state2key): Linear(in_features=128, out_features=16, bias=True)
      (state2value): Linear(in_features=128, out_features=128, bias=True)
      (C_modules): ModuleList(
        (0): Linear(in_features=128, out_features=128, bias=True)
      )
      (f_module): LSTMCell(128, 128)
      (heads): ModuleList(
        (0): Linear(in_features=128, out_features=5, bias=True)
        (1): Linear(in_features=128, out_features=2, bias=True)
      )
    )
    (10): DecAgent(
      (encoder): Linear(in_features=3636, out_features=128, bias=True)
      (tanh): Tanh()
      (state2query): Linear(in_features=128, out_features=16, bias=True)
      (state2key): Linear(in_features=128, out_features=16, bias=True)
      (state2value): Linear(in_features=128, out_features=128, bias=True)
      (C_modules): ModuleList(
        (0): Linear(in_features=128, out_features=128, bias=True)
      )
      (f_module): LSTMCell(128, 128)
      (heads): ModuleList(
        (0): Linear(in_features=128, out_features=5, bias=True)
        (1): Linear(in_features=128, out_features=2, bias=True)
      )
    )
  )
  (value_head): Linear(in_features=128, out_features=1, bias=True)
)
====================================================================================================

batch:  0
batch:  1
batch:  2
batch:  3
batch:  4
batch:  5
batch:  6
batch:  7
batch:  8
batch:  9
Epoch 1
Episode: 1120
Reward: [-3.81 -3.8  -3.83 -3.83 -3.82 -3.78 -3.79 -3.81 -3.83 -3.84]
Time: 1211.94s
Enemy-Reward: [2.16]
Success: 0.0000
Steps-Taken: 80.00
Comm-Action: [0.52 0.68 0.46 0.49 0.49 0.58 0.43 0.61 0.56 0.52]
batch:  0
batch:  1
batch:  2
batch:  3
batch:  4
batch:  5
batch:  6
batch:  7
batch:  8
batch:  9
Epoch 2
Episode: 2240
Reward: [-3.82 -3.85 -3.87 -3.8  -3.76 -3.82 -3.79 -3.82 -3.85 -3.87]
Time: 1265.68s
Enemy-Reward: [2.26]
Success: 0.0000
Steps-Taken: 80.00
Comm-Action: [0.55 0.66 0.37 0.45 0.42 0.57 0.64 0.5  0.53 0.5 ]
batch:  0
batch:  1
batch:  2
batch:  3
batch:  4
batch:  5
batch:  6
batch:  7
batch:  8
batch:  9
Epoch 3
Episode: 3360
Reward: [-3.86 -3.84 -3.84 -3.84 -3.84 -3.83 -3.84 -3.82 -3.8  -3.84]
Time: 1252.69s
Enemy-Reward: [2.37]
Success: 0.0000
Steps-Taken: 80.00
Comm-Action: [0.49 0.4  0.32 0.45 0.42 0.53 0.65 0.43 0.49 0.48]
batch:  0
batch:  1
batch:  2
batch:  3
batch:  4
batch:  5
batch:  6
batch:  7
batch:  8
batch:  9
Epoch 4
Episode: 4480
Reward: [-3.81 -3.82 -3.83 -3.83 -3.79 -3.79 -3.82 -3.85 -3.84 -3.83]
Time: 1246.37s
Enemy-Reward: [2.24]
Success: 0.0000
Steps-Taken: 80.00
Comm-Action: [0.42 0.43 0.43 0.38 0.45 0.56 0.52 0.5  0.58 0.41]
batch:  0
batch:  1
batch:  2
batch:  3
batch:  4
batch:  5
batch:  6
batch:  7
batch:  8
batch:  9
Epoch 5
Episode: 5600
Reward: [-3.82 -3.81 -3.77 -3.85 -3.78 -3.84 -3.82 -3.84 -3.82 -3.76]
Time: 1175.86s
Enemy-Reward: [2.15]
Success: 0.0000
Steps-Taken: 80.00
Comm-Action: [0.47 0.46 0.43 0.47 0.47 0.55 0.5  0.47 0.58 0.52]
batch:  0
batch:  1
batch:  2
batch:  3
batch:  4
batch:  5
batch:  6
batch:  7
batch:  8
batch:  9
Epoch 6
Episode: 6720
Reward: [-3.8  -3.8  -3.79 -3.81 -3.76 -3.82 -3.83 -3.81 -3.77 -3.82]
Time: 1173.24s
Enemy-Reward: [2.15]
Success: 0.0000
Steps-Taken: 80.00
Comm-Action: [0.49 0.38 0.47 0.54 0.48 0.59 0.61 0.43 0.58 0.55]
batch:  0
batch:  1
batch:  2
batch:  3
batch:  4
batch:  5
batch:  6
batch:  7
batch:  8
batch:  9
Epoch 7
Episode: 7840
Reward: [-3.79 -3.81 -3.8  -3.81 -3.83 -3.81 -3.84 -3.83 -3.82 -3.77]
Time: 1177.01s
Enemy-Reward: [2.19]
Success: 0.0000
Steps-Taken: 80.00
Comm-Action: [0.49 0.41 0.53 0.42 0.5  0.57 0.62 0.46 0.62 0.49]
batch:  0
batch:  1
batch:  2
batch:  3
batch:  4
batch:  5
batch:  6
batch:  7
batch:  8
batch:  9
Epoch 8
Episode: 8960
Reward: [-3.81 -3.77 -3.83 -3.81 -3.75 -3.82 -3.83 -3.76 -3.83 -3.81]
Time: 1191.16s
Enemy-Reward: [2.1]
Success: 0.0000
Steps-Taken: 80.00
Comm-Action: [0.47 0.48 0.5  0.32 0.45 0.58 0.61 0.45 0.58 0.48]
batch:  0
batch:  1
batch:  2
batch:  3
batch:  4
batch:  5
batch:  6
batch:  7
batch:  8
batch:  9
Epoch 9
Episode: 10080
Reward: [-3.84 -3.78 -3.83 -3.81 -3.77 -3.78 -3.82 -3.81 -3.8  -3.82]
Time: 1129.61s
Enemy-Reward: [2.14]
Success: 0.0000
Steps-Taken: 80.00
Comm-Action: [0.51 0.5  0.43 0.38 0.44 0.59 0.6  0.42 0.45 0.5 ]
batch:  0
batch:  1
batch:  2
batch:  3
batch:  4
batch:  5
batch:  6
batch:  7
batch:  8
batch:  9
Epoch 10
Episode: 11200
Reward: [-3.83 -3.75 -3.8  -3.79 -3.81 -3.79 -3.77 -3.82 -3.86 -3.81]
Time: 1148.59s
Enemy-Reward: [2.13]
Success: 0.0000
Steps-Taken: 80.00
Comm-Action: [0.53 0.53 0.43 0.45 0.48 0.54 0.56 0.37 0.45 0.5 ]
batch:  0
batch:  1
batch:  2
batch:  3
batch:  4
batch:  5
batch:  6
batch:  7
batch:  8
batch:  9
Epoch 11
Episode: 12320
Reward: [-3.8  -3.81 -3.8  -3.85 -3.83 -3.82 -3.82 -3.8  -3.82 -3.87]
Time: 1112.73s
Enemy-Reward: [2.22]
Success: 0.0000
Steps-Taken: 80.00
Comm-Action: [0.53 0.54 0.45 0.49 0.48 0.52 0.56 0.38 0.49 0.48]
batch:  0
batch:  1
batch:  2
batch:  3
batch:  4
batch:  5
batch:  6
batch:  7
batch:  8
batch:  9
Epoch 12
Episode: 13440
Reward: [-3.8  -3.8  -3.85 -3.78 -3.81 -3.77 -3.73 -3.8  -3.79 -3.83]
Time: 1120.42s
Enemy-Reward: [2.1]
Success: 0.0000
Steps-Taken: 80.00
Comm-Action: [0.52 0.56 0.47 0.47 0.48 0.53 0.5  0.41 0.49 0.51]
batch:  0
batch:  1
batch:  2
batch:  3
batch:  4
batch:  5
batch:  6
batch:  7
batch:  8
batch:  9
Epoch 13
Episode: 14560
Reward: [-3.81 -3.83 -3.81 -3.79 -3.79 -3.83 -3.83 -3.77 -3.8  -3.79]
Time: 1128.73s
Enemy-Reward: [2.11]
Success: 0.0000
Steps-Taken: 80.00
Comm-Action: [0.5  0.54 0.46 0.47 0.5  0.54 0.49 0.46 0.49 0.54]
batch:  0
batch:  1
batch:  2
batch:  3
batch:  4
batch:  5
batch:  6
batch:  7
batch:  8
batch:  9
Epoch 14
Episode: 15680
Reward: [-3.8  -3.79 -3.83 -3.82 -3.78 -3.82 -3.83 -3.81 -3.81 -3.87]
Time: 1145.47s
Enemy-Reward: [2.2]
Success: 0.0000
Steps-Taken: 80.00
Comm-Action: [0.47 0.48 0.48 0.49 0.45 0.57 0.45 0.43 0.54 0.5 ]
batch:  0
batch:  1
batch:  2
batch:  3
batch:  4
batch:  5
batch:  6
batch:  7
batch:  8
batch:  9
Epoch 15
Episode: 16800
Reward: [-3.82 -3.81 -3.85 -3.81 -3.8  -3.83 -3.82 -3.81 -3.8  -3.84]
Time: 1130.92s
Enemy-Reward: [2.2]
Success: 0.0000
Steps-Taken: 80.00
Comm-Action: [0.45 0.51 0.51 0.49 0.48 0.54 0.45 0.44 0.49 0.46]
batch:  0
batch:  1
batch:  2
batch:  3
batch:  4
batch:  5
batch:  6
batch:  7
batch:  8
batch:  9
Epoch 16
Episode: 17920
Reward: [-3.79 -3.86 -3.83 -3.84 -3.77 -3.81 -3.84 -3.83 -3.8  -3.84]
Time: 1088.47s
Enemy-Reward: [2.25]
Success: 0.0000
Steps-Taken: 80.00
Comm-Action: [0.45 0.5  0.47 0.5  0.49 0.53 0.52 0.44 0.48 0.43]
batch:  0
batch:  1
batch:  2
batch:  3
batch:  4
batch:  5
batch:  6
batch:  7
batch:  8
batch:  9
Epoch 17
Episode: 19040
Reward: [-3.81 -3.85 -3.82 -3.86 -3.84 -3.84 -3.83 -3.84 -3.75 -3.8 ]
Time: 1117.13s
Enemy-Reward: [2.25]
Success: 0.0000
Steps-Taken: 80.00
Comm-Action: [0.49 0.49 0.46 0.49 0.54 0.52 0.54 0.47 0.52 0.45]
batch:  0
batch:  1
batch:  2
batch:  3
batch:  4
batch:  5
batch:  6
batch:  7
batch:  8
batch:  9
Epoch 18
Episode: 20160
Reward: [-3.82 -3.79 -3.87 -3.83 -3.81 -3.82 -3.81 -3.8  -3.8  -3.84]
Time: 1086.50s
Enemy-Reward: [2.24]
Success: 0.0000
Steps-Taken: 80.00
Comm-Action: [0.5  0.48 0.41 0.46 0.51 0.47 0.54 0.47 0.56 0.44]
batch:  0
batch:  1
batch:  2
batch:  3
batch:  4
batch:  5
batch:  6
batch:  7
batch:  8
batch:  9
Epoch 19
Episode: 21280
Reward: [-3.83 -3.79 -3.85 -3.88 -3.8  -3.85 -3.82 -3.81 -3.82 -3.83]
Time: 1123.54s
Enemy-Reward: [2.29]
Success: 0.0000
Steps-Taken: 80.00
Comm-Action: [0.53 0.48 0.42 0.43 0.46 0.5  0.56 0.49 0.55 0.46]
batch:  0
batch:  1
batch:  2
batch:  3
batch:  4
batch:  5
batch:  6
batch:  7
batch:  8
batch:  9
Epoch 20
Episode: 22400
Reward: [-3.82 -3.8  -3.86 -3.83 -3.82 -3.82 -3.81 -3.8  -3.82 -3.85]
Time: 1088.15s
Enemy-Reward: [2.24]
Success: 0.0000
Steps-Taken: 80.00
Comm-Action: [0.51 0.51 0.47 0.4  0.45 0.5  0.56 0.51 0.61 0.49]
batch:  0
batch:  1
batch:  2
batch:  3
batch:  4
batch:  5
batch:  6
batch:  7
batch:  8
batch:  9
Epoch 21
Episode: 23520
Reward: [-3.79 -3.8  -3.82 -3.87 -3.81 -3.83 -3.8  -3.82 -3.85 -3.82]
Time: 1101.84s
Enemy-Reward: [2.24]
Success: 0.0000
Steps-Taken: 80.00
Comm-Action: [0.51 0.52 0.46 0.4  0.43 0.45 0.56 0.47 0.57 0.48]
batch:  0
batch:  1
batch:  2
batch:  3
batch:  4
batch:  5
batch:  6
batch:  7
batch:  8
batch:  9
Epoch 22
Episode: 24640
Reward: [-3.86 -3.78 -3.82 -3.81 -3.8  -3.83 -3.85 -3.76 -3.8  -3.83]
Time: 1095.35s
Enemy-Reward: [2.23]
Success: 0.0000
Steps-Taken: 80.00
Comm-Action: [0.54 0.52 0.46 0.44 0.48 0.39 0.53 0.44 0.53 0.48]
batch:  0
batch:  1
batch:  2
batch:  3
batch:  4
batch:  5
batch:  6
batch:  7
batch:  8
batch:  9
Epoch 23
Episode: 25760
Reward: [-3.82 -3.83 -3.83 -3.87 -3.75 -3.83 -3.81 -3.81 -3.84 -3.88]
Time: 1063.91s
Enemy-Reward: [2.28]
Success: 0.0000
Steps-Taken: 80.00
Comm-Action: [0.52 0.55 0.43 0.44 0.5  0.43 0.51 0.47 0.52 0.53]
batch:  0
batch:  1
batch:  2
batch:  3
batch:  4
batch:  5
batch:  6
batch:  7
batch:  8
batch:  9
Epoch 24
Episode: 26880
Reward: [-3.82 -3.84 -3.81 -3.82 -3.8  -3.82 -3.8  -3.84 -3.81 -3.83]
Time: 1118.33s
Enemy-Reward: [2.23]
Success: 0.0000
Steps-Taken: 80.00
Comm-Action: [0.52 0.58 0.42 0.48 0.55 0.45 0.52 0.46 0.54 0.58]
batch:  0
batch:  1
batch:  2
batch:  3
batch:  4
batch:  5
batch:  6
batch:  7
batch:  8
batch:  9
Epoch 25
Episode: 28000
Reward: [-3.85 -3.85 -3.81 -3.84 -3.82 -3.81 -3.84 -3.82 -3.81 -3.83]
Time: 1110.00s
Enemy-Reward: [2.35]
Success: 0.0000
Steps-Taken: 80.00
Comm-Action: [0.53 0.56 0.45 0.52 0.54 0.5  0.55 0.52 0.55 0.58]
batch:  0
batch:  1
batch:  2
batch:  3
batch:  4
batch:  5
batch:  6
batch:  7
batch:  8
batch:  9
Epoch 26
Episode: 29120
Reward: [-3.81 -3.85 -3.84 -3.82 -3.81 -3.79 -3.82 -3.81 -3.8  -3.84]
Time: 1110.28s
Enemy-Reward: [2.27]
Success: 0.0000
Steps-Taken: 80.00
Comm-Action: [0.48 0.56 0.47 0.49 0.55 0.55 0.51 0.54 0.53 0.59]
batch:  0
batch:  1
batch:  2
batch:  3
batch:  4
batch:  5
batch:  6
batch:  7
batch:  8
batch:  9
Epoch 27
Episode: 30240
Reward: [-3.8  -3.85 -3.89 -3.81 -3.82 -3.82 -3.88 -3.87 -3.82 -3.8 ]
Time: 1116.98s
Enemy-Reward: [2.43]
Success: 0.0000
Steps-Taken: 80.00
Comm-Action: [0.47 0.57 0.47 0.52 0.54 0.56 0.5  0.53 0.52 0.57]
batch:  0
batch:  1
batch:  2
batch:  3
batch:  4
batch:  5
batch:  6
batch:  7
batch:  8
batch:  9
Epoch 28
Episode: 31360
Reward: [-3.77 -3.83 -3.82 -3.8  -3.83 -3.85 -3.86 -3.85 -3.85 -3.82]
Time: 1147.31s
Enemy-Reward: [2.33]
Success: 0.0000
Steps-Taken: 80.00
Comm-Action: [0.5  0.56 0.53 0.52 0.55 0.5  0.52 0.51 0.51 0.55]
batch:  0
batch:  1
batch:  2
batch:  3
batch:  4
batch:  5
batch:  6
batch:  7
batch:  8
batch:  9
Epoch 29
Episode: 32480
Reward: [-3.83 -3.82 -3.86 -3.84 -3.86 -3.85 -3.89 -3.8  -3.81 -3.84]
Time: 1126.20s
Enemy-Reward: [2.45]
Success: 0.0000
Steps-Taken: 80.00
Comm-Action: [0.5  0.51 0.51 0.5  0.52 0.5  0.53 0.47 0.49 0.54]
batch:  0
batch:  1
batch:  2
batch:  3
batch:  4
batch:  5
batch:  6
batch:  7
batch:  8
batch:  9
Epoch 30
Episode: 33600
Reward: [-3.82 -3.81 -3.83 -3.87 -3.84 -3.79 -3.8  -3.81 -3.83 -3.87]
Time: 1056.75s
Enemy-Reward: [2.33]
Success: 0.0000
Steps-Taken: 80.00
Comm-Action: [0.5  0.51 0.49 0.51 0.54 0.51 0.52 0.49 0.49 0.56]
batch:  0
batch:  1
batch:  2
batch:  3
batch:  4
batch:  5
batch:  6
batch:  7
batch:  8
batch:  9
Epoch 31
Episode: 34720
Reward: [-3.78 -3.88 -3.81 -3.83 -3.88 -3.85 -3.84 -3.86 -3.81 -3.82]
Time: 1066.40s
Enemy-Reward: [2.36]
Success: 0.0000
Steps-Taken: 80.00
Comm-Action: [0.5  0.51 0.47 0.53 0.54 0.45 0.51 0.48 0.49 0.58]
batch:  0
batch:  1
batch:  2
batch:  3
batch:  4
batch:  5
batch:  6
batch:  7
batch:  8
batch:  9
Epoch 32
Episode: 35840
Reward: [-3.81 -3.83 -3.85 -3.76 -3.85 -3.85 -3.83 -3.82 -3.82 -3.85]
Time: 1096.34s
Enemy-Reward: [2.27]
Success: 0.0000
Steps-Taken: 80.00
Comm-Action: [0.48 0.49 0.43 0.52 0.54 0.47 0.5  0.48 0.51 0.54]
batch:  0
batch:  1
batch:  2
batch:  3
batch:  4
batch:  5
batch:  6
batch:  7
batch:  8
batch:  9
Epoch 33
Episode: 36960
Reward: [-3.81 -3.78 -3.88 -3.82 -3.85 -3.87 -3.83 -3.8  -3.85 -3.79]
Time: 1092.44s
Enemy-Reward: [2.34]
Success: 0.0000
Steps-Taken: 80.00
Comm-Action: [0.49 0.5  0.46 0.53 0.54 0.52 0.48 0.51 0.51 0.55]
batch:  0
batch:  1
batch:  2
batch:  3
batch:  4
batch:  5
batch:  6
batch:  7
batch:  8
batch:  9
Epoch 34
Episode: 38080
Reward: [-3.85 -3.87 -3.81 -3.8  -3.81 -3.89 -3.83 -3.86 -3.85 -3.85]
Time: 1094.09s
Enemy-Reward: [2.38]
Success: 0.0000
Steps-Taken: 80.00
Comm-Action: [0.45 0.54 0.51 0.52 0.53 0.52 0.47 0.53 0.49 0.53]
batch:  0
batch:  1
batch:  2
batch:  3
batch:  4
batch:  5
batch:  6
batch:  7
batch:  8
batch:  9
Epoch 35
Episode: 39200
Reward: [-3.83 -3.87 -3.81 -3.79 -3.8  -3.86 -3.84 -3.84 -3.79 -3.84]
Time: 1086.85s
Enemy-Reward: [2.3]
Success: 0.0000
Steps-Taken: 80.00
Comm-Action: [0.45 0.56 0.53 0.5  0.51 0.48 0.47 0.53 0.5  0.51]
batch:  0
batch:  1
batch:  2
batch:  3
batch:  4
batch:  5
batch:  6
batch:  7
batch:  8
batch:  9
Epoch 36
Episode: 40320
Reward: [-3.83 -3.84 -3.87 -3.8  -3.79 -3.83 -3.79 -3.83 -3.8  -3.84]
Time: 1070.98s
Enemy-Reward: [2.32]
Success: 0.0000
Steps-Taken: 80.00
Comm-Action: [0.46 0.51 0.56 0.5  0.52 0.49 0.52 0.52 0.49 0.49]
batch:  0
batch:  1
batch:  2
batch:  3
batch:  4
batch:  5
batch:  6
batch:  7
batch:  8
batch:  9
Epoch 37
Episode: 41440
Reward: [-3.81 -3.83 -3.82 -3.82 -3.83 -3.83 -3.87 -3.83 -3.83 -3.82]
Time: 1089.00s
Enemy-Reward: [2.35]
Success: 0.0000
Steps-Taken: 80.00
Comm-Action: [0.49 0.53 0.55 0.49 0.51 0.46 0.52 0.49 0.48 0.48]
batch:  0
batch:  1
batch:  2
batch:  3
batch:  4
batch:  5
batch:  6
batch:  7
batch:  8
batch:  9
Epoch 38
Episode: 42560
Reward: [-3.85 -3.81 -3.83 -3.78 -3.83 -3.85 -3.83 -3.86 -3.8  -3.87]
Time: 1051.49s
Enemy-Reward: [2.34]
Success: 0.0000
Steps-Taken: 80.00
Comm-Action: [0.5  0.56 0.53 0.47 0.47 0.48 0.52 0.51 0.48 0.48]
batch:  0
batch:  1
batch:  2
batch:  3
batch:  4
batch:  5
batch:  6
batch:  7
batch:  8
batch:  9
Epoch 39
Episode: 43680
Reward: [-3.82 -3.86 -3.84 -3.81 -3.83 -3.89 -3.84 -3.81 -3.87 -3.86]
Time: 1076.69s
Enemy-Reward: [2.41]
Success: 0.0000
Steps-Taken: 80.00
Comm-Action: [0.5  0.57 0.49 0.49 0.49 0.47 0.56 0.52 0.48 0.45]
batch:  0
batch:  1
batch:  2
batch:  3
batch:  4
batch:  5
batch:  6
batch:  7
batch:  8
batch:  9
Epoch 40
Episode: 44800
Reward: [-3.82 -3.82 -3.83 -3.82 -3.84 -3.81 -3.84 -3.87 -3.84 -3.86]
Time: 1070.90s
Enemy-Reward: [2.41]
Success: 0.0000
Steps-Taken: 80.00
Comm-Action: [0.52 0.52 0.46 0.48 0.47 0.44 0.57 0.5  0.5  0.42]
batch:  0
batch:  1
batch:  2
batch:  3
batch:  4
batch:  5
batch:  6
batch:  7
batch:  8
batch:  9
Epoch 41
Episode: 45920
Reward: [-3.82 -3.85 -3.85 -3.85 -3.84 -3.83 -3.86 -3.85 -3.83 -3.84]
Time: 1092.81s
Enemy-Reward: [2.42]
Success: 0.0000
Steps-Taken: 80.00
Comm-Action: [0.51 0.48 0.45 0.48 0.46 0.46 0.53 0.48 0.52 0.44]
batch:  0
batch:  1
batch:  2
batch:  3
batch:  4
batch:  5
batch:  6
batch:  7
batch:  8
batch:  9
Epoch 42
Episode: 47040
Reward: [-3.85 -3.83 -3.85 -3.86 -3.83 -3.85 -3.83 -3.8  -3.83 -3.84]
Time: 1146.12s
Enemy-Reward: [2.4]
Success: 0.0000
Steps-Taken: 80.00
Comm-Action: [0.49 0.47 0.48 0.47 0.47 0.47 0.51 0.49 0.55 0.45]
batch:  0
batch:  1
batch:  2
batch:  3
batch:  4
batch:  5
batch:  6
batch:  7
batch:  8
batch:  9
Epoch 43
Episode: 48160
Reward: [-3.86 -3.88 -3.84 -3.84 -3.82 -3.87 -3.83 -3.81 -3.86 -3.86]
Time: 1126.07s
Enemy-Reward: [2.48]
Success: 0.0000
Steps-Taken: 80.00
Comm-Action: [0.5  0.47 0.52 0.4  0.47 0.46 0.47 0.52 0.52 0.45]
batch:  0
batch:  1
batch:  2
batch:  3
batch:  4
batch:  5
batch:  6
batch:  7
batch:  8
batch:  9
Epoch 44
Episode: 49280
Reward: [-3.84 -3.87 -3.81 -3.85 -3.81 -3.87 -3.87 -3.86 -3.83 -3.86]
Time: 1130.71s
Enemy-Reward: [2.48]
Success: 0.0000
Steps-Taken: 80.00
Comm-Action: [0.52 0.47 0.49 0.4  0.5  0.5  0.47 0.54 0.51 0.48]
batch:  0
batch:  1
batch:  2
batch:  3
batch:  4
batch:  5
batch:  6
batch:  7
batch:  8
batch:  9
Epoch 45
Episode: 50400
Reward: [-3.86 -3.82 -3.82 -3.87 -3.85 -3.84 -3.84 -3.79 -3.83 -3.86]
Time: 1131.06s
Enemy-Reward: [2.47]
Success: 0.0000
Steps-Taken: 80.00
Comm-Action: [0.53 0.5  0.47 0.44 0.51 0.56 0.49 0.54 0.53 0.48]
batch:  0
batch:  1
batch:  2
batch:  3
batch:  4
batch:  5
batch:  6
batch:  7
batch:  8
batch:  9
Epoch 46
Episode: 51520
Reward: [-3.79 -3.86 -3.84 -3.88 -3.81 -3.86 -3.84 -3.84 -3.84 -3.85]
Time: 1136.33s
Enemy-Reward: [2.46]
Success: 0.0000
Steps-Taken: 80.00
Comm-Action: [0.54 0.54 0.47 0.46 0.5  0.54 0.5  0.5  0.51 0.46]
batch:  0
batch:  1
batch:  2
batch:  3
batch:  4
batch:  5
batch:  6
batch:  7
batch:  8
batch:  9
Epoch 47
Episode: 52640
Reward: [-3.85 -3.87 -3.83 -3.89 -3.87 -3.87 -3.86 -3.83 -3.85 -3.82]
Time: 1112.23s
Enemy-Reward: [2.54]
Success: 0.0000
Steps-Taken: 80.00
Comm-Action: [0.53 0.52 0.48 0.5  0.49 0.53 0.48 0.49 0.5  0.47]
batch:  0
batch:  1
batch:  2
batch:  3
batch:  4
batch:  5
batch:  6
batch:  7
batch:  8
batch:  9
Epoch 48
Episode: 53760
Reward: [-3.87 -3.82 -3.86 -3.85 -3.87 -3.85 -3.81 -3.9  -3.82 -3.86]
Time: 1133.53s
Enemy-Reward: [2.52]
Success: 0.0000
Steps-Taken: 80.00
Comm-Action: [0.54 0.54 0.5  0.48 0.51 0.51 0.46 0.51 0.48 0.51]
batch:  0
batch:  1
batch:  2
batch:  3
batch:  4
batch:  5
batch:  6
batch:  7
batch:  8
batch:  9
Epoch 49
Episode: 54880
Reward: [-3.85 -3.86 -3.85 -3.85 -3.84 -3.82 -3.84 -3.85 -3.85 -3.84]
Time: 1151.14s
Enemy-Reward: [2.46]
Success: 0.0000
Steps-Taken: 80.00
Comm-Action: [0.53 0.52 0.45 0.46 0.5  0.52 0.43 0.51 0.48 0.52]
batch:  0
batch:  1
batch:  2
batch:  3
batch:  4
batch:  5
batch:  6
batch:  7
batch:  8
batch:  9
Epoch 50
Episode: 56000
Reward: [-3.84 -3.88 -3.88 -3.88 -3.85 -3.88 -3.82 -3.83 -3.85 -3.86]
Time: 1128.40s
Enemy-Reward: [2.52]
Success: 0.0000
Steps-Taken: 80.00
Comm-Action: [0.53 0.47 0.45 0.46 0.53 0.53 0.46 0.47 0.47 0.54]
batch:  0
batch:  1
batch:  2
batch:  3
batch:  4
batch:  5
batch:  6
batch:  7
batch:  8
batch:  9
Epoch 51
Episode: 57120
Reward: [-3.83 -3.83 -3.87 -3.84 -3.8  -3.84 -3.82 -3.86 -3.79 -3.83]
Time: 1139.42s
Enemy-Reward: [2.43]
Success: 0.0000
Steps-Taken: 80.00
Comm-Action: [0.55 0.47 0.43 0.45 0.53 0.55 0.51 0.49 0.5  0.51]
batch:  0
batch:  1
batch:  2
batch:  3
batch:  4
batch:  5
batch:  6
batch:  7
batch:  8
batch:  9
Epoch 52
Episode: 58240
Reward: [-3.88 -3.82 -3.86 -3.86 -3.81 -3.83 -3.87 -3.83 -3.85 -3.83]
Time: 1137.16s
Enemy-Reward: [2.44]
Success: 0.0000
Steps-Taken: 80.00
Comm-Action: [0.53 0.48 0.44 0.45 0.55 0.53 0.48 0.49 0.48 0.5 ]
batch:  0
batch:  1
batch:  2
batch:  3
batch:  4
batch:  5
batch:  6
batch:  7
batch:  8
batch:  9
Epoch 53
Episode: 59360
Reward: [-3.83 -3.83 -3.83 -3.83 -3.86 -3.88 -3.79 -3.89 -3.83 -3.83]
Time: 1156.67s
Enemy-Reward: [2.42]
Success: 0.0000
Steps-Taken: 80.00
Comm-Action: [0.45 0.48 0.46 0.46 0.56 0.52 0.47 0.47 0.47 0.51]
batch:  0
batch:  1
batch:  2
batch:  3
batch:  4
batch:  5
batch:  6
batch:  7
batch:  8
batch:  9
Epoch 54
Episode: 60480
Reward: [-3.85 -3.82 -3.87 -3.88 -3.87 -3.86 -3.89 -3.88 -3.84 -3.83]
Time: 1095.59s
Enemy-Reward: [2.57]
Success: 0.0000
Steps-Taken: 80.00
Comm-Action: [0.47 0.48 0.48 0.48 0.53 0.53 0.43 0.49 0.5  0.55]
batch:  0
batch:  1
batch:  2
batch:  3
batch:  4
batch:  5
batch:  6
batch:  7
batch:  8
batch:  9
Epoch 55
Episode: 61600
Reward: [-3.85 -3.88 -3.82 -3.84 -3.86 -3.86 -3.89 -3.86 -3.84 -3.82]
Time: 1050.95s
Enemy-Reward: [2.55]
Success: 0.0000
Steps-Taken: 80.00
Comm-Action: [0.49 0.5  0.47 0.48 0.52 0.52 0.44 0.49 0.53 0.54]
batch:  0
batch:  1
batch:  2
batch:  3
batch:  4
batch:  5
batch:  6
batch:  7
batch:  8
batch:  9
Epoch 56
Episode: 62720
Reward: [-3.8  -3.87 -3.83 -3.86 -3.86 -3.84 -3.83 -3.89 -3.82 -3.82]
Time: 1103.10s
Enemy-Reward: [2.45]
Success: 0.0000
Steps-Taken: 80.00
Comm-Action: [0.52 0.51 0.45 0.5  0.51 0.52 0.45 0.5  0.52 0.53]
batch:  0
batch:  1
batch:  2
batch:  3
batch:  4
batch:  5
batch:  6
batch:  7
batch:  8
batch:  9
Epoch 57
Episode: 63840
Reward: [-3.87 -3.81 -3.82 -3.83 -3.81 -3.86 -3.81 -3.84 -3.82 -3.88]
Time: 1059.18s
Enemy-Reward: [2.43]
Success: 0.0000
Steps-Taken: 80.00
Comm-Action: [0.53 0.5  0.46 0.5  0.49 0.52 0.47 0.52 0.53 0.52]
batch:  0
batch:  1
batch:  2
batch:  3
batch:  4
batch:  5
batch:  6
batch:  7
batch:  8
batch:  9
Epoch 58
Episode: 64960
Reward: [-3.87 -3.82 -3.87 -3.85 -3.83 -3.84 -3.84 -3.86 -3.79 -3.86]
Time: 1088.96s
Enemy-Reward: [2.53]
Success: 0.0000
Steps-Taken: 80.00
Comm-Action: [0.56 0.5  0.49 0.5  0.49 0.52 0.52 0.53 0.5  0.54]
batch:  0
batch:  1
batch:  2
batch:  3
batch:  4
batch:  5
batch:  6
batch:  7
batch:  8
batch:  9
Epoch 59
Episode: 66080
Reward: [-3.85 -3.81 -3.85 -3.81 -3.86 -3.89 -3.84 -3.84 -3.82 -3.89]
Time: 1112.34s
Enemy-Reward: [2.53]
Success: 0.0000
Steps-Taken: 80.00
Comm-Action: [0.55 0.51 0.53 0.48 0.52 0.5  0.54 0.55 0.52 0.52]
batch:  0
batch:  1
batch:  2
batch:  3
batch:  4
batch:  5
batch:  6
batch:  7
batch:  8
batch:  9
Epoch 60
Episode: 67200
Reward: [-3.88 -3.86 -3.85 -3.78 -3.85 -3.87 -3.82 -3.83 -3.79 -3.83]
Time: 1088.89s
Enemy-Reward: [2.44]
Success: 0.0000
Steps-Taken: 80.00
Comm-Action: [0.53 0.51 0.53 0.52 0.55 0.49 0.53 0.57 0.53 0.54]
batch:  0
batch:  1
batch:  2
batch:  3
batch:  4
batch:  5
batch:  6
batch:  7
batch:  8
batch:  9
Epoch 61
Episode: 68320
Reward: [-3.83 -3.82 -3.87 -3.87 -3.85 -3.88 -3.85 -3.89 -3.79 -3.86]
Time: 1118.03s
Enemy-Reward: [2.54]
Success: 0.0000
Steps-Taken: 80.00
Comm-Action: [0.53 0.52 0.56 0.55 0.53 0.5  0.54 0.55 0.55 0.55]
batch:  0
batch:  1
batch:  2
batch:  3
batch:  4
batch:  5
batch:  6
batch:  7
batch:  8
batch:  9
Epoch 62
Episode: 69440
Reward: [-3.83 -3.83 -3.79 -3.79 -3.79 -3.89 -3.78 -3.85 -3.8  -3.8 ]
Time: 1135.72s
Enemy-Reward: [2.28]
Success: 0.0000
Steps-Taken: 80.00
Comm-Action: [0.51 0.52 0.54 0.5  0.49 0.52 0.51 0.52 0.56 0.56]
batch:  0
batch:  1
batch:  2
batch:  3
batch:  4
batch:  5
batch:  6
batch:  7
batch:  8
batch:  9
Epoch 63
Episode: 70560
Reward: [-3.81 -3.86 -3.81 -3.83 -3.83 -3.87 -3.77 -3.83 -3.76 -3.79]
Time: 1140.99s
Enemy-Reward: [2.33]
Success: 0.0000
Steps-Taken: 80.00
Comm-Action: [0.49 0.52 0.54 0.51 0.51 0.54 0.52 0.51 0.53 0.56]
batch:  0
batch:  1
batch:  2
batch:  3
batch:  4
batch:  5
batch:  6
batch:  7
batch:  8
batch:  9
Epoch 64
Episode: 71680
Reward: [-3.83 -3.85 -3.77 -3.8  -3.81 -3.86 -3.8  -3.8  -3.75 -3.78]
Time: 1145.69s
Enemy-Reward: [2.26]
Success: 0.0000
Steps-Taken: 80.00
Comm-Action: [0.48 0.47 0.52 0.5  0.51 0.52 0.49 0.53 0.54 0.57]
batch:  0
batch:  1
batch:  2
batch:  3
batch:  4
batch:  5
batch:  6
batch:  7
batch:  8
batch:  9
Epoch 65
Episode: 72800
Reward: [-3.78 -3.81 -3.75 -3.86 -3.81 -3.85 -3.75 -3.8  -3.75 -3.79]
Time: 1141.67s
Enemy-Reward: [2.17]
Success: 0.0000
Steps-Taken: 80.00
Comm-Action: [0.46 0.45 0.53 0.53 0.51 0.52 0.48 0.52 0.53 0.54]
batch:  0
batch:  1
batch:  2
batch:  3
batch:  4
batch:  5
batch:  6
batch:  7
batch:  8
batch:  9
Epoch 66
Episode: 73920
Reward: [-3.78 -3.84 -3.81 -3.83 -3.78 -3.85 -3.78 -3.74 -3.66 -3.8 ]
Time: 1146.48s
Enemy-Reward: [2.26]
Success: 0.0000
Steps-Taken: 80.00
Comm-Action: [0.46 0.46 0.51 0.53 0.52 0.51 0.48 0.51 0.54 0.54]
batch:  0
batch:  1
batch:  2
batch:  3
batch:  4
batch:  5
batch:  6
batch:  7
batch:  8
batch:  9
Epoch 67
Episode: 75040
Reward: [-3.74 -3.8  -3.79 -3.72 -3.71 -3.81 -3.77 -3.73 -3.5  -3.72]
Time: 1139.28s
Enemy-Reward: [1.98]
Success: 0.0000
Steps-Taken: 80.00
Comm-Action: [0.51 0.44 0.5  0.55 0.54 0.47 0.57 0.5  0.58 0.55]
batch:  0
batch:  1
batch:  2
batch:  3
batch:  4
batch:  5
batch:  6
batch:  7
batch:  8
batch:  9
Epoch 68
Episode: 76160
Reward: [-3.73 -3.73 -3.78 -3.69 -3.65 -3.77 -3.82 -3.7  -3.36 -3.64]
Time: 1159.82s
Enemy-Reward: [1.78]
Success: 0.0000
Steps-Taken: 80.00
Comm-Action: [0.56 0.47 0.51 0.58 0.54 0.48 0.58 0.5  0.6  0.57]
batch:  0
batch:  1
batch:  2
batch:  3
batch:  4
batch:  5
batch:  6
batch:  7
batch:  8
batch:  9
Epoch 69
Episode: 77280
Reward: [-3.63 -3.64 -3.66 -3.6  -3.57 -3.68 -3.77 -3.65 -3.22 -3.57]
Time: 1135.24s
Enemy-Reward: [1.52]
Success: 0.0000
Steps-Taken: 80.00
Comm-Action: [0.58 0.5  0.47 0.57 0.56 0.48 0.55 0.5  0.61 0.55]
batch:  0
batch:  1
batch:  2
batch:  3
batch:  4
batch:  5
batch:  6
batch:  7
batch:  8
batch:  9
Epoch 70
Episode: 78400
Reward: [-3.53 -3.49 -3.55 -3.4  -3.34 -3.49 -3.61 -3.5  -3.09 -3.36]
Time: 1126.29s
Enemy-Reward: [1.37]
Success: 0.0018
Steps-Taken: 79.99
Comm-Action: [0.59 0.58 0.47 0.59 0.56 0.5  0.58 0.54 0.62 0.58]
batch:  0
batch:  1
batch:  2
batch:  3
batch:  4
batch:  5
batch:  6
batch:  7
batch:  8
batch:  9
Epoch 71
Episode: 79520
Reward: [-3.42 -3.35 -3.53 -3.35 -3.32 -3.46 -3.6  -3.39 -3.12 -3.33]
Time: 1098.69s
Enemy-Reward: [1.3]
Success: 0.0027
Steps-Taken: 79.95
Comm-Action: [0.6  0.63 0.51 0.57 0.53 0.58 0.58 0.53 0.6  0.62]
batch:  0
batch:  1
batch:  2
batch:  3
batch:  4
batch:  5
batch:  6
batch:  7
batch:  8
batch:  9
Epoch 72
Episode: 80640
Reward: [-3.33 -3.29 -3.47 -3.5  -3.21 -3.56 -3.57 -3.36 -3.19 -3.27]
Time: 1114.13s
Enemy-Reward: [1.29]
Success: 0.0018
Steps-Taken: 80.00
Comm-Action: [0.6  0.66 0.57 0.54 0.57 0.55 0.6  0.56 0.61 0.6 ]
batch:  0
batch:  1
batch:  2
batch:  3
batch:  4
batch:  5
batch:  6
batch:  7
batch:  8
batch:  9
Epoch 73
Episode: 81760
Reward: [-3.12 -3.22 -3.35 -3.32 -3.14 -3.41 -3.53 -3.26 -3.03 -3.27]
Time: 1091.52s
Enemy-Reward: [1.19]
Success: 0.0170
Steps-Taken: 79.76
Comm-Action: [0.62 0.65 0.59 0.55 0.6  0.54 0.56 0.58 0.59 0.6 ]
batch:  0
batch:  1
batch:  2
batch:  3
batch:  4
batch:  5
batch:  6
batch:  7
batch:  8
batch:  9
Epoch 74
Episode: 82880
Reward: [-3.01 -3.05 -3.13 -3.15 -3.02 -3.25 -3.41 -3.05 -2.9  -3.03]
Time: 1108.33s
Enemy-Reward: [1.]
Success: 0.0482
Steps-Taken: 79.30
Comm-Action: [0.65 0.66 0.54 0.54 0.6  0.59 0.59 0.62 0.57 0.63]
batch:  0
batch:  1
batch:  2
batch:  3
batch:  4
batch:  5
batch:  6
batch:  7
batch:  8
batch:  9
Epoch 75
Episode: 84000
Reward: [-2.97 -3.01 -3.15 -3.07 -3.01 -3.15 -3.32 -2.97 -2.87 -2.98]
Time: 1081.70s
Enemy-Reward: [0.99]
Success: 0.0464
Steps-Taken: 79.21
Comm-Action: [0.64 0.66 0.55 0.59 0.62 0.6  0.58 0.62 0.58 0.61]
batch:  0
batch:  1
batch:  2
batch:  3
batch:  4
batch:  5
batch:  6
batch:  7
batch:  8
batch:  9
Epoch 76
Episode: 85121
Reward: [-2.91 -2.94 -3.01 -3.04 -2.88 -3.1  -3.24 -2.8  -2.9  -2.97]
Time: 1081.42s
Enemy-Reward: [0.93]
Success: 0.0544
Steps-Taken: 79.04
Comm-Action: [0.6  0.65 0.58 0.64 0.62 0.6  0.59 0.64 0.6  0.64]
batch:  0
batch:  1
batch:  2
batch:  3
batch:  4
batch:  5
batch:  6
batch:  7
batch:  8
batch:  9
Epoch 77
Episode: 86242
Reward: [-2.85 -2.89 -2.93 -2.95 -2.91 -2.95 -3.08 -2.78 -2.85 -2.85]
Time: 1060.47s
Enemy-Reward: [0.76]
Success: 0.1026
Steps-Taken: 78.42
Comm-Action: [0.6  0.61 0.63 0.62 0.62 0.61 0.64 0.64 0.61 0.63]
batch:  0
batch:  1
batch:  2
batch:  3
batch:  4
batch:  5
batch:  6
batch:  7
batch:  8
batch:  9
Epoch 78
Episode: 87366
Reward: [-2.81 -2.83 -2.84 -2.83 -2.78 -2.92 -3.   -2.78 -2.75 -2.8 ]
Time: 1075.96s
Enemy-Reward: [0.69]
Success: 0.1317
Steps-Taken: 77.85
Comm-Action: [0.57 0.59 0.66 0.62 0.61 0.56 0.65 0.6  0.62 0.61]
batch:  0
batch:  1
batch:  2
batch:  3
batch:  4
batch:  5
batch:  6
batch:  7
batch:  8
batch:  9
Epoch 79
Episode: 88491
Reward: [-2.66 -2.68 -2.69 -2.79 -2.78 -2.97 -2.88 -2.72 -2.73 -2.77]
Time: 1131.93s
Enemy-Reward: [0.61]
Success: 0.1520
Steps-Taken: 77.20
Comm-Action: [0.58 0.59 0.64 0.62 0.61 0.58 0.65 0.6  0.62 0.6 ]
batch:  0
batch:  1
batch:  2
batch:  3
batch:  4
batch:  5
batch:  6
batch:  7
batch:  8
batch:  9
Epoch 80
Episode: 89616
Reward: [-2.73 -2.83 -2.85 -2.87 -2.84 -2.93 -2.98 -2.66 -2.74 -2.76]
Time: 1105.76s
Enemy-Reward: [0.63]
Success: 0.1369
Steps-Taken: 77.67
Comm-Action: [0.6  0.58 0.63 0.62 0.61 0.58 0.61 0.58 0.62 0.59]
batch:  0
batch:  1
batch:  2
batch:  3
batch:  4
batch:  5
batch:  6
batch:  7
batch:  8
batch:  9
Epoch 81
Episode: 90751
Reward: [-2.69 -2.73 -2.71 -2.75 -2.69 -2.82 -2.86 -2.69 -2.66 -2.59]
Time: 1143.89s
Enemy-Reward: [0.49]
Success: 0.1797
Steps-Taken: 76.37
Comm-Action: [0.58 0.58 0.64 0.6  0.59 0.57 0.58 0.58 0.62 0.57]
batch:  0
batch:  1
batch:  2
batch:  3
batch:  4
batch:  5
batch:  6
batch:  7
batch:  8
batch:  9
Epoch 82
Episode: 91884
Reward: [-2.69 -2.71 -2.71 -2.79 -2.72 -2.7  -2.83 -2.58 -2.8  -2.65]
Time: 1143.12s
Enemy-Reward: [0.54]
Success: 0.1571
Steps-Taken: 76.53
Comm-Action: [0.55 0.57 0.61 0.62 0.55 0.55 0.62 0.56 0.63 0.58]
batch:  0
batch:  1
batch:  2
batch:  3
batch:  4
batch:  5
batch:  6
batch:  7
batch:  8
batch:  9
Epoch 83
Episode: 93017
Reward: [-2.57 -2.54 -2.72 -2.57 -2.58 -2.63 -2.77 -2.66 -2.8  -2.63]
Time: 1161.69s
Enemy-Reward: [0.47]
Success: 0.1624
Steps-Taken: 76.31
Comm-Action: [0.56 0.57 0.58 0.61 0.58 0.54 0.62 0.55 0.62 0.59]
batch:  0
batch:  1
batch:  2
batch:  3
batch:  4
batch:  5
batch:  6
batch:  7
batch:  8
batch:  9
Epoch 84
Episode: 94164
Reward: [-2.61 -2.55 -2.57 -2.57 -2.52 -2.55 -2.63 -2.54 -2.54 -2.59]
Time: 1148.74s
Enemy-Reward: [0.37]
Success: 0.1997
Steps-Taken: 75.21
Comm-Action: [0.56 0.58 0.58 0.6  0.57 0.55 0.56 0.55 0.62 0.59]
batch:  0
batch:  1
batch:  2
batch:  3
batch:  4
batch:  5
batch:  6
batch:  7
batch:  8
batch:  9
Epoch 85
Episode: 95304
Reward: [-2.44 -2.51 -2.49 -2.49 -2.51 -2.49 -2.65 -2.46 -2.47 -2.5 ]
Time: 1121.61s
Enemy-Reward: [0.38]
Success: 0.1798
Steps-Taken: 75.76
Comm-Action: [0.53 0.55 0.55 0.59 0.57 0.54 0.56 0.56 0.59 0.59]
batch:  0
batch:  1
batch:  2
batch:  3
batch:  4
batch:  5
batch:  6
batch:  7
batch:  8
batch:  9
Epoch 86
Episode: 96457
Reward: [-2.41 -2.38 -2.35 -2.49 -2.54 -2.39 -2.48 -2.48 -2.46 -2.54]
Time: 1146.48s
Enemy-Reward: [0.32]
Success: 0.2064
Steps-Taken: 74.83
Comm-Action: [0.53 0.55 0.55 0.58 0.58 0.56 0.57 0.58 0.58 0.58]
batch:  0
batch:  1
batch:  2
batch:  3
batch:  4
batch:  5
batch:  6
batch:  7
batch:  8
batch:  9
Epoch 87
Episode: 97605
Reward: [-2.51 -2.4  -2.39 -2.51 -2.46 -2.52 -2.56 -2.5  -2.42 -2.47]
Time: 1163.96s
Enemy-Reward: [0.36]
Success: 0.1873
Steps-Taken: 75.64
Comm-Action: [0.53 0.57 0.55 0.6  0.59 0.56 0.58 0.58 0.58 0.57]
batch:  0
batch:  1
batch:  2
batch:  3
batch:  4
batch:  5
batch:  6
batch:  7
batch:  8
batch:  9
Epoch 88
Episode: 98753
Reward: [-2.39 -2.34 -2.33 -2.37 -2.53 -2.48 -2.39 -2.5  -2.29 -2.4 ]
Time: 1170.88s
Enemy-Reward: [0.31]
Success: 0.1986
Steps-Taken: 75.52
Comm-Action: [0.52 0.57 0.56 0.58 0.57 0.58 0.59 0.58 0.56 0.55]
batch:  0
batch:  1
batch:  2
batch:  3
batch:  4
batch:  5
batch:  6
batch:  7
batch:  8
batch:  9
Epoch 89
Episode: 99912
Reward: [-2.29 -2.31 -2.26 -2.23 -2.37 -2.33 -2.29 -2.4  -2.27 -2.33]
Time: 1199.62s
Enemy-Reward: [0.19]
Success: 0.2476
Steps-Taken: 74.50
Comm-Action: [0.55 0.56 0.56 0.56 0.56 0.58 0.61 0.57 0.55 0.54]
batch:  0
batch:  1
batch:  2
batch:  3
batch:  4
batch:  5
batch:  6
batch:  7
batch:  8
batch:  9
Epoch 90
Episode: 101084
Reward: [-2.32 -2.21 -2.24 -2.24 -2.2  -2.27 -2.24 -2.26 -2.26 -2.26]
Time: 1129.68s
Enemy-Reward: [0.15]
Success: 0.2500
Steps-Taken: 73.41
Comm-Action: [0.54 0.55 0.53 0.58 0.56 0.59 0.62 0.57 0.54 0.55]
batch:  0
batch:  1
batch:  2
batch:  3
batch:  4
batch:  5
batch:  6
batch:  7
batch:  8
batch:  9
Epoch 91
Episode: 102258
Reward: [-2.2  -2.12 -2.22 -2.1  -2.17 -2.21 -2.2  -2.17 -2.19 -2.26]
Time: 1139.10s
Enemy-Reward: [0.07]
Success: 0.2845
Steps-Taken: 73.28
Comm-Action: [0.53 0.51 0.52 0.54 0.55 0.58 0.59 0.58 0.55 0.56]
batch:  0
batch:  1
batch:  2
batch:  3
batch:  4
batch:  5
batch:  6
batch:  7
batch:  8
batch:  9
Epoch 92
Episode: 103447
Reward: [-2.03 -2.13 -2.15 -2.03 -2.05 -2.04 -1.97 -2.06 -2.08 -2.05]
Time: 1146.12s
Enemy-Reward: [-0.08]
Success: 0.3381
Steps-Taken: 72.28
Comm-Action: [0.54 0.52 0.53 0.54 0.53 0.56 0.6  0.58 0.55 0.55]
batch:  0
batch:  1
batch:  2
batch:  3
batch:  4
batch:  5
batch:  6
batch:  7
batch:  8
batch:  9
Epoch 93
Episode: 104631
Reward: [-2.07 -2.08 -2.12 -2.01 -2.06 -2.09 -2.13 -2.07 -2.03 -2.  ]
Time: 1143.60s
Enemy-Reward: [-0.06]
Success: 0.3117
Steps-Taken: 72.58
Comm-Action: [0.54 0.52 0.56 0.52 0.55 0.58 0.62 0.59 0.54 0.54]
batch:  0
batch:  1
batch:  2
batch:  3
batch:  4
batch:  5
batch:  6
batch:  7
batch:  8
batch:  9
Epoch 94
Episode: 105836
Reward: [-1.95 -1.93 -2.   -1.96 -1.97 -1.91 -1.98 -2.02 -1.98 -1.95]
Time: 1140.21s
Enemy-Reward: [-0.22]
Success: 0.3842
Steps-Taken: 71.30
Comm-Action: [0.55 0.53 0.58 0.51 0.55 0.59 0.58 0.59 0.54 0.54]
batch:  0
batch:  1
batch:  2
batch:  3
batch:  4
batch:  5
batch:  6
batch:  7
batch:  8
batch:  9
Epoch 95
Episode: 107073
Reward: [-1.83 -1.88 -1.94 -1.9  -1.94 -1.88 -1.88 -1.93 -2.   -1.91]
Time: 1151.09s
Enemy-Reward: [-0.31]
Success: 0.4365
Steps-Taken: 69.35
Comm-Action: [0.56 0.56 0.57 0.53 0.55 0.59 0.56 0.57 0.56 0.53]
batch:  0
batch:  1
batch:  2
batch:  3
batch:  4
batch:  5
batch:  6
batch:  7
batch:  8
batch:  9
Epoch 96
Episode: 108326
Reward: [-1.81 -1.79 -1.87 -1.81 -1.89 -1.81 -1.82 -1.77 -1.8  -1.94]
Time: 1136.32s
Enemy-Reward: [-0.44]
Success: 0.4852
Steps-Taken: 68.42
Comm-Action: [0.57 0.55 0.55 0.54 0.54 0.59 0.57 0.58 0.55 0.52]
batch:  0
batch:  1
batch:  2
batch:  3
batch:  4
batch:  5
batch:  6
batch:  7
batch:  8
batch:  9
Epoch 97
Episode: 109601
Reward: [-1.74 -1.74 -1.74 -1.76 -1.87 -1.77 -1.72 -1.72 -1.74 -1.81]
Time: 1140.78s
Enemy-Reward: [-0.55]
Success: 0.5239
Steps-Taken: 67.09
Comm-Action: [0.56 0.58 0.56 0.55 0.53 0.59 0.58 0.57 0.56 0.52]
batch:  0
batch:  1
batch:  2
batch:  3
batch:  4
batch:  5
batch:  6
batch:  7
batch:  8
batch:  9
Epoch 98
Episode: 110902
Reward: [-1.7  -1.65 -1.67 -1.68 -1.73 -1.72 -1.66 -1.7  -1.71 -1.76]
Time: 1236.08s
Enemy-Reward: [-0.62]
Success: 0.5688
Steps-Taken: 65.27
Comm-Action: [0.55 0.58 0.55 0.55 0.55 0.6  0.59 0.57 0.55 0.54]
batch:  0
batch:  1
batch:  2
batch:  3
batch:  4
batch:  5
batch:  6
batch:  7
batch:  8
batch:  9
Epoch 99
Episode: 112269
Reward: [-1.58 -1.6  -1.59 -1.56 -1.66 -1.61 -1.6  -1.63 -1.67 -1.68]
Time: 1189.55s
Enemy-Reward: [-0.79]
Success: 0.6533
Steps-Taken: 62.47
Comm-Action: [0.56 0.6  0.56 0.56 0.56 0.6  0.58 0.58 0.55 0.55]
batch:  0
batch:  1
batch:  2
batch:  3
batch:  4
batch:  5
batch:  6
batch:  7
batch:  8
batch:  9
Epoch 100
Episode: 113638
Reward: [-1.55 -1.53 -1.58 -1.58 -1.62 -1.61 -1.6  -1.52 -1.56 -1.61]
Time: 1175.34s
Enemy-Reward: [-0.82]
Success: 0.6596
Steps-Taken: 61.78
Comm-Action: [0.56 0.6  0.56 0.56 0.57 0.58 0.57 0.59 0.55 0.55]
batch:  0
batch:  1
batch:  2
batch:  3
batch:  4
batch:  5
batch:  6
batch:  7
batch:  8
batch:  9
Epoch 101
Episode: 115028
Reward: [-1.55 -1.52 -1.6  -1.5  -1.56 -1.56 -1.53 -1.56 -1.52 -1.61]
Time: 1159.50s
Enemy-Reward: [-0.89]
Success: 0.6899
Steps-Taken: 61.05
Comm-Action: [0.56 0.6  0.56 0.56 0.57 0.57 0.58 0.59 0.56 0.55]
batch:  0
batch:  1
batch:  2
batch:  3
batch:  4
batch:  5
batch:  6
batch:  7
batch:  8
batch:  9
Epoch 102
Episode: 116479
Reward: [-1.43 -1.44 -1.52 -1.49 -1.48 -1.46 -1.46 -1.48 -1.54 -1.51]
Time: 1131.47s
Enemy-Reward: [-0.97]
Success: 0.7305
Steps-Taken: 58.60
Comm-Action: [0.56 0.62 0.57 0.57 0.56 0.58 0.59 0.59 0.57 0.56]
batch:  0
batch:  1
batch:  2
batch:  3
batch:  4
batch:  5
batch:  6
batch:  7
batch:  8
batch:  9
Epoch 103
Episode: 117948
Reward: [-1.43 -1.41 -1.46 -1.43 -1.49 -1.37 -1.4  -1.42 -1.49 -1.51]
Time: 1181.69s
Enemy-Reward: [-0.99]
Success: 0.7257
Steps-Taken: 57.72
Comm-Action: [0.57 0.62 0.57 0.58 0.56 0.59 0.57 0.59 0.57 0.58]
batch:  0
batch:  1
batch:  2
batch:  3
batch:  4
batch:  5
batch:  6
batch:  7
batch:  8
batch:  9
Epoch 104
Episode: 119462
Reward: [-1.4  -1.4  -1.43 -1.42 -1.45 -1.42 -1.36 -1.41 -1.47 -1.49]
Time: 1150.22s
Enemy-Reward: [-1.08]
Success: 0.7715
Steps-Taken: 56.13
Comm-Action: [0.57 0.62 0.56 0.58 0.55 0.6  0.58 0.59 0.57 0.58]
batch:  0
batch:  1
batch:  2
batch:  3
batch:  4
batch:  5
batch:  6
batch:  7
batch:  8
batch:  9
Epoch 105
Episode: 121070
Reward: [-1.33 -1.31 -1.35 -1.36 -1.4  -1.32 -1.3  -1.29 -1.37 -1.36]
Time: 1158.49s
Enemy-Reward: [-1.2]
Success: 0.8290
Steps-Taken: 53.02
Comm-Action: [0.57 0.6  0.57 0.59 0.56 0.59 0.58 0.59 0.59 0.58]
batch:  0
batch:  1
batch:  2
batch:  3
batch:  4
batch:  5
batch:  6
batch:  7
batch:  8
batch:  9
Epoch 106
Episode: 122744
Reward: [-1.29 -1.25 -1.32 -1.31 -1.33 -1.26 -1.32 -1.28 -1.31 -1.29]
Time: 1136.21s
Enemy-Reward: [-1.3]
Success: 0.8781
Steps-Taken: 50.48
Comm-Action: [0.59 0.6  0.56 0.59 0.58 0.59 0.6  0.61 0.59 0.58]
batch:  0
batch:  1
batch:  2
batch:  3
batch:  4
batch:  5
batch:  6
batch:  7
batch:  8
batch:  9
Epoch 107
Episode: 124471
Reward: [-1.22 -1.23 -1.29 -1.25 -1.3  -1.25 -1.23 -1.25 -1.29 -1.28]
Time: 1101.20s
Enemy-Reward: [-1.34]
Success: 0.8940
Steps-Taken: 48.75
Comm-Action: [0.57 0.6  0.54 0.59 0.59 0.58 0.57 0.6  0.59 0.57]
batch:  0
batch:  1
batch:  2
batch:  3
batch:  4
batch:  5
batch:  6
batch:  7
batch:  8
batch:  9
Epoch 108
Episode: 126299
Reward: [-1.23 -1.17 -1.23 -1.16 -1.22 -1.21 -1.19 -1.22 -1.23 -1.22]
Time: 1128.68s
Enemy-Reward: [-1.44]
Success: 0.9327
Steps-Taken: 45.91
Comm-Action: [0.59 0.61 0.56 0.6  0.58 0.59 0.6  0.6  0.59 0.59]
batch:  0
batch:  1
batch:  2
batch:  3
batch:  4
batch:  5
batch:  6
batch:  7
batch:  8
batch:  9
Epoch 109
Episode: 128220
Reward: [-1.17 -1.15 -1.2  -1.14 -1.21 -1.19 -1.15 -1.18 -1.18 -1.18]
Time: 1126.75s
Enemy-Reward: [-1.47]
Success: 0.9490
Steps-Taken: 43.58
Comm-Action: [0.6  0.62 0.58 0.61 0.59 0.6  0.61 0.6  0.6  0.61]
batch:  0
batch:  1
batch:  2
batch:  3
batch:  4
batch:  5
batch:  6
batch:  7
batch:  8
batch:  9
Epoch 110
Episode: 130119
Reward: [-1.2  -1.2  -1.17 -1.16 -1.17 -1.16 -1.17 -1.15 -1.2  -1.22]
Time: 1150.86s
Enemy-Reward: [-1.44]
Success: 0.9358
Steps-Taken: 44.30
Comm-Action: [0.61 0.61 0.59 0.62 0.6  0.59 0.63 0.61 0.6  0.61]
batch:  0
batch:  1
batch:  2
batch:  3
batch:  4
batch:  5
batch:  6
batch:  7
batch:  8
batch:  9
Epoch 111
Episode: 132086
Reward: [-1.13 -1.14 -1.17 -1.16 -1.19 -1.15 -1.13 -1.14 -1.18 -1.15]
Time: 1149.72s
Enemy-Reward: [-1.46]
Success: 0.9481
Steps-Taken: 42.61
Comm-Action: [0.62 0.6  0.58 0.61 0.61 0.58 0.62 0.61 0.6  0.61]
batch:  0
batch:  1
batch:  2
batch:  3
batch:  4
batch:  5
batch:  6
batch:  7
batch:  8
batch:  9
Epoch 112
Episode: 134082
Reward: [-1.14 -1.11 -1.13 -1.09 -1.16 -1.12 -1.1  -1.11 -1.16 -1.12]
Time: 1128.74s
Enemy-Reward: [-1.49]
Success: 0.9554
Steps-Taken: 41.90
Comm-Action: [0.6  0.59 0.58 0.61 0.61 0.58 0.61 0.62 0.6  0.61]
batch:  0
batch:  1
batch:  2
batch:  3
batch:  4
batch:  5
batch:  6
batch:  7
batch:  8
batch:  9
Epoch 113
Episode: 136112
Reward: [-1.12 -1.11 -1.12 -1.11 -1.14 -1.12 -1.09 -1.13 -1.15 -1.1 ]
Time: 1117.33s
Enemy-Reward: [-1.49]
Success: 0.9552
Steps-Taken: 41.09
Comm-Action: [0.59 0.59 0.6  0.62 0.62 0.59 0.61 0.62 0.61 0.62]
batch:  0
batch:  1
batch:  2
batch:  3
batch:  4
batch:  5
batch:  6
batch:  7
batch:  8
batch:  9
Epoch 114
Episode: 138239
Reward: [-1.06 -1.08 -1.08 -1.04 -1.1  -1.08 -1.05 -1.07 -1.08 -1.07]
Time: 1115.26s
Enemy-Reward: [-1.53]
Success: 0.9704
Steps-Taken: 39.13
Comm-Action: [0.6  0.6  0.61 0.61 0.61 0.6  0.62 0.62 0.61 0.63]
batch:  0
batch:  1
batch:  2
batch:  3
batch:  4
batch:  5
batch:  6
batch:  7
batch:  8
batch:  9
Epoch 115
Episode: 140421
Reward: [-1.04 -1.06 -1.08 -1.06 -1.09 -1.06 -1.04 -1.05 -1.09 -1.06]
Time: 1092.53s
Enemy-Reward: [-1.53]
Success: 0.9711
Steps-Taken: 38.24
Comm-Action: [0.61 0.62 0.6  0.64 0.61 0.6  0.62 0.61 0.61 0.63]
batch:  0
batch:  1
batch:  2
batch:  3
batch:  4
batch:  5
batch:  6
batch:  7
batch:  8
batch:  9
Epoch 116
Episode: 142595
Reward: [-1.09 -1.05 -1.05 -1.05 -1.09 -1.06 -1.06 -1.06 -1.07 -1.06]
Time: 1107.63s
Enemy-Reward: [-1.53]
Success: 0.9655
Steps-Taken: 38.39
Comm-Action: [0.62 0.62 0.6  0.63 0.61 0.62 0.62 0.62 0.61 0.63]
batch:  0
batch:  1
batch:  2
batch:  3
batch:  4
batch:  5
batch:  6
batch:  7
batch:  8
batch:  9
Epoch 117
Episode: 144760
Reward: [-1.02 -1.04 -1.08 -1.04 -1.05 -1.05 -1.04 -1.04 -1.05 -1.06]
Time: 1109.88s
Enemy-Reward: [-1.52]
Success: 0.9635
Steps-Taken: 38.61
Comm-Action: [0.6  0.62 0.61 0.64 0.6  0.62 0.61 0.62 0.61 0.62]
batch:  0
batch:  1
batch:  2
batch:  3
batch:  4
batch:  5
batch:  6
batch:  7
batch:  8
batch:  9
Epoch 118
Episode: 147045
Reward: [-1.02 -1.01 -1.   -1.01 -1.02 -1.02 -1.01 -1.   -1.02 -1.02]
Time: 1113.60s
Enemy-Reward: [-1.56]
Success: 0.9799
Steps-Taken: 36.32
Comm-Action: [0.61 0.62 0.62 0.64 0.6  0.62 0.62 0.62 0.6  0.62]
batch:  0
batch:  1
batch:  2
batch:  3
batch:  4
batch:  5
batch:  6
batch:  7
batch:  8
batch:  9
Epoch 119
Episode: 149391
Reward: [-0.99 -0.99 -0.99 -0.99 -1.02 -1.   -1.   -0.99 -1.02 -1.01]
Time: 1112.39s
Enemy-Reward: [-1.56]
Success: 0.9804
Steps-Taken: 35.34
Comm-Action: [0.61 0.61 0.62 0.63 0.59 0.62 0.62 0.62 0.6  0.63]
batch:  0
batch:  1
batch:  2
batch:  3
batch:  4
batch:  5
batch:  6
batch:  7
batch:  8
batch:  9
Epoch 120
Episode: 151778
Reward: [-0.99 -0.98 -0.98 -0.98 -1.01 -0.98 -0.97 -0.98 -0.99 -0.97]
Time: 1135.57s
Enemy-Reward: [-1.57]
Success: 0.9820
Steps-Taken: 34.76
Comm-Action: [0.61 0.61 0.63 0.64 0.59 0.64 0.61 0.62 0.59 0.64]
batch:  0
batch:  1
batch:  2
batch:  3
batch:  4
batch:  5
batch:  6
batch:  7
batch:  8
batch:  9
Epoch 121
Episode: 154169
Reward: [-0.98 -0.97 -1.01 -0.98 -1.02 -0.99 -0.98 -0.98 -0.99 -0.99]
Time: 1130.65s
Enemy-Reward: [-1.55]
Success: 0.9770
Steps-Taken: 34.72
Comm-Action: [0.62 0.62 0.64 0.65 0.58 0.65 0.6  0.62 0.59 0.66]
batch:  0
batch:  1
batch:  2
batch:  3
batch:  4
batch:  5
batch:  6
batch:  7
batch:  8
batch:  9
Epoch 122
Episode: 156561
Reward: [-0.96 -0.96 -0.99 -0.94 -0.99 -0.97 -1.   -0.99 -0.99 -0.96]
Time: 1108.34s
Enemy-Reward: [-1.55]
Success: 0.9745
Steps-Taken: 34.70
Comm-Action: [0.63 0.62 0.63 0.63 0.59 0.63 0.6  0.62 0.58 0.65]
batch:  0
batch:  1
batch:  2
batch:  3
batch:  4
batch:  5
batch:  6
batch:  7
batch:  8
batch:  9
Epoch 123
Episode: 159028
Reward: [-0.93 -0.97 -0.96 -0.95 -0.97 -0.97 -0.98 -0.96 -0.96 -0.95]
Time: 1116.01s
Enemy-Reward: [-1.58]
Success: 0.9874
Steps-Taken: 33.73
Comm-Action: [0.65 0.62 0.62 0.63 0.58 0.63 0.59 0.61 0.59 0.64]
batch:  0
batch:  1
batch:  2
batch:  3
batch:  4
batch:  5
batch:  6
batch:  7
batch:  8
batch:  9
Epoch 124
Episode: 161536
Reward: [-0.93 -0.95 -0.97 -0.94 -0.96 -0.96 -0.96 -0.95 -0.96 -0.94]
Time: 1120.53s
Enemy-Reward: [-1.59]
Success: 0.9904
Steps-Taken: 33.04
Comm-Action: [0.64 0.61 0.62 0.63 0.58 0.63 0.59 0.62 0.58 0.62]
batch:  0
batch:  1
batch:  2
batch:  3
batch:  4
batch:  5
batch:  6
batch:  7
batch:  8
batch:  9
Epoch 125
Episode: 164128
Reward: [-0.9  -0.94 -0.93 -0.93 -0.94 -0.92 -0.93 -0.94 -0.96 -0.94]
Time: 1114.41s
Enemy-Reward: [-1.6]
Success: 0.9938
Steps-Taken: 31.92
Comm-Action: [0.64 0.62 0.61 0.61 0.58 0.64 0.6  0.62 0.58 0.62]
batch:  0
batch:  1
batch:  2
batch:  3
batch:  4
batch:  5
batch:  6
batch:  7
batch:  8
batch:  9
Epoch 126
Episode: 166728
Reward: [-0.93 -0.94 -0.93 -0.94 -0.96 -0.94 -0.93 -0.93 -0.93 -0.93]
Time: 1126.83s
Enemy-Reward: [-1.6]
Success: 0.9954
Steps-Taken: 31.68
Comm-Action: [0.63 0.63 0.61 0.62 0.6  0.63 0.59 0.63 0.61 0.61]
batch:  0
batch:  1
batch:  2
batch:  3
batch:  4
batch:  5
batch:  6
batch:  7
batch:  8
batch:  9
Epoch 127
Episode: 169366
Reward: [-0.91 -0.92 -0.93 -0.94 -0.94 -0.93 -0.94 -0.92 -0.93 -0.94]
Time: 1113.23s
Enemy-Reward: [-1.59]
Success: 0.9943
Steps-Taken: 31.30
Comm-Action: [0.63 0.64 0.61 0.63 0.61 0.63 0.61 0.63 0.61 0.62]
batch:  0
batch:  1
batch:  2
batch:  3
batch:  4
batch:  5
batch:  6
batch:  7
batch:  8
batch:  9
Epoch 128
Episode: 172017
Reward: [-0.92 -0.91 -0.92 -0.93 -0.93 -0.92 -0.92 -0.92 -0.93 -0.93]
Time: 1105.03s
Enemy-Reward: [-1.6]
Success: 0.9970
Steps-Taken: 31.14
Comm-Action: [0.63 0.63 0.62 0.62 0.61 0.63 0.62 0.62 0.61 0.63]
batch:  0
batch:  1
batch:  2
batch:  3
batch:  4
batch:  5
batch:  6
batch:  7
batch:  8
batch:  9
Epoch 129
Episode: 174641
Reward: [-0.93 -0.93 -0.93 -0.95 -0.95 -0.94 -0.94 -0.94 -0.95 -0.93]
Time: 1073.89s
Enemy-Reward: [-1.58]
Success: 0.9924
Steps-Taken: 31.50
Comm-Action: [0.63 0.65 0.62 0.63 0.62 0.63 0.62 0.61 0.61 0.62]
batch:  0
batch:  1
batch:  2
batch:  3
batch:  4
batch:  5
batch:  6
batch:  7
batch:  8
batch:  9
Epoch 130
Episode: 177263
Reward: [-0.93 -0.92 -0.92 -0.95 -0.95 -0.91 -0.94 -0.93 -0.92 -0.92]
Time: 1104.57s
Enemy-Reward: [-1.59]
Success: 0.9931
Steps-Taken: 31.62
Comm-Action: [0.61 0.65 0.61 0.61 0.61 0.63 0.61 0.6  0.59 0.63]
batch:  0
batch:  1
batch:  2
batch:  3
batch:  4
batch:  5
batch:  6
batch:  7
batch:  8
batch:  9
Epoch 131
Episode: 179946
Reward: [-0.92 -0.89 -0.9  -0.92 -0.91 -0.91 -0.9  -0.9  -0.92 -0.91]
Time: 1155.15s
Enemy-Reward: [-1.61]
Success: 0.9978
Steps-Taken: 30.62
Comm-Action: [0.62 0.65 0.62 0.62 0.62 0.63 0.62 0.61 0.6  0.63]
batch:  0
batch:  1
batch:  2
batch:  3
batch:  4
batch:  5
batch:  6
batch:  7
batch:  8
batch:  9
Epoch 132
Episode: 182642
Reward: [-0.91 -0.89 -0.91 -0.91 -0.93 -0.9  -0.9  -0.91 -0.93 -0.91]
Time: 1073.38s
Enemy-Reward: [-1.6]
Success: 0.9930
Steps-Taken: 30.69
Comm-Action: [0.63 0.65 0.63 0.63 0.61 0.63 0.62 0.62 0.62 0.63]
batch:  0
batch:  1
batch:  2
batch:  3
batch:  4
batch:  5
batch:  6
batch:  7
batch:  8
batch:  9
Epoch 133
Episode: 185367
Reward: [-0.9  -0.89 -0.9  -0.9  -0.9  -0.89 -0.9  -0.91 -0.92 -0.92]
Time: 1114.45s
Enemy-Reward: [-1.61]
Success: 0.9952
Steps-Taken: 30.33
Comm-Action: [0.63 0.64 0.62 0.63 0.6  0.63 0.62 0.61 0.61 0.61]
batch:  0
batch:  1
batch:  2
batch:  3
batch:  4
batch:  5
batch:  6
batch:  7
batch:  8
batch:  9
Epoch 134
Episode: 188052
Reward: [-0.91 -0.94 -0.92 -0.93 -0.92 -0.91 -0.9  -0.93 -0.92 -0.91]
Time: 1105.97s
Enemy-Reward: [-1.58]
Success: 0.9892
Steps-Taken: 30.78
Comm-Action: [0.62 0.63 0.62 0.62 0.61 0.62 0.6  0.61 0.61 0.6 ]
batch:  0
batch:  1
batch:  2
batch:  3
batch:  4
batch:  5
batch:  6
batch:  7
batch:  8
batch:  9
Epoch 135
Episode: 190723
Reward: [-0.91 -0.92 -0.88 -0.93 -0.94 -0.91 -0.93 -0.92 -0.91 -0.92]
Time: 1090.97s
Enemy-Reward: [-1.59]
Success: 0.9914
Steps-Taken: 30.93
Comm-Action: [0.63 0.62 0.63 0.63 0.62 0.63 0.61 0.61 0.6  0.61]
batch:  0
batch:  1
batch:  2
batch:  3
batch:  4
batch:  5
batch:  6
batch:  7
batch:  8
batch:  9
Epoch 136
Episode: 193361
Reward: [-0.95 -0.95 -0.93 -0.95 -0.94 -0.96 -0.96 -0.95 -0.96 -0.94]
Time: 1101.89s
Enemy-Reward: [-1.55]
Success: 0.9867
Steps-Taken: 31.20
Comm-Action: [0.62 0.62 0.64 0.63 0.63 0.62 0.63 0.62 0.61 0.62]
batch:  0
batch:  1
batch:  2
batch:  3
batch:  4
batch:  5
batch:  6
batch:  7
batch:  8
batch:  9
Epoch 137
Episode: 195928
Reward: [-0.97 -0.96 -0.95 -0.98 -0.97 -0.96 -0.96 -0.97 -0.99 -0.99]
Time: 1077.48s
Enemy-Reward: [-1.52]
Success: 0.9809
Steps-Taken: 32.18
Comm-Action: [0.62 0.62 0.63 0.64 0.61 0.61 0.61 0.63 0.6  0.61]
batch:  0
batch:  1
batch:  2
batch:  3
batch:  4
batch:  5
batch:  6
batch:  7
batch:  8
batch:  9
Epoch 138
Episode: 198539
Reward: [-0.94 -0.93 -0.93 -0.97 -0.96 -0.93 -0.97 -0.95 -0.96 -0.96]
Time: 1127.60s
Enemy-Reward: [-1.56]
Success: 0.9847
Steps-Taken: 31.77
Comm-Action: [0.63 0.63 0.64 0.64 0.62 0.61 0.6  0.64 0.61 0.61]
batch:  0
batch:  1
batch:  2
batch:  3
batch:  4
batch:  5
batch:  6
batch:  7
batch:  8
batch:  9
Epoch 139
Episode: 201119
Reward: [-0.97 -0.93 -0.95 -0.95 -0.97 -0.92 -0.95 -0.95 -0.96 -0.95]
Time: 1070.86s
Enemy-Reward: [-1.57]
Success: 0.9829
Steps-Taken: 32.07
Comm-Action: [0.63 0.62 0.65 0.63 0.61 0.61 0.6  0.62 0.61 0.6 ]
batch:  0
batch:  1
batch:  2
batch:  3
batch:  4
batch:  5
batch:  6
batch:  7
batch:  8
batch:  9
Epoch 140
Episode: 203772
Reward: [-0.93 -0.93 -0.93 -0.93 -0.95 -0.92 -0.92 -0.95 -0.94 -0.93]
Time: 1131.21s
Enemy-Reward: [-1.57]
Success: 0.9861
Steps-Taken: 31.24
Comm-Action: [0.62 0.62 0.65 0.62 0.59 0.62 0.6  0.61 0.61 0.61]
batch:  0
batch:  1
batch:  2
batch:  3
batch:  4
batch:  5
batch:  6
batch:  7
batch:  8
batch:  9
Epoch 141
Episode: 206464
Reward: [-0.92 -0.91 -0.92 -0.94 -0.93 -0.93 -0.92 -0.93 -0.92 -0.92]
Time: 1080.73s
Enemy-Reward: [-1.57]
Success: 0.9881
Steps-Taken: 30.74
Comm-Action: [0.62 0.63 0.65 0.62 0.59 0.63 0.61 0.61 0.61 0.62]
batch:  0
batch:  1
batch:  2
batch:  3
batch:  4
batch:  5
batch:  6
batch:  7
batch:  8
batch:  9
Epoch 142
Episode: 209182
Reward: [-0.93 -0.91 -0.9  -0.94 -0.94 -0.93 -0.93 -0.93 -0.93 -0.93]
Time: 1108.81s
Enemy-Reward: [-1.58]
Success: 0.9901
Steps-Taken: 30.40
Comm-Action: [0.61 0.64 0.64 0.6  0.59 0.61 0.6  0.62 0.61 0.61]
batch:  0
batch:  1
batch:  2
batch:  3
batch:  4
batch:  5
batch:  6
batch:  7
batch:  8
batch:  9
Epoch 143
Episode: 211879
Reward: [-0.9  -0.93 -0.93 -0.94 -0.95 -0.93 -0.93 -0.93 -0.93 -0.94]
Time: 1107.25s
Enemy-Reward: [-1.58]
Success: 0.9874
Steps-Taken: 30.67
Comm-Action: [0.62 0.63 0.64 0.6  0.59 0.61 0.61 0.62 0.6  0.6 ]
batch:  0
batch:  1
batch:  2
batch:  3
batch:  4
batch:  5
batch:  6
batch:  7
batch:  8
batch:  9
Epoch 144
Episode: 214634
Reward: [-0.92 -0.91 -0.9  -0.92 -0.92 -0.89 -0.91 -0.9  -0.9  -0.93]
Time: 1131.44s
Enemy-Reward: [-1.6]
Success: 0.9913
Steps-Taken: 30.01
Comm-Action: [0.62 0.64 0.62 0.61 0.59 0.62 0.61 0.61 0.58 0.58]
batch:  0
batch:  1
batch:  2
batch:  3
batch:  4
batch:  5
batch:  6
batch:  7
batch:  8
batch:  9
Epoch 145
Episode: 217409
Reward: [-0.9  -0.88 -0.89 -0.91 -0.91 -0.9  -0.91 -0.9  -0.91 -0.92]
Time: 1094.14s
Enemy-Reward: [-1.58]
Success: 0.9906
Steps-Taken: 29.71
Comm-Action: [0.62 0.64 0.63 0.61 0.61 0.63 0.61 0.61 0.59 0.59]
batch:  0
batch:  1
batch:  2
batch:  3
batch:  4
batch:  5
batch:  6
batch:  7
batch:  8
batch:  9
Epoch 146
Episode: 220194
Reward: [-0.9  -0.9  -0.89 -0.9  -0.91 -0.89 -0.91 -0.91 -0.92 -0.92]
Time: 1107.38s
Enemy-Reward: [-1.59]
Success: 0.9914
Steps-Taken: 29.69
Comm-Action: [0.61 0.62 0.64 0.62 0.6  0.63 0.62 0.61 0.6  0.59]
batch:  0
batch:  1
batch:  2
batch:  3
batch:  4
batch:  5
batch:  6
batch:  7
batch:  8
batch:  9
Epoch 147
Episode: 222964
Reward: [-0.9  -0.9  -0.88 -0.91 -0.9  -0.89 -0.9  -0.89 -0.9  -0.9 ]
Time: 1220.72s
Enemy-Reward: [-1.6]
Success: 0.9939
Steps-Taken: 29.77
Comm-Action: [0.63 0.6  0.63 0.62 0.59 0.63 0.63 0.61 0.61 0.59]
batch:  0
batch:  1
batch:  2
batch:  3
batch:  4
batch:  5
batch:  6
batch:  7
batch:  8
batch:  9
Epoch 148
Episode: 225626
Reward: [-0.95 -0.93 -0.91 -0.93 -0.95 -0.94 -0.93 -0.92 -0.96 -0.93]
Time: 1419.67s
Enemy-Reward: [-1.55]
Success: 0.9801
Steps-Taken: 31.12
Comm-Action: [0.64 0.59 0.63 0.63 0.59 0.63 0.62 0.61 0.61 0.59]
batch:  0
batch:  1
batch:  2
batch:  3
batch:  4
batch:  5
batch:  6
batch:  7
batch:  8
batch:  9
Epoch 149
Episode: 228311
Reward: [-0.89 -0.87 -0.88 -0.9  -0.91 -0.88 -0.91 -0.9  -0.93 -0.89]
Time: 1382.30s
Enemy-Reward: [-1.58]
Success: 0.9803
Steps-Taken: 30.81
Comm-Action: [0.64 0.59 0.64 0.61 0.59 0.62 0.6  0.6  0.62 0.59]
batch:  0
batch:  1
batch:  2
batch:  3
batch:  4
batch:  5
batch:  6
batch:  7
batch:  8
batch:  9
Epoch 150
Episode: 231154
Reward: [-0.88 -0.87 -0.87 -0.88 -0.89 -0.88 -0.89 -0.89 -0.88 -0.89]
Time: 1300.66s
Enemy-Reward: [-1.6]
Success: 0.9905
Steps-Taken: 29.04
Comm-Action: [0.65 0.57 0.63 0.61 0.58 0.64 0.6  0.61 0.62 0.59]
batch:  0
batch:  1
batch:  2
batch:  3
batch:  4
batch:  5
batch:  6
batch:  7
batch:  8
batch:  9
Epoch 151
Episode: 233966
Reward: [-0.88 -0.87 -0.87 -0.87 -0.9  -0.87 -0.89 -0.87 -0.88 -0.86]
Time: 1197.63s
Enemy-Reward: [-1.61]
Success: 0.9897
Steps-Taken: 29.45
Comm-Action: [0.64 0.57 0.63 0.59 0.57 0.64 0.59 0.61 0.61 0.59]
batch:  0
batch:  1
batch:  2
batch:  3
batch:  4
batch:  5
batch:  6
batch:  7
batch:  8
batch:  9
Epoch 152
Episode: 236827
Reward: [-0.86 -0.86 -0.85 -0.87 -0.88 -0.84 -0.88 -0.86 -0.86 -0.86]
Time: 1140.78s
Enemy-Reward: [-1.62]
Success: 0.9916
Steps-Taken: 28.77
Comm-Action: [0.63 0.59 0.62 0.6  0.58 0.64 0.61 0.61 0.61 0.59]
batch:  0
batch:  1
batch:  2
batch:  3
batch:  4
batch:  5
batch:  6
batch:  7
batch:  8
batch:  9
Epoch 153
Episode: 239736
Reward: [-0.86 -0.86 -0.82 -0.86 -0.86 -0.84 -0.85 -0.85 -0.85 -0.86]
Time: 1157.15s
Enemy-Reward: [-1.64]
Success: 0.9972
Steps-Taken: 28.22
Comm-Action: [0.63 0.6  0.62 0.62 0.6  0.64 0.6  0.61 0.61 0.59]
batch:  0
batch:  1
batch:  2
batch:  3
batch:  4
batch:  5
batch:  6
batch:  7
batch:  8
batch:  9
Epoch 154
Episode: 242640
Reward: [-0.87 -0.86 -0.85 -0.85 -0.86 -0.85 -0.86 -0.86 -0.87 -0.86]
Time: 1142.47s
Enemy-Reward: [-1.63]
Success: 0.9969
Steps-Taken: 28.35
Comm-Action: [0.63 0.61 0.62 0.62 0.6  0.64 0.6  0.61 0.61 0.59]
batch:  0
batch:  1
batch:  2
batch:  3
batch:  4
batch:  5
batch:  6
batch:  7
batch:  8
batch:  9
Epoch 155
Episode: 245560
Reward: [-0.86 -0.88 -0.84 -0.85 -0.86 -0.84 -0.85 -0.86 -0.84 -0.86]
Time: 1155.91s
Enemy-Reward: [-1.63]
Success: 0.9973
Steps-Taken: 28.20
Comm-Action: [0.63 0.61 0.61 0.62 0.59 0.63 0.6  0.6  0.6  0.58]
batch:  0
batch:  1
batch:  2
batch:  3
batch:  4
batch:  5
batch:  6
batch:  7
batch:  8
batch:  9
Epoch 156
Episode: 248451
Reward: [-0.87 -0.88 -0.85 -0.86 -0.86 -0.86 -0.87 -0.86 -0.87 -0.87]
Time: 1150.32s
Enemy-Reward: [-1.62]
Success: 0.9962
Steps-Taken: 28.49
Comm-Action: [0.62 0.6  0.61 0.63 0.58 0.62 0.6  0.61 0.6  0.59]
batch:  0
batch:  1
batch:  2
batch:  3
batch:  4
batch:  5
batch:  6
batch:  7
batch:  8
batch:  9
Epoch 157
Episode: 251358
Reward: [-0.87 -0.85 -0.86 -0.86 -0.87 -0.86 -0.87 -0.86 -0.86 -0.86]
Time: 1156.67s
Enemy-Reward: [-1.61]
Success: 0.9969
Steps-Taken: 28.30
Comm-Action: [0.61 0.62 0.6  0.62 0.58 0.64 0.6  0.61 0.6  0.58]
batch:  0
batch:  1
batch:  2
batch:  3
batch:  4
batch:  5
batch:  6
batch:  7
batch:  8
batch:  9
Epoch 158
Episode: 254228
Reward: [-0.87 -0.86 -0.87 -0.88 -0.88 -0.87 -0.87 -0.87 -0.88 -0.88]
Time: 1147.78s
Enemy-Reward: [-1.62]
Success: 0.9951
Steps-Taken: 28.76
Comm-Action: [0.62 0.6  0.6  0.61 0.57 0.63 0.6  0.61 0.61 0.59]
batch:  0
batch:  1
batch:  2
batch:  3
batch:  4
batch:  5
batch:  6
batch:  7
batch:  8
batch:  9
Epoch 159
Episode: 257169
Reward: [-0.85 -0.83 -0.83 -0.85 -0.85 -0.84 -0.85 -0.85 -0.83 -0.85]
Time: 1172.80s
Enemy-Reward: [-1.64]
Success: 0.9990
Steps-Taken: 28.01
Comm-Action: [0.62 0.61 0.6  0.61 0.57 0.62 0.59 0.62 0.61 0.6 ]
batch:  0
batch:  1
batch:  2
batch:  3
batch:  4
batch:  5
batch:  6
batch:  7
batch:  8
batch:  9
Epoch 160
Episode: 260104
Reward: [-0.86 -0.85 -0.85 -0.85 -0.85 -0.85 -0.85 -0.85 -0.84 -0.86]
Time: 1171.14s
Enemy-Reward: [-1.63]
Success: 0.9976
Steps-Taken: 28.06
Comm-Action: [0.62 0.61 0.6  0.61 0.58 0.62 0.59 0.61 0.6  0.6 ]
batch:  0
batch:  1
batch:  2
batch:  3
batch:  4
batch:  5
batch:  6
batch:  7
batch:  8
batch:  9
Epoch 161
Episode: 263024
Reward: [-0.86 -0.85 -0.84 -0.86 -0.84 -0.84 -0.85 -0.85 -0.86 -0.85]
Time: 1153.24s
Enemy-Reward: [-1.63]
Success: 0.9969
Steps-Taken: 28.15
Comm-Action: [0.61 0.6  0.6  0.61 0.59 0.62 0.59 0.61 0.6  0.6 ]
batch:  0
batch:  1
batch:  2
batch:  3
batch:  4
batch:  5
batch:  6
batch:  7
batch:  8
batch:  9
Epoch 162
Episode: 265943
Reward: [-0.87 -0.86 -0.86 -0.87 -0.87 -0.85 -0.85 -0.86 -0.87 -0.86]
Time: 1105.35s
Enemy-Reward: [-1.63]
Success: 0.9966
Steps-Taken: 28.25
Comm-Action: [0.61 0.61 0.59 0.61 0.59 0.61 0.6  0.6  0.61 0.61]
batch:  0
batch:  1
batch:  2
batch:  3
batch:  4
batch:  5
batch:  6
batch:  7
batch:  8
batch:  9
Epoch 163
Episode: 268699
Reward: [-0.89 -0.89 -0.88 -0.91 -0.89 -0.9  -0.89 -0.88 -0.9  -0.89]
Time: 1137.04s
Enemy-Reward: [-1.59]
Success: 0.9880
Steps-Taken: 29.88
Comm-Action: [0.61 0.6  0.58 0.6  0.59 0.59 0.6  0.6  0.6  0.61]
batch:  0
batch:  1
batch:  2
batch:  3
batch:  4
batch:  5
batch:  6
batch:  7
batch:  8
batch:  9
Epoch 164
Episode: 271632
Reward: [-0.85 -0.85 -0.85 -0.86 -0.85 -0.85 -0.84 -0.84 -0.85 -0.85]
Time: 1125.62s
Enemy-Reward: [-1.63]
Success: 0.9997
Steps-Taken: 28.15
Comm-Action: [0.61 0.61 0.59 0.62 0.59 0.61 0.61 0.6  0.6  0.61]
batch:  0
batch:  1
batch:  2
batch:  3
batch:  4
batch:  5
batch:  6
batch:  7
batch:  8
batch:  9
Epoch 165
Episode: 274294
Reward: [-0.91 -0.89 -0.88 -0.92 -0.9  -0.88 -0.9  -0.88 -0.9  -0.88]
Time: 1149.25s
Enemy-Reward: [-1.57]
Success: 0.9745
Steps-Taken: 31.13
Comm-Action: [0.61 0.6  0.59 0.62 0.58 0.61 0.6  0.59 0.59 0.59]
batch:  0
batch:  1
batch:  2
batch:  3
batch:  4
batch:  5
batch:  6
batch:  7
batch:  8
batch:  9
Epoch 166
Episode: 277220
Reward: [-0.86 -0.85 -0.84 -0.86 -0.84 -0.84 -0.85 -0.84 -0.85 -0.84]
Time: 1156.58s
Enemy-Reward: [-1.64]
Success: 0.9990
Steps-Taken: 28.16
Comm-Action: [0.6  0.59 0.6  0.61 0.58 0.6  0.6  0.59 0.6  0.59]
batch:  0
batch:  1
batch:  2
batch:  3
batch:  4
batch:  5
batch:  6
batch:  7
batch:  8
batch:  9
Epoch 167
Episode: 280158
Reward: [-0.85 -0.85 -0.84 -0.85 -0.84 -0.85 -0.87 -0.85 -0.84 -0.86]
Time: 1173.55s
Enemy-Reward: [-1.63]
Success: 0.9959
Steps-Taken: 28.00
Comm-Action: [0.6  0.6  0.6  0.6  0.58 0.6  0.59 0.58 0.61 0.58]
batch:  0
batch:  1
batch:  2
batch:  3
batch:  4
batch:  5
batch:  6
batch:  7
batch:  8
batch:  9
Epoch 168
Episode: 283088
Reward: [-0.86 -0.86 -0.86 -0.87 -0.86 -0.84 -0.86 -0.86 -0.85 -0.85]
Time: 1142.90s
Enemy-Reward: [-1.62]
Success: 0.9959
Steps-Taken: 28.13
Comm-Action: [0.6  0.62 0.61 0.6  0.59 0.6  0.6  0.59 0.61 0.59]
batch:  0
batch:  1
batch:  2
batch:  3
batch:  4
batch:  5
batch:  6
batch:  7
batch:  8
batch:  9
Epoch 169
Episode: 286033
Reward: [-0.85 -0.83 -0.84 -0.84 -0.84 -0.84 -0.84 -0.84 -0.85 -0.85]
Time: 1135.61s
Enemy-Reward: [-1.64]
Success: 0.9980
Steps-Taken: 27.92
Comm-Action: [0.6  0.62 0.6  0.6  0.59 0.59 0.62 0.59 0.61 0.58]
batch:  0
batch:  1
batch:  2
batch:  3
batch:  4
batch:  5
batch:  6
batch:  7
batch:  8
batch:  9
Epoch 170
Episode: 289015
Reward: [-0.83 -0.84 -0.82 -0.85 -0.84 -0.84 -0.84 -0.83 -0.82 -0.84]
Time: 1169.56s
Enemy-Reward: [-1.64]
Success: 0.9987
Steps-Taken: 27.53
Comm-Action: [0.6  0.61 0.6  0.6  0.59 0.6  0.6  0.59 0.61 0.58]
batch:  0
batch:  1
batch:  2
batch:  3
batch:  4
batch:  5
batch:  6
batch:  7
batch:  8
batch:  9
Epoch 171
Episode: 291975
Reward: [-0.85 -0.84 -0.84 -0.85 -0.84 -0.83 -0.84 -0.85 -0.84 -0.85]
Time: 1128.35s
Enemy-Reward: [-1.62]
Success: 0.9963
Steps-Taken: 27.77
Comm-Action: [0.6  0.61 0.6  0.6  0.6  0.6  0.6  0.6  0.6  0.58]
batch:  0
batch:  1
batch:  2
batch:  3
batch:  4
batch:  5
batch:  6
batch:  7
batch:  8
batch:  9
Epoch 172
Episode: 294951
Reward: [-0.84 -0.85 -0.84 -0.84 -0.84 -0.85 -0.85 -0.83 -0.84 -0.84]
Time: 1176.62s
Enemy-Reward: [-1.63]
Success: 0.9976
Steps-Taken: 27.57
Comm-Action: [0.6  0.6  0.6  0.6  0.61 0.6  0.6  0.61 0.61 0.58]
batch:  0
batch:  1
batch:  2
batch:  3
batch:  4
batch:  5
batch:  6
batch:  7
batch:  8
batch:  9
Epoch 173
Episode: 297923
Reward: [-0.86 -0.85 -0.84 -0.84 -0.84 -0.83 -0.84 -0.83 -0.83 -0.84]
Time: 1145.24s
Enemy-Reward: [-1.63]
Success: 0.9966
Steps-Taken: 27.62
Comm-Action: [0.59 0.6  0.6  0.59 0.58 0.6  0.6  0.61 0.62 0.58]
batch:  0
batch:  1
batch:  2
batch:  3
batch:  4
batch:  5
batch:  6
batch:  7
batch:  8
batch:  9
Epoch 174
Episode: 300910
Reward: [-0.84 -0.84 -0.83 -0.84 -0.83 -0.83 -0.83 -0.83 -0.83 -0.84]
Time: 1126.18s
Enemy-Reward: [-1.63]
Success: 0.9967
Steps-Taken: 27.53
Comm-Action: [0.61 0.61 0.61 0.59 0.59 0.59 0.6  0.6  0.61 0.59]
batch:  0
batch:  1
batch:  2
batch:  3
batch:  4
batch:  5
batch:  6
batch:  7
batch:  8
batch:  9
Epoch 175
Episode: 303878
Reward: [-0.84 -0.85 -0.83 -0.85 -0.84 -0.85 -0.83 -0.83 -0.84 -0.86]
Time: 1138.34s
Enemy-Reward: [-1.63]
Success: 0.9987
Steps-Taken: 27.70
Comm-Action: [0.61 0.59 0.6  0.6  0.59 0.58 0.6  0.6  0.6  0.58]
batch:  0
batch:  1
batch:  2
batch:  3
batch:  4
batch:  5
batch:  6
batch:  7
batch:  8
batch:  9
Epoch 176
Episode: 306839
Reward: [-0.85 -0.84 -0.84 -0.84 -0.83 -0.83 -0.84 -0.85 -0.84 -0.84]
Time: 1146.87s
Enemy-Reward: [-1.63]
Success: 0.9990
Steps-Taken: 27.67
Comm-Action: [0.6  0.59 0.6  0.59 0.59 0.6  0.59 0.61 0.59 0.58]
batch:  0
batch:  1
batch:  2
batch:  3
batch:  4
batch:  5
batch:  6
batch:  7
batch:  8
batch:  9
Epoch 177
Episode: 309781
Reward: [-0.85 -0.85 -0.85 -0.85 -0.85 -0.86 -0.86 -0.85 -0.85 -0.86]
Time: 1145.71s
Enemy-Reward: [-1.62]
Success: 0.9969
Steps-Taken: 27.99
Comm-Action: [0.62 0.59 0.6  0.59 0.59 0.6  0.57 0.6  0.58 0.59]
batch:  0
batch:  1
batch:  2
batch:  3
batch:  4
batch:  5
batch:  6
batch:  7
batch:  8
batch:  9
Epoch 178
Episode: 312761
Reward: [-0.84 -0.84 -0.84 -0.85 -0.85 -0.85 -0.85 -0.84 -0.85 -0.83]
Time: 1109.95s
Enemy-Reward: [-1.62]
Success: 0.9973
Steps-Taken: 27.66
Comm-Action: [0.61 0.58 0.59 0.59 0.57 0.59 0.57 0.59 0.57 0.58]
batch:  0
batch:  1
batch:  2
batch:  3
batch:  4
batch:  5
batch:  6
batch:  7
batch:  8
batch:  9
Epoch 179
Episode: 315714
Reward: [-0.85 -0.85 -0.84 -0.85 -0.86 -0.85 -0.85 -0.84 -0.87 -0.85]
Time: 1131.38s
Enemy-Reward: [-1.62]
Success: 0.9976
Steps-Taken: 27.91
Comm-Action: [0.6  0.59 0.59 0.59 0.57 0.6  0.6  0.6  0.57 0.59]
batch:  0
batch:  1
batch:  2
batch:  3
batch:  4
batch:  5
batch:  6
batch:  7
batch:  8
batch:  9
Epoch 180
Episode: 318638
Reward: [-0.84 -0.87 -0.85 -0.87 -0.85 -0.85 -0.85 -0.85 -0.87 -0.85]
Time: 1119.50s
Enemy-Reward: [-1.62]
Success: 0.9973
Steps-Taken: 28.08
Comm-Action: [0.6  0.59 0.58 0.6  0.57 0.6  0.59 0.6  0.58 0.6 ]
batch:  0
batch:  1
batch:  2
batch:  3
batch:  4
batch:  5
batch:  6
batch:  7
batch:  8
batch:  9
Epoch 181
Episode: 321570
Reward: [-0.87 -0.86 -0.87 -0.87 -0.87 -0.86 -0.86 -0.86 -0.88 -0.86]
Time: 1094.23s
Enemy-Reward: [-1.6]
Success: 0.9952
Steps-Taken: 28.07
Comm-Action: [0.61 0.59 0.58 0.6  0.57 0.61 0.59 0.62 0.59 0.61]
batch:  0
batch:  1
batch:  2
batch:  3
batch:  4
batch:  5
batch:  6
batch:  7
batch:  8
batch:  9
Epoch 182
Episode: 324549
Reward: [-0.83 -0.84 -0.83 -0.85 -0.84 -0.84 -0.84 -0.85 -0.85 -0.84]
Time: 1156.83s
Enemy-Reward: [-1.63]
Success: 0.9983
Steps-Taken: 27.61
Comm-Action: [0.6  0.59 0.58 0.6  0.56 0.6  0.6  0.61 0.6  0.6 ]
batch:  0
batch:  1
batch:  2
batch:  3
batch:  4
batch:  5
batch:  6
batch:  7
batch:  8
batch:  9
Epoch 183
Episode: 327501
Reward: [-0.84 -0.85 -0.86 -0.86 -0.84 -0.85 -0.84 -0.84 -0.85 -0.84]
Time: 1093.93s
Enemy-Reward: [-1.62]
Success: 0.9973
Steps-Taken: 27.88
Comm-Action: [0.59 0.59 0.58 0.59 0.57 0.59 0.6  0.61 0.61 0.59]
batch:  0
batch:  1
batch:  2
batch:  3
batch:  4
batch:  5
batch:  6
batch:  7
batch:  8
batch:  9
Epoch 184
Episode: 330421
Reward: [-0.87 -0.85 -0.86 -0.87 -0.87 -0.85 -0.85 -0.85 -0.85 -0.84]
Time: 1132.20s
Enemy-Reward: [-1.62]
Success: 0.9983
Steps-Taken: 28.14
Comm-Action: [0.6  0.58 0.58 0.59 0.57 0.58 0.58 0.61 0.61 0.6 ]
batch:  0
batch:  1
batch:  2
batch:  3
batch:  4
batch:  5
batch:  6
batch:  7
batch:  8
batch:  9
Epoch 185
Episode: 333360
Reward: [-0.86 -0.86 -0.85 -0.85 -0.86 -0.86 -0.86 -0.86 -0.86 -0.85]
Time: 1145.37s
Enemy-Reward: [-1.61]
Success: 0.9976
Steps-Taken: 28.02
Comm-Action: [0.6  0.58 0.57 0.59 0.57 0.58 0.58 0.6  0.61 0.58]
batch:  0
batch:  1
batch:  2
batch:  3
batch:  4
batch:  5
batch:  6
batch:  7
batch:  8
batch:  9
Epoch 186
Episode: 336322
Reward: [-0.85 -0.84 -0.85 -0.85 -0.85 -0.84 -0.85 -0.84 -0.84 -0.84]
Time: 1170.90s
Enemy-Reward: [-1.63]
Success: 0.9990
Steps-Taken: 27.73
Comm-Action: [0.6  0.6  0.57 0.6  0.57 0.59 0.58 0.59 0.6  0.59]
batch:  0
batch:  1
batch:  2
batch:  3
batch:  4
batch:  5
batch:  6
batch:  7
batch:  8
batch:  9
Epoch 187
Episode: 339294
Reward: [-0.86 -0.85 -0.85 -0.85 -0.86 -0.84 -0.85 -0.85 -0.85 -0.86]
Time: 1141.58s
Enemy-Reward: [-1.61]
Success: 0.9976
Steps-Taken: 27.73
Comm-Action: [0.61 0.6  0.58 0.62 0.57 0.6  0.59 0.59 0.61 0.59]
batch:  0
batch:  1
batch:  2
batch:  3
batch:  4
batch:  5
batch:  6
batch:  7
batch:  8
batch:  9
Epoch 188
Episode: 342075
Reward: [-0.89 -0.88 -0.88 -0.89 -0.91 -0.87 -0.88 -0.88 -0.91 -0.89]
Time: 1171.97s
Enemy-Reward: [-1.57]
Success: 0.9802
Steps-Taken: 29.70
Comm-Action: [0.6  0.6  0.58 0.62 0.58 0.6  0.59 0.58 0.6  0.58]
batch:  0
batch:  1
batch:  2
batch:  3
batch:  4
batch:  5
batch:  6
batch:  7
batch:  8
batch:  9
Epoch 189
Episode: 344278
Reward: [-1.03 -0.93 -0.98 -0.93 -1.   -0.95 -0.94 -1.07 -1.08 -0.95]
Time: 1189.83s
Enemy-Reward: [-1.38]
Success: 0.8892
Steps-Taken: 37.95
Comm-Action: [0.6  0.59 0.57 0.62 0.57 0.59 0.59 0.57 0.6  0.57]
batch:  0
batch:  1
batch:  2
batch:  3
batch:  4
batch:  5
batch:  6
batch:  7
batch:  8
batch:  9
Epoch 190
Episode: 347074
Reward: [-0.87 -0.85 -0.85 -0.86 -0.88 -0.87 -0.86 -0.88 -0.91 -0.86]
Time: 1130.81s
Enemy-Reward: [-1.6]
Success: 0.9875
Steps-Taken: 29.45
Comm-Action: [0.6  0.59 0.57 0.63 0.59 0.59 0.58 0.57 0.57 0.57]
batch:  0
batch:  1
batch:  2
batch:  3
batch:  4
slurmstepd-gold51: error: *** JOB 6617576 ON gold51 CANCELLED AT 2024-10-08T00:10:41 DUE TO TIME LIMIT ***
==============================================================================
Running epilogue script on gold51.

Submit time  : 2024-10-04T10:07:24
Start time   : 2024-10-05T12:10:24
End time     : 2024-10-08T00:10:41
Elapsed time : 2-12:00:17 (Timelimit=2-12:00:00)

Job ID: 6617576
Cluster: i5
User/Group: jabn1n20/fp
State: TIMEOUT (exit code 0)
Nodes: 1
Cores per node: 8
CPU Utilized: 00:00:01
CPU Efficiency: 0.00% of 20-00:02:16 core-walltime
Job Wall-clock time: 2-12:00:17
Memory Utilized: 22.53 GB
Memory Efficiency: 12.21% of 184.57 GB

