Running SLURM prolog script on ruby059
===============================================================================
Job started on Tue Nov 26 12:19:01 GMT 2024
Job ID          : 34208
Job name        : train_dpp_5v1_tarmac.sh
WorkDir         : /iridisfs/home/jabn1n20/CTDComm/baselines
Command         : /iridisfs/home/jabn1n20/CTDComm/baselines/dec_scripts/train_dpp_5v1_tarmac.sh
Partition       : amd
Num hosts       : 1
Num cores       : 8
Num of tasks    : 8
Hosts allocated : ruby059
Job Output Follows ...
===============================================================================

EnvironmentNameNotFound: Could not find conda environment: commpy
You can list all discoverable environments with `conda info --envs`.


Traceback (most recent call last):
  File "/iridisfs/home/jabn1n20/CTDComm/baselines/run_baselines.py", line 9, in <module>
    import numpy as np
ModuleNotFoundError: No module named 'numpy'
==============================================================================
Running epilogue script on ruby059.

Submit time  : 2024-11-26T12:19:00
Start time   : 2024-11-26T12:19:00
End time     : 2024-11-26T12:19:05
Elapsed time : 00:00:05 (Timelimit=2-12:00:00)

Job ID: 34208
Cluster: iridis_x
User/Group: jabn1n20/
State: FAILED (exit code 1)
Nodes: 1
Cores per node: 8
CPU Utilized: 00:00:00
CPU Efficiency: 0.00% of 00:00:40 core-walltime
Job Wall-clock time: 00:00:05
Memory Utilized: 2.45 MB
Memory Efficiency: 0.01% of 29.30 GB

